[2022-11-14 10:47:04] [ ERROR] [DB:29] La tabla no pudo ser creada: Error de Sintaxis en sentencia SQL "CREATE TABLE IMPRESORA (ID INT PRIMARY KEY,NOMBRE VARCHAR(50),MARCA VARCHAR(50)[*]COLOR VARCHAR(50))"; se esperaba "ARRAY, INVISIBLE, VISIBLE, NOT NULL, NULL, AS, DEFAULT, GENERATED, ON UPDATE, NOT NULL, NULL, AUTO_INCREMENT, DEFAULT ON NULL, NULL_TO_DEFAULT, SEQUENCE, SELECTIVITY, COMMENT, CONSTRAINT, COMMENT, PRIMARY KEY, UNIQUE, NOT NULL, NULL, CHECK, REFERENCES, AUTO_INCREMENT, ,, )"
Syntax error in SQL statement "CREATE TABLE IMPRESORA (ID INT PRIMARY KEY,NOMBRE VARCHAR(50),MARCA VARCHAR(50)[*]COLOR VARCHAR(50))"; expected "ARRAY, INVISIBLE, VISIBLE, NOT NULL, NULL, AS, DEFAULT, GENERATED, ON UPDATE, NOT NULL, NULL, AUTO_INCREMENT, DEFAULT ON NULL, NULL_TO_DEFAULT, SEQUENCE, SELECTIVITY, COMMENT, CONSTRAINT, COMMENT, PRIMARY KEY, UNIQUE, NOT NULL, NULL, CHECK, REFERENCES, AUTO_INCREMENT, ,, )"; SQL statement:
CREATE TABLE IMPRESORA (ID INT PRIMARY KEY,NOMBRE VARCHAR(50),MARCA VARCHAR(50)COLOR VARCHAR(50)) [42001-214]
[2022-11-14 10:47:04] [ INFO ] [ImpresoraDAOH2:21] Intentando registrar nueva impresora ...
[2022-11-14 10:47:04] [ ERROR] [ImpresoraDAOH2:38] No se pudo registrar impresora
[2022-11-14 10:48:12] [ INFO ] [ImpresoraDAOH2:21] Intentando registrar nueva impresora ...
[2022-11-14 10:48:12] [ ERROR] [ImpresoraDAOH2:38] No se pudo registrar impresora
[2022-11-14 10:48:57] [ INFO ] [ImpresoraDAOH2:21] Intentando registrar nueva impresora ...
[2022-11-14 10:48:57] [ ERROR] [ImpresoraDAOH2:38] No se pudo registrar impresora
[2022-11-14 10:50:07] [ INFO ] [ImpresoraDAOH2:21] Intentando registrar nueva impresora ...
[2022-11-14 10:50:07] [ INFO ] [ImpresoraDAOH2:25] Obtiene conexion
[2022-11-14 10:50:07] [ ERROR] [ImpresoraDAOH2:39] No se pudo registrar impresora
[2022-11-14 10:51:42] [ INFO ] [ImpresoraDAOH2:21] Intentando registrar nueva impresora ...
[2022-11-14 10:51:42] [ INFO ] [ImpresoraDAOH2:25] Obtiene conexion
[2022-11-14 10:51:42] [ INFO ] [ImpresoraDAOH2:32] Do execute
[2022-11-14 10:52:58] [ INFO ] [ImpresoraDAOH2:21] Intentando registrar nueva impresora ...
[2022-11-14 10:53:51] [ INFO ] [ImpresoraDAOH2:21] Intentando registrar nueva impresora ...
[2022-11-14 10:54:24] [ INFO ] [ImpresoraDAOH2:21] Intentando registrar nueva impresora ...
[2022-11-14 10:54:54] [ INFO ] [ImpresoraDAOH2:21] Intentando registrar nueva impresora ...
[2022-11-14 11:05:21] [ INFO ] [ImpresoraDAOH2:21] Intentando registrar nueva impresora ...
[2022-11-14 11:05:21] [ INFO ] [ImpresoraDAOH2:47] Impresora registrada con exito!
[2022-11-14 11:05:21] [ INFO ] [ImpresoraDAOH2:21] Intentando registrar nueva impresora ...
[2022-11-14 11:05:21] [ INFO ] [ImpresoraDAOH2:47] Impresora registrada con exito!
[2022-11-14 11:05:21] [ INFO ] [ImpresoraDAOH2:21] Intentando registrar nueva impresora ...
[2022-11-14 11:05:21] [ INFO ] [ImpresoraDAOH2:47] Impresora registrada con exito!
[2022-11-14 11:05:21] [ INFO ] [ImpresoraDAOH2:21] Intentando registrar nueva impresora ...
[2022-11-14 11:05:21] [ INFO ] [ImpresoraDAOH2:47] Impresora registrada con exito!
[2022-11-14 11:05:21] [ WARN ] [ImpresoraDAOH2:53] Intentando eliminar una impresora ...
[2022-11-14 11:05:21] [ WARN ] [ImpresoraDAOH2:61] Impresora con ID: 2 fue eliminada con exito!
[2022-11-14 11:13:57] [ INFO ] [ImpresoraDAOH2:21] Intentando registrar nueva impresora ...
[2022-11-14 11:13:57] [ INFO ] [ImpresoraDAOH2:47] Impresora registrada con exito!
[2022-11-14 11:13:57] [ INFO ] [ImpresoraDAOH2:21] Intentando registrar nueva impresora ...
[2022-11-14 11:13:57] [ INFO ] [ImpresoraDAOH2:47] Impresora registrada con exito!
[2022-11-14 11:13:57] [ INFO ] [ImpresoraDAOH2:21] Intentando registrar nueva impresora ...
[2022-11-14 11:13:57] [ INFO ] [ImpresoraDAOH2:47] Impresora registrada con exito!
[2022-11-14 11:13:57] [ INFO ] [ImpresoraDAOH2:21] Intentando registrar nueva impresora ...
[2022-11-14 11:13:57] [ INFO ] [ImpresoraDAOH2:47] Impresora registrada con exito!
[2022-11-14 11:13:57] [ INFO ] [ImpresoraDAOH2:78] Buscando impresora ...
[2022-11-14 11:13:57] [ INFO ] [ImpresoraDAOH2:78] Buscando impresora ...
[2022-11-14 11:13:57] [ INFO ] [ImpresoraDAOH2:78] Buscando impresora ...
[2022-11-14 11:13:57] [ INFO ] [ImpresoraDAOH2:78] Buscando impresora ...
[2022-11-14 11:13:58] [ WARN ] [ImpresoraDAOH2:53] Intentando eliminar una impresora ...
[2022-11-14 11:13:58] [ WARN ] [ImpresoraDAOH2:61] Impresora con ID: 2 fue eliminada con exito!
[2022-11-14 11:13:58] [ INFO ] [ImpresoraDAOH2:78] Buscando impresora ...
[2022-11-14 11:13:58] [ INFO ] [ImpresoraDAOH2:78] Buscando impresora ...
[2022-11-14 11:15:17] [ INFO ] [ImpresoraDAOH2:21] Intentando registrar nueva impresora ...
[2022-11-14 11:15:17] [ INFO ] [ImpresoraDAOH2:47] Impresora registrada con exito!
[2022-11-14 11:15:17] [ INFO ] [ImpresoraDAOH2:21] Intentando registrar nueva impresora ...
[2022-11-14 11:15:17] [ INFO ] [ImpresoraDAOH2:47] Impresora registrada con exito!
[2022-11-14 11:15:17] [ INFO ] [ImpresoraDAOH2:21] Intentando registrar nueva impresora ...
[2022-11-14 11:15:17] [ INFO ] [ImpresoraDAOH2:47] Impresora registrada con exito!
[2022-11-14 11:15:17] [ INFO ] [ImpresoraDAOH2:21] Intentando registrar nueva impresora ...
[2022-11-14 11:15:18] [ INFO ] [ImpresoraDAOH2:47] Impresora registrada con exito!
[2022-11-14 11:15:18] [ INFO ] [ImpresoraDAOH2:78] Buscando impresora ...
[2022-11-14 11:15:18] [ INFO ] [ImpresoraDAOH2:78] Buscando impresora ...
[2022-11-14 11:15:18] [ INFO ] [ImpresoraDAOH2:78] Buscando impresora ...
[2022-11-14 11:15:18] [ INFO ] [ImpresoraDAOH2:78] Buscando impresora ...
[2022-11-14 11:15:18] [ WARN ] [ImpresoraDAOH2:53] Intentando eliminar una impresora ...
[2022-11-14 11:15:18] [ WARN ] [ImpresoraDAOH2:61] Impresora con ID: 2 fue eliminada con exito!
[2022-11-14 11:15:18] [ INFO ] [ImpresoraDAOH2:78] Buscando impresora ...
[2022-11-14 11:15:18] [ INFO ] [ImpresoraDAOH2:78] Buscando impresora ...
[2022-11-14 11:15:18] [ INFO ] [ImpresoraDAOH2:78] Buscando impresora ...
[2022-11-14 11:15:18] [ INFO ] [ImpresoraDAOH2:78] Buscando impresora ...
[2022-11-14 15:48:14] [ INFO ] [ImpresoraDAOH2:21] Intentando registrar nueva impresora ...
[2022-11-14 15:48:14] [ INFO ] [ImpresoraDAOH2:47] Impresora registrada con exito!
[2022-11-14 15:48:14] [ INFO ] [ImpresoraDAOH2:21] Intentando registrar nueva impresora ...
[2022-11-14 15:48:14] [ INFO ] [ImpresoraDAOH2:47] Impresora registrada con exito!
[2022-11-14 15:48:14] [ INFO ] [ImpresoraDAOH2:21] Intentando registrar nueva impresora ...
[2022-11-14 15:48:14] [ INFO ] [ImpresoraDAOH2:47] Impresora registrada con exito!
[2022-11-14 15:48:14] [ INFO ] [ImpresoraDAOH2:21] Intentando registrar nueva impresora ...
[2022-11-14 15:48:14] [ INFO ] [ImpresoraDAOH2:47] Impresora registrada con exito!
[2022-11-14 15:48:14] [ INFO ] [ImpresoraDAOH2:78] Buscando impresora ...
[2022-11-14 15:48:14] [ INFO ] [ImpresoraDAOH2:78] Buscando impresora ...
[2022-11-14 15:48:14] [ INFO ] [ImpresoraDAOH2:78] Buscando impresora ...
[2022-11-14 15:48:15] [ INFO ] [ImpresoraDAOH2:78] Buscando impresora ...
[2022-11-14 15:48:15] [ WARN ] [ImpresoraDAOH2:53] Intentando eliminar una impresora ...
[2022-11-14 15:48:15] [ WARN ] [ImpresoraDAOH2:61] Impresora con ID: 2 fue eliminada con exito!
[2022-11-14 15:48:15] [ INFO ] [ImpresoraDAOH2:78] Buscando impresora ...
[2022-11-14 15:48:15] [ INFO ] [ImpresoraDAOH2:78] Buscando impresora ...
[2022-11-14 15:48:15] [ INFO ] [ImpresoraDAOH2:78] Buscando impresora ...
[2022-11-14 15:48:15] [ INFO ] [ImpresoraDAOH2:78] Buscando impresora ...
