[2022-11-22 13:44:14] [ INFO ] [DB:42] Creating tables ...
[2022-11-22 13:44:16] [ WARN ] [DB:50] Tables created
[2022-11-22 14:13:29] [ INFO ] [DB:48] Creating tables ...
[2022-11-22 14:13:32] [ INFO ] [DB:48] Creating tables ...
[2022-11-22 14:13:32] [ ERROR] [DB:60] Table creation failed: La cantidad de columnas no coincide
Column count does not match; SQL statement:
INSERT INTO DOMICILIO (CALLE, NUMERO, LOCALIDAD, PROVINCIA)VALUES ('CALLE PRUEBA', 58, 'SALTA CAPITAL', 'SALTA') [21002-214]
[2022-11-22 14:13:33] [ ERROR] [DB:60] Table creation failed: La cantidad de columnas no coincide
Column count does not match; SQL statement:
INSERT INTO DOMICILIO (CALLE, NUMERO, LOCALIDAD, PROVINCIA)VALUES ('CALLE PRUEBA', 58, 'SALTA CAPITAL', 'SALTA') [21002-214]
[2022-11-22 14:16:41] [ INFO ] [DB:48] Creating tables ...
[2022-11-22 14:16:42] [ ERROR] [DB:60] Table creation failed: La cantidad de columnas no coincide
Column count does not match; SQL statement:
INSERT INTO DOMICILIO (CALLE, NUMERO, LOCALIDAD, PROVINCIA)VALUES ('CALLE PRUEBA', 58, 'SALTA CAPITAL', 'SALTA') [21002-214]
[2022-11-22 14:17:48] [ INFO ] [DB:48] Creating tables ...
[2022-11-22 14:17:49] [ WARN ] [DB:57] Tables created
[2022-11-22 14:18:24] [ INFO ] [PacienteDAOH2:185] Searching paciente string ...
[2022-11-22 14:18:24] [ ERROR] [PacienteDAOH2:203] Paciente string search failed Conversión de datos fallida, convirtiendo "prueba@gmail.com"
Data conversion error converting "prueba@gmail.com"; SQL statement:
SELECT * FROM PACIENTE WHERE ID = ? [22018-214]
[2022-11-22 14:20:06] [ INFO ] [DB:48] Creating tables ...
[2022-11-22 14:20:07] [ WARN ] [DB:57] Tables created
[2022-11-22 14:20:31] [ INFO ] [PacienteDAOH2:185] Searching paciente string ...
[2022-11-22 14:20:32] [ ERROR] [PacienteDAOH2:203] Paciente string search failed Conversión de datos fallida, convirtiendo "prueba@gmail.com"
Data conversion error converting "prueba@gmail.com"; SQL statement:
SELECT * FROM PACIENTE WHERE ID = ? [22018-214]
[2022-11-22 14:20:34] [ INFO ] [PacienteDAOH2:185] Searching paciente string ...
[2022-11-22 14:20:34] [ ERROR] [PacienteDAOH2:203] Paciente string search failed Conversión de datos fallida, convirtiendo "prueba@gmail.com"
Data conversion error converting "prueba@gmail.com"; SQL statement:
SELECT * FROM PACIENTE WHERE ID = ? [22018-214]
[2022-11-22 14:20:38] [ INFO ] [PacienteDAOH2:185] Searching paciente string ...
[2022-11-22 14:20:38] [ ERROR] [PacienteDAOH2:203] Paciente string search failed Conversión de datos fallida, convirtiendo "prueba@gmail.com"
Data conversion error converting "prueba@gmail.com"; SQL statement:
SELECT * FROM PACIENTE WHERE ID = ? [22018-214]
[2022-11-22 14:58:10] [ INFO ] [DB:48] Creating tables ...
[2022-11-22 14:58:12] [ WARN ] [DB:57] Tables created
[2022-11-22 14:58:27] [ INFO ] [PacienteDAOH2:185] Searching paciente string ...
[2022-11-22 14:58:27] [ ERROR] [PacienteDAOH2:203] Paciente string search failed Conversión de datos fallida, convirtiendo "prueba@gmail.com"
Data conversion error converting "prueba@gmail.com"; SQL statement:
SELECT * FROM PACIENTE WHERE ID = ? [22018-214]
[2022-11-22 15:22:59] [ INFO ] [DB:48] Creating tables ...
[2022-11-22 15:23:00] [ WARN ] [DB:57] Tables created
[2022-11-22 15:23:12] [ INFO ] [PacienteDAOH2:185] Searching paciente string ...
[2022-11-22 15:23:12] [ INFO ] [DomicilioDAOH2:107] Searching domicilio ...
[2022-11-22 15:23:12] [ INFO ] [DomicilioDAOH2:118] Domicilio found
[2022-11-22 15:23:12] [ INFO ] [PacienteDAOH2:200] Paciente string found
[2022-11-22 15:39:45] [ INFO ] [DB:48] Creating tables ...
[2022-11-22 15:39:46] [ WARN ] [DB:57] Tables created
[2022-11-22 15:39:46] [ INFO ] [PacienteDAOH2:21] Saving paciente ...
[2022-11-22 15:39:46] [ INFO ] [DomicilioDAOH2:20] Saving domicilio ...
[2022-11-22 15:39:46] [ INFO ] [DomicilioDAOH2:35] Domicilio saved
[2022-11-22 15:39:46] [ INFO ] [PacienteDAOH2:40] Paciente saved
[2022-11-22 15:39:46] [ INFO ] [PacienteDAOH2:21] Saving paciente ...
[2022-11-22 15:39:46] [ INFO ] [DomicilioDAOH2:20] Saving domicilio ...
[2022-11-22 15:39:46] [ INFO ] [DomicilioDAOH2:35] Domicilio saved
[2022-11-22 15:39:46] [ INFO ] [PacienteDAOH2:40] Paciente saved
[2022-11-22 15:39:46] [ INFO ] [PacienteDAOH2:21] Saving paciente ...
[2022-11-22 15:39:46] [ INFO ] [DomicilioDAOH2:20] Saving domicilio ...
[2022-11-22 15:39:46] [ INFO ] [DomicilioDAOH2:35] Domicilio saved
[2022-11-22 15:39:46] [ INFO ] [PacienteDAOH2:40] Paciente saved
[2022-11-22 15:39:46] [ INFO ] [PacienteDAOH2:21] Saving paciente ...
[2022-11-22 15:39:46] [ INFO ] [DomicilioDAOH2:20] Saving domicilio ...
[2022-11-22 15:39:46] [ INFO ] [DomicilioDAOH2:35] Domicilio saved
[2022-11-22 15:39:46] [ INFO ] [PacienteDAOH2:40] Paciente saved
[2022-11-22 15:39:46] [ INFO ] [PacienteDAOH2:153] Getting paciente list ...
[2022-11-22 15:39:46] [ INFO ] [DomicilioDAOH2:107] Searching domicilio ...
[2022-11-22 15:39:46] [ INFO ] [DomicilioDAOH2:118] Domicilio found
[2022-11-22 15:39:46] [ INFO ] [DomicilioDAOH2:107] Searching domicilio ...
[2022-11-22 15:39:46] [ INFO ] [DomicilioDAOH2:118] Domicilio found
[2022-11-22 15:39:46] [ INFO ] [DomicilioDAOH2:107] Searching domicilio ...
[2022-11-22 15:39:46] [ INFO ] [DomicilioDAOH2:118] Domicilio found
[2022-11-22 15:39:46] [ INFO ] [DomicilioDAOH2:107] Searching domicilio ...
[2022-11-22 15:39:46] [ INFO ] [DomicilioDAOH2:118] Domicilio found
[2022-11-22 15:39:46] [ INFO ] [DomicilioDAOH2:107] Searching domicilio ...
[2022-11-22 15:39:46] [ INFO ] [DomicilioDAOH2:118] Domicilio found
[2022-11-22 15:39:46] [ INFO ] [PacienteDAOH2:167] Paciente list found
[2022-11-22 15:39:46] [ INFO ] [DB:48] Creating tables ...
[2022-11-22 15:39:46] [ WARN ] [DB:57] Tables created
[2022-11-22 15:39:46] [ INFO ] [PacienteDAOH2:21] Saving paciente ...
[2022-11-22 15:39:46] [ INFO ] [DomicilioDAOH2:20] Saving domicilio ...
[2022-11-22 15:39:46] [ INFO ] [DomicilioDAOH2:35] Domicilio saved
[2022-11-22 15:39:46] [ INFO ] [PacienteDAOH2:40] Paciente saved
[2022-11-22 15:39:47] [ INFO ] [PacienteDAOH2:120] Searching paciente ...
[2022-11-22 15:39:47] [ INFO ] [DomicilioDAOH2:107] Searching domicilio ...
[2022-11-22 15:39:47] [ INFO ] [DomicilioDAOH2:118] Domicilio found
[2022-11-22 15:39:47] [ INFO ] [PacienteDAOH2:135] Paciente found
[2022-11-22 15:39:47] [ INFO ] [DB:48] Creating tables ...
[2022-11-22 15:39:47] [ WARN ] [DB:57] Tables created
[2022-11-22 15:39:47] [ INFO ] [PacienteDAOH2:21] Saving paciente ...
[2022-11-22 15:39:47] [ INFO ] [DomicilioDAOH2:20] Saving domicilio ...
[2022-11-22 15:39:47] [ INFO ] [DomicilioDAOH2:35] Domicilio saved
[2022-11-22 15:39:47] [ INFO ] [PacienteDAOH2:40] Paciente saved
[2022-11-22 15:39:47] [ INFO ] [PacienteDAOH2:21] Saving paciente ...
[2022-11-22 15:39:47] [ INFO ] [DomicilioDAOH2:20] Saving domicilio ...
[2022-11-22 15:39:47] [ INFO ] [DomicilioDAOH2:35] Domicilio saved
[2022-11-22 15:39:47] [ INFO ] [PacienteDAOH2:40] Paciente saved
[2022-11-22 15:39:47] [ INFO ] [PacienteDAOH2:21] Saving paciente ...
[2022-11-22 15:39:47] [ INFO ] [DomicilioDAOH2:20] Saving domicilio ...
[2022-11-22 15:39:47] [ INFO ] [DomicilioDAOH2:35] Domicilio saved
[2022-11-22 15:39:47] [ INFO ] [PacienteDAOH2:40] Paciente saved
[2022-11-22 15:39:47] [ INFO ] [PacienteDAOH2:21] Saving paciente ...
[2022-11-22 15:39:47] [ INFO ] [DomicilioDAOH2:20] Saving domicilio ...
[2022-11-22 15:39:47] [ INFO ] [DomicilioDAOH2:35] Domicilio saved
[2022-11-22 15:39:47] [ INFO ] [PacienteDAOH2:40] Paciente saved
[2022-11-22 15:39:47] [ INFO ] [PacienteDAOH2:153] Getting paciente list ...
[2022-11-22 15:39:47] [ INFO ] [DomicilioDAOH2:107] Searching domicilio ...
[2022-11-22 15:39:47] [ INFO ] [DomicilioDAOH2:118] Domicilio found
[2022-11-22 15:39:47] [ INFO ] [DomicilioDAOH2:107] Searching domicilio ...
[2022-11-22 15:39:47] [ INFO ] [DomicilioDAOH2:118] Domicilio found
[2022-11-22 15:39:47] [ INFO ] [DomicilioDAOH2:107] Searching domicilio ...
[2022-11-22 15:39:47] [ INFO ] [DomicilioDAOH2:118] Domicilio found
[2022-11-22 15:39:47] [ INFO ] [DomicilioDAOH2:107] Searching domicilio ...
[2022-11-22 15:39:47] [ INFO ] [DomicilioDAOH2:118] Domicilio found
[2022-11-22 15:39:47] [ INFO ] [DomicilioDAOH2:107] Searching domicilio ...
[2022-11-22 15:39:47] [ INFO ] [DomicilioDAOH2:118] Domicilio found
[2022-11-22 15:39:47] [ INFO ] [PacienteDAOH2:167] Paciente list found
[2022-11-22 15:40:46] [ INFO ] [DB:48] Creating tables ...
[2022-11-22 15:40:46] [ WARN ] [DB:57] Tables created
[2022-11-22 15:40:47] [ INFO ] [PacienteDAOH2:21] Saving paciente ...
[2022-11-22 15:40:47] [ INFO ] [DomicilioDAOH2:20] Saving domicilio ...
[2022-11-22 15:40:47] [ INFO ] [DomicilioDAOH2:35] Domicilio saved
[2022-11-22 15:40:47] [ INFO ] [PacienteDAOH2:40] Paciente saved
[2022-11-22 15:40:47] [ INFO ] [PacienteDAOH2:21] Saving paciente ...
[2022-11-22 15:40:47] [ INFO ] [DomicilioDAOH2:20] Saving domicilio ...
[2022-11-22 15:40:47] [ INFO ] [DomicilioDAOH2:35] Domicilio saved
[2022-11-22 15:40:47] [ INFO ] [PacienteDAOH2:40] Paciente saved
[2022-11-22 15:40:47] [ INFO ] [PacienteDAOH2:21] Saving paciente ...
[2022-11-22 15:40:47] [ INFO ] [DomicilioDAOH2:20] Saving domicilio ...
[2022-11-22 15:40:47] [ INFO ] [DomicilioDAOH2:35] Domicilio saved
[2022-11-22 15:40:47] [ INFO ] [PacienteDAOH2:40] Paciente saved
[2022-11-22 15:40:47] [ INFO ] [PacienteDAOH2:21] Saving paciente ...
[2022-11-22 15:40:48] [ INFO ] [DomicilioDAOH2:20] Saving domicilio ...
[2022-11-22 15:40:48] [ INFO ] [DomicilioDAOH2:35] Domicilio saved
[2022-11-22 15:40:48] [ INFO ] [PacienteDAOH2:40] Paciente saved
[2022-11-22 15:40:48] [ INFO ] [PacienteDAOH2:153] Getting paciente list ...
[2022-11-22 15:40:48] [ INFO ] [DomicilioDAOH2:107] Searching domicilio ...
[2022-11-22 15:40:48] [ INFO ] [DomicilioDAOH2:118] Domicilio found
[2022-11-22 15:40:48] [ INFO ] [DomicilioDAOH2:107] Searching domicilio ...
[2022-11-22 15:40:48] [ INFO ] [DomicilioDAOH2:118] Domicilio found
[2022-11-22 15:40:48] [ INFO ] [DomicilioDAOH2:107] Searching domicilio ...
[2022-11-22 15:40:48] [ INFO ] [DomicilioDAOH2:118] Domicilio found
[2022-11-22 15:40:48] [ INFO ] [DomicilioDAOH2:107] Searching domicilio ...
[2022-11-22 15:40:48] [ INFO ] [DomicilioDAOH2:118] Domicilio found
[2022-11-22 15:40:48] [ INFO ] [PacienteDAOH2:167] Paciente list found
[2022-11-22 15:40:48] [ INFO ] [DB:48] Creating tables ...
[2022-11-22 15:40:48] [ WARN ] [DB:57] Tables created
[2022-11-22 15:40:48] [ INFO ] [PacienteDAOH2:21] Saving paciente ...
[2022-11-22 15:40:48] [ INFO ] [DomicilioDAOH2:20] Saving domicilio ...
[2022-11-22 15:40:48] [ INFO ] [DomicilioDAOH2:35] Domicilio saved
[2022-11-22 15:40:48] [ INFO ] [PacienteDAOH2:40] Paciente saved
[2022-11-22 15:40:48] [ INFO ] [PacienteDAOH2:120] Searching paciente ...
[2022-11-22 15:40:48] [ INFO ] [DomicilioDAOH2:107] Searching domicilio ...
[2022-11-22 15:40:48] [ INFO ] [DomicilioDAOH2:118] Domicilio found
[2022-11-22 15:40:48] [ INFO ] [PacienteDAOH2:135] Paciente found
[2022-11-22 15:40:48] [ WARN ] [PacienteDAOH2:58] Updating paciente ID: 1 ...
[2022-11-22 15:40:48] [ INFO ] [PacienteDAOH2:120] Searching paciente ...
[2022-11-22 15:40:48] [ INFO ] [DomicilioDAOH2:107] Searching domicilio ...
[2022-11-22 15:40:48] [ INFO ] [DomicilioDAOH2:118] Domicilio found
[2022-11-22 15:40:48] [ INFO ] [PacienteDAOH2:135] Paciente found
[2022-11-22 15:40:48] [ WARN ] [DomicilioDAOH2:53] Updating domicilio ID: 1 ...
[2022-11-22 15:40:48] [ WARN ] [DomicilioDAOH2:65] Domicilio with ID: 1 was successfully updated!
[2022-11-22 15:40:48] [ ERROR] [PacienteDAOH2:79] Updating paciente failed Parametro "#6" no está fijado
Parameter "#6" is not set; SQL statement:
UPDATE PACIENTE SET NOMBRE = ?, APELLIDO = ?, DNI = ?, FECHA_INGRESO = ?, DOMICILIO_ID = ?, EMAIL = ? WHERE ID = ? [90012-214]
[2022-11-22 15:40:48] [ INFO ] [PacienteDAOH2:120] Searching paciente ...
[2022-11-22 15:40:49] [ INFO ] [DomicilioDAOH2:107] Searching domicilio ...
[2022-11-22 15:40:49] [ INFO ] [DomicilioDAOH2:118] Domicilio found
[2022-11-22 15:40:49] [ INFO ] [PacienteDAOH2:135] Paciente found
[2022-11-22 15:40:49] [ INFO ] [DB:48] Creating tables ...
[2022-11-22 15:40:49] [ WARN ] [DB:57] Tables created
[2022-11-22 15:40:49] [ INFO ] [PacienteDAOH2:21] Saving paciente ...
[2022-11-22 15:40:49] [ INFO ] [DomicilioDAOH2:20] Saving domicilio ...
[2022-11-22 15:40:49] [ INFO ] [DomicilioDAOH2:35] Domicilio saved
[2022-11-22 15:40:49] [ INFO ] [PacienteDAOH2:40] Paciente saved
[2022-11-22 15:40:49] [ INFO ] [PacienteDAOH2:21] Saving paciente ...
[2022-11-22 15:40:49] [ INFO ] [DomicilioDAOH2:20] Saving domicilio ...
[2022-11-22 15:40:49] [ INFO ] [DomicilioDAOH2:35] Domicilio saved
[2022-11-22 15:40:49] [ INFO ] [PacienteDAOH2:40] Paciente saved
[2022-11-22 15:40:49] [ INFO ] [PacienteDAOH2:21] Saving paciente ...
[2022-11-22 15:40:49] [ INFO ] [DomicilioDAOH2:20] Saving domicilio ...
[2022-11-22 15:40:49] [ INFO ] [DomicilioDAOH2:35] Domicilio saved
[2022-11-22 15:40:49] [ INFO ] [PacienteDAOH2:40] Paciente saved
[2022-11-22 15:40:49] [ INFO ] [PacienteDAOH2:21] Saving paciente ...
[2022-11-22 15:40:49] [ INFO ] [DomicilioDAOH2:20] Saving domicilio ...
[2022-11-22 15:40:49] [ INFO ] [DomicilioDAOH2:35] Domicilio saved
[2022-11-22 15:40:49] [ INFO ] [PacienteDAOH2:40] Paciente saved
[2022-11-22 15:40:49] [ INFO ] [PacienteDAOH2:153] Getting paciente list ...
[2022-11-22 15:40:49] [ INFO ] [DomicilioDAOH2:107] Searching domicilio ...
[2022-11-22 15:40:49] [ INFO ] [DomicilioDAOH2:118] Domicilio found
[2022-11-22 15:40:49] [ INFO ] [DomicilioDAOH2:107] Searching domicilio ...
[2022-11-22 15:40:49] [ INFO ] [DomicilioDAOH2:118] Domicilio found
[2022-11-22 15:40:49] [ INFO ] [DomicilioDAOH2:107] Searching domicilio ...
[2022-11-22 15:40:49] [ INFO ] [DomicilioDAOH2:118] Domicilio found
[2022-11-22 15:40:49] [ INFO ] [DomicilioDAOH2:107] Searching domicilio ...
[2022-11-22 15:40:49] [ INFO ] [DomicilioDAOH2:118] Domicilio found
[2022-11-22 15:40:49] [ INFO ] [PacienteDAOH2:167] Paciente list found
[2022-11-22 15:40:49] [ WARN ] [PacienteDAOH2:93] Deleting paciente ID: 2 ...
[2022-11-22 15:40:49] [ INFO ] [PacienteDAOH2:120] Searching paciente ...
[2022-11-22 15:40:49] [ INFO ] [DomicilioDAOH2:107] Searching domicilio ...
[2022-11-22 15:40:49] [ INFO ] [DomicilioDAOH2:118] Domicilio found
[2022-11-22 15:40:49] [ INFO ] [PacienteDAOH2:135] Paciente found
[2022-11-22 15:40:49] [ WARN ] [DomicilioDAOH2:82] Deleting domicilio ID: 2 ...
[2022-11-22 15:40:49] [ WARN ] [DomicilioDAOH2:90] Domicilio with ID: 2 was successfully deleted!
[2022-11-22 15:40:49] [ WARN ] [PacienteDAOH2:103] Paciente with ID: 2 was successfully deleted!
[2022-11-22 15:40:49] [ WARN ] [PacienteDAOH2:93] Deleting paciente ID: 4 ...
[2022-11-22 15:40:49] [ INFO ] [PacienteDAOH2:120] Searching paciente ...
[2022-11-22 15:40:49] [ INFO ] [DomicilioDAOH2:107] Searching domicilio ...
[2022-11-22 15:40:49] [ INFO ] [DomicilioDAOH2:118] Domicilio found
[2022-11-22 15:40:49] [ INFO ] [PacienteDAOH2:135] Paciente found
[2022-11-22 15:40:49] [ WARN ] [DomicilioDAOH2:82] Deleting domicilio ID: 4 ...
[2022-11-22 15:40:49] [ WARN ] [DomicilioDAOH2:90] Domicilio with ID: 4 was successfully deleted!
[2022-11-22 15:40:49] [ WARN ] [PacienteDAOH2:103] Paciente with ID: 4 was successfully deleted!
[2022-11-22 15:40:49] [ INFO ] [PacienteDAOH2:153] Getting paciente list ...
[2022-11-22 15:40:49] [ INFO ] [DomicilioDAOH2:107] Searching domicilio ...
[2022-11-22 15:40:49] [ INFO ] [DomicilioDAOH2:118] Domicilio found
[2022-11-22 15:40:49] [ INFO ] [DomicilioDAOH2:107] Searching domicilio ...
[2022-11-22 15:40:49] [ INFO ] [DomicilioDAOH2:118] Domicilio found
[2022-11-22 15:40:49] [ INFO ] [PacienteDAOH2:167] Paciente list found
[2022-11-22 15:40:49] [ INFO ] [DomicilioDAOH2:136] Getting domicilio list ...
[2022-11-22 15:40:50] [ INFO ] [DomicilioDAOH2:149] Domicilio list found
[2022-11-22 15:43:05] [ INFO ] [DB:48] Creating tables ...
[2022-11-22 15:43:05] [ WARN ] [DB:57] Tables created
[2022-11-22 15:43:06] [ INFO ] [PacienteDAOH2:21] Saving paciente ...
[2022-11-22 15:43:06] [ INFO ] [DomicilioDAOH2:20] Saving domicilio ...
[2022-11-22 15:43:06] [ INFO ] [DomicilioDAOH2:35] Domicilio saved
[2022-11-22 15:43:06] [ INFO ] [PacienteDAOH2:40] Paciente saved
[2022-11-22 15:43:06] [ INFO ] [PacienteDAOH2:21] Saving paciente ...
[2022-11-22 15:43:06] [ INFO ] [DomicilioDAOH2:20] Saving domicilio ...
[2022-11-22 15:43:06] [ INFO ] [DomicilioDAOH2:35] Domicilio saved
[2022-11-22 15:43:06] [ INFO ] [PacienteDAOH2:40] Paciente saved
[2022-11-22 15:43:06] [ INFO ] [PacienteDAOH2:21] Saving paciente ...
[2022-11-22 15:43:06] [ INFO ] [DomicilioDAOH2:20] Saving domicilio ...
[2022-11-22 15:43:06] [ INFO ] [DomicilioDAOH2:35] Domicilio saved
[2022-11-22 15:43:06] [ INFO ] [PacienteDAOH2:40] Paciente saved
[2022-11-22 15:43:06] [ INFO ] [PacienteDAOH2:21] Saving paciente ...
[2022-11-22 15:43:06] [ INFO ] [DomicilioDAOH2:20] Saving domicilio ...
[2022-11-22 15:43:06] [ INFO ] [DomicilioDAOH2:35] Domicilio saved
[2022-11-22 15:43:06] [ INFO ] [PacienteDAOH2:40] Paciente saved
[2022-11-22 15:43:07] [ INFO ] [PacienteDAOH2:153] Getting paciente list ...
[2022-11-22 15:43:07] [ INFO ] [DomicilioDAOH2:107] Searching domicilio ...
[2022-11-22 15:43:07] [ INFO ] [DomicilioDAOH2:118] Domicilio found
[2022-11-22 15:43:07] [ INFO ] [DomicilioDAOH2:107] Searching domicilio ...
[2022-11-22 15:43:07] [ INFO ] [DomicilioDAOH2:118] Domicilio found
[2022-11-22 15:43:07] [ INFO ] [DomicilioDAOH2:107] Searching domicilio ...
[2022-11-22 15:43:07] [ INFO ] [DomicilioDAOH2:118] Domicilio found
[2022-11-22 15:43:07] [ INFO ] [DomicilioDAOH2:107] Searching domicilio ...
[2022-11-22 15:43:07] [ INFO ] [DomicilioDAOH2:118] Domicilio found
[2022-11-22 15:43:07] [ INFO ] [PacienteDAOH2:167] Paciente list found
[2022-11-22 15:43:07] [ INFO ] [DB:48] Creating tables ...
[2022-11-22 15:43:07] [ WARN ] [DB:57] Tables created
[2022-11-22 15:43:07] [ INFO ] [PacienteDAOH2:21] Saving paciente ...
[2022-11-22 15:43:07] [ INFO ] [DomicilioDAOH2:20] Saving domicilio ...
[2022-11-22 15:43:07] [ INFO ] [DomicilioDAOH2:35] Domicilio saved
[2022-11-22 15:43:07] [ INFO ] [PacienteDAOH2:40] Paciente saved
[2022-11-22 15:43:07] [ INFO ] [PacienteDAOH2:120] Searching paciente ...
[2022-11-22 15:43:07] [ INFO ] [DomicilioDAOH2:107] Searching domicilio ...
[2022-11-22 15:43:07] [ INFO ] [DomicilioDAOH2:118] Domicilio found
[2022-11-22 15:43:07] [ INFO ] [PacienteDAOH2:135] Paciente found
[2022-11-22 15:43:07] [ WARN ] [PacienteDAOH2:58] Updating paciente ID: 1 ...
[2022-11-22 15:43:07] [ INFO ] [PacienteDAOH2:120] Searching paciente ...
[2022-11-22 15:43:07] [ INFO ] [DomicilioDAOH2:107] Searching domicilio ...
[2022-11-22 15:43:07] [ INFO ] [DomicilioDAOH2:118] Domicilio found
[2022-11-22 15:43:07] [ INFO ] [PacienteDAOH2:135] Paciente found
[2022-11-22 15:43:07] [ WARN ] [DomicilioDAOH2:53] Updating domicilio ID: 1 ...
[2022-11-22 15:43:07] [ WARN ] [DomicilioDAOH2:65] Domicilio with ID: 1 was successfully updated!
[2022-11-22 15:43:07] [ WARN ] [PacienteDAOH2:76] Paciente with ID: 1 was successfully updated!
[2022-11-22 15:43:07] [ INFO ] [PacienteDAOH2:120] Searching paciente ...
[2022-11-22 15:43:07] [ INFO ] [DomicilioDAOH2:107] Searching domicilio ...
[2022-11-22 15:43:07] [ INFO ] [DomicilioDAOH2:118] Domicilio found
[2022-11-22 15:43:07] [ INFO ] [PacienteDAOH2:135] Paciente found
[2022-11-22 15:43:07] [ INFO ] [DB:48] Creating tables ...
[2022-11-22 15:43:07] [ WARN ] [DB:57] Tables created
[2022-11-22 15:43:08] [ INFO ] [PacienteDAOH2:21] Saving paciente ...
[2022-11-22 15:43:08] [ INFO ] [DomicilioDAOH2:20] Saving domicilio ...
[2022-11-22 15:43:08] [ INFO ] [DomicilioDAOH2:35] Domicilio saved
[2022-11-22 15:43:08] [ INFO ] [PacienteDAOH2:40] Paciente saved
[2022-11-22 15:43:08] [ INFO ] [PacienteDAOH2:21] Saving paciente ...
[2022-11-22 15:43:08] [ INFO ] [DomicilioDAOH2:20] Saving domicilio ...
[2022-11-22 15:43:08] [ INFO ] [DomicilioDAOH2:35] Domicilio saved
[2022-11-22 15:43:08] [ INFO ] [PacienteDAOH2:40] Paciente saved
[2022-11-22 15:43:08] [ INFO ] [PacienteDAOH2:21] Saving paciente ...
[2022-11-22 15:43:08] [ INFO ] [DomicilioDAOH2:20] Saving domicilio ...
[2022-11-22 15:43:08] [ INFO ] [DomicilioDAOH2:35] Domicilio saved
[2022-11-22 15:43:08] [ INFO ] [PacienteDAOH2:40] Paciente saved
[2022-11-22 15:43:08] [ INFO ] [PacienteDAOH2:21] Saving paciente ...
[2022-11-22 15:43:08] [ INFO ] [DomicilioDAOH2:20] Saving domicilio ...
[2022-11-22 15:43:08] [ INFO ] [DomicilioDAOH2:35] Domicilio saved
[2022-11-22 15:43:08] [ INFO ] [PacienteDAOH2:40] Paciente saved
[2022-11-22 15:43:08] [ INFO ] [PacienteDAOH2:153] Getting paciente list ...
[2022-11-22 15:43:08] [ INFO ] [DomicilioDAOH2:107] Searching domicilio ...
[2022-11-22 15:43:08] [ INFO ] [DomicilioDAOH2:118] Domicilio found
[2022-11-22 15:43:08] [ INFO ] [DomicilioDAOH2:107] Searching domicilio ...
[2022-11-22 15:43:08] [ INFO ] [DomicilioDAOH2:118] Domicilio found
[2022-11-22 15:43:08] [ INFO ] [DomicilioDAOH2:107] Searching domicilio ...
[2022-11-22 15:43:08] [ INFO ] [DomicilioDAOH2:118] Domicilio found
[2022-11-22 15:43:08] [ INFO ] [DomicilioDAOH2:107] Searching domicilio ...
[2022-11-22 15:43:08] [ INFO ] [DomicilioDAOH2:118] Domicilio found
[2022-11-22 15:43:08] [ INFO ] [PacienteDAOH2:167] Paciente list found
[2022-11-22 15:43:08] [ WARN ] [PacienteDAOH2:93] Deleting paciente ID: 2 ...
[2022-11-22 15:43:08] [ INFO ] [PacienteDAOH2:120] Searching paciente ...
[2022-11-22 15:43:08] [ INFO ] [DomicilioDAOH2:107] Searching domicilio ...
[2022-11-22 15:43:08] [ INFO ] [DomicilioDAOH2:118] Domicilio found
[2022-11-22 15:43:08] [ INFO ] [PacienteDAOH2:135] Paciente found
[2022-11-22 15:43:08] [ WARN ] [DomicilioDAOH2:82] Deleting domicilio ID: 2 ...
[2022-11-22 15:43:08] [ WARN ] [DomicilioDAOH2:90] Domicilio with ID: 2 was successfully deleted!
[2022-11-22 15:43:08] [ WARN ] [PacienteDAOH2:103] Paciente with ID: 2 was successfully deleted!
[2022-11-22 15:43:08] [ WARN ] [PacienteDAOH2:93] Deleting paciente ID: 4 ...
[2022-11-22 15:43:08] [ INFO ] [PacienteDAOH2:120] Searching paciente ...
[2022-11-22 15:43:08] [ INFO ] [DomicilioDAOH2:107] Searching domicilio ...
[2022-11-22 15:43:08] [ INFO ] [DomicilioDAOH2:118] Domicilio found
[2022-11-22 15:43:08] [ INFO ] [PacienteDAOH2:135] Paciente found
[2022-11-22 15:43:08] [ WARN ] [DomicilioDAOH2:82] Deleting domicilio ID: 4 ...
[2022-11-22 15:43:08] [ WARN ] [DomicilioDAOH2:90] Domicilio with ID: 4 was successfully deleted!
[2022-11-22 15:43:08] [ WARN ] [PacienteDAOH2:103] Paciente with ID: 4 was successfully deleted!
[2022-11-22 15:43:08] [ INFO ] [PacienteDAOH2:153] Getting paciente list ...
[2022-11-22 15:43:08] [ INFO ] [DomicilioDAOH2:107] Searching domicilio ...
[2022-11-22 15:43:08] [ INFO ] [DomicilioDAOH2:118] Domicilio found
[2022-11-22 15:43:08] [ INFO ] [DomicilioDAOH2:107] Searching domicilio ...
[2022-11-22 15:43:08] [ INFO ] [DomicilioDAOH2:118] Domicilio found
[2022-11-22 15:43:08] [ INFO ] [PacienteDAOH2:167] Paciente list found
[2022-11-22 15:43:08] [ INFO ] [DomicilioDAOH2:136] Getting domicilio list ...
[2022-11-22 15:43:08] [ INFO ] [DomicilioDAOH2:149] Domicilio list found
[2022-11-22 15:43:22] [ INFO ] [DB:48] Creating tables ...
[2022-11-22 15:43:23] [ WARN ] [DB:57] Tables created
[2022-11-22 15:43:24] [ INFO ] [OdontologoDAOH2:24] Saving odontologo ...
[2022-11-22 15:43:24] [ INFO ] [OdontologoDAOH2:38] Odontologo saved
[2022-11-22 15:43:24] [ INFO ] [OdontologoDAOH2:24] Saving odontologo ...
[2022-11-22 15:43:24] [ INFO ] [OdontologoDAOH2:38] Odontologo saved
[2022-11-22 15:43:24] [ INFO ] [OdontologoDAOH2:24] Saving odontologo ...
[2022-11-22 15:43:24] [ INFO ] [OdontologoDAOH2:38] Odontologo saved
[2022-11-22 15:43:24] [ INFO ] [OdontologoDAOH2:24] Saving odontologo ...
[2022-11-22 15:43:25] [ INFO ] [OdontologoDAOH2:38] Odontologo saved
[2022-11-22 15:43:25] [ INFO ] [OdontologoDAOH2:138] Getting odontologo list ...
[2022-11-22 15:43:25] [ INFO ] [OdontologoDAOH2:151] Odontologo list found
[2022-11-22 15:43:25] [ INFO ] [DB:48] Creating tables ...
[2022-11-22 15:43:25] [ WARN ] [DB:57] Tables created
[2022-11-22 15:43:25] [ INFO ] [OdontologoDAOH2:24] Saving odontologo ...
[2022-11-22 15:43:25] [ INFO ] [OdontologoDAOH2:38] Odontologo saved
[2022-11-22 15:43:25] [ INFO ] [OdontologoDAOH2:109] Searching odontologo ...
[2022-11-22 15:43:25] [ INFO ] [OdontologoDAOH2:120] Odontologo found
[2022-11-22 15:43:25] [ WARN ] [OdontologoDAOH2:56] Updating odontologo ID: 1 ...
[2022-11-22 15:43:25] [ WARN ] [OdontologoDAOH2:67] Odontologo with ID: 1 was successfully updated!
[2022-11-22 15:43:25] [ INFO ] [OdontologoDAOH2:109] Searching odontologo ...
[2022-11-22 15:43:25] [ INFO ] [OdontologoDAOH2:120] Odontologo found
[2022-11-22 15:43:25] [ INFO ] [DB:48] Creating tables ...
[2022-11-22 15:43:25] [ WARN ] [DB:57] Tables created
[2022-11-22 15:43:25] [ INFO ] [OdontologoDAOH2:24] Saving odontologo ...
[2022-11-22 15:43:25] [ INFO ] [OdontologoDAOH2:38] Odontologo saved
[2022-11-22 15:43:26] [ INFO ] [OdontologoDAOH2:24] Saving odontologo ...
[2022-11-22 15:43:26] [ INFO ] [OdontologoDAOH2:38] Odontologo saved
[2022-11-22 15:43:26] [ INFO ] [OdontologoDAOH2:24] Saving odontologo ...
[2022-11-22 15:43:26] [ INFO ] [OdontologoDAOH2:38] Odontologo saved
[2022-11-22 15:43:26] [ INFO ] [OdontologoDAOH2:24] Saving odontologo ...
[2022-11-22 15:43:26] [ INFO ] [OdontologoDAOH2:38] Odontologo saved
[2022-11-22 15:43:26] [ INFO ] [OdontologoDAOH2:138] Getting odontologo list ...
[2022-11-22 15:43:26] [ INFO ] [OdontologoDAOH2:151] Odontologo list found
[2022-11-22 15:43:26] [ WARN ] [OdontologoDAOH2:84] Deleting odontologo ID: 2 ...
[2022-11-22 15:43:26] [ WARN ] [OdontologoDAOH2:92] Odontologo with ID: 2 was successfully deleted!
[2022-11-22 15:43:26] [ WARN ] [OdontologoDAOH2:84] Deleting odontologo ID: 4 ...
[2022-11-22 15:43:26] [ WARN ] [OdontologoDAOH2:92] Odontologo with ID: 4 was successfully deleted!
[2022-11-22 15:43:26] [ INFO ] [OdontologoDAOH2:138] Getting odontologo list ...
[2022-11-22 15:43:26] [ INFO ] [OdontologoDAOH2:151] Odontologo list found
[2022-11-22 15:43:36] [ INFO ] [DB:48] Creating tables ...
[2022-11-22 15:43:37] [ WARN ] [DB:57] Tables created
[2022-11-22 15:43:37] [ INFO ] [DomicilioDAOH2:20] Saving domicilio ...
[2022-11-22 15:43:37] [ INFO ] [DomicilioDAOH2:35] Domicilio saved
[2022-11-22 15:43:37] [ INFO ] [DomicilioDAOH2:20] Saving domicilio ...
[2022-11-22 15:43:37] [ INFO ] [DomicilioDAOH2:35] Domicilio saved
[2022-11-22 15:43:37] [ INFO ] [DomicilioDAOH2:20] Saving domicilio ...
[2022-11-22 15:43:37] [ INFO ] [DomicilioDAOH2:35] Domicilio saved
[2022-11-22 15:43:37] [ INFO ] [DomicilioDAOH2:20] Saving domicilio ...
[2022-11-22 15:43:38] [ INFO ] [DomicilioDAOH2:35] Domicilio saved
[2022-11-22 15:43:38] [ INFO ] [DomicilioDAOH2:136] Getting domicilio list ...
[2022-11-22 15:43:38] [ INFO ] [DomicilioDAOH2:149] Domicilio list found
[2022-11-22 15:43:38] [ INFO ] [DB:48] Creating tables ...
[2022-11-22 15:43:38] [ WARN ] [DB:57] Tables created
[2022-11-22 15:43:38] [ INFO ] [DomicilioDAOH2:20] Saving domicilio ...
[2022-11-22 15:43:38] [ INFO ] [DomicilioDAOH2:35] Domicilio saved
[2022-11-22 15:43:38] [ INFO ] [DomicilioDAOH2:107] Searching domicilio ...
[2022-11-22 15:43:38] [ INFO ] [DomicilioDAOH2:118] Domicilio found
[2022-11-22 15:43:38] [ WARN ] [DomicilioDAOH2:53] Updating domicilio ID: 1 ...
[2022-11-22 15:43:38] [ WARN ] [DomicilioDAOH2:65] Domicilio with ID: 1 was successfully updated!
[2022-11-22 15:43:38] [ INFO ] [DomicilioDAOH2:107] Searching domicilio ...
[2022-11-22 15:43:38] [ INFO ] [DomicilioDAOH2:118] Domicilio found
[2022-11-22 15:43:38] [ INFO ] [DB:48] Creating tables ...
[2022-11-22 15:43:38] [ WARN ] [DB:57] Tables created
[2022-11-22 15:43:38] [ INFO ] [DomicilioDAOH2:20] Saving domicilio ...
[2022-11-22 15:43:38] [ INFO ] [DomicilioDAOH2:35] Domicilio saved
[2022-11-22 15:43:38] [ INFO ] [DomicilioDAOH2:20] Saving domicilio ...
[2022-11-22 15:43:38] [ INFO ] [DomicilioDAOH2:35] Domicilio saved
[2022-11-22 15:43:38] [ INFO ] [DomicilioDAOH2:20] Saving domicilio ...
[2022-11-22 15:43:39] [ INFO ] [DomicilioDAOH2:35] Domicilio saved
[2022-11-22 15:43:39] [ INFO ] [DomicilioDAOH2:20] Saving domicilio ...
[2022-11-22 15:43:39] [ INFO ] [DomicilioDAOH2:35] Domicilio saved
[2022-11-22 15:43:39] [ INFO ] [DomicilioDAOH2:136] Getting domicilio list ...
[2022-11-22 15:43:39] [ INFO ] [DomicilioDAOH2:149] Domicilio list found
[2022-11-22 15:43:39] [ WARN ] [DomicilioDAOH2:82] Deleting domicilio ID: 2 ...
[2022-11-22 15:43:39] [ WARN ] [DomicilioDAOH2:90] Domicilio with ID: 2 was successfully deleted!
[2022-11-22 15:43:39] [ WARN ] [DomicilioDAOH2:82] Deleting domicilio ID: 4 ...
[2022-11-22 15:43:39] [ WARN ] [DomicilioDAOH2:90] Domicilio with ID: 4 was successfully deleted!
[2022-11-22 15:43:39] [ INFO ] [DomicilioDAOH2:136] Getting domicilio list ...
[2022-11-22 15:43:39] [ INFO ] [DomicilioDAOH2:149] Domicilio list found
[2022-11-22 15:59:27] [ INFO ] [DB:50] Creating tables ...
[2022-11-22 15:59:28] [ WARN ] [DB:58] Tables created
[2022-11-22 15:59:28] [ INFO ] [DB:72] Creating test subjects ...
[2022-11-22 15:59:28] [ WARN ] [DB:78] Test subjects created
[2022-11-22 15:59:57] [ INFO ] [PacienteDAOH2:185] Searching paciente string ...
[2022-11-22 15:59:57] [ INFO ] [DomicilioDAOH2:107] Searching domicilio ...
[2022-11-22 15:59:57] [ INFO ] [DomicilioDAOH2:118] Domicilio found
[2022-11-22 15:59:57] [ INFO ] [PacienteDAOH2:200] Paciente string found
[2022-11-22 16:00:03] [ INFO ] [PacienteDAOH2:185] Searching paciente string ...
[2022-11-22 16:00:03] [ INFO ] [DomicilioDAOH2:107] Searching domicilio ...
[2022-11-22 16:00:03] [ INFO ] [DomicilioDAOH2:118] Domicilio found
[2022-11-22 16:00:03] [ INFO ] [PacienteDAOH2:200] Paciente string found
[2022-11-22 16:00:44] [ INFO ] [OdontologoDAOH2:109] Searching odontologo ...
[2022-11-22 16:00:44] [ INFO ] [OdontologoDAOH2:120] Odontologo found
[2022-11-22 16:02:51] [ INFO ] [OdontologoDAOH2:109] Searching odontologo ...
[2022-11-22 16:02:51] [ INFO ] [OdontologoDAOH2:120] Odontologo found
[2022-11-22 16:04:24] [ INFO ] [OdontologoDAOH2:109] Searching odontologo ...
[2022-11-22 16:04:24] [ INFO ] [OdontologoDAOH2:120] Odontologo found
[2022-11-22 16:11:17] [ INFO ] [PacienteDAOH2:185] Searching paciente string ...
[2022-11-22 16:11:17] [ INFO ] [DomicilioDAOH2:107] Searching domicilio ...
[2022-11-22 16:11:17] [ INFO ] [DomicilioDAOH2:118] Domicilio found
[2022-11-22 16:11:17] [ INFO ] [PacienteDAOH2:200] Paciente string found
[2022-11-22 16:14:51] [ INFO ] [DB:50] Creating tables ...
[2022-11-22 16:14:52] [ WARN ] [DB:58] Tables created
[2022-11-22 16:14:53] [ INFO ] [DB:72] Creating test subjects ...
[2022-11-22 16:14:53] [ WARN ] [DB:78] Test subjects created
[2022-11-22 16:15:07] [ INFO ] [PacienteDAOH2:185] Searching paciente string ...
[2022-11-22 16:15:07] [ INFO ] [DomicilioDAOH2:107] Searching domicilio ...
[2022-11-22 16:15:07] [ INFO ] [DomicilioDAOH2:118] Domicilio found
[2022-11-22 16:15:07] [ INFO ] [PacienteDAOH2:200] Paciente string found
[2022-11-22 16:15:19] [ INFO ] [OdontologoDAOH2:109] Searching odontologo ...
[2022-11-22 16:15:19] [ INFO ] [OdontologoDAOH2:120] Odontologo found
[2022-11-22 17:04:13] [ INFO ] [DB:50] Creating tables ...
[2022-11-22 17:04:14] [ WARN ] [DB:58] Tables created
[2022-11-22 17:04:15] [ INFO ] [DB:72] Creating test subjects ...
[2022-11-22 17:04:15] [ WARN ] [DB:78] Test subjects created
[2022-11-22 17:05:32] [ INFO ] [PacienteDAOH2:185] Searching paciente string ...
[2022-11-22 17:05:32] [ INFO ] [DomicilioDAOH2:107] Searching domicilio ...
[2022-11-22 17:05:32] [ INFO ] [DomicilioDAOH2:118] Domicilio found
[2022-11-22 17:05:32] [ INFO ] [PacienteDAOH2:200] Paciente string found
[2022-11-22 17:05:42] [ INFO ] [OdontologoDAOH2:109] Searching odontologo ...
[2022-11-22 17:05:42] [ INFO ] [OdontologoDAOH2:120] Odontologo found
