[2022-11-22 13:44:14] [ INFO ] [DB:42] Creating tables ...
[2022-11-22 13:44:16] [ WARN ] [DB:50] Tables created
[2022-11-22 14:13:29] [ INFO ] [DB:48] Creating tables ...
[2022-11-22 14:13:32] [ INFO ] [DB:48] Creating tables ...
[2022-11-22 14:13:32] [ ERROR] [DB:60] Table creation failed: La cantidad de columnas no coincide
Column count does not match; SQL statement:
INSERT INTO DOMICILIO (CALLE, NUMERO, LOCALIDAD, PROVINCIA)VALUES ('CALLE PRUEBA', 58, 'SALTA CAPITAL', 'SALTA') [21002-214]
[2022-11-22 14:13:33] [ ERROR] [DB:60] Table creation failed: La cantidad de columnas no coincide
Column count does not match; SQL statement:
INSERT INTO DOMICILIO (CALLE, NUMERO, LOCALIDAD, PROVINCIA)VALUES ('CALLE PRUEBA', 58, 'SALTA CAPITAL', 'SALTA') [21002-214]
[2022-11-22 14:16:41] [ INFO ] [DB:48] Creating tables ...
[2022-11-22 14:16:42] [ ERROR] [DB:60] Table creation failed: La cantidad de columnas no coincide
Column count does not match; SQL statement:
INSERT INTO DOMICILIO (CALLE, NUMERO, LOCALIDAD, PROVINCIA)VALUES ('CALLE PRUEBA', 58, 'SALTA CAPITAL', 'SALTA') [21002-214]
[2022-11-22 14:17:48] [ INFO ] [DB:48] Creating tables ...
[2022-11-22 14:17:49] [ WARN ] [DB:57] Tables created
[2022-11-22 14:18:24] [ INFO ] [PacienteDAOH2:185] Searching paciente string ...
[2022-11-22 14:18:24] [ ERROR] [PacienteDAOH2:203] Paciente string search failed Conversión de datos fallida, convirtiendo "prueba@gmail.com"
Data conversion error converting "prueba@gmail.com"; SQL statement:
SELECT * FROM PACIENTE WHERE ID = ? [22018-214]
[2022-11-22 14:20:06] [ INFO ] [DB:48] Creating tables ...
[2022-11-22 14:20:07] [ WARN ] [DB:57] Tables created
[2022-11-22 14:20:31] [ INFO ] [PacienteDAOH2:185] Searching paciente string ...
[2022-11-22 14:20:32] [ ERROR] [PacienteDAOH2:203] Paciente string search failed Conversión de datos fallida, convirtiendo "prueba@gmail.com"
Data conversion error converting "prueba@gmail.com"; SQL statement:
SELECT * FROM PACIENTE WHERE ID = ? [22018-214]
[2022-11-22 14:20:34] [ INFO ] [PacienteDAOH2:185] Searching paciente string ...
[2022-11-22 14:20:34] [ ERROR] [PacienteDAOH2:203] Paciente string search failed Conversión de datos fallida, convirtiendo "prueba@gmail.com"
Data conversion error converting "prueba@gmail.com"; SQL statement:
SELECT * FROM PACIENTE WHERE ID = ? [22018-214]
[2022-11-22 14:20:38] [ INFO ] [PacienteDAOH2:185] Searching paciente string ...
[2022-11-22 14:20:38] [ ERROR] [PacienteDAOH2:203] Paciente string search failed Conversión de datos fallida, convirtiendo "prueba@gmail.com"
Data conversion error converting "prueba@gmail.com"; SQL statement:
SELECT * FROM PACIENTE WHERE ID = ? [22018-214]
[2022-11-22 14:58:10] [ INFO ] [DB:48] Creating tables ...
[2022-11-22 14:58:12] [ WARN ] [DB:57] Tables created
[2022-11-22 14:58:27] [ INFO ] [PacienteDAOH2:185] Searching paciente string ...
[2022-11-22 14:58:27] [ ERROR] [PacienteDAOH2:203] Paciente string search failed Conversión de datos fallida, convirtiendo "prueba@gmail.com"
Data conversion error converting "prueba@gmail.com"; SQL statement:
SELECT * FROM PACIENTE WHERE ID = ? [22018-214]
[2022-11-22 15:22:59] [ INFO ] [DB:48] Creating tables ...
[2022-11-22 15:23:00] [ WARN ] [DB:57] Tables created
[2022-11-22 15:23:12] [ INFO ] [PacienteDAOH2:185] Searching paciente string ...
[2022-11-22 15:23:12] [ INFO ] [DomicilioDAOH2:107] Searching domicilio ...
[2022-11-22 15:23:12] [ INFO ] [DomicilioDAOH2:118] Domicilio found
[2022-11-22 15:23:12] [ INFO ] [PacienteDAOH2:200] Paciente string found
[2022-11-22 15:39:45] [ INFO ] [DB:48] Creating tables ...
[2022-11-22 15:39:46] [ WARN ] [DB:57] Tables created
[2022-11-22 15:39:46] [ INFO ] [PacienteDAOH2:21] Saving paciente ...
[2022-11-22 15:39:46] [ INFO ] [DomicilioDAOH2:20] Saving domicilio ...
[2022-11-22 15:39:46] [ INFO ] [DomicilioDAOH2:35] Domicilio saved
[2022-11-22 15:39:46] [ INFO ] [PacienteDAOH2:40] Paciente saved
[2022-11-22 15:39:46] [ INFO ] [PacienteDAOH2:21] Saving paciente ...
[2022-11-22 15:39:46] [ INFO ] [DomicilioDAOH2:20] Saving domicilio ...
[2022-11-22 15:39:46] [ INFO ] [DomicilioDAOH2:35] Domicilio saved
[2022-11-22 15:39:46] [ INFO ] [PacienteDAOH2:40] Paciente saved
[2022-11-22 15:39:46] [ INFO ] [PacienteDAOH2:21] Saving paciente ...
[2022-11-22 15:39:46] [ INFO ] [DomicilioDAOH2:20] Saving domicilio ...
[2022-11-22 15:39:46] [ INFO ] [DomicilioDAOH2:35] Domicilio saved
[2022-11-22 15:39:46] [ INFO ] [PacienteDAOH2:40] Paciente saved
[2022-11-22 15:39:46] [ INFO ] [PacienteDAOH2:21] Saving paciente ...
[2022-11-22 15:39:46] [ INFO ] [DomicilioDAOH2:20] Saving domicilio ...
[2022-11-22 15:39:46] [ INFO ] [DomicilioDAOH2:35] Domicilio saved
[2022-11-22 15:39:46] [ INFO ] [PacienteDAOH2:40] Paciente saved
[2022-11-22 15:39:46] [ INFO ] [PacienteDAOH2:153] Getting paciente list ...
[2022-11-22 15:39:46] [ INFO ] [DomicilioDAOH2:107] Searching domicilio ...
[2022-11-22 15:39:46] [ INFO ] [DomicilioDAOH2:118] Domicilio found
[2022-11-22 15:39:46] [ INFO ] [DomicilioDAOH2:107] Searching domicilio ...
[2022-11-22 15:39:46] [ INFO ] [DomicilioDAOH2:118] Domicilio found
[2022-11-22 15:39:46] [ INFO ] [DomicilioDAOH2:107] Searching domicilio ...
[2022-11-22 15:39:46] [ INFO ] [DomicilioDAOH2:118] Domicilio found
[2022-11-22 15:39:46] [ INFO ] [DomicilioDAOH2:107] Searching domicilio ...
[2022-11-22 15:39:46] [ INFO ] [DomicilioDAOH2:118] Domicilio found
[2022-11-22 15:39:46] [ INFO ] [DomicilioDAOH2:107] Searching domicilio ...
[2022-11-22 15:39:46] [ INFO ] [DomicilioDAOH2:118] Domicilio found
[2022-11-22 15:39:46] [ INFO ] [PacienteDAOH2:167] Paciente list found
[2022-11-22 15:39:46] [ INFO ] [DB:48] Creating tables ...
[2022-11-22 15:39:46] [ WARN ] [DB:57] Tables created
[2022-11-22 15:39:46] [ INFO ] [PacienteDAOH2:21] Saving paciente ...
[2022-11-22 15:39:46] [ INFO ] [DomicilioDAOH2:20] Saving domicilio ...
[2022-11-22 15:39:46] [ INFO ] [DomicilioDAOH2:35] Domicilio saved
[2022-11-22 15:39:46] [ INFO ] [PacienteDAOH2:40] Paciente saved
[2022-11-22 15:39:47] [ INFO ] [PacienteDAOH2:120] Searching paciente ...
[2022-11-22 15:39:47] [ INFO ] [DomicilioDAOH2:107] Searching domicilio ...
[2022-11-22 15:39:47] [ INFO ] [DomicilioDAOH2:118] Domicilio found
[2022-11-22 15:39:47] [ INFO ] [PacienteDAOH2:135] Paciente found
[2022-11-22 15:39:47] [ INFO ] [DB:48] Creating tables ...
[2022-11-22 15:39:47] [ WARN ] [DB:57] Tables created
[2022-11-22 15:39:47] [ INFO ] [PacienteDAOH2:21] Saving paciente ...
[2022-11-22 15:39:47] [ INFO ] [DomicilioDAOH2:20] Saving domicilio ...
[2022-11-22 15:39:47] [ INFO ] [DomicilioDAOH2:35] Domicilio saved
[2022-11-22 15:39:47] [ INFO ] [PacienteDAOH2:40] Paciente saved
[2022-11-22 15:39:47] [ INFO ] [PacienteDAOH2:21] Saving paciente ...
[2022-11-22 15:39:47] [ INFO ] [DomicilioDAOH2:20] Saving domicilio ...
[2022-11-22 15:39:47] [ INFO ] [DomicilioDAOH2:35] Domicilio saved
[2022-11-22 15:39:47] [ INFO ] [PacienteDAOH2:40] Paciente saved
[2022-11-22 15:39:47] [ INFO ] [PacienteDAOH2:21] Saving paciente ...
[2022-11-22 15:39:47] [ INFO ] [DomicilioDAOH2:20] Saving domicilio ...
[2022-11-22 15:39:47] [ INFO ] [DomicilioDAOH2:35] Domicilio saved
[2022-11-22 15:39:47] [ INFO ] [PacienteDAOH2:40] Paciente saved
[2022-11-22 15:39:47] [ INFO ] [PacienteDAOH2:21] Saving paciente ...
[2022-11-22 15:39:47] [ INFO ] [DomicilioDAOH2:20] Saving domicilio ...
[2022-11-22 15:39:47] [ INFO ] [DomicilioDAOH2:35] Domicilio saved
[2022-11-22 15:39:47] [ INFO ] [PacienteDAOH2:40] Paciente saved
[2022-11-22 15:39:47] [ INFO ] [PacienteDAOH2:153] Getting paciente list ...
[2022-11-22 15:39:47] [ INFO ] [DomicilioDAOH2:107] Searching domicilio ...
[2022-11-22 15:39:47] [ INFO ] [DomicilioDAOH2:118] Domicilio found
[2022-11-22 15:39:47] [ INFO ] [DomicilioDAOH2:107] Searching domicilio ...
[2022-11-22 15:39:47] [ INFO ] [DomicilioDAOH2:118] Domicilio found
[2022-11-22 15:39:47] [ INFO ] [DomicilioDAOH2:107] Searching domicilio ...
[2022-11-22 15:39:47] [ INFO ] [DomicilioDAOH2:118] Domicilio found
[2022-11-22 15:39:47] [ INFO ] [DomicilioDAOH2:107] Searching domicilio ...
[2022-11-22 15:39:47] [ INFO ] [DomicilioDAOH2:118] Domicilio found
[2022-11-22 15:39:47] [ INFO ] [DomicilioDAOH2:107] Searching domicilio ...
[2022-11-22 15:39:47] [ INFO ] [DomicilioDAOH2:118] Domicilio found
[2022-11-22 15:39:47] [ INFO ] [PacienteDAOH2:167] Paciente list found
[2022-11-22 15:40:46] [ INFO ] [DB:48] Creating tables ...
[2022-11-22 15:40:46] [ WARN ] [DB:57] Tables created
[2022-11-22 15:40:47] [ INFO ] [PacienteDAOH2:21] Saving paciente ...
[2022-11-22 15:40:47] [ INFO ] [DomicilioDAOH2:20] Saving domicilio ...
[2022-11-22 15:40:47] [ INFO ] [DomicilioDAOH2:35] Domicilio saved
[2022-11-22 15:40:47] [ INFO ] [PacienteDAOH2:40] Paciente saved
[2022-11-22 15:40:47] [ INFO ] [PacienteDAOH2:21] Saving paciente ...
[2022-11-22 15:40:47] [ INFO ] [DomicilioDAOH2:20] Saving domicilio ...
[2022-11-22 15:40:47] [ INFO ] [DomicilioDAOH2:35] Domicilio saved
[2022-11-22 15:40:47] [ INFO ] [PacienteDAOH2:40] Paciente saved
[2022-11-22 15:40:47] [ INFO ] [PacienteDAOH2:21] Saving paciente ...
[2022-11-22 15:40:47] [ INFO ] [DomicilioDAOH2:20] Saving domicilio ...
[2022-11-22 15:40:47] [ INFO ] [DomicilioDAOH2:35] Domicilio saved
[2022-11-22 15:40:47] [ INFO ] [PacienteDAOH2:40] Paciente saved
[2022-11-22 15:40:47] [ INFO ] [PacienteDAOH2:21] Saving paciente ...
[2022-11-22 15:40:48] [ INFO ] [DomicilioDAOH2:20] Saving domicilio ...
[2022-11-22 15:40:48] [ INFO ] [DomicilioDAOH2:35] Domicilio saved
[2022-11-22 15:40:48] [ INFO ] [PacienteDAOH2:40] Paciente saved
[2022-11-22 15:40:48] [ INFO ] [PacienteDAOH2:153] Getting paciente list ...
[2022-11-22 15:40:48] [ INFO ] [DomicilioDAOH2:107] Searching domicilio ...
[2022-11-22 15:40:48] [ INFO ] [DomicilioDAOH2:118] Domicilio found
[2022-11-22 15:40:48] [ INFO ] [DomicilioDAOH2:107] Searching domicilio ...
[2022-11-22 15:40:48] [ INFO ] [DomicilioDAOH2:118] Domicilio found
[2022-11-22 15:40:48] [ INFO ] [DomicilioDAOH2:107] Searching domicilio ...
[2022-11-22 15:40:48] [ INFO ] [DomicilioDAOH2:118] Domicilio found
[2022-11-22 15:40:48] [ INFO ] [DomicilioDAOH2:107] Searching domicilio ...
[2022-11-22 15:40:48] [ INFO ] [DomicilioDAOH2:118] Domicilio found
[2022-11-22 15:40:48] [ INFO ] [PacienteDAOH2:167] Paciente list found
[2022-11-22 15:40:48] [ INFO ] [DB:48] Creating tables ...
[2022-11-22 15:40:48] [ WARN ] [DB:57] Tables created
[2022-11-22 15:40:48] [ INFO ] [PacienteDAOH2:21] Saving paciente ...
[2022-11-22 15:40:48] [ INFO ] [DomicilioDAOH2:20] Saving domicilio ...
[2022-11-22 15:40:48] [ INFO ] [DomicilioDAOH2:35] Domicilio saved
[2022-11-22 15:40:48] [ INFO ] [PacienteDAOH2:40] Paciente saved
[2022-11-22 15:40:48] [ INFO ] [PacienteDAOH2:120] Searching paciente ...
[2022-11-22 15:40:48] [ INFO ] [DomicilioDAOH2:107] Searching domicilio ...
[2022-11-22 15:40:48] [ INFO ] [DomicilioDAOH2:118] Domicilio found
[2022-11-22 15:40:48] [ INFO ] [PacienteDAOH2:135] Paciente found
[2022-11-22 15:40:48] [ WARN ] [PacienteDAOH2:58] Updating paciente ID: 1 ...
[2022-11-22 15:40:48] [ INFO ] [PacienteDAOH2:120] Searching paciente ...
[2022-11-22 15:40:48] [ INFO ] [DomicilioDAOH2:107] Searching domicilio ...
[2022-11-22 15:40:48] [ INFO ] [DomicilioDAOH2:118] Domicilio found
[2022-11-22 15:40:48] [ INFO ] [PacienteDAOH2:135] Paciente found
[2022-11-22 15:40:48] [ WARN ] [DomicilioDAOH2:53] Updating domicilio ID: 1 ...
[2022-11-22 15:40:48] [ WARN ] [DomicilioDAOH2:65] Domicilio with ID: 1 was successfully updated!
[2022-11-22 15:40:48] [ ERROR] [PacienteDAOH2:79] Updating paciente failed Parametro "#6" no está fijado
Parameter "#6" is not set; SQL statement:
UPDATE PACIENTE SET NOMBRE = ?, APELLIDO = ?, DNI = ?, FECHA_INGRESO = ?, DOMICILIO_ID = ?, EMAIL = ? WHERE ID = ? [90012-214]
[2022-11-22 15:40:48] [ INFO ] [PacienteDAOH2:120] Searching paciente ...
[2022-11-22 15:40:49] [ INFO ] [DomicilioDAOH2:107] Searching domicilio ...
[2022-11-22 15:40:49] [ INFO ] [DomicilioDAOH2:118] Domicilio found
[2022-11-22 15:40:49] [ INFO ] [PacienteDAOH2:135] Paciente found
[2022-11-22 15:40:49] [ INFO ] [DB:48] Creating tables ...
[2022-11-22 15:40:49] [ WARN ] [DB:57] Tables created
[2022-11-22 15:40:49] [ INFO ] [PacienteDAOH2:21] Saving paciente ...
[2022-11-22 15:40:49] [ INFO ] [DomicilioDAOH2:20] Saving domicilio ...
[2022-11-22 15:40:49] [ INFO ] [DomicilioDAOH2:35] Domicilio saved
[2022-11-22 15:40:49] [ INFO ] [PacienteDAOH2:40] Paciente saved
[2022-11-22 15:40:49] [ INFO ] [PacienteDAOH2:21] Saving paciente ...
[2022-11-22 15:40:49] [ INFO ] [DomicilioDAOH2:20] Saving domicilio ...
[2022-11-22 15:40:49] [ INFO ] [DomicilioDAOH2:35] Domicilio saved
[2022-11-22 15:40:49] [ INFO ] [PacienteDAOH2:40] Paciente saved
[2022-11-22 15:40:49] [ INFO ] [PacienteDAOH2:21] Saving paciente ...
[2022-11-22 15:40:49] [ INFO ] [DomicilioDAOH2:20] Saving domicilio ...
[2022-11-22 15:40:49] [ INFO ] [DomicilioDAOH2:35] Domicilio saved
[2022-11-22 15:40:49] [ INFO ] [PacienteDAOH2:40] Paciente saved
[2022-11-22 15:40:49] [ INFO ] [PacienteDAOH2:21] Saving paciente ...
[2022-11-22 15:40:49] [ INFO ] [DomicilioDAOH2:20] Saving domicilio ...
[2022-11-22 15:40:49] [ INFO ] [DomicilioDAOH2:35] Domicilio saved
[2022-11-22 15:40:49] [ INFO ] [PacienteDAOH2:40] Paciente saved
[2022-11-22 15:40:49] [ INFO ] [PacienteDAOH2:153] Getting paciente list ...
[2022-11-22 15:40:49] [ INFO ] [DomicilioDAOH2:107] Searching domicilio ...
[2022-11-22 15:40:49] [ INFO ] [DomicilioDAOH2:118] Domicilio found
[2022-11-22 15:40:49] [ INFO ] [DomicilioDAOH2:107] Searching domicilio ...
[2022-11-22 15:40:49] [ INFO ] [DomicilioDAOH2:118] Domicilio found
[2022-11-22 15:40:49] [ INFO ] [DomicilioDAOH2:107] Searching domicilio ...
[2022-11-22 15:40:49] [ INFO ] [DomicilioDAOH2:118] Domicilio found
[2022-11-22 15:40:49] [ INFO ] [DomicilioDAOH2:107] Searching domicilio ...
[2022-11-22 15:40:49] [ INFO ] [DomicilioDAOH2:118] Domicilio found
[2022-11-22 15:40:49] [ INFO ] [PacienteDAOH2:167] Paciente list found
[2022-11-22 15:40:49] [ WARN ] [PacienteDAOH2:93] Deleting paciente ID: 2 ...
[2022-11-22 15:40:49] [ INFO ] [PacienteDAOH2:120] Searching paciente ...
[2022-11-22 15:40:49] [ INFO ] [DomicilioDAOH2:107] Searching domicilio ...
[2022-11-22 15:40:49] [ INFO ] [DomicilioDAOH2:118] Domicilio found
[2022-11-22 15:40:49] [ INFO ] [PacienteDAOH2:135] Paciente found
[2022-11-22 15:40:49] [ WARN ] [DomicilioDAOH2:82] Deleting domicilio ID: 2 ...
[2022-11-22 15:40:49] [ WARN ] [DomicilioDAOH2:90] Domicilio with ID: 2 was successfully deleted!
[2022-11-22 15:40:49] [ WARN ] [PacienteDAOH2:103] Paciente with ID: 2 was successfully deleted!
[2022-11-22 15:40:49] [ WARN ] [PacienteDAOH2:93] Deleting paciente ID: 4 ...
[2022-11-22 15:40:49] [ INFO ] [PacienteDAOH2:120] Searching paciente ...
[2022-11-22 15:40:49] [ INFO ] [DomicilioDAOH2:107] Searching domicilio ...
[2022-11-22 15:40:49] [ INFO ] [DomicilioDAOH2:118] Domicilio found
[2022-11-22 15:40:49] [ INFO ] [PacienteDAOH2:135] Paciente found
[2022-11-22 15:40:49] [ WARN ] [DomicilioDAOH2:82] Deleting domicilio ID: 4 ...
[2022-11-22 15:40:49] [ WARN ] [DomicilioDAOH2:90] Domicilio with ID: 4 was successfully deleted!
[2022-11-22 15:40:49] [ WARN ] [PacienteDAOH2:103] Paciente with ID: 4 was successfully deleted!
[2022-11-22 15:40:49] [ INFO ] [PacienteDAOH2:153] Getting paciente list ...
[2022-11-22 15:40:49] [ INFO ] [DomicilioDAOH2:107] Searching domicilio ...
[2022-11-22 15:40:49] [ INFO ] [DomicilioDAOH2:118] Domicilio found
[2022-11-22 15:40:49] [ INFO ] [DomicilioDAOH2:107] Searching domicilio ...
[2022-11-22 15:40:49] [ INFO ] [DomicilioDAOH2:118] Domicilio found
[2022-11-22 15:40:49] [ INFO ] [PacienteDAOH2:167] Paciente list found
[2022-11-22 15:40:49] [ INFO ] [DomicilioDAOH2:136] Getting domicilio list ...
[2022-11-22 15:40:50] [ INFO ] [DomicilioDAOH2:149] Domicilio list found
[2022-11-22 15:43:05] [ INFO ] [DB:48] Creating tables ...
[2022-11-22 15:43:05] [ WARN ] [DB:57] Tables created
[2022-11-22 15:43:06] [ INFO ] [PacienteDAOH2:21] Saving paciente ...
[2022-11-22 15:43:06] [ INFO ] [DomicilioDAOH2:20] Saving domicilio ...
[2022-11-22 15:43:06] [ INFO ] [DomicilioDAOH2:35] Domicilio saved
[2022-11-22 15:43:06] [ INFO ] [PacienteDAOH2:40] Paciente saved
[2022-11-22 15:43:06] [ INFO ] [PacienteDAOH2:21] Saving paciente ...
[2022-11-22 15:43:06] [ INFO ] [DomicilioDAOH2:20] Saving domicilio ...
[2022-11-22 15:43:06] [ INFO ] [DomicilioDAOH2:35] Domicilio saved
[2022-11-22 15:43:06] [ INFO ] [PacienteDAOH2:40] Paciente saved
[2022-11-22 15:43:06] [ INFO ] [PacienteDAOH2:21] Saving paciente ...
[2022-11-22 15:43:06] [ INFO ] [DomicilioDAOH2:20] Saving domicilio ...
[2022-11-22 15:43:06] [ INFO ] [DomicilioDAOH2:35] Domicilio saved
[2022-11-22 15:43:06] [ INFO ] [PacienteDAOH2:40] Paciente saved
[2022-11-22 15:43:06] [ INFO ] [PacienteDAOH2:21] Saving paciente ...
[2022-11-22 15:43:06] [ INFO ] [DomicilioDAOH2:20] Saving domicilio ...
[2022-11-22 15:43:06] [ INFO ] [DomicilioDAOH2:35] Domicilio saved
[2022-11-22 15:43:06] [ INFO ] [PacienteDAOH2:40] Paciente saved
[2022-11-22 15:43:07] [ INFO ] [PacienteDAOH2:153] Getting paciente list ...
[2022-11-22 15:43:07] [ INFO ] [DomicilioDAOH2:107] Searching domicilio ...
[2022-11-22 15:43:07] [ INFO ] [DomicilioDAOH2:118] Domicilio found
[2022-11-22 15:43:07] [ INFO ] [DomicilioDAOH2:107] Searching domicilio ...
[2022-11-22 15:43:07] [ INFO ] [DomicilioDAOH2:118] Domicilio found
[2022-11-22 15:43:07] [ INFO ] [DomicilioDAOH2:107] Searching domicilio ...
[2022-11-22 15:43:07] [ INFO ] [DomicilioDAOH2:118] Domicilio found
[2022-11-22 15:43:07] [ INFO ] [DomicilioDAOH2:107] Searching domicilio ...
[2022-11-22 15:43:07] [ INFO ] [DomicilioDAOH2:118] Domicilio found
[2022-11-22 15:43:07] [ INFO ] [PacienteDAOH2:167] Paciente list found
[2022-11-22 15:43:07] [ INFO ] [DB:48] Creating tables ...
[2022-11-22 15:43:07] [ WARN ] [DB:57] Tables created
[2022-11-22 15:43:07] [ INFO ] [PacienteDAOH2:21] Saving paciente ...
[2022-11-22 15:43:07] [ INFO ] [DomicilioDAOH2:20] Saving domicilio ...
[2022-11-22 15:43:07] [ INFO ] [DomicilioDAOH2:35] Domicilio saved
[2022-11-22 15:43:07] [ INFO ] [PacienteDAOH2:40] Paciente saved
[2022-11-22 15:43:07] [ INFO ] [PacienteDAOH2:120] Searching paciente ...
[2022-11-22 15:43:07] [ INFO ] [DomicilioDAOH2:107] Searching domicilio ...
[2022-11-22 15:43:07] [ INFO ] [DomicilioDAOH2:118] Domicilio found
[2022-11-22 15:43:07] [ INFO ] [PacienteDAOH2:135] Paciente found
[2022-11-22 15:43:07] [ WARN ] [PacienteDAOH2:58] Updating paciente ID: 1 ...
[2022-11-22 15:43:07] [ INFO ] [PacienteDAOH2:120] Searching paciente ...
[2022-11-22 15:43:07] [ INFO ] [DomicilioDAOH2:107] Searching domicilio ...
[2022-11-22 15:43:07] [ INFO ] [DomicilioDAOH2:118] Domicilio found
[2022-11-22 15:43:07] [ INFO ] [PacienteDAOH2:135] Paciente found
[2022-11-22 15:43:07] [ WARN ] [DomicilioDAOH2:53] Updating domicilio ID: 1 ...
[2022-11-22 15:43:07] [ WARN ] [DomicilioDAOH2:65] Domicilio with ID: 1 was successfully updated!
[2022-11-22 15:43:07] [ WARN ] [PacienteDAOH2:76] Paciente with ID: 1 was successfully updated!
[2022-11-22 15:43:07] [ INFO ] [PacienteDAOH2:120] Searching paciente ...
[2022-11-22 15:43:07] [ INFO ] [DomicilioDAOH2:107] Searching domicilio ...
[2022-11-22 15:43:07] [ INFO ] [DomicilioDAOH2:118] Domicilio found
[2022-11-22 15:43:07] [ INFO ] [PacienteDAOH2:135] Paciente found
[2022-11-22 15:43:07] [ INFO ] [DB:48] Creating tables ...
[2022-11-22 15:43:07] [ WARN ] [DB:57] Tables created
[2022-11-22 15:43:08] [ INFO ] [PacienteDAOH2:21] Saving paciente ...
[2022-11-22 15:43:08] [ INFO ] [DomicilioDAOH2:20] Saving domicilio ...
[2022-11-22 15:43:08] [ INFO ] [DomicilioDAOH2:35] Domicilio saved
[2022-11-22 15:43:08] [ INFO ] [PacienteDAOH2:40] Paciente saved
[2022-11-22 15:43:08] [ INFO ] [PacienteDAOH2:21] Saving paciente ...
[2022-11-22 15:43:08] [ INFO ] [DomicilioDAOH2:20] Saving domicilio ...
[2022-11-22 15:43:08] [ INFO ] [DomicilioDAOH2:35] Domicilio saved
[2022-11-22 15:43:08] [ INFO ] [PacienteDAOH2:40] Paciente saved
[2022-11-22 15:43:08] [ INFO ] [PacienteDAOH2:21] Saving paciente ...
[2022-11-22 15:43:08] [ INFO ] [DomicilioDAOH2:20] Saving domicilio ...
[2022-11-22 15:43:08] [ INFO ] [DomicilioDAOH2:35] Domicilio saved
[2022-11-22 15:43:08] [ INFO ] [PacienteDAOH2:40] Paciente saved
[2022-11-22 15:43:08] [ INFO ] [PacienteDAOH2:21] Saving paciente ...
[2022-11-22 15:43:08] [ INFO ] [DomicilioDAOH2:20] Saving domicilio ...
[2022-11-22 15:43:08] [ INFO ] [DomicilioDAOH2:35] Domicilio saved
[2022-11-22 15:43:08] [ INFO ] [PacienteDAOH2:40] Paciente saved
[2022-11-22 15:43:08] [ INFO ] [PacienteDAOH2:153] Getting paciente list ...
[2022-11-22 15:43:08] [ INFO ] [DomicilioDAOH2:107] Searching domicilio ...
[2022-11-22 15:43:08] [ INFO ] [DomicilioDAOH2:118] Domicilio found
[2022-11-22 15:43:08] [ INFO ] [DomicilioDAOH2:107] Searching domicilio ...
[2022-11-22 15:43:08] [ INFO ] [DomicilioDAOH2:118] Domicilio found
[2022-11-22 15:43:08] [ INFO ] [DomicilioDAOH2:107] Searching domicilio ...
[2022-11-22 15:43:08] [ INFO ] [DomicilioDAOH2:118] Domicilio found
[2022-11-22 15:43:08] [ INFO ] [DomicilioDAOH2:107] Searching domicilio ...
[2022-11-22 15:43:08] [ INFO ] [DomicilioDAOH2:118] Domicilio found
[2022-11-22 15:43:08] [ INFO ] [PacienteDAOH2:167] Paciente list found
[2022-11-22 15:43:08] [ WARN ] [PacienteDAOH2:93] Deleting paciente ID: 2 ...
[2022-11-22 15:43:08] [ INFO ] [PacienteDAOH2:120] Searching paciente ...
[2022-11-22 15:43:08] [ INFO ] [DomicilioDAOH2:107] Searching domicilio ...
[2022-11-22 15:43:08] [ INFO ] [DomicilioDAOH2:118] Domicilio found
[2022-11-22 15:43:08] [ INFO ] [PacienteDAOH2:135] Paciente found
[2022-11-22 15:43:08] [ WARN ] [DomicilioDAOH2:82] Deleting domicilio ID: 2 ...
[2022-11-22 15:43:08] [ WARN ] [DomicilioDAOH2:90] Domicilio with ID: 2 was successfully deleted!
[2022-11-22 15:43:08] [ WARN ] [PacienteDAOH2:103] Paciente with ID: 2 was successfully deleted!
[2022-11-22 15:43:08] [ WARN ] [PacienteDAOH2:93] Deleting paciente ID: 4 ...
[2022-11-22 15:43:08] [ INFO ] [PacienteDAOH2:120] Searching paciente ...
[2022-11-22 15:43:08] [ INFO ] [DomicilioDAOH2:107] Searching domicilio ...
[2022-11-22 15:43:08] [ INFO ] [DomicilioDAOH2:118] Domicilio found
[2022-11-22 15:43:08] [ INFO ] [PacienteDAOH2:135] Paciente found
[2022-11-22 15:43:08] [ WARN ] [DomicilioDAOH2:82] Deleting domicilio ID: 4 ...
[2022-11-22 15:43:08] [ WARN ] [DomicilioDAOH2:90] Domicilio with ID: 4 was successfully deleted!
[2022-11-22 15:43:08] [ WARN ] [PacienteDAOH2:103] Paciente with ID: 4 was successfully deleted!
[2022-11-22 15:43:08] [ INFO ] [PacienteDAOH2:153] Getting paciente list ...
[2022-11-22 15:43:08] [ INFO ] [DomicilioDAOH2:107] Searching domicilio ...
[2022-11-22 15:43:08] [ INFO ] [DomicilioDAOH2:118] Domicilio found
[2022-11-22 15:43:08] [ INFO ] [DomicilioDAOH2:107] Searching domicilio ...
[2022-11-22 15:43:08] [ INFO ] [DomicilioDAOH2:118] Domicilio found
[2022-11-22 15:43:08] [ INFO ] [PacienteDAOH2:167] Paciente list found
[2022-11-22 15:43:08] [ INFO ] [DomicilioDAOH2:136] Getting domicilio list ...
[2022-11-22 15:43:08] [ INFO ] [DomicilioDAOH2:149] Domicilio list found
[2022-11-22 15:43:22] [ INFO ] [DB:48] Creating tables ...
[2022-11-22 15:43:23] [ WARN ] [DB:57] Tables created
[2022-11-22 15:43:24] [ INFO ] [OdontologoDAOH2:24] Saving odontologo ...
[2022-11-22 15:43:24] [ INFO ] [OdontologoDAOH2:38] Odontologo saved
[2022-11-22 15:43:24] [ INFO ] [OdontologoDAOH2:24] Saving odontologo ...
[2022-11-22 15:43:24] [ INFO ] [OdontologoDAOH2:38] Odontologo saved
[2022-11-22 15:43:24] [ INFO ] [OdontologoDAOH2:24] Saving odontologo ...
[2022-11-22 15:43:24] [ INFO ] [OdontologoDAOH2:38] Odontologo saved
[2022-11-22 15:43:24] [ INFO ] [OdontologoDAOH2:24] Saving odontologo ...
[2022-11-22 15:43:25] [ INFO ] [OdontologoDAOH2:38] Odontologo saved
[2022-11-22 15:43:25] [ INFO ] [OdontologoDAOH2:138] Getting odontologo list ...
[2022-11-22 15:43:25] [ INFO ] [OdontologoDAOH2:151] Odontologo list found
[2022-11-22 15:43:25] [ INFO ] [DB:48] Creating tables ...
[2022-11-22 15:43:25] [ WARN ] [DB:57] Tables created
[2022-11-22 15:43:25] [ INFO ] [OdontologoDAOH2:24] Saving odontologo ...
[2022-11-22 15:43:25] [ INFO ] [OdontologoDAOH2:38] Odontologo saved
[2022-11-22 15:43:25] [ INFO ] [OdontologoDAOH2:109] Searching odontologo ...
[2022-11-22 15:43:25] [ INFO ] [OdontologoDAOH2:120] Odontologo found
[2022-11-22 15:43:25] [ WARN ] [OdontologoDAOH2:56] Updating odontologo ID: 1 ...
[2022-11-22 15:43:25] [ WARN ] [OdontologoDAOH2:67] Odontologo with ID: 1 was successfully updated!
[2022-11-22 15:43:25] [ INFO ] [OdontologoDAOH2:109] Searching odontologo ...
[2022-11-22 15:43:25] [ INFO ] [OdontologoDAOH2:120] Odontologo found
[2022-11-22 15:43:25] [ INFO ] [DB:48] Creating tables ...
[2022-11-22 15:43:25] [ WARN ] [DB:57] Tables created
[2022-11-22 15:43:25] [ INFO ] [OdontologoDAOH2:24] Saving odontologo ...
[2022-11-22 15:43:25] [ INFO ] [OdontologoDAOH2:38] Odontologo saved
[2022-11-22 15:43:26] [ INFO ] [OdontologoDAOH2:24] Saving odontologo ...
[2022-11-22 15:43:26] [ INFO ] [OdontologoDAOH2:38] Odontologo saved
[2022-11-22 15:43:26] [ INFO ] [OdontologoDAOH2:24] Saving odontologo ...
[2022-11-22 15:43:26] [ INFO ] [OdontologoDAOH2:38] Odontologo saved
[2022-11-22 15:43:26] [ INFO ] [OdontologoDAOH2:24] Saving odontologo ...
[2022-11-22 15:43:26] [ INFO ] [OdontologoDAOH2:38] Odontologo saved
[2022-11-22 15:43:26] [ INFO ] [OdontologoDAOH2:138] Getting odontologo list ...
[2022-11-22 15:43:26] [ INFO ] [OdontologoDAOH2:151] Odontologo list found
[2022-11-22 15:43:26] [ WARN ] [OdontologoDAOH2:84] Deleting odontologo ID: 2 ...
[2022-11-22 15:43:26] [ WARN ] [OdontologoDAOH2:92] Odontologo with ID: 2 was successfully deleted!
[2022-11-22 15:43:26] [ WARN ] [OdontologoDAOH2:84] Deleting odontologo ID: 4 ...
[2022-11-22 15:43:26] [ WARN ] [OdontologoDAOH2:92] Odontologo with ID: 4 was successfully deleted!
[2022-11-22 15:43:26] [ INFO ] [OdontologoDAOH2:138] Getting odontologo list ...
[2022-11-22 15:43:26] [ INFO ] [OdontologoDAOH2:151] Odontologo list found
[2022-11-22 15:43:36] [ INFO ] [DB:48] Creating tables ...
[2022-11-22 15:43:37] [ WARN ] [DB:57] Tables created
[2022-11-22 15:43:37] [ INFO ] [DomicilioDAOH2:20] Saving domicilio ...
[2022-11-22 15:43:37] [ INFO ] [DomicilioDAOH2:35] Domicilio saved
[2022-11-22 15:43:37] [ INFO ] [DomicilioDAOH2:20] Saving domicilio ...
[2022-11-22 15:43:37] [ INFO ] [DomicilioDAOH2:35] Domicilio saved
[2022-11-22 15:43:37] [ INFO ] [DomicilioDAOH2:20] Saving domicilio ...
[2022-11-22 15:43:37] [ INFO ] [DomicilioDAOH2:35] Domicilio saved
[2022-11-22 15:43:37] [ INFO ] [DomicilioDAOH2:20] Saving domicilio ...
[2022-11-22 15:43:38] [ INFO ] [DomicilioDAOH2:35] Domicilio saved
[2022-11-22 15:43:38] [ INFO ] [DomicilioDAOH2:136] Getting domicilio list ...
[2022-11-22 15:43:38] [ INFO ] [DomicilioDAOH2:149] Domicilio list found
[2022-11-22 15:43:38] [ INFO ] [DB:48] Creating tables ...
[2022-11-22 15:43:38] [ WARN ] [DB:57] Tables created
[2022-11-22 15:43:38] [ INFO ] [DomicilioDAOH2:20] Saving domicilio ...
[2022-11-22 15:43:38] [ INFO ] [DomicilioDAOH2:35] Domicilio saved
[2022-11-22 15:43:38] [ INFO ] [DomicilioDAOH2:107] Searching domicilio ...
[2022-11-22 15:43:38] [ INFO ] [DomicilioDAOH2:118] Domicilio found
[2022-11-22 15:43:38] [ WARN ] [DomicilioDAOH2:53] Updating domicilio ID: 1 ...
[2022-11-22 15:43:38] [ WARN ] [DomicilioDAOH2:65] Domicilio with ID: 1 was successfully updated!
[2022-11-22 15:43:38] [ INFO ] [DomicilioDAOH2:107] Searching domicilio ...
[2022-11-22 15:43:38] [ INFO ] [DomicilioDAOH2:118] Domicilio found
[2022-11-22 15:43:38] [ INFO ] [DB:48] Creating tables ...
[2022-11-22 15:43:38] [ WARN ] [DB:57] Tables created
[2022-11-22 15:43:38] [ INFO ] [DomicilioDAOH2:20] Saving domicilio ...
[2022-11-22 15:43:38] [ INFO ] [DomicilioDAOH2:35] Domicilio saved
[2022-11-22 15:43:38] [ INFO ] [DomicilioDAOH2:20] Saving domicilio ...
[2022-11-22 15:43:38] [ INFO ] [DomicilioDAOH2:35] Domicilio saved
[2022-11-22 15:43:38] [ INFO ] [DomicilioDAOH2:20] Saving domicilio ...
[2022-11-22 15:43:39] [ INFO ] [DomicilioDAOH2:35] Domicilio saved
[2022-11-22 15:43:39] [ INFO ] [DomicilioDAOH2:20] Saving domicilio ...
[2022-11-22 15:43:39] [ INFO ] [DomicilioDAOH2:35] Domicilio saved
[2022-11-22 15:43:39] [ INFO ] [DomicilioDAOH2:136] Getting domicilio list ...
[2022-11-22 15:43:39] [ INFO ] [DomicilioDAOH2:149] Domicilio list found
[2022-11-22 15:43:39] [ WARN ] [DomicilioDAOH2:82] Deleting domicilio ID: 2 ...
[2022-11-22 15:43:39] [ WARN ] [DomicilioDAOH2:90] Domicilio with ID: 2 was successfully deleted!
[2022-11-22 15:43:39] [ WARN ] [DomicilioDAOH2:82] Deleting domicilio ID: 4 ...
[2022-11-22 15:43:39] [ WARN ] [DomicilioDAOH2:90] Domicilio with ID: 4 was successfully deleted!
[2022-11-22 15:43:39] [ INFO ] [DomicilioDAOH2:136] Getting domicilio list ...
[2022-11-22 15:43:39] [ INFO ] [DomicilioDAOH2:149] Domicilio list found
[2022-11-22 15:59:27] [ INFO ] [DB:50] Creating tables ...
[2022-11-22 15:59:28] [ WARN ] [DB:58] Tables created
[2022-11-22 15:59:28] [ INFO ] [DB:72] Creating test subjects ...
[2022-11-22 15:59:28] [ WARN ] [DB:78] Test subjects created
[2022-11-22 15:59:57] [ INFO ] [PacienteDAOH2:185] Searching paciente string ...
[2022-11-22 15:59:57] [ INFO ] [DomicilioDAOH2:107] Searching domicilio ...
[2022-11-22 15:59:57] [ INFO ] [DomicilioDAOH2:118] Domicilio found
[2022-11-22 15:59:57] [ INFO ] [PacienteDAOH2:200] Paciente string found
[2022-11-22 16:00:03] [ INFO ] [PacienteDAOH2:185] Searching paciente string ...
[2022-11-22 16:00:03] [ INFO ] [DomicilioDAOH2:107] Searching domicilio ...
[2022-11-22 16:00:03] [ INFO ] [DomicilioDAOH2:118] Domicilio found
[2022-11-22 16:00:03] [ INFO ] [PacienteDAOH2:200] Paciente string found
[2022-11-22 16:00:44] [ INFO ] [OdontologoDAOH2:109] Searching odontologo ...
[2022-11-22 16:00:44] [ INFO ] [OdontologoDAOH2:120] Odontologo found
[2022-11-22 16:02:51] [ INFO ] [OdontologoDAOH2:109] Searching odontologo ...
[2022-11-22 16:02:51] [ INFO ] [OdontologoDAOH2:120] Odontologo found
[2022-11-22 16:04:24] [ INFO ] [OdontologoDAOH2:109] Searching odontologo ...
[2022-11-22 16:04:24] [ INFO ] [OdontologoDAOH2:120] Odontologo found
[2022-11-22 16:11:17] [ INFO ] [PacienteDAOH2:185] Searching paciente string ...
[2022-11-22 16:11:17] [ INFO ] [DomicilioDAOH2:107] Searching domicilio ...
[2022-11-22 16:11:17] [ INFO ] [DomicilioDAOH2:118] Domicilio found
[2022-11-22 16:11:17] [ INFO ] [PacienteDAOH2:200] Paciente string found
[2022-11-22 16:14:51] [ INFO ] [DB:50] Creating tables ...
[2022-11-22 16:14:52] [ WARN ] [DB:58] Tables created
[2022-11-22 16:14:53] [ INFO ] [DB:72] Creating test subjects ...
[2022-11-22 16:14:53] [ WARN ] [DB:78] Test subjects created
[2022-11-22 16:15:07] [ INFO ] [PacienteDAOH2:185] Searching paciente string ...
[2022-11-22 16:15:07] [ INFO ] [DomicilioDAOH2:107] Searching domicilio ...
[2022-11-22 16:15:07] [ INFO ] [DomicilioDAOH2:118] Domicilio found
[2022-11-22 16:15:07] [ INFO ] [PacienteDAOH2:200] Paciente string found
[2022-11-22 16:15:19] [ INFO ] [OdontologoDAOH2:109] Searching odontologo ...
[2022-11-22 16:15:19] [ INFO ] [OdontologoDAOH2:120] Odontologo found
[2022-11-22 17:04:13] [ INFO ] [DB:50] Creating tables ...
[2022-11-22 17:04:14] [ WARN ] [DB:58] Tables created
[2022-11-22 17:04:15] [ INFO ] [DB:72] Creating test subjects ...
[2022-11-22 17:04:15] [ WARN ] [DB:78] Test subjects created
[2022-11-22 17:05:32] [ INFO ] [PacienteDAOH2:185] Searching paciente string ...
[2022-11-22 17:05:32] [ INFO ] [DomicilioDAOH2:107] Searching domicilio ...
[2022-11-22 17:05:32] [ INFO ] [DomicilioDAOH2:118] Domicilio found
[2022-11-22 17:05:32] [ INFO ] [PacienteDAOH2:200] Paciente string found
[2022-11-22 17:05:42] [ INFO ] [OdontologoDAOH2:109] Searching odontologo ...
[2022-11-22 17:05:42] [ INFO ] [OdontologoDAOH2:120] Odontologo found
[2022-11-22 19:20:19] [ INFO ] [DB:50] Creating tables ...
[2022-11-22 19:20:21] [ WARN ] [DB:58] Tables created
[2022-11-22 19:20:22] [ INFO ] [DB:72] Creating test subjects ...
[2022-11-22 19:20:22] [ WARN ] [DB:78] Test subjects created
[2022-11-22 19:20:38] [ INFO ] [PacienteDAOH2:21] Saving paciente ...
[2022-11-22 19:20:38] [ INFO ] [DomicilioDAOH2:20] Saving domicilio ...
[2022-11-22 19:20:38] [ INFO ] [DomicilioDAOH2:35] Domicilio saved
[2022-11-22 19:20:38] [ INFO ] [PacienteDAOH2:40] Paciente saved
[2022-11-22 19:23:24] [ INFO ] [DB:50] Creating tables ...
[2022-11-22 19:23:25] [ WARN ] [DB:58] Tables created
[2022-11-22 19:23:44] [ INFO ] [PacienteDAOH2:21] Saving paciente ...
[2022-11-22 19:23:44] [ INFO ] [DomicilioDAOH2:20] Saving domicilio ...
[2022-11-22 19:23:44] [ INFO ] [DomicilioDAOH2:35] Domicilio saved
[2022-11-22 19:23:44] [ INFO ] [PacienteDAOH2:40] Paciente saved
[2022-11-22 19:24:28] [ INFO ] [DB:50] Creating tables ...
[2022-11-22 19:24:29] [ WARN ] [DB:58] Tables created
[2022-11-22 19:24:30] [ INFO ] [DB:72] Creating test subjects ...
[2022-11-22 19:24:30] [ WARN ] [DB:78] Test subjects created
[2022-11-22 19:24:49] [ INFO ] [PacienteDAOH2:21] Saving paciente ...
[2022-11-22 19:24:49] [ INFO ] [DomicilioDAOH2:20] Saving domicilio ...
[2022-11-22 19:24:50] [ INFO ] [DomicilioDAOH2:35] Domicilio saved
[2022-11-22 19:24:50] [ INFO ] [PacienteDAOH2:40] Paciente saved
[2022-11-22 19:35:29] [ INFO ] [DB:50] Creating tables ...
[2022-11-22 19:35:30] [ WARN ] [DB:58] Tables created
[2022-11-22 19:35:31] [ INFO ] [DB:72] Creating test subjects ...
[2022-11-22 19:35:31] [ WARN ] [DB:78] Test subjects created
[2022-11-22 19:35:49] [ INFO ] [PacienteDAOH2:21] Saving paciente ...
[2022-11-22 19:35:49] [ INFO ] [DomicilioDAOH2:20] Saving domicilio ...
[2022-11-22 19:35:49] [ INFO ] [DomicilioDAOH2:35] Domicilio saved
[2022-11-22 19:35:49] [ INFO ] [PacienteDAOH2:40] Paciente saved
[2022-11-22 19:36:27] [ INFO ] [DB:50] Creating tables ...
[2022-11-22 19:36:28] [ WARN ] [DB:58] Tables created
[2022-11-22 19:36:28] [ INFO ] [DB:72] Creating test subjects ...
[2022-11-22 19:36:29] [ WARN ] [DB:78] Test subjects created
[2022-11-22 19:37:02] [ INFO ] [DB:50] Creating tables ...
[2022-11-22 19:37:04] [ WARN ] [DB:58] Tables created
[2022-11-22 19:37:05] [ INFO ] [DB:72] Creating test subjects ...
[2022-11-22 19:37:05] [ WARN ] [DB:78] Test subjects created
[2022-11-22 19:38:24] [ INFO ] [DB:50] Creating tables ...
[2022-11-22 19:38:26] [ WARN ] [DB:58] Tables created
[2022-11-22 19:38:27] [ INFO ] [DB:72] Creating test subjects ...
[2022-11-22 19:38:27] [ WARN ] [DB:78] Test subjects created
[2022-11-22 19:38:59] [ INFO ] [PacienteDAOH2:21] Saving paciente ...
[2022-11-22 19:38:59] [ INFO ] [DomicilioDAOH2:20] Saving domicilio ...
[2022-11-22 19:38:59] [ INFO ] [DomicilioDAOH2:35] Domicilio saved
[2022-11-22 19:38:59] [ INFO ] [PacienteDAOH2:40] Paciente saved
[2022-11-22 19:39:04] [ INFO ] [PacienteDAOH2:120] Searching paciente ...
[2022-11-22 19:39:04] [ INFO ] [DomicilioDAOH2:107] Searching domicilio ...
[2022-11-22 19:39:04] [ INFO ] [DomicilioDAOH2:118] Domicilio found
[2022-11-22 19:39:04] [ INFO ] [PacienteDAOH2:135] Paciente found
[2022-11-22 19:39:05] [ WARN ] [PacienteDAOH2:58] Updating paciente ID: 2 ...
[2022-11-22 19:39:05] [ INFO ] [PacienteDAOH2:120] Searching paciente ...
[2022-11-22 19:39:05] [ INFO ] [DomicilioDAOH2:107] Searching domicilio ...
[2022-11-22 19:39:05] [ INFO ] [DomicilioDAOH2:118] Domicilio found
[2022-11-22 19:39:05] [ INFO ] [PacienteDAOH2:135] Paciente found
[2022-11-22 19:39:05] [ WARN ] [DomicilioDAOH2:53] Updating domicilio ID: 2 ...
[2022-11-22 19:39:05] [ WARN ] [DomicilioDAOH2:65] Domicilio with ID: 2 was successfully updated!
[2022-11-22 19:39:05] [ WARN ] [PacienteDAOH2:76] Paciente with ID: 2 was successfully updated!
[2022-11-22 19:39:05] [ INFO ] [PacienteDAOH2:120] Searching paciente ...
[2022-11-22 19:39:05] [ INFO ] [DomicilioDAOH2:107] Searching domicilio ...
[2022-11-22 19:39:05] [ INFO ] [DomicilioDAOH2:118] Domicilio found
[2022-11-22 19:39:05] [ INFO ] [PacienteDAOH2:135] Paciente found
[2022-11-22 19:39:43] [ INFO ] [PacienteDAOH2:120] Searching paciente ...
[2022-11-22 19:39:43] [ INFO ] [DomicilioDAOH2:107] Searching domicilio ...
[2022-11-22 19:39:43] [ INFO ] [DomicilioDAOH2:118] Domicilio found
[2022-11-22 19:39:43] [ INFO ] [PacienteDAOH2:135] Paciente found
[2022-11-22 19:39:43] [ WARN ] [PacienteDAOH2:58] Updating paciente ID: 2 ...
[2022-11-22 19:39:43] [ INFO ] [PacienteDAOH2:120] Searching paciente ...
[2022-11-22 19:39:43] [ INFO ] [DomicilioDAOH2:107] Searching domicilio ...
[2022-11-22 19:39:43] [ INFO ] [DomicilioDAOH2:118] Domicilio found
[2022-11-22 19:39:43] [ INFO ] [PacienteDAOH2:135] Paciente found
[2022-11-22 19:39:43] [ WARN ] [DomicilioDAOH2:53] Updating domicilio ID: 2 ...
[2022-11-22 19:39:43] [ WARN ] [DomicilioDAOH2:65] Domicilio with ID: 2 was successfully updated!
[2022-11-22 19:39:43] [ WARN ] [PacienteDAOH2:76] Paciente with ID: 2 was successfully updated!
[2022-11-22 19:39:43] [ INFO ] [PacienteDAOH2:120] Searching paciente ...
[2022-11-22 19:39:43] [ INFO ] [DomicilioDAOH2:107] Searching domicilio ...
[2022-11-22 19:39:43] [ INFO ] [DomicilioDAOH2:118] Domicilio found
[2022-11-22 19:39:43] [ INFO ] [PacienteDAOH2:135] Paciente found
[2022-11-22 19:41:25] [ INFO ] [PacienteDAOH2:120] Searching paciente ...
[2022-11-22 19:41:25] [ INFO ] [PacienteDAOH2:135] Paciente found
[2022-11-22 23:09:15] [ INFO ] [DB:50] Creating tables ...
[2022-11-22 23:09:16] [ WARN ] [DB:58] Tables created
[2022-11-22 23:09:17] [ INFO ] [DB:72] Creating test subjects ...
[2022-11-22 23:09:17] [ WARN ] [DB:78] Test subjects created
[2022-11-22 23:11:52] [ INFO ] [PacienteDAOH2:153] Getting paciente list ...
[2022-11-22 23:11:52] [ INFO ] [DomicilioDAOH2:107] Searching domicilio ...
[2022-11-22 23:11:52] [ INFO ] [DomicilioDAOH2:118] Domicilio found
[2022-11-22 23:11:52] [ INFO ] [PacienteDAOH2:167] Paciente list found
[2022-11-22 23:13:56] [ INFO ] [PacienteDAOH2:21] Saving paciente ...
[2022-11-22 23:13:56] [ INFO ] [DomicilioDAOH2:20] Saving domicilio ...
[2022-11-22 23:13:56] [ INFO ] [DomicilioDAOH2:35] Domicilio saved
[2022-11-22 23:13:56] [ INFO ] [PacienteDAOH2:40] Paciente saved
[2022-11-22 23:14:09] [ INFO ] [PacienteDAOH2:153] Getting paciente list ...
[2022-11-22 23:14:09] [ INFO ] [DomicilioDAOH2:107] Searching domicilio ...
[2022-11-22 23:14:09] [ INFO ] [DomicilioDAOH2:118] Domicilio found
[2022-11-22 23:14:09] [ INFO ] [DomicilioDAOH2:107] Searching domicilio ...
[2022-11-22 23:14:09] [ INFO ] [DomicilioDAOH2:118] Domicilio found
[2022-11-22 23:14:09] [ INFO ] [PacienteDAOH2:167] Paciente list found
[2022-11-22 23:18:42] [ INFO ] [PacienteDAOH2:120] Searching paciente ...
[2022-11-22 23:18:42] [ INFO ] [DomicilioDAOH2:107] Searching domicilio ...
[2022-11-22 23:18:42] [ INFO ] [DomicilioDAOH2:118] Domicilio found
[2022-11-22 23:18:42] [ INFO ] [PacienteDAOH2:135] Paciente found
[2022-11-22 23:18:53] [ INFO ] [PacienteDAOH2:153] Getting paciente list ...
[2022-11-22 23:18:53] [ INFO ] [DomicilioDAOH2:107] Searching domicilio ...
[2022-11-22 23:18:53] [ INFO ] [DomicilioDAOH2:118] Domicilio found
[2022-11-22 23:18:53] [ INFO ] [DomicilioDAOH2:107] Searching domicilio ...
[2022-11-22 23:18:53] [ INFO ] [DomicilioDAOH2:118] Domicilio found
[2022-11-22 23:18:53] [ INFO ] [PacienteDAOH2:167] Paciente list found
[2022-11-22 23:26:17] [ INFO ] [PacienteDAOH2:120] Searching paciente ...
[2022-11-22 23:26:17] [ INFO ] [DomicilioDAOH2:107] Searching domicilio ...
[2022-11-22 23:26:17] [ INFO ] [DomicilioDAOH2:118] Domicilio found
[2022-11-22 23:26:17] [ INFO ] [PacienteDAOH2:135] Paciente found
[2022-11-22 23:42:31] [ INFO ] [DB:50] Creating tables ...
[2022-11-22 23:42:34] [ WARN ] [DB:58] Tables created
[2022-11-22 23:42:34] [ INFO ] [DB:72] Creating test subjects ...
[2022-11-22 23:42:34] [ WARN ] [DB:78] Test subjects created
[2022-11-22 23:44:40] [ INFO ] [PacienteDAOH2:120] Searching paciente ...
[2022-11-22 23:44:40] [ INFO ] [PacienteDAOH2:135] Paciente found
[2022-11-22 23:44:51] [ INFO ] [PacienteDAOH2:153] Getting paciente list ...
[2022-11-22 23:44:51] [ INFO ] [DomicilioDAOH2:107] Searching domicilio ...
[2022-11-22 23:44:51] [ INFO ] [DomicilioDAOH2:118] Domicilio found
[2022-11-22 23:44:51] [ INFO ] [PacienteDAOH2:167] Paciente list found
[2022-11-22 23:45:12] [ INFO ] [PacienteDAOH2:21] Saving paciente ...
[2022-11-22 23:45:12] [ INFO ] [DomicilioDAOH2:20] Saving domicilio ...
[2022-11-22 23:45:12] [ INFO ] [DomicilioDAOH2:35] Domicilio saved
[2022-11-22 23:45:12] [ INFO ] [PacienteDAOH2:40] Paciente saved
[2022-11-22 23:45:16] [ INFO ] [PacienteDAOH2:120] Searching paciente ...
[2022-11-22 23:45:16] [ INFO ] [DomicilioDAOH2:107] Searching domicilio ...
[2022-11-22 23:45:16] [ INFO ] [DomicilioDAOH2:118] Domicilio found
[2022-11-22 23:45:16] [ INFO ] [PacienteDAOH2:135] Paciente found
[2022-11-22 23:45:17] [ WARN ] [PacienteDAOH2:58] Updating paciente ID: 2 ...
[2022-11-22 23:45:17] [ INFO ] [PacienteDAOH2:120] Searching paciente ...
[2022-11-22 23:45:17] [ INFO ] [DomicilioDAOH2:107] Searching domicilio ...
[2022-11-22 23:45:17] [ INFO ] [DomicilioDAOH2:118] Domicilio found
[2022-11-22 23:45:17] [ INFO ] [PacienteDAOH2:135] Paciente found
[2022-11-22 23:45:17] [ WARN ] [DomicilioDAOH2:53] Updating domicilio ID: 2 ...
[2022-11-22 23:45:17] [ WARN ] [DomicilioDAOH2:65] Domicilio with ID: 2 was successfully updated!
[2022-11-22 23:45:17] [ WARN ] [PacienteDAOH2:76] Paciente with ID: 2 was successfully updated!
[2022-11-22 23:45:25] [ INFO ] [PacienteDAOH2:153] Getting paciente list ...
[2022-11-22 23:45:25] [ INFO ] [DomicilioDAOH2:107] Searching domicilio ...
[2022-11-22 23:45:25] [ INFO ] [DomicilioDAOH2:118] Domicilio found
[2022-11-22 23:45:25] [ INFO ] [DomicilioDAOH2:107] Searching domicilio ...
[2022-11-22 23:45:25] [ INFO ] [DomicilioDAOH2:118] Domicilio found
[2022-11-22 23:45:25] [ INFO ] [PacienteDAOH2:167] Paciente list found
[2022-11-22 23:45:49] [ INFO ] [PacienteDAOH2:120] Searching paciente ...
[2022-11-22 23:45:50] [ INFO ] [DomicilioDAOH2:107] Searching domicilio ...
[2022-11-22 23:45:50] [ INFO ] [DomicilioDAOH2:118] Domicilio found
[2022-11-22 23:45:50] [ INFO ] [PacienteDAOH2:135] Paciente found
[2022-11-22 23:46:00] [ INFO ] [PacienteDAOH2:120] Searching paciente ...
[2022-11-22 23:46:00] [ INFO ] [DomicilioDAOH2:107] Searching domicilio ...
[2022-11-22 23:46:00] [ INFO ] [DomicilioDAOH2:118] Domicilio found
[2022-11-22 23:46:00] [ INFO ] [PacienteDAOH2:135] Paciente found
[2022-11-22 23:46:00] [ WARN ] [PacienteDAOH2:93] Deleting paciente ID: 2 ...
[2022-11-22 23:46:00] [ INFO ] [PacienteDAOH2:120] Searching paciente ...
[2022-11-22 23:46:00] [ INFO ] [DomicilioDAOH2:107] Searching domicilio ...
[2022-11-22 23:46:00] [ INFO ] [DomicilioDAOH2:118] Domicilio found
[2022-11-22 23:46:00] [ INFO ] [PacienteDAOH2:135] Paciente found
[2022-11-22 23:46:00] [ WARN ] [DomicilioDAOH2:82] Deleting domicilio ID: 2 ...
[2022-11-22 23:46:00] [ WARN ] [DomicilioDAOH2:90] Domicilio with ID: 2 was successfully deleted!
[2022-11-22 23:46:00] [ WARN ] [PacienteDAOH2:103] Paciente with ID: 2 was successfully deleted!
[2022-11-22 23:46:10] [ INFO ] [PacienteDAOH2:153] Getting paciente list ...
[2022-11-22 23:46:10] [ INFO ] [DomicilioDAOH2:107] Searching domicilio ...
[2022-11-22 23:46:10] [ INFO ] [DomicilioDAOH2:118] Domicilio found
[2022-11-22 23:46:10] [ INFO ] [PacienteDAOH2:167] Paciente list found
[2022-11-22 23:47:16] [ INFO ] [PacienteDAOH2:120] Searching paciente ...
[2022-11-22 23:47:16] [ INFO ] [PacienteDAOH2:135] Paciente found
[2022-11-22 23:47:29] [ INFO ] [PacienteDAOH2:120] Searching paciente ...
[2022-11-22 23:47:29] [ INFO ] [PacienteDAOH2:135] Paciente found
[2022-11-23 09:18:28] [ INFO ] [PacienteDAOH2:153] Getting paciente list ...
[2022-11-23 09:18:28] [ INFO ] [DomicilioDAOH2:107] Searching domicilio ...
[2022-11-23 09:18:28] [ INFO ] [DomicilioDAOH2:118] Domicilio found
[2022-11-23 09:18:28] [ INFO ] [PacienteDAOH2:167] Paciente list found
[2022-11-23 09:18:37] [ INFO ] [PacienteDAOH2:21] Saving paciente ...
[2022-11-23 09:18:38] [ INFO ] [DomicilioDAOH2:20] Saving domicilio ...
[2022-11-23 09:18:38] [ INFO ] [DomicilioDAOH2:35] Domicilio saved
[2022-11-23 09:18:38] [ INFO ] [PacienteDAOH2:40] Paciente saved
[2022-11-23 09:18:46] [ INFO ] [PacienteDAOH2:153] Getting paciente list ...
[2022-11-23 09:18:46] [ INFO ] [DomicilioDAOH2:107] Searching domicilio ...
[2022-11-23 09:18:46] [ INFO ] [DomicilioDAOH2:118] Domicilio found
[2022-11-23 09:18:46] [ INFO ] [DomicilioDAOH2:107] Searching domicilio ...
[2022-11-23 09:18:46] [ INFO ] [DomicilioDAOH2:118] Domicilio found
[2022-11-23 09:18:46] [ INFO ] [PacienteDAOH2:167] Paciente list found
[2022-11-23 09:19:20] [ INFO ] [DB:50] Creating tables ...
[2022-11-23 09:19:21] [ WARN ] [DB:58] Tables created
[2022-11-23 09:19:21] [ INFO ] [DB:72] Creating test subjects ...
[2022-11-23 09:19:21] [ WARN ] [DB:78] Test subjects created
[2022-11-23 09:20:00] [ INFO ] [PacienteDAOH2:21] Saving paciente ...
[2022-11-23 09:20:00] [ INFO ] [DomicilioDAOH2:20] Saving domicilio ...
[2022-11-23 09:20:00] [ INFO ] [DomicilioDAOH2:35] Domicilio saved
[2022-11-23 09:20:00] [ INFO ] [PacienteDAOH2:40] Paciente saved
[2022-11-23 09:20:07] [ INFO ] [PacienteDAOH2:120] Searching paciente ...
[2022-11-23 09:20:08] [ INFO ] [DomicilioDAOH2:107] Searching domicilio ...
[2022-11-23 09:20:08] [ INFO ] [DomicilioDAOH2:118] Domicilio found
[2022-11-23 09:20:08] [ INFO ] [PacienteDAOH2:135] Paciente found
[2022-11-23 09:20:08] [ WARN ] [PacienteDAOH2:58] Updating paciente ID: 2 ...
[2022-11-23 09:20:08] [ INFO ] [PacienteDAOH2:120] Searching paciente ...
[2022-11-23 09:20:08] [ INFO ] [DomicilioDAOH2:107] Searching domicilio ...
[2022-11-23 09:20:08] [ INFO ] [DomicilioDAOH2:118] Domicilio found
[2022-11-23 09:20:08] [ INFO ] [PacienteDAOH2:135] Paciente found
[2022-11-23 09:20:08] [ WARN ] [DomicilioDAOH2:53] Updating domicilio ID: 2 ...
[2022-11-23 09:20:08] [ WARN ] [DomicilioDAOH2:65] Domicilio with ID: 2 was successfully updated!
[2022-11-23 09:20:08] [ WARN ] [PacienteDAOH2:76] Paciente with ID: 2 was successfully updated!
[2022-11-23 09:20:16] [ INFO ] [PacienteDAOH2:153] Getting paciente list ...
[2022-11-23 09:20:16] [ INFO ] [DomicilioDAOH2:107] Searching domicilio ...
[2022-11-23 09:20:16] [ INFO ] [DomicilioDAOH2:118] Domicilio found
[2022-11-23 09:20:16] [ INFO ] [DomicilioDAOH2:107] Searching domicilio ...
[2022-11-23 09:20:16] [ INFO ] [DomicilioDAOH2:118] Domicilio found
[2022-11-23 09:20:16] [ INFO ] [PacienteDAOH2:167] Paciente list found
[2022-11-23 09:20:29] [ INFO ] [PacienteDAOH2:120] Searching paciente ...
[2022-11-23 09:20:29] [ INFO ] [DomicilioDAOH2:107] Searching domicilio ...
[2022-11-23 09:20:29] [ INFO ] [DomicilioDAOH2:118] Domicilio found
[2022-11-23 09:20:29] [ INFO ] [PacienteDAOH2:135] Paciente found
[2022-11-23 09:20:41] [ INFO ] [PacienteDAOH2:120] Searching paciente ...
[2022-11-23 09:20:41] [ INFO ] [DomicilioDAOH2:107] Searching domicilio ...
[2022-11-23 09:20:41] [ INFO ] [DomicilioDAOH2:118] Domicilio found
[2022-11-23 09:20:41] [ INFO ] [PacienteDAOH2:135] Paciente found
[2022-11-23 09:20:41] [ WARN ] [PacienteDAOH2:93] Deleting paciente ID: 2 ...
[2022-11-23 09:20:41] [ INFO ] [PacienteDAOH2:120] Searching paciente ...
[2022-11-23 09:20:41] [ INFO ] [DomicilioDAOH2:107] Searching domicilio ...
[2022-11-23 09:20:41] [ INFO ] [DomicilioDAOH2:118] Domicilio found
[2022-11-23 09:20:41] [ INFO ] [PacienteDAOH2:135] Paciente found
[2022-11-23 09:20:41] [ WARN ] [DomicilioDAOH2:82] Deleting domicilio ID: 2 ...
[2022-11-23 09:20:41] [ WARN ] [DomicilioDAOH2:90] Domicilio with ID: 2 was successfully deleted!
[2022-11-23 09:20:41] [ WARN ] [PacienteDAOH2:103] Paciente with ID: 2 was successfully deleted!
[2022-11-23 09:20:46] [ INFO ] [PacienteDAOH2:153] Getting paciente list ...
[2022-11-23 09:20:46] [ INFO ] [DomicilioDAOH2:107] Searching domicilio ...
[2022-11-23 09:20:46] [ INFO ] [DomicilioDAOH2:118] Domicilio found
[2022-11-23 09:20:46] [ INFO ] [PacienteDAOH2:167] Paciente list found
[2022-11-23 10:05:37] [ INFO ] [DB:50] Creating tables ...
[2022-11-23 10:05:37] [ WARN ] [DB:58] Tables created
[2022-11-23 10:05:38] [ INFO ] [DB:72] Creating test subjects ...
[2022-11-23 10:05:38] [ WARN ] [DB:78] Test subjects created
[2022-11-23 10:32:47] [ INFO ] [DB:50] Creating tables ...
[2022-11-23 10:32:48] [ WARN ] [DB:58] Tables created
[2022-11-23 10:32:48] [ INFO ] [DB:72] Creating test subjects ...
[2022-11-23 10:32:48] [ WARN ] [DB:78] Test subjects created
[2022-11-23 10:39:53] [ INFO ] [OdontologoDAOH2:138] Getting odontologo list ...
[2022-11-23 10:39:53] [ INFO ] [OdontologoDAOH2:151] Odontologo list found
[2022-11-23 10:40:04] [ INFO ] [OdontologoDAOH2:24] Saving odontologo ...
[2022-11-23 10:40:04] [ INFO ] [OdontologoDAOH2:38] Odontologo saved
[2022-11-23 10:40:12] [ INFO ] [OdontologoDAOH2:138] Getting odontologo list ...
[2022-11-23 10:40:12] [ INFO ] [OdontologoDAOH2:151] Odontologo list found
[2022-11-23 10:40:24] [ INFO ] [OdontologoDAOH2:109] Searching odontologo ...
[2022-11-23 10:40:24] [ INFO ] [OdontologoDAOH2:120] Odontologo found
[2022-11-23 10:40:24] [ WARN ] [OdontologoDAOH2:56] Updating odontologo ID: 2 ...
[2022-11-23 10:40:25] [ WARN ] [OdontologoDAOH2:67] Odontologo with ID: 2 was successfully updated!
[2022-11-23 10:40:31] [ INFO ] [OdontologoDAOH2:138] Getting odontologo list ...
[2022-11-23 10:40:31] [ INFO ] [OdontologoDAOH2:151] Odontologo list found
[2022-11-23 10:41:22] [ INFO ] [OdontologoDAOH2:109] Searching odontologo ...
[2022-11-23 10:41:22] [ INFO ] [OdontologoDAOH2:120] Odontologo found
[2022-11-23 10:42:48] [ INFO ] [OdontologoDAOH2:109] Searching odontologo ...
[2022-11-23 10:42:48] [ INFO ] [OdontologoDAOH2:120] Odontologo found
[2022-11-23 10:42:48] [ WARN ] [OdontologoDAOH2:84] Deleting odontologo ID: 2 ...
[2022-11-23 10:42:48] [ WARN ] [OdontologoDAOH2:92] Odontologo with ID: 2 was successfully deleted!
[2022-11-23 10:42:53] [ INFO ] [OdontologoDAOH2:138] Getting odontologo list ...
[2022-11-23 10:42:53] [ INFO ] [OdontologoDAOH2:151] Odontologo list found
[2022-11-23 12:01:34] [ INFO ] [DB:50] Creating tables ...
[2022-11-23 12:01:35] [ WARN ] [DB:58] Tables created
[2022-11-23 12:01:35] [ INFO ] [DB:72] Creating test subjects ...
[2022-11-23 12:01:35] [ WARN ] [DB:78] Test subjects created
[2022-11-23 12:02:08] [ INFO ] [PacienteDAOH2:153] Getting paciente list ...
[2022-11-23 12:02:08] [ INFO ] [DomicilioDAOH2:107] Searching domicilio ...
[2022-11-23 12:02:08] [ INFO ] [DomicilioDAOH2:118] Domicilio found
[2022-11-23 12:02:08] [ INFO ] [PacienteDAOH2:167] Paciente list found
[2022-11-23 12:02:14] [ INFO ] [OdontologoDAOH2:138] Getting odontologo list ...
[2022-11-23 12:02:14] [ INFO ] [OdontologoDAOH2:151] Odontologo list found
[2022-11-23 12:04:58] [ INFO ] [PacienteDAOH2:120] Searching paciente ...
[2022-11-23 12:04:58] [ INFO ] [DomicilioDAOH2:107] Searching domicilio ...
[2022-11-23 12:04:58] [ INFO ] [DomicilioDAOH2:118] Domicilio found
[2022-11-23 12:04:58] [ INFO ] [PacienteDAOH2:135] Paciente found
[2022-11-23 12:04:59] [ INFO ] [OdontologoDAOH2:109] Searching odontologo ...
[2022-11-23 12:04:59] [ INFO ] [OdontologoDAOH2:120] Odontologo found
[2022-11-26 13:51:59] [ INFO ] [DB:50] Creating tables ...
[2022-11-26 13:52:00] [ WARN ] [DB:58] Tables created
[2022-11-26 13:52:00] [ INFO ] [DB:72] Creating test subjects ...
[2022-11-26 13:52:00] [ WARN ] [DB:78] Test subjects created
[2022-11-26 13:59:52] [ INFO ] [DB:50] Creating tables ...
[2022-11-26 13:59:52] [ WARN ] [DB:58] Tables created
[2022-11-26 13:59:53] [ INFO ] [DB:72] Creating test subjects ...
[2022-11-26 13:59:53] [ WARN ] [DB:78] Test subjects created
[2022-11-26 14:01:31] [ INFO ] [DB:50] Creating tables ...
[2022-11-26 14:01:32] [ WARN ] [DB:58] Tables created
[2022-11-26 14:01:33] [ INFO ] [DB:72] Creating test subjects ...
[2022-11-26 14:01:33] [ WARN ] [DB:78] Test subjects created
[2022-11-26 14:04:36] [ INFO ] [DB:50] Creating tables ...
[2022-11-26 14:04:37] [ WARN ] [DB:58] Tables created
[2022-11-26 14:04:38] [ INFO ] [DB:72] Creating test subjects ...
[2022-11-26 14:04:38] [ WARN ] [DB:78] Test subjects created
[2022-11-26 14:05:16] [ INFO ] [DB:50] Creating tables ...
[2022-11-26 14:05:16] [ WARN ] [DB:58] Tables created
[2022-11-26 14:05:17] [ INFO ] [DB:72] Creating test subjects ...
[2022-11-26 14:05:17] [ WARN ] [DB:78] Test subjects created
[2022-11-26 14:13:19] [ INFO ] [DB:50] Creating tables ...
[2022-11-26 14:13:20] [ WARN ] [DB:58] Tables created
[2022-11-26 14:13:20] [ INFO ] [DB:72] Creating test subjects ...
[2022-11-26 14:13:20] [ WARN ] [DB:78] Test subjects created
[2022-11-26 14:14:20] [ INFO ] [DB:50] Creating tables ...
[2022-11-26 14:14:21] [ WARN ] [DB:58] Tables created
[2022-11-26 14:14:21] [ INFO ] [DB:72] Creating test subjects ...
[2022-11-26 14:14:21] [ WARN ] [DB:78] Test subjects created
[2022-11-26 14:16:06] [ INFO ] [DB:50] Creating tables ...
[2022-11-26 14:16:06] [ WARN ] [DB:58] Tables created
[2022-11-26 14:16:06] [ INFO ] [DB:72] Creating test subjects ...
[2022-11-26 14:16:06] [ WARN ] [DB:78] Test subjects created
[2022-11-26 14:16:47] [ INFO ] [DB:50] Creating tables ...
[2022-11-26 14:16:48] [ WARN ] [DB:58] Tables created
[2022-11-26 14:16:48] [ INFO ] [DB:72] Creating test subjects ...
[2022-11-26 14:16:48] [ WARN ] [DB:78] Test subjects created
[2022-11-26 14:17:01] [ INFO ] [DB:50] Creating tables ...
[2022-11-26 14:17:02] [ WARN ] [DB:58] Tables created
[2022-11-26 14:17:03] [ INFO ] [DB:72] Creating test subjects ...
[2022-11-26 14:17:03] [ WARN ] [DB:78] Test subjects created
[2022-11-26 14:18:05] [ INFO ] [DB:50] Creating tables ...
[2022-11-26 14:18:06] [ WARN ] [DB:58] Tables created
[2022-11-26 14:18:06] [ INFO ] [DB:72] Creating test subjects ...
[2022-11-26 14:18:06] [ WARN ] [DB:78] Test subjects created
[2022-11-26 14:18:26] [ INFO ] [DB:50] Creating tables ...
[2022-11-26 14:18:27] [ WARN ] [DB:58] Tables created
[2022-11-26 14:18:27] [ INFO ] [DB:72] Creating test subjects ...
[2022-11-26 14:18:27] [ WARN ] [DB:78] Test subjects created
[2022-11-26 14:22:37] [ INFO ] [DB:50] Creating tables ...
[2022-11-26 14:22:38] [ WARN ] [DB:58] Tables created
[2022-11-26 14:22:38] [ INFO ] [DB:72] Creating test subjects ...
[2022-11-26 14:22:38] [ WARN ] [DB:78] Test subjects created
[2022-11-26 14:57:04] [ INFO ] [DB:50] Creating tables ...
[2022-11-26 14:57:05] [ WARN ] [DB:58] Tables created
[2022-11-26 14:57:05] [ INFO ] [DB:72] Creating test subjects ...
[2022-11-26 14:57:05] [ WARN ] [DB:78] Test subjects created
[2022-11-26 14:57:45] [ INFO ] [DB:50] Creating tables ...
[2022-11-26 14:57:45] [ WARN ] [DB:58] Tables created
[2022-11-26 14:57:46] [ INFO ] [DB:72] Creating test subjects ...
[2022-11-26 14:57:46] [ WARN ] [DB:78] Test subjects created
[2022-11-26 15:00:43] [ INFO ] [DB:50] Creating tables ...
[2022-11-26 15:00:44] [ WARN ] [DB:58] Tables created
[2022-11-26 15:00:44] [ INFO ] [DB:72] Creating test subjects ...
[2022-11-26 15:00:44] [ WARN ] [DB:78] Test subjects created
[2022-11-26 15:07:38] [ INFO ] [DB:50] Creating tables ...
[2022-11-26 15:07:39] [ WARN ] [DB:58] Tables created
[2022-11-26 15:07:40] [ INFO ] [DB:72] Creating test subjects ...
[2022-11-26 15:07:40] [ WARN ] [DB:78] Test subjects created
[2022-11-26 15:08:26] [ INFO ] [DB:50] Creating tables ...
[2022-11-26 15:08:27] [ WARN ] [DB:58] Tables created
[2022-11-26 15:08:27] [ INFO ] [DB:72] Creating test subjects ...
[2022-11-26 15:08:27] [ WARN ] [DB:78] Test subjects created
[2022-11-26 15:18:30] [ INFO ] [DB:50] Creating tables ...
[2022-11-26 15:18:31] [ WARN ] [DB:58] Tables created
[2022-11-26 15:18:31] [ INFO ] [DB:72] Creating test subjects ...
[2022-11-26 15:18:32] [ WARN ] [DB:78] Test subjects created
[2022-11-26 15:22:02] [ INFO ] [DB:50] Creating tables ...
[2022-11-26 15:22:03] [ WARN ] [DB:58] Tables created
[2022-11-26 15:22:04] [ INFO ] [DB:72] Creating test subjects ...
[2022-11-26 15:22:04] [ WARN ] [DB:78] Test subjects created
[2022-11-26 15:55:51] [ INFO ] [DB:50] Creating tables ...
[2022-11-26 15:55:52] [ WARN ] [DB:58] Tables created
[2022-11-26 15:55:52] [ INFO ] [DB:72] Creating test subjects ...
[2022-11-26 15:55:52] [ WARN ] [DB:78] Test subjects created
[2022-11-26 16:00:37] [ INFO ] [DB:50] Creating tables ...
[2022-11-26 16:00:38] [ WARN ] [DB:58] Tables created
[2022-11-26 16:00:39] [ INFO ] [DB:72] Creating test subjects ...
[2022-11-26 16:00:39] [ WARN ] [DB:78] Test subjects created
[2022-11-26 16:04:21] [ INFO ] [DB:50] Creating tables ...
[2022-11-26 16:04:21] [ WARN ] [DB:58] Tables created
[2022-11-26 16:04:22] [ INFO ] [DB:72] Creating test subjects ...
[2022-11-26 16:04:22] [ WARN ] [DB:78] Test subjects created
[2022-11-26 16:05:20] [ INFO ] [DB:50] Creating tables ...
[2022-11-26 16:05:21] [ WARN ] [DB:58] Tables created
[2022-11-26 16:05:21] [ INFO ] [DB:72] Creating test subjects ...
[2022-11-26 16:05:21] [ WARN ] [DB:78] Test subjects created
[2022-11-26 16:07:06] [ INFO ] [OdontologoDAOH2:138] Getting odontologo list ...
[2022-11-26 16:07:07] [ INFO ] [OdontologoDAOH2:151] Odontologo list found
[2022-11-26 16:15:11] [ INFO ] [DB:50] Creating tables ...
[2022-11-26 16:15:12] [ WARN ] [DB:58] Tables created
[2022-11-26 16:15:12] [ INFO ] [DB:72] Creating test subjects ...
[2022-11-26 16:15:12] [ WARN ] [DB:78] Test subjects created
[2022-11-26 16:17:13] [ INFO ] [DB:50] Creating tables ...
[2022-11-26 16:17:14] [ WARN ] [DB:58] Tables created
[2022-11-26 16:17:14] [ INFO ] [DB:72] Creating test subjects ...
[2022-11-26 16:17:14] [ WARN ] [DB:78] Test subjects created
[2022-11-26 16:25:28] [ INFO ] [DB:50] Creating tables ...
[2022-11-26 16:25:29] [ WARN ] [DB:58] Tables created
[2022-11-26 16:25:29] [ INFO ] [DB:72] Creating test subjects ...
[2022-11-26 16:25:29] [ WARN ] [DB:78] Test subjects created
[2022-11-26 16:26:14] [ INFO ] [OdontologoDAOH2:138] Getting odontologo list ...
[2022-11-26 16:26:14] [ INFO ] [OdontologoDAOH2:151] Odontologo list found
[2022-11-26 16:26:40] [ INFO ] [OdontologoDAOH2:24] Saving odontologo ...
[2022-11-26 16:26:40] [ ERROR] [OdontologoDAOH2:41] Saving odontologo failed: La columna "MATRICULA" no permite valores nulos (NULL)
NULL not allowed for column "MATRICULA"; SQL statement:
INSERT INTO ODONTOLOGO (MATRICULA, NOMBRE, APELLIDO) VALUES (?,?,?) [23502-214]
[2022-11-26 16:26:46] [ INFO ] [OdontologoDAOH2:138] Getting odontologo list ...
[2022-11-26 16:26:46] [ INFO ] [OdontologoDAOH2:151] Odontologo list found
[2022-11-26 16:28:14] [ INFO ] [DB:50] Creating tables ...
[2022-11-26 16:28:15] [ WARN ] [DB:58] Tables created
[2022-11-26 16:28:16] [ INFO ] [DB:72] Creating test subjects ...
[2022-11-26 16:28:16] [ WARN ] [DB:78] Test subjects created
[2022-11-26 16:28:52] [ INFO ] [OdontologoDAOH2:24] Saving odontologo ...
[2022-11-26 16:28:52] [ ERROR] [OdontologoDAOH2:41] Saving odontologo failed: La columna "MATRICULA" no permite valores nulos (NULL)
NULL not allowed for column "MATRICULA"; SQL statement:
INSERT INTO ODONTOLOGO (MATRICULA, NOMBRE, APELLIDO) VALUES (?,?,?) [23502-214]
[2022-11-26 16:32:46] [ INFO ] [OdontologoDAOH2:24] Saving odontologo ...
[2022-11-26 16:32:46] [ ERROR] [OdontologoDAOH2:41] Saving odontologo failed: La columna "MATRICULA" no permite valores nulos (NULL)
NULL not allowed for column "MATRICULA"; SQL statement:
INSERT INTO ODONTOLOGO (MATRICULA, NOMBRE, APELLIDO) VALUES (?,?,?) [23502-214]
[2022-11-26 16:37:05] [ INFO ] [OdontologoDAOH2:24] Saving odontologo ...
[2022-11-26 16:37:05] [ ERROR] [OdontologoDAOH2:41] Saving odontologo failed: La columna "MATRICULA" no permite valores nulos (NULL)
NULL not allowed for column "MATRICULA"; SQL statement:
INSERT INTO ODONTOLOGO (MATRICULA, NOMBRE, APELLIDO) VALUES (?,?,?) [23502-214]
[2022-11-26 16:37:38] [ INFO ] [OdontologoDAOH2:24] Saving odontologo ...
[2022-11-26 16:37:39] [ ERROR] [OdontologoDAOH2:41] Saving odontologo failed: La columna "MATRICULA" no permite valores nulos (NULL)
NULL not allowed for column "MATRICULA"; SQL statement:
INSERT INTO ODONTOLOGO (MATRICULA, NOMBRE, APELLIDO) VALUES (?,?,?) [23502-214]
[2022-11-26 16:40:06] [ INFO ] [DB:50] Creating tables ...
[2022-11-26 16:40:06] [ WARN ] [DB:58] Tables created
[2022-11-26 16:40:07] [ INFO ] [DB:72] Creating test subjects ...
[2022-11-26 16:40:07] [ WARN ] [DB:78] Test subjects created
[2022-11-26 16:40:30] [ INFO ] [OdontologoDAOH2:24] Saving odontologo ...
[2022-11-26 16:40:31] [ ERROR] [OdontologoDAOH2:41] Saving odontologo failed: La columna "MATRICULA" no permite valores nulos (NULL)
NULL not allowed for column "MATRICULA"; SQL statement:
INSERT INTO ODONTOLOGO (MATRICULA, NOMBRE, APELLIDO) VALUES (?,?,?) [23502-214]
[2022-11-26 16:40:52] [ INFO ] [OdontologoDAOH2:24] Saving odontologo ...
[2022-11-26 16:40:52] [ INFO ] [OdontologoDAOH2:38] Odontologo saved
[2022-11-26 16:41:07] [ INFO ] [OdontologoDAOH2:138] Getting odontologo list ...
[2022-11-26 16:41:07] [ INFO ] [OdontologoDAOH2:151] Odontologo list found
[2022-11-26 16:46:20] [ INFO ] [DB:50] Creating tables ...
[2022-11-26 16:46:21] [ WARN ] [DB:58] Tables created
[2022-11-26 16:46:22] [ INFO ] [DB:72] Creating test subjects ...
[2022-11-26 16:46:22] [ WARN ] [DB:78] Test subjects created
[2022-11-26 16:47:03] [ INFO ] [OdontologoDAOH2:24] Saving odontologo ...
[2022-11-26 16:47:03] [ INFO ] [OdontologoDAOH2:38] Odontologo saved
[2022-11-26 16:49:09] [ INFO ] [DB:50] Creating tables ...
[2022-11-26 16:49:10] [ WARN ] [DB:58] Tables created
[2022-11-26 16:49:11] [ INFO ] [DB:72] Creating test subjects ...
[2022-11-26 16:49:11] [ WARN ] [DB:78] Test subjects created
[2022-11-26 16:49:42] [ INFO ] [OdontologoDAOH2:24] Saving odontologo ...
[2022-11-26 16:49:42] [ INFO ] [OdontologoDAOH2:38] Odontologo saved
[2022-11-26 16:50:26] [ INFO ] [OdontologoDAOH2:24] Saving odontologo ...
[2022-11-26 16:50:26] [ INFO ] [OdontologoDAOH2:38] Odontologo saved
[2022-11-26 16:50:57] [ INFO ] [DB:50] Creating tables ...
[2022-11-26 16:50:58] [ WARN ] [DB:58] Tables created
[2022-11-26 16:50:58] [ INFO ] [DB:72] Creating test subjects ...
[2022-11-26 16:50:58] [ WARN ] [DB:78] Test subjects created
[2022-11-26 16:51:14] [ INFO ] [OdontologoDAOH2:24] Saving odontologo ...
[2022-11-26 16:51:14] [ INFO ] [OdontologoDAOH2:38] Odontologo saved
[2022-11-26 16:51:54] [ INFO ] [OdontologoDAOH2:138] Getting odontologo list ...
[2022-11-26 16:51:54] [ INFO ] [OdontologoDAOH2:151] Odontologo list found
[2022-11-26 16:52:02] [ INFO ] [OdontologoDAOH2:24] Saving odontologo ...
[2022-11-26 16:52:02] [ INFO ] [OdontologoDAOH2:38] Odontologo saved
[2022-11-26 16:52:07] [ INFO ] [OdontologoDAOH2:138] Getting odontologo list ...
[2022-11-26 16:52:07] [ INFO ] [OdontologoDAOH2:151] Odontologo list found
[2022-11-26 16:53:19] [ INFO ] [DB:50] Creating tables ...
[2022-11-26 16:53:19] [ WARN ] [DB:58] Tables created
[2022-11-26 16:53:19] [ INFO ] [DB:72] Creating test subjects ...
[2022-11-26 16:53:19] [ WARN ] [DB:78] Test subjects created
[2022-11-26 16:53:35] [ INFO ] [OdontologoDAOH2:24] Saving odontologo ...
[2022-11-26 16:53:35] [ INFO ] [OdontologoDAOH2:38] Odontologo saved
[2022-11-26 17:03:16] [ INFO ] [OdontologoDAOH2:24] Saving odontologo ...
[2022-11-26 17:03:16] [ INFO ] [OdontologoDAOH2:38] Odontologo saved
[2022-11-26 17:03:42] [ INFO ] [DB:50] Creating tables ...
[2022-11-26 17:03:43] [ WARN ] [DB:58] Tables created
[2022-11-26 17:03:44] [ INFO ] [DB:72] Creating test subjects ...
[2022-11-26 17:03:44] [ WARN ] [DB:78] Test subjects created
[2022-11-26 17:03:59] [ INFO ] [OdontologoDAOH2:24] Saving odontologo ...
[2022-11-26 17:03:59] [ INFO ] [OdontologoDAOH2:38] Odontologo saved
[2022-11-26 17:05:19] [ INFO ] [OdontologoDAOH2:24] Saving odontologo ...
[2022-11-26 17:05:19] [ INFO ] [OdontologoDAOH2:38] Odontologo saved
[2022-11-26 17:08:21] [ INFO ] [DB:50] Creating tables ...
[2022-11-26 17:08:21] [ WARN ] [DB:58] Tables created
[2022-11-26 17:08:22] [ INFO ] [DB:72] Creating test subjects ...
[2022-11-26 17:08:22] [ WARN ] [DB:78] Test subjects created
[2022-11-26 17:13:00] [ INFO ] [DB:50] Creating tables ...
[2022-11-26 17:13:01] [ WARN ] [DB:58] Tables created
[2022-11-26 17:13:01] [ INFO ] [DB:72] Creating test subjects ...
[2022-11-26 17:13:01] [ WARN ] [DB:78] Test subjects created
[2022-11-26 17:13:18] [ INFO ] [OdontologoDAOH2:24] Saving odontologo ...
[2022-11-26 17:13:19] [ INFO ] [OdontologoDAOH2:38] Odontologo saved
[2022-11-26 17:14:10] [ INFO ] [DB:50] Creating tables ...
[2022-11-26 17:14:10] [ WARN ] [DB:58] Tables created
[2022-11-26 17:14:10] [ INFO ] [DB:72] Creating test subjects ...
[2022-11-26 17:14:10] [ WARN ] [DB:78] Test subjects created
[2022-11-26 17:14:26] [ INFO ] [OdontologoDAOH2:24] Saving odontologo ...
[2022-11-26 17:14:26] [ INFO ] [OdontologoDAOH2:38] Odontologo saved
[2022-11-26 17:15:16] [ INFO ] [DB:50] Creating tables ...
[2022-11-26 17:15:17] [ WARN ] [DB:58] Tables created
[2022-11-26 17:15:17] [ INFO ] [DB:72] Creating test subjects ...
[2022-11-26 17:15:17] [ WARN ] [DB:78] Test subjects created
[2022-11-26 17:15:34] [ INFO ] [OdontologoDAOH2:24] Saving odontologo ...
[2022-11-26 17:15:34] [ INFO ] [OdontologoDAOH2:38] Odontologo saved
[2022-11-26 17:16:00] [ INFO ] [DB:50] Creating tables ...
[2022-11-26 17:16:00] [ WARN ] [DB:58] Tables created
[2022-11-26 17:16:01] [ INFO ] [DB:72] Creating test subjects ...
[2022-11-26 17:16:01] [ WARN ] [DB:78] Test subjects created
[2022-11-26 17:16:17] [ INFO ] [OdontologoDAOH2:24] Saving odontologo ...
[2022-11-26 17:16:17] [ INFO ] [OdontologoDAOH2:38] Odontologo saved
[2022-11-26 17:18:15] [ INFO ] [DB:50] Creating tables ...
[2022-11-26 17:18:15] [ WARN ] [DB:58] Tables created
[2022-11-26 17:18:17] [ INFO ] [DB:72] Creating test subjects ...
[2022-11-26 17:18:17] [ WARN ] [DB:78] Test subjects created
[2022-11-26 17:18:30] [ INFO ] [OdontologoDAOH2:24] Saving odontologo ...
[2022-11-26 17:18:30] [ ERROR] [OdontologoDAOH2:41] Saving odontologo failed: La columna "MATRICULA" no permite valores nulos (NULL)
NULL not allowed for column "MATRICULA"; SQL statement:
INSERT INTO ODONTOLOGO (MATRICULA, NOMBRE, APELLIDO) VALUES (?,?,?) [23502-214]
[2022-11-26 17:18:38] [ INFO ] [OdontologoDAOH2:138] Getting odontologo list ...
[2022-11-26 17:18:38] [ INFO ] [OdontologoDAOH2:151] Odontologo list found
[2022-11-26 17:19:30] [ INFO ] [OdontologoDAOH2:24] Saving odontologo ...
[2022-11-26 17:19:30] [ ERROR] [OdontologoDAOH2:41] Saving odontologo failed: La columna "MATRICULA" no permite valores nulos (NULL)
NULL not allowed for column "MATRICULA"; SQL statement:
INSERT INTO ODONTOLOGO (MATRICULA, NOMBRE, APELLIDO) VALUES (?,?,?) [23502-214]
[2022-11-26 17:20:59] [ INFO ] [OdontologoDAOH2:24] Saving odontologo ...
[2022-11-26 17:20:59] [ ERROR] [OdontologoDAOH2:41] Saving odontologo failed: La columna "MATRICULA" no permite valores nulos (NULL)
NULL not allowed for column "MATRICULA"; SQL statement:
INSERT INTO ODONTOLOGO (MATRICULA, NOMBRE, APELLIDO) VALUES (?,?,?) [23502-214]
[2022-11-26 17:21:20] [ INFO ] [OdontologoDAOH2:138] Getting odontologo list ...
[2022-11-26 17:21:20] [ INFO ] [OdontologoDAOH2:151] Odontologo list found
[2022-11-26 17:22:07] [ INFO ] [DB:50] Creating tables ...
[2022-11-26 17:22:08] [ WARN ] [DB:58] Tables created
[2022-11-26 17:22:08] [ INFO ] [DB:72] Creating test subjects ...
[2022-11-26 17:22:08] [ WARN ] [DB:78] Test subjects created
[2022-11-26 17:22:22] [ INFO ] [OdontologoDAOH2:24] Saving odontologo ...
[2022-11-26 17:22:22] [ ERROR] [OdontologoDAOH2:41] Saving odontologo failed: La columna "MATRICULA" no permite valores nulos (NULL)
NULL not allowed for column "MATRICULA"; SQL statement:
INSERT INTO ODONTOLOGO (MATRICULA, NOMBRE, APELLIDO) VALUES (?,?,?) [23502-214]
[2022-11-26 17:22:59] [ INFO ] [OdontologoDAOH2:24] Saving odontologo ...
[2022-11-26 17:23:00] [ ERROR] [OdontologoDAOH2:41] Saving odontologo failed: La columna "MATRICULA" no permite valores nulos (NULL)
NULL not allowed for column "MATRICULA"; SQL statement:
INSERT INTO ODONTOLOGO (MATRICULA, NOMBRE, APELLIDO) VALUES (?,?,?) [23502-214]
[2022-11-26 17:23:08] [ INFO ] [OdontologoDAOH2:138] Getting odontologo list ...
[2022-11-26 17:23:08] [ INFO ] [OdontologoDAOH2:151] Odontologo list found
[2022-11-26 17:24:33] [ INFO ] [DB:50] Creating tables ...
[2022-11-26 17:24:35] [ WARN ] [DB:58] Tables created
[2022-11-26 17:24:35] [ INFO ] [DB:72] Creating test subjects ...
[2022-11-26 17:24:35] [ WARN ] [DB:78] Test subjects created
[2022-11-26 17:24:50] [ INFO ] [OdontologoDAOH2:24] Saving odontologo ...
[2022-11-26 17:24:50] [ INFO ] [OdontologoDAOH2:38] Odontologo saved
[2022-11-26 17:24:59] [ INFO ] [OdontologoDAOH2:138] Getting odontologo list ...
[2022-11-26 17:24:59] [ INFO ] [OdontologoDAOH2:151] Odontologo list found
[2022-11-26 18:13:27] [ INFO ] [DB:50] Creating tables ...
[2022-11-26 18:13:27] [ WARN ] [DB:58] Tables created
[2022-11-26 18:13:28] [ INFO ] [DB:72] Creating test subjects ...
[2022-11-26 18:13:28] [ WARN ] [DB:78] Test subjects created
[2022-11-26 18:50:18] [ INFO ] [DB:50] Creating tables ...
[2022-11-26 18:50:20] [ WARN ] [DB:58] Tables created
[2022-11-26 18:50:20] [ INFO ] [DB:72] Creating test subjects ...
[2022-11-26 18:50:20] [ WARN ] [DB:78] Test subjects created
[2022-11-26 18:51:13] [ INFO ] [DB:50] Creating tables ...
[2022-11-26 18:51:14] [ WARN ] [DB:58] Tables created
[2022-11-26 18:51:15] [ INFO ] [DB:72] Creating test subjects ...
[2022-11-26 18:51:15] [ WARN ] [DB:78] Test subjects created
[2022-11-26 18:51:22] [ INFO ] [OdontologoDAOH2:138] Getting odontologo list ...
[2022-11-26 18:51:22] [ INFO ] [OdontologoDAOH2:151] Odontologo list found
[2022-11-26 18:51:40] [ INFO ] [OdontologoDAOH2:138] Getting odontologo list ...
[2022-11-26 18:51:40] [ INFO ] [OdontologoDAOH2:151] Odontologo list found
[2022-11-26 18:52:49] [ INFO ] [DB:50] Creating tables ...
[2022-11-26 18:52:49] [ WARN ] [DB:58] Tables created
[2022-11-26 18:52:49] [ INFO ] [DB:72] Creating test subjects ...
[2022-11-26 18:52:49] [ WARN ] [DB:78] Test subjects created
[2022-11-26 18:52:56] [ INFO ] [OdontologoDAOH2:138] Getting odontologo list ...
[2022-11-26 18:52:56] [ INFO ] [OdontologoDAOH2:151] Odontologo list found
[2022-11-26 18:53:22] [ INFO ] [OdontologoDAOH2:24] Saving odontologo ...
[2022-11-26 18:53:22] [ INFO ] [OdontologoDAOH2:38] Odontologo saved
[2022-11-26 18:53:25] [ INFO ] [OdontologoDAOH2:138] Getting odontologo list ...
[2022-11-26 18:53:26] [ INFO ] [OdontologoDAOH2:151] Odontologo list found
[2022-11-26 18:54:12] [ INFO ] [DB:50] Creating tables ...
[2022-11-26 18:54:12] [ WARN ] [DB:58] Tables created
[2022-11-26 18:54:13] [ INFO ] [DB:72] Creating test subjects ...
[2022-11-26 18:54:13] [ WARN ] [DB:78] Test subjects created
[2022-11-26 18:54:21] [ INFO ] [OdontologoDAOH2:138] Getting odontologo list ...
[2022-11-26 18:54:21] [ INFO ] [OdontologoDAOH2:151] Odontologo list found
[2022-11-26 19:07:16] [ INFO ] [DB:50] Creating tables ...
[2022-11-26 19:07:16] [ WARN ] [DB:58] Tables created
[2022-11-26 19:07:17] [ INFO ] [DB:72] Creating test subjects ...
[2022-11-26 19:07:17] [ WARN ] [DB:78] Test subjects created
[2022-11-26 19:07:29] [ INFO ] [OdontologoDAOH2:138] Getting odontologo list ...
[2022-11-26 19:07:29] [ INFO ] [OdontologoDAOH2:151] Odontologo list found
[2022-11-26 19:08:27] [ INFO ] [DB:50] Creating tables ...
[2022-11-26 19:08:27] [ WARN ] [DB:58] Tables created
[2022-11-26 19:08:28] [ INFO ] [DB:72] Creating test subjects ...
[2022-11-26 19:08:28] [ WARN ] [DB:78] Test subjects created
[2022-11-26 19:08:35] [ INFO ] [OdontologoDAOH2:138] Getting odontologo list ...
[2022-11-26 19:08:35] [ INFO ] [OdontologoDAOH2:151] Odontologo list found
[2022-11-26 19:10:19] [ INFO ] [DB:50] Creating tables ...
[2022-11-26 19:10:19] [ WARN ] [DB:58] Tables created
[2022-11-26 19:10:20] [ INFO ] [DB:72] Creating test subjects ...
[2022-11-26 19:10:20] [ WARN ] [DB:78] Test subjects created
[2022-11-26 19:10:27] [ INFO ] [OdontologoDAOH2:138] Getting odontologo list ...
[2022-11-26 19:10:28] [ INFO ] [OdontologoDAOH2:151] Odontologo list found
[2022-11-26 19:11:33] [ INFO ] [OdontologoDAOH2:138] Getting odontologo list ...
[2022-11-26 19:11:33] [ INFO ] [OdontologoDAOH2:151] Odontologo list found
[2022-11-26 19:16:55] [ INFO ] [DB:50] Creating tables ...
[2022-11-26 19:16:55] [ WARN ] [DB:58] Tables created
[2022-11-26 19:16:55] [ INFO ] [DB:72] Creating test subjects ...
[2022-11-26 19:16:55] [ WARN ] [DB:78] Test subjects created
[2022-11-26 19:17:07] [ INFO ] [OdontologoDAOH2:138] Getting odontologo list ...
[2022-11-26 19:17:07] [ INFO ] [OdontologoDAOH2:151] Odontologo list found
[2022-11-26 19:18:46] [ INFO ] [OdontologoDAOH2:138] Getting odontologo list ...
[2022-11-26 19:18:46] [ INFO ] [OdontologoDAOH2:151] Odontologo list found
[2022-11-26 19:23:01] [ INFO ] [DB:50] Creating tables ...
[2022-11-26 19:23:02] [ WARN ] [DB:58] Tables created
[2022-11-26 19:23:03] [ INFO ] [DB:72] Creating test subjects ...
[2022-11-26 19:23:03] [ WARN ] [DB:78] Test subjects created
[2022-11-26 19:23:23] [ INFO ] [OdontologoDAOH2:138] Getting odontologo list ...
[2022-11-26 19:23:23] [ INFO ] [OdontologoDAOH2:151] Odontologo list found
[2022-11-26 19:24:49] [ INFO ] [OdontologoDAOH2:138] Getting odontologo list ...
[2022-11-26 19:24:49] [ INFO ] [OdontologoDAOH2:151] Odontologo list found
[2022-11-26 19:24:52] [ INFO ] [OdontologoDAOH2:109] Searching odontologo ...
[2022-11-26 19:24:52] [ INFO ] [OdontologoDAOH2:120] Odontologo found
[2022-11-26 19:25:21] [ INFO ] [OdontologoDAOH2:109] Searching odontologo ...
[2022-11-26 19:25:21] [ INFO ] [OdontologoDAOH2:120] Odontologo found
[2022-11-26 19:25:51] [ INFO ] [DB:50] Creating tables ...
[2022-11-26 19:25:52] [ WARN ] [DB:58] Tables created
[2022-11-26 19:25:52] [ INFO ] [DB:72] Creating test subjects ...
[2022-11-26 19:25:52] [ WARN ] [DB:78] Test subjects created
[2022-11-26 19:25:59] [ INFO ] [OdontologoDAOH2:138] Getting odontologo list ...
[2022-11-26 19:25:59] [ INFO ] [OdontologoDAOH2:151] Odontologo list found
[2022-11-26 19:26:02] [ INFO ] [OdontologoDAOH2:109] Searching odontologo ...
[2022-11-26 19:26:02] [ INFO ] [OdontologoDAOH2:120] Odontologo found
[2022-11-26 19:26:39] [ INFO ] [DB:50] Creating tables ...
[2022-11-26 19:26:40] [ WARN ] [DB:58] Tables created
[2022-11-26 19:26:40] [ INFO ] [DB:72] Creating test subjects ...
[2022-11-26 19:26:40] [ WARN ] [DB:78] Test subjects created
[2022-11-26 19:26:54] [ INFO ] [OdontologoDAOH2:138] Getting odontologo list ...
[2022-11-26 19:26:54] [ INFO ] [OdontologoDAOH2:151] Odontologo list found
[2022-11-26 19:26:56] [ INFO ] [OdontologoDAOH2:109] Searching odontologo ...
[2022-11-26 19:26:56] [ INFO ] [OdontologoDAOH2:120] Odontologo found
[2022-11-26 19:30:03] [ INFO ] [DB:50] Creating tables ...
[2022-11-26 19:30:03] [ WARN ] [DB:58] Tables created
[2022-11-26 19:30:04] [ INFO ] [DB:72] Creating test subjects ...
[2022-11-26 19:30:04] [ WARN ] [DB:78] Test subjects created
[2022-11-26 19:30:14] [ INFO ] [OdontologoDAOH2:138] Getting odontologo list ...
[2022-11-26 19:30:15] [ INFO ] [OdontologoDAOH2:151] Odontologo list found
[2022-11-26 19:30:21] [ INFO ] [OdontologoDAOH2:138] Getting odontologo list ...
[2022-11-26 19:30:21] [ INFO ] [OdontologoDAOH2:151] Odontologo list found
[2022-11-26 19:30:24] [ INFO ] [OdontologoDAOH2:138] Getting odontologo list ...
[2022-11-26 19:30:24] [ INFO ] [OdontologoDAOH2:151] Odontologo list found
[2022-11-26 19:30:29] [ INFO ] [OdontologoDAOH2:138] Getting odontologo list ...
[2022-11-26 19:30:29] [ INFO ] [OdontologoDAOH2:151] Odontologo list found
[2022-11-26 19:31:10] [ INFO ] [OdontologoDAOH2:138] Getting odontologo list ...
[2022-11-26 19:31:10] [ INFO ] [OdontologoDAOH2:151] Odontologo list found
[2022-11-26 19:31:38] [ INFO ] [OdontologoDAOH2:138] Getting odontologo list ...
[2022-11-26 19:31:38] [ INFO ] [OdontologoDAOH2:151] Odontologo list found
[2022-11-26 19:31:44] [ INFO ] [OdontologoDAOH2:138] Getting odontologo list ...
[2022-11-26 19:31:44] [ INFO ] [OdontologoDAOH2:151] Odontologo list found
[2022-11-26 19:31:46] [ INFO ] [OdontologoDAOH2:138] Getting odontologo list ...
[2022-11-26 19:31:46] [ INFO ] [OdontologoDAOH2:151] Odontologo list found
[2022-11-26 19:32:03] [ INFO ] [OdontologoDAOH2:24] Saving odontologo ...
[2022-11-26 19:32:03] [ INFO ] [OdontologoDAOH2:38] Odontologo saved
[2022-11-26 19:32:06] [ INFO ] [OdontologoDAOH2:138] Getting odontologo list ...
[2022-11-26 19:32:06] [ INFO ] [OdontologoDAOH2:151] Odontologo list found
[2022-11-26 19:32:10] [ INFO ] [OdontologoDAOH2:109] Searching odontologo ...
[2022-11-26 19:32:10] [ INFO ] [OdontologoDAOH2:120] Odontologo found
[2022-11-26 19:32:12] [ INFO ] [OdontologoDAOH2:109] Searching odontologo ...
[2022-11-26 19:32:12] [ INFO ] [OdontologoDAOH2:120] Odontologo found
[2022-11-26 19:32:13] [ INFO ] [OdontologoDAOH2:109] Searching odontologo ...
[2022-11-26 19:32:13] [ INFO ] [OdontologoDAOH2:120] Odontologo found
[2022-11-26 19:32:14] [ INFO ] [OdontologoDAOH2:109] Searching odontologo ...
[2022-11-26 19:32:15] [ INFO ] [OdontologoDAOH2:120] Odontologo found
[2022-11-26 19:32:15] [ INFO ] [OdontologoDAOH2:109] Searching odontologo ...
[2022-11-26 19:32:15] [ INFO ] [OdontologoDAOH2:120] Odontologo found
[2022-11-26 19:32:18] [ INFO ] [OdontologoDAOH2:109] Searching odontologo ...
[2022-11-26 19:32:18] [ INFO ] [OdontologoDAOH2:120] Odontologo found
[2022-11-26 19:32:21] [ INFO ] [OdontologoDAOH2:109] Searching odontologo ...
[2022-11-26 19:32:21] [ INFO ] [OdontologoDAOH2:120] Odontologo found
[2022-11-26 19:32:22] [ INFO ] [OdontologoDAOH2:109] Searching odontologo ...
[2022-11-26 19:32:22] [ INFO ] [OdontologoDAOH2:120] Odontologo found
[2022-11-26 19:32:24] [ INFO ] [OdontologoDAOH2:109] Searching odontologo ...
[2022-11-26 19:32:24] [ INFO ] [OdontologoDAOH2:120] Odontologo found
[2022-11-26 19:32:27] [ INFO ] [OdontologoDAOH2:109] Searching odontologo ...
[2022-11-26 19:32:27] [ INFO ] [OdontologoDAOH2:120] Odontologo found
[2022-11-26 19:32:34] [ INFO ] [OdontologoDAOH2:109] Searching odontologo ...
[2022-11-26 19:32:34] [ INFO ] [OdontologoDAOH2:120] Odontologo found
[2022-11-26 19:32:35] [ INFO ] [OdontologoDAOH2:109] Searching odontologo ...
[2022-11-26 19:32:35] [ INFO ] [OdontologoDAOH2:120] Odontologo found
[2022-11-26 19:39:52] [ INFO ] [OdontologoDAOH2:109] Searching odontologo ...
[2022-11-26 19:39:52] [ INFO ] [OdontologoDAOH2:120] Odontologo found
[2022-11-26 19:40:02] [ INFO ] [OdontologoDAOH2:109] Searching odontologo ...
[2022-11-26 19:40:02] [ INFO ] [OdontologoDAOH2:120] Odontologo found
[2022-11-26 19:40:05] [ INFO ] [OdontologoDAOH2:109] Searching odontologo ...
[2022-11-26 19:40:05] [ INFO ] [OdontologoDAOH2:120] Odontologo found
[2022-11-26 19:53:03] [ INFO ] [OdontologoDAOH2:138] Getting odontologo list ...
[2022-11-26 19:53:03] [ INFO ] [OdontologoDAOH2:151] Odontologo list found
[2022-11-26 19:54:02] [ INFO ] [DB:50] Creating tables ...
[2022-11-26 19:54:02] [ WARN ] [DB:58] Tables created
[2022-11-26 19:54:03] [ INFO ] [DB:72] Creating test subjects ...
[2022-11-26 19:54:03] [ WARN ] [DB:78] Test subjects created
[2022-11-26 19:54:12] [ INFO ] [OdontologoDAOH2:138] Getting odontologo list ...
[2022-11-26 19:54:12] [ INFO ] [OdontologoDAOH2:151] Odontologo list found
[2022-11-26 19:54:14] [ INFO ] [OdontologoDAOH2:109] Searching odontologo ...
[2022-11-26 19:54:14] [ INFO ] [OdontologoDAOH2:120] Odontologo found
[2022-11-26 19:54:22] [ INFO ] [OdontologoDAOH2:109] Searching odontologo ...
[2022-11-26 19:54:22] [ INFO ] [OdontologoDAOH2:120] Odontologo found
[2022-11-26 19:54:23] [ WARN ] [OdontologoDAOH2:56] Updating odontologo ID: 1 ...
[2022-11-26 19:54:23] [ WARN ] [OdontologoDAOH2:67] Odontologo with ID: 1 was successfully updated!
[2022-11-26 19:54:23] [ INFO ] [OdontologoDAOH2:138] Getting odontologo list ...
[2022-11-26 19:54:23] [ INFO ] [OdontologoDAOH2:151] Odontologo list found
[2022-11-26 19:54:45] [ INFO ] [OdontologoDAOH2:109] Searching odontologo ...
[2022-11-26 19:54:45] [ INFO ] [OdontologoDAOH2:120] Odontologo found
[2022-11-26 19:54:55] [ INFO ] [OdontologoDAOH2:109] Searching odontologo ...
[2022-11-26 19:54:56] [ INFO ] [OdontologoDAOH2:120] Odontologo found
[2022-11-26 19:54:56] [ INFO ] [OdontologoDAOH2:138] Getting odontologo list ...
[2022-11-26 19:54:56] [ WARN ] [OdontologoDAOH2:56] Updating odontologo ID: 1 ...
[2022-11-26 19:54:56] [ INFO ] [OdontologoDAOH2:151] Odontologo list found
[2022-11-26 19:54:56] [ WARN ] [OdontologoDAOH2:67] Odontologo with ID: 1 was successfully updated!
[2022-11-26 19:55:00] [ INFO ] [OdontologoDAOH2:138] Getting odontologo list ...
[2022-11-26 19:55:00] [ INFO ] [OdontologoDAOH2:151] Odontologo list found
[2022-11-26 19:55:33] [ INFO ] [DB:50] Creating tables ...
[2022-11-26 19:55:34] [ WARN ] [DB:58] Tables created
[2022-11-26 19:55:35] [ INFO ] [DB:72] Creating test subjects ...
[2022-11-26 19:55:35] [ WARN ] [DB:78] Test subjects created
[2022-11-26 19:55:45] [ INFO ] [OdontologoDAOH2:109] Searching odontologo ...
[2022-11-26 19:55:45] [ INFO ] [OdontologoDAOH2:120] Odontologo found
[2022-11-26 19:55:48] [ INFO ] [OdontologoDAOH2:138] Getting odontologo list ...
[2022-11-26 19:55:48] [ INFO ] [OdontologoDAOH2:151] Odontologo list found
[2022-11-26 19:55:51] [ INFO ] [OdontologoDAOH2:109] Searching odontologo ...
[2022-11-26 19:55:51] [ INFO ] [OdontologoDAOH2:120] Odontologo found
[2022-11-26 19:56:06] [ INFO ] [OdontologoDAOH2:109] Searching odontologo ...
[2022-11-26 19:56:06] [ INFO ] [OdontologoDAOH2:120] Odontologo found
[2022-11-26 19:56:07] [ WARN ] [OdontologoDAOH2:56] Updating odontologo ID: 1 ...
[2022-11-26 19:56:07] [ WARN ] [OdontologoDAOH2:67] Odontologo with ID: 1 was successfully updated!
[2022-11-26 19:57:15] [ INFO ] [OdontologoDAOH2:138] Getting odontologo list ...
[2022-11-26 19:57:15] [ INFO ] [OdontologoDAOH2:151] Odontologo list found
[2022-11-26 19:57:30] [ INFO ] [OdontologoDAOH2:109] Searching odontologo ...
[2022-11-26 19:57:30] [ INFO ] [OdontologoDAOH2:120] Odontologo found
[2022-11-26 19:57:33] [ INFO ] [OdontologoDAOH2:109] Searching odontologo ...
[2022-11-26 19:57:33] [ INFO ] [OdontologoDAOH2:120] Odontologo found
[2022-11-26 19:57:34] [ WARN ] [OdontologoDAOH2:56] Updating odontologo ID: 1 ...
[2022-11-26 19:57:34] [ WARN ] [OdontologoDAOH2:67] Odontologo with ID: 1 was successfully updated!
[2022-11-26 19:58:02] [ INFO ] [DB:50] Creating tables ...
[2022-11-26 19:58:03] [ WARN ] [DB:58] Tables created
[2022-11-26 19:58:03] [ INFO ] [DB:72] Creating test subjects ...
[2022-11-26 19:58:03] [ WARN ] [DB:78] Test subjects created
[2022-11-26 19:58:16] [ INFO ] [OdontologoDAOH2:138] Getting odontologo list ...
[2022-11-26 19:58:16] [ INFO ] [OdontologoDAOH2:151] Odontologo list found
[2022-11-26 19:58:19] [ INFO ] [OdontologoDAOH2:109] Searching odontologo ...
[2022-11-26 19:58:19] [ INFO ] [OdontologoDAOH2:120] Odontologo found
[2022-11-26 19:58:34] [ INFO ] [OdontologoDAOH2:109] Searching odontologo ...
[2022-11-26 19:58:34] [ INFO ] [OdontologoDAOH2:120] Odontologo found
[2022-11-26 19:58:34] [ WARN ] [OdontologoDAOH2:56] Updating odontologo ID: 1 ...
[2022-11-26 19:58:34] [ WARN ] [OdontologoDAOH2:67] Odontologo with ID: 1 was successfully updated!
[2022-11-26 20:01:17] [ INFO ] [DB:50] Creating tables ...
[2022-11-26 20:01:18] [ WARN ] [DB:58] Tables created
[2022-11-26 20:01:19] [ INFO ] [DB:72] Creating test subjects ...
[2022-11-26 20:01:19] [ WARN ] [DB:78] Test subjects created
[2022-11-26 20:01:27] [ INFO ] [OdontologoDAOH2:138] Getting odontologo list ...
[2022-11-26 20:01:28] [ INFO ] [OdontologoDAOH2:151] Odontologo list found
[2022-11-26 20:01:29] [ INFO ] [OdontologoDAOH2:109] Searching odontologo ...
[2022-11-26 20:01:29] [ INFO ] [OdontologoDAOH2:120] Odontologo found
[2022-11-26 20:01:34] [ INFO ] [OdontologoDAOH2:109] Searching odontologo ...
[2022-11-26 20:01:34] [ INFO ] [OdontologoDAOH2:120] Odontologo found
[2022-11-26 20:06:13] [ INFO ] [DB:50] Creating tables ...
[2022-11-26 20:06:15] [ WARN ] [DB:58] Tables created
[2022-11-26 20:06:15] [ INFO ] [DB:72] Creating test subjects ...
[2022-11-26 20:06:15] [ WARN ] [DB:78] Test subjects created
[2022-11-26 20:06:26] [ INFO ] [OdontologoDAOH2:138] Getting odontologo list ...
[2022-11-26 20:06:26] [ INFO ] [OdontologoDAOH2:151] Odontologo list found
[2022-11-26 20:06:30] [ INFO ] [OdontologoDAOH2:109] Searching odontologo ...
[2022-11-26 20:06:30] [ INFO ] [OdontologoDAOH2:120] Odontologo found
[2022-11-26 20:06:41] [ INFO ] [OdontologoDAOH2:109] Searching odontologo ...
[2022-11-26 20:06:41] [ INFO ] [OdontologoDAOH2:120] Odontologo found
[2022-11-26 20:06:41] [ WARN ] [OdontologoDAOH2:56] Updating odontologo ID: 1 ...
[2022-11-26 20:06:41] [ WARN ] [OdontologoDAOH2:67] Odontologo with ID: 1 was successfully updated!
[2022-11-26 20:06:41] [ INFO ] [OdontologoDAOH2:138] Getting odontologo list ...
[2022-11-26 20:06:41] [ INFO ] [OdontologoDAOH2:151] Odontologo list found
[2022-11-26 20:07:11] [ INFO ] [OdontologoDAOH2:138] Getting odontologo list ...
[2022-11-26 20:07:11] [ INFO ] [OdontologoDAOH2:151] Odontologo list found
[2022-11-26 20:08:03] [ INFO ] [DB:50] Creating tables ...
[2022-11-26 20:08:04] [ WARN ] [DB:58] Tables created
[2022-11-26 20:08:05] [ INFO ] [DB:72] Creating test subjects ...
[2022-11-26 20:08:05] [ WARN ] [DB:78] Test subjects created
[2022-11-26 20:08:12] [ INFO ] [OdontologoDAOH2:138] Getting odontologo list ...
[2022-11-26 20:08:12] [ INFO ] [OdontologoDAOH2:151] Odontologo list found
[2022-11-26 20:08:34] [ INFO ] [OdontologoDAOH2:138] Getting odontologo list ...
[2022-11-26 20:08:34] [ INFO ] [OdontologoDAOH2:151] Odontologo list found
[2022-11-26 20:08:35] [ INFO ] [OdontologoDAOH2:109] Searching odontologo ...
[2022-11-26 20:08:35] [ INFO ] [OdontologoDAOH2:120] Odontologo found
[2022-11-26 20:08:45] [ INFO ] [OdontologoDAOH2:109] Searching odontologo ...
[2022-11-26 20:08:45] [ INFO ] [OdontologoDAOH2:120] Odontologo found
[2022-11-26 20:08:45] [ WARN ] [OdontologoDAOH2:56] Updating odontologo ID: 1 ...
[2022-11-26 20:08:45] [ WARN ] [OdontologoDAOH2:67] Odontologo with ID: 1 was successfully updated!
[2022-11-26 20:08:46] [ INFO ] [OdontologoDAOH2:138] Getting odontologo list ...
[2022-11-26 20:08:46] [ INFO ] [OdontologoDAOH2:151] Odontologo list found
[2022-11-26 20:08:53] [ INFO ] [OdontologoDAOH2:109] Searching odontologo ...
[2022-11-26 20:08:53] [ INFO ] [OdontologoDAOH2:120] Odontologo found
[2022-11-26 20:09:03] [ INFO ] [OdontologoDAOH2:109] Searching odontologo ...
[2022-11-26 20:09:03] [ INFO ] [OdontologoDAOH2:120] Odontologo found
[2022-11-26 20:09:07] [ INFO ] [OdontologoDAOH2:138] Getting odontologo list ...
[2022-11-26 20:09:07] [ INFO ] [OdontologoDAOH2:151] Odontologo list found
[2022-11-26 20:10:08] [ INFO ] [DB:50] Creating tables ...
[2022-11-26 20:10:08] [ WARN ] [DB:58] Tables created
[2022-11-26 20:10:09] [ INFO ] [DB:72] Creating test subjects ...
[2022-11-26 20:10:09] [ WARN ] [DB:78] Test subjects created
[2022-11-26 20:10:19] [ INFO ] [OdontologoDAOH2:138] Getting odontologo list ...
[2022-11-26 20:10:19] [ INFO ] [OdontologoDAOH2:151] Odontologo list found
[2022-11-26 20:10:21] [ INFO ] [OdontologoDAOH2:109] Searching odontologo ...
[2022-11-26 20:10:21] [ INFO ] [OdontologoDAOH2:120] Odontologo found
[2022-11-26 20:18:33] [ INFO ] [DB:50] Creating tables ...
[2022-11-26 20:18:34] [ WARN ] [DB:58] Tables created
[2022-11-26 20:18:34] [ INFO ] [DB:72] Creating test subjects ...
[2022-11-26 20:18:34] [ WARN ] [DB:78] Test subjects created
[2022-11-26 20:18:44] [ INFO ] [OdontologoDAOH2:138] Getting odontologo list ...
[2022-11-26 20:18:44] [ INFO ] [OdontologoDAOH2:151] Odontologo list found
[2022-11-26 20:19:17] [ INFO ] [DB:50] Creating tables ...
[2022-11-26 20:19:18] [ WARN ] [DB:58] Tables created
[2022-11-26 20:19:18] [ INFO ] [DB:72] Creating test subjects ...
[2022-11-26 20:19:18] [ WARN ] [DB:78] Test subjects created
[2022-11-26 20:19:25] [ INFO ] [OdontologoDAOH2:138] Getting odontologo list ...
[2022-11-26 20:19:25] [ INFO ] [OdontologoDAOH2:151] Odontologo list found
[2022-11-26 20:19:27] [ INFO ] [OdontologoDAOH2:109] Searching odontologo ...
[2022-11-26 20:19:27] [ INFO ] [OdontologoDAOH2:120] Odontologo found
[2022-11-26 20:19:28] [ WARN ] [OdontologoDAOH2:84] Deleting odontologo ID: 1 ...
[2022-11-26 20:19:28] [ WARN ] [OdontologoDAOH2:92] Odontologo with ID: 1 was successfully deleted!
[2022-11-26 20:19:31] [ INFO ] [OdontologoDAOH2:138] Getting odontologo list ...
[2022-11-26 20:19:31] [ INFO ] [OdontologoDAOH2:151] Odontologo list found
[2022-11-26 20:19:34] [ INFO ] [OdontologoDAOH2:138] Getting odontologo list ...
[2022-11-26 20:19:34] [ INFO ] [OdontologoDAOH2:151] Odontologo list found
[2022-11-26 20:19:45] [ INFO ] [OdontologoDAOH2:138] Getting odontologo list ...
[2022-11-26 20:19:45] [ INFO ] [OdontologoDAOH2:151] Odontologo list found
[2022-11-26 20:19:56] [ INFO ] [OdontologoDAOH2:138] Getting odontologo list ...
[2022-11-26 20:19:56] [ INFO ] [OdontologoDAOH2:151] Odontologo list found
[2022-11-26 20:20:04] [ INFO ] [OdontologoDAOH2:24] Saving odontologo ...
[2022-11-26 20:20:04] [ INFO ] [OdontologoDAOH2:38] Odontologo saved
[2022-11-26 20:20:12] [ INFO ] [OdontologoDAOH2:138] Getting odontologo list ...
[2022-11-26 20:20:12] [ INFO ] [OdontologoDAOH2:151] Odontologo list found
[2022-11-26 20:20:17] [ INFO ] [OdontologoDAOH2:109] Searching odontologo ...
[2022-11-26 20:20:17] [ INFO ] [OdontologoDAOH2:120] Odontologo found
[2022-11-26 20:20:18] [ WARN ] [OdontologoDAOH2:84] Deleting odontologo ID: 2 ...
[2022-11-26 20:20:18] [ WARN ] [OdontologoDAOH2:92] Odontologo with ID: 2 was successfully deleted!
[2022-11-26 22:21:53] [ INFO ] [DB:50] Creating tables ...
[2022-11-26 22:21:53] [ WARN ] [DB:58] Tables created
[2022-11-26 22:21:54] [ INFO ] [DB:72] Creating test subjects ...
[2022-11-26 22:21:54] [ WARN ] [DB:78] Test subjects created
[2022-11-26 22:33:09] [ INFO ] [DB:50] Creating tables ...
[2022-11-26 22:33:10] [ WARN ] [DB:58] Tables created
[2022-11-26 22:33:11] [ INFO ] [DB:72] Creating test subjects ...
[2022-11-26 22:33:11] [ WARN ] [DB:78] Test subjects created
[2022-11-26 22:35:56] [ INFO ] [DB:50] Creating tables ...
[2022-11-26 22:35:57] [ WARN ] [DB:58] Tables created
[2022-11-26 22:35:57] [ INFO ] [DB:72] Creating test subjects ...
[2022-11-26 22:35:57] [ WARN ] [DB:78] Test subjects created
[2022-11-26 22:37:02] [ INFO ] [DB:50] Creating tables ...
[2022-11-26 22:37:02] [ WARN ] [DB:58] Tables created
[2022-11-26 22:37:03] [ INFO ] [DB:72] Creating test subjects ...
[2022-11-26 22:37:03] [ WARN ] [DB:78] Test subjects created
[2022-11-26 23:08:30] [ INFO ] [DB:50] Creating tables ...
[2022-11-26 23:08:31] [ WARN ] [DB:58] Tables created
[2022-11-26 23:08:31] [ INFO ] [DB:72] Creating test subjects ...
[2022-11-26 23:08:31] [ WARN ] [DB:78] Test subjects created
[2022-11-26 23:09:43] [ INFO ] [DB:50] Creating tables ...
[2022-11-26 23:09:44] [ WARN ] [DB:58] Tables created
[2022-11-26 23:09:44] [ INFO ] [DB:72] Creating test subjects ...
[2022-11-26 23:09:44] [ WARN ] [DB:78] Test subjects created
[2022-11-26 23:10:28] [ INFO ] [PacienteDAOH2:120] Searching paciente ...
[2022-11-26 23:10:29] [ INFO ] [DomicilioDAOH2:107] Searching domicilio ...
[2022-11-26 23:10:29] [ INFO ] [DomicilioDAOH2:118] Domicilio found
[2022-11-26 23:10:29] [ INFO ] [PacienteDAOH2:135] Paciente found
[2022-11-26 23:10:29] [ INFO ] [OdontologoDAOH2:109] Searching odontologo ...
[2022-11-26 23:10:29] [ INFO ] [OdontologoDAOH2:120] Odontologo found
[2022-11-26 23:12:15] [ INFO ] [DB:50] Creating tables ...
[2022-11-26 23:12:16] [ WARN ] [DB:58] Tables created
[2022-11-26 23:12:16] [ INFO ] [DB:72] Creating test subjects ...
[2022-11-26 23:12:16] [ WARN ] [DB:78] Test subjects created
[2022-11-26 23:15:11] [ INFO ] [PacienteDAOH2:120] Searching paciente ...
[2022-11-26 23:15:11] [ INFO ] [DomicilioDAOH2:107] Searching domicilio ...
[2022-11-26 23:15:11] [ INFO ] [DomicilioDAOH2:118] Domicilio found
[2022-11-26 23:15:11] [ INFO ] [PacienteDAOH2:135] Paciente found
[2022-11-26 23:15:11] [ INFO ] [OdontologoDAOH2:109] Searching odontologo ...
[2022-11-26 23:15:11] [ INFO ] [OdontologoDAOH2:120] Odontologo found
[2022-11-26 23:15:19] [ INFO ] [PacienteDAOH2:120] Searching paciente ...
[2022-11-26 23:15:19] [ INFO ] [PacienteDAOH2:135] Paciente found
[2022-11-26 23:15:36] [ INFO ] [PacienteDAOH2:120] Searching paciente ...
[2022-11-26 23:15:36] [ INFO ] [PacienteDAOH2:135] Paciente found
[2022-11-26 23:15:42] [ INFO ] [PacienteDAOH2:120] Searching paciente ...
[2022-11-26 23:15:42] [ INFO ] [DomicilioDAOH2:107] Searching domicilio ...
[2022-11-26 23:15:42] [ INFO ] [DomicilioDAOH2:118] Domicilio found
[2022-11-26 23:15:42] [ INFO ] [PacienteDAOH2:135] Paciente found
[2022-11-26 23:15:43] [ INFO ] [OdontologoDAOH2:109] Searching odontologo ...
[2022-11-26 23:15:43] [ INFO ] [OdontologoDAOH2:120] Odontologo found
[2022-11-26 23:18:11] [ INFO ] [PacienteDAOH2:120] Searching paciente ...
[2022-11-26 23:18:11] [ INFO ] [DomicilioDAOH2:107] Searching domicilio ...
[2022-11-26 23:18:11] [ INFO ] [DomicilioDAOH2:118] Domicilio found
[2022-11-26 23:18:11] [ INFO ] [PacienteDAOH2:135] Paciente found
[2022-11-26 23:18:11] [ INFO ] [OdontologoDAOH2:109] Searching odontologo ...
[2022-11-26 23:18:11] [ INFO ] [OdontologoDAOH2:120] Odontologo found
[2022-11-26 23:18:17] [ INFO ] [PacienteDAOH2:120] Searching paciente ...
[2022-11-26 23:18:17] [ INFO ] [PacienteDAOH2:135] Paciente found
[2022-11-26 23:18:26] [ INFO ] [PacienteDAOH2:120] Searching paciente ...
[2022-11-26 23:18:26] [ INFO ] [DomicilioDAOH2:107] Searching domicilio ...
[2022-11-26 23:18:26] [ INFO ] [DomicilioDAOH2:118] Domicilio found
[2022-11-26 23:18:26] [ INFO ] [PacienteDAOH2:135] Paciente found
[2022-11-26 23:18:27] [ INFO ] [OdontologoDAOH2:109] Searching odontologo ...
[2022-11-26 23:18:27] [ INFO ] [OdontologoDAOH2:120] Odontologo found
[2022-11-26 23:18:45] [ INFO ] [PacienteDAOH2:120] Searching paciente ...
[2022-11-26 23:18:45] [ INFO ] [PacienteDAOH2:135] Paciente found
[2022-11-26 23:18:49] [ INFO ] [PacienteDAOH2:120] Searching paciente ...
[2022-11-26 23:18:49] [ INFO ] [DomicilioDAOH2:107] Searching domicilio ...
[2022-11-26 23:18:49] [ INFO ] [DomicilioDAOH2:118] Domicilio found
[2022-11-26 23:18:49] [ INFO ] [PacienteDAOH2:135] Paciente found
[2022-11-26 23:18:49] [ INFO ] [OdontologoDAOH2:109] Searching odontologo ...
[2022-11-26 23:18:49] [ INFO ] [OdontologoDAOH2:120] Odontologo found
[2022-11-26 23:18:53] [ INFO ] [PacienteDAOH2:120] Searching paciente ...
[2022-11-26 23:18:53] [ INFO ] [DomicilioDAOH2:107] Searching domicilio ...
[2022-11-26 23:18:53] [ INFO ] [DomicilioDAOH2:118] Domicilio found
[2022-11-26 23:18:53] [ INFO ] [PacienteDAOH2:135] Paciente found
[2022-11-26 23:18:53] [ INFO ] [OdontologoDAOH2:109] Searching odontologo ...
[2022-11-26 23:18:53] [ INFO ] [OdontologoDAOH2:120] Odontologo found
[2022-11-26 23:19:43] [ INFO ] [PacienteDAOH2:120] Searching paciente ...
[2022-11-26 23:19:43] [ INFO ] [PacienteDAOH2:135] Paciente found
[2022-11-26 23:20:09] [ INFO ] [PacienteDAOH2:120] Searching paciente ...
[2022-11-26 23:20:09] [ INFO ] [DomicilioDAOH2:107] Searching domicilio ...
[2022-11-26 23:20:09] [ INFO ] [DomicilioDAOH2:118] Domicilio found
[2022-11-26 23:20:09] [ INFO ] [PacienteDAOH2:135] Paciente found
[2022-11-26 23:20:09] [ INFO ] [OdontologoDAOH2:109] Searching odontologo ...
[2022-11-26 23:20:09] [ INFO ] [OdontologoDAOH2:120] Odontologo found
