[2022-12-04 14:53:39] [ INFO ] [OdontologoService:39] Registrando odontologo ...
[2022-12-04 14:53:39] [ INFO ] [OdontologoService:42] Odontologo registrado
[2022-12-04 14:53:39] [ INFO ] [PacienteService:38] Registrando paciente ...
[2022-12-04 14:53:39] [ INFO ] [PacienteService:41] Paciente registrado
[2022-12-04 14:53:39] [ INFO ] [OdontologoService:39] Registrando odontologo ...
[2022-12-04 14:53:39] [ INFO ] [OdontologoService:42] Odontologo registrado
[2022-12-04 14:53:39] [ INFO ] [PacienteService:38] Registrando paciente ...
[2022-12-04 14:53:39] [ INFO ] [PacienteService:41] Paciente registrado
[2022-12-04 14:53:39] [ INFO ] [TurnoDtoService:53] Registrando turno ...
[2022-12-04 14:53:39] [ INFO ] [PacienteService:26] Buscando paciente por ID ...
[2022-12-04 14:53:39] [ INFO ] [PacienteService:29] Paciente encontrado
[2022-12-04 14:53:39] [ INFO ] [OdontologoService:27] Buscando odontologo por ID ...
[2022-12-04 14:53:39] [ INFO ] [OdontologoService:30] Odontologo encontrado
[2022-12-04 14:53:39] [ INFO ] [TurnoDtoService:58] Turno registrado
[2022-12-04 14:53:39] [ INFO ] [TurnoDtoService:41] Buscando turno por ID ...
[2022-12-04 14:53:39] [ INFO ] [TurnoDtoService:44] Turno encontrado
[2022-12-04 14:53:39] [ INFO ] [TurnoDtoService:53] Registrando turno ...
[2022-12-04 14:53:39] [ INFO ] [PacienteService:26] Buscando paciente por ID ...
[2022-12-04 14:53:39] [ INFO ] [PacienteService:29] Paciente encontrado
[2022-12-04 14:53:39] [ INFO ] [OdontologoService:27] Buscando odontologo por ID ...
[2022-12-04 14:53:39] [ INFO ] [OdontologoService:30] Odontologo encontrado
[2022-12-04 14:53:39] [ INFO ] [TurnoDtoService:58] Turno registrado
[2022-12-04 14:53:39] [ INFO ] [TurnoDtoService:31] Obteniendo lista de turnos ...
[2022-12-04 14:53:39] [ INFO ] [TurnoDtoService:72] Actualizando turno ...
[2022-12-04 14:53:39] [ INFO ] [TurnoDtoService:41] Buscando turno por ID ...
[2022-12-04 14:53:39] [ INFO ] [TurnoDtoService:44] Turno encontrado
[2022-12-04 14:53:39] [ INFO ] [TurnoDtoService:74] Turno encontrado
[2022-12-04 14:53:39] [ INFO ] [PacienteService:26] Buscando paciente por ID ...
[2022-12-04 14:53:39] [ INFO ] [PacienteService:29] Paciente encontrado
[2022-12-04 14:53:39] [ INFO ] [OdontologoService:27] Buscando odontologo por ID ...
[2022-12-04 14:53:39] [ INFO ] [OdontologoService:30] Odontologo encontrado
[2022-12-04 14:53:39] [ WARN ] [TurnoDtoService:78] Turno con ID: 1 fue actualizado!
[2022-12-04 14:53:39] [ INFO ] [TurnoDtoService:41] Buscando turno por ID ...
[2022-12-04 14:53:39] [ INFO ] [TurnoDtoService:44] Turno encontrado
[2022-12-04 14:53:39] [ INFO ] [TurnoDtoService:87] Eliminando turno ...
[2022-12-04 14:53:39] [ INFO ] [TurnoDtoService:41] Buscando turno por ID ...
[2022-12-04 14:53:39] [ INFO ] [TurnoDtoService:44] Turno encontrado
[2022-12-04 14:53:39] [ INFO ] [TurnoDtoService:89] Turno encontrado
[2022-12-04 14:53:39] [ WARN ] [TurnoDtoService:91] Turno con ID: 1 fue eliminado!
[2022-12-04 14:53:39] [ INFO ] [TurnoDtoService:41] Buscando turno por ID ...
[2022-12-04 14:53:39] [ ERROR] [TurnoDtoService:48] El turno no existe en la DB 
[2022-12-04 14:56:08] [ INFO ] [OdontologoService:39] Registrando odontologo ...
[2022-12-04 14:56:08] [ INFO ] [OdontologoService:42] Odontologo registrado
[2022-12-04 14:56:08] [ INFO ] [PacienteService:38] Registrando paciente ...
[2022-12-04 14:56:08] [ INFO ] [PacienteService:41] Paciente registrado
[2022-12-04 14:56:08] [ INFO ] [OdontologoService:39] Registrando odontologo ...
[2022-12-04 14:56:08] [ INFO ] [OdontologoService:42] Odontologo registrado
[2022-12-04 14:56:08] [ INFO ] [PacienteService:38] Registrando paciente ...
[2022-12-04 14:56:08] [ INFO ] [PacienteService:41] Paciente registrado
[2022-12-04 14:56:08] [ INFO ] [TurnoDtoService:53] Registrando turno ...
[2022-12-04 14:56:08] [ INFO ] [PacienteService:26] Buscando paciente por ID ...
[2022-12-04 14:56:08] [ INFO ] [PacienteService:29] Paciente encontrado
[2022-12-04 14:56:08] [ INFO ] [OdontologoService:27] Buscando odontologo por ID ...
[2022-12-04 14:56:08] [ INFO ] [OdontologoService:30] Odontologo encontrado
[2022-12-04 14:56:08] [ INFO ] [TurnoDtoService:58] Turno registrado
[2022-12-04 14:56:08] [ INFO ] [TurnoDtoService:41] Buscando turno por ID ...
[2022-12-04 14:56:08] [ INFO ] [TurnoDtoService:44] Turno encontrado
[2022-12-04 14:56:08] [ INFO ] [TurnoDtoService:53] Registrando turno ...
[2022-12-04 14:56:08] [ INFO ] [PacienteService:26] Buscando paciente por ID ...
[2022-12-04 14:56:08] [ INFO ] [PacienteService:29] Paciente encontrado
[2022-12-04 14:56:08] [ INFO ] [OdontologoService:27] Buscando odontologo por ID ...
[2022-12-04 14:56:08] [ INFO ] [OdontologoService:30] Odontologo encontrado
[2022-12-04 14:56:08] [ INFO ] [TurnoDtoService:58] Turno registrado
[2022-12-04 14:56:08] [ INFO ] [TurnoDtoService:31] Obteniendo lista de turnos ...
[2022-12-04 14:56:08] [ INFO ] [TurnoDtoService:72] Actualizando turno ...
[2022-12-04 14:56:08] [ INFO ] [TurnoDtoService:41] Buscando turno por ID ...
[2022-12-04 14:56:08] [ INFO ] [TurnoDtoService:44] Turno encontrado
[2022-12-04 14:56:08] [ INFO ] [TurnoDtoService:74] Turno encontrado
[2022-12-04 14:56:08] [ INFO ] [PacienteService:26] Buscando paciente por ID ...
[2022-12-04 14:56:08] [ INFO ] [PacienteService:29] Paciente encontrado
[2022-12-04 14:56:08] [ INFO ] [OdontologoService:27] Buscando odontologo por ID ...
[2022-12-04 14:56:08] [ INFO ] [OdontologoService:30] Odontologo encontrado
[2022-12-04 14:56:08] [ WARN ] [TurnoDtoService:78] Turno con ID: 1 fue actualizado!
[2022-12-04 14:56:08] [ INFO ] [TurnoDtoService:41] Buscando turno por ID ...
[2022-12-04 14:56:08] [ INFO ] [TurnoDtoService:44] Turno encontrado
[2022-12-04 14:56:08] [ INFO ] [TurnoDtoService:87] Eliminando turno ...
[2022-12-04 14:56:08] [ INFO ] [TurnoDtoService:41] Buscando turno por ID ...
[2022-12-04 14:56:08] [ INFO ] [TurnoDtoService:44] Turno encontrado
[2022-12-04 14:56:08] [ INFO ] [TurnoDtoService:89] Turno encontrado
[2022-12-04 14:56:08] [ WARN ] [TurnoDtoService:91] Turno con ID: 1 fue eliminado!
[2022-12-04 14:56:08] [ INFO ] [TurnoDtoService:31] Obteniendo lista de turnos ...
[2022-12-04 14:56:26] [ INFO ] [OdontologoService:39] Registrando odontologo ...
[2022-12-04 14:56:26] [ INFO ] [OdontologoService:42] Odontologo registrado
[2022-12-04 14:56:26] [ INFO ] [PacienteService:38] Registrando paciente ...
[2022-12-04 14:56:26] [ INFO ] [PacienteService:41] Paciente registrado
[2022-12-04 14:56:26] [ INFO ] [OdontologoService:39] Registrando odontologo ...
[2022-12-04 14:56:26] [ INFO ] [OdontologoService:42] Odontologo registrado
[2022-12-04 14:56:26] [ INFO ] [PacienteService:38] Registrando paciente ...
[2022-12-04 14:56:26] [ INFO ] [PacienteService:41] Paciente registrado
[2022-12-04 14:56:26] [ INFO ] [TurnoDtoService:53] Registrando turno ...
[2022-12-04 14:56:26] [ INFO ] [PacienteService:26] Buscando paciente por ID ...
[2022-12-04 14:56:26] [ INFO ] [PacienteService:29] Paciente encontrado
[2022-12-04 14:56:26] [ INFO ] [OdontologoService:27] Buscando odontologo por ID ...
[2022-12-04 14:56:26] [ INFO ] [OdontologoService:30] Odontologo encontrado
[2022-12-04 14:56:26] [ INFO ] [TurnoDtoService:58] Turno registrado
[2022-12-04 14:56:26] [ INFO ] [TurnoDtoService:41] Buscando turno por ID ...
[2022-12-04 14:56:26] [ INFO ] [TurnoDtoService:44] Turno encontrado
[2022-12-04 14:56:26] [ INFO ] [TurnoDtoService:53] Registrando turno ...
[2022-12-04 14:56:26] [ INFO ] [PacienteService:26] Buscando paciente por ID ...
[2022-12-04 14:56:26] [ INFO ] [PacienteService:29] Paciente encontrado
[2022-12-04 14:56:26] [ INFO ] [OdontologoService:27] Buscando odontologo por ID ...
[2022-12-04 14:56:26] [ INFO ] [OdontologoService:30] Odontologo encontrado
[2022-12-04 14:56:26] [ INFO ] [TurnoDtoService:58] Turno registrado
[2022-12-04 14:56:26] [ INFO ] [TurnoDtoService:31] Obteniendo lista de turnos ...
[2022-12-04 14:56:26] [ INFO ] [TurnoDtoService:72] Actualizando turno ...
[2022-12-04 14:56:26] [ INFO ] [TurnoDtoService:41] Buscando turno por ID ...
[2022-12-04 14:56:26] [ INFO ] [TurnoDtoService:44] Turno encontrado
[2022-12-04 14:56:26] [ INFO ] [TurnoDtoService:74] Turno encontrado
[2022-12-04 14:56:26] [ INFO ] [PacienteService:26] Buscando paciente por ID ...
[2022-12-04 14:56:26] [ INFO ] [PacienteService:29] Paciente encontrado
[2022-12-04 14:56:26] [ INFO ] [OdontologoService:27] Buscando odontologo por ID ...
[2022-12-04 14:56:26] [ INFO ] [OdontologoService:30] Odontologo encontrado
[2022-12-04 14:56:26] [ WARN ] [TurnoDtoService:78] Turno con ID: 1 fue actualizado!
[2022-12-04 14:56:26] [ INFO ] [TurnoDtoService:41] Buscando turno por ID ...
[2022-12-04 14:56:26] [ INFO ] [TurnoDtoService:44] Turno encontrado
[2022-12-04 14:56:26] [ INFO ] [TurnoDtoService:87] Eliminando turno ...
[2022-12-04 14:56:26] [ INFO ] [TurnoDtoService:41] Buscando turno por ID ...
[2022-12-04 14:56:26] [ INFO ] [TurnoDtoService:44] Turno encontrado
[2022-12-04 14:56:26] [ INFO ] [TurnoDtoService:89] Turno encontrado
[2022-12-04 14:56:26] [ WARN ] [TurnoDtoService:91] Turno con ID: 1 fue eliminado!
[2022-12-04 14:56:26] [ INFO ] [TurnoDtoService:31] Obteniendo lista de turnos ...
[2022-12-04 14:56:42] [ INFO ] [OdontologoService:39] Registrando odontologo ...
[2022-12-04 14:56:42] [ INFO ] [OdontologoService:42] Odontologo registrado
[2022-12-04 14:56:42] [ INFO ] [PacienteService:38] Registrando paciente ...
[2022-12-04 14:56:42] [ INFO ] [PacienteService:41] Paciente registrado
[2022-12-04 14:56:42] [ INFO ] [OdontologoService:39] Registrando odontologo ...
[2022-12-04 14:56:42] [ INFO ] [OdontologoService:42] Odontologo registrado
[2022-12-04 14:56:42] [ INFO ] [PacienteService:38] Registrando paciente ...
[2022-12-04 14:56:42] [ INFO ] [PacienteService:41] Paciente registrado
[2022-12-04 14:56:42] [ INFO ] [TurnoDtoService:53] Registrando turno ...
[2022-12-04 14:56:42] [ INFO ] [PacienteService:26] Buscando paciente por ID ...
[2022-12-04 14:56:42] [ INFO ] [PacienteService:29] Paciente encontrado
[2022-12-04 14:56:42] [ INFO ] [OdontologoService:27] Buscando odontologo por ID ...
[2022-12-04 14:56:42] [ INFO ] [OdontologoService:30] Odontologo encontrado
[2022-12-04 14:56:42] [ INFO ] [TurnoDtoService:58] Turno registrado
[2022-12-04 14:56:42] [ INFO ] [TurnoDtoService:41] Buscando turno por ID ...
[2022-12-04 14:56:42] [ INFO ] [TurnoDtoService:44] Turno encontrado
[2022-12-04 14:56:42] [ INFO ] [TurnoDtoService:53] Registrando turno ...
[2022-12-04 14:56:42] [ INFO ] [PacienteService:26] Buscando paciente por ID ...
[2022-12-04 14:56:42] [ INFO ] [PacienteService:29] Paciente encontrado
[2022-12-04 14:56:42] [ INFO ] [OdontologoService:27] Buscando odontologo por ID ...
[2022-12-04 14:56:42] [ INFO ] [OdontologoService:30] Odontologo encontrado
[2022-12-04 14:56:42] [ INFO ] [TurnoDtoService:58] Turno registrado
[2022-12-04 14:56:42] [ INFO ] [TurnoDtoService:31] Obteniendo lista de turnos ...
[2022-12-04 14:56:42] [ INFO ] [TurnoDtoService:72] Actualizando turno ...
[2022-12-04 14:56:42] [ INFO ] [TurnoDtoService:41] Buscando turno por ID ...
[2022-12-04 14:56:42] [ INFO ] [TurnoDtoService:44] Turno encontrado
[2022-12-04 14:56:42] [ INFO ] [TurnoDtoService:74] Turno encontrado
[2022-12-04 14:56:42] [ INFO ] [PacienteService:26] Buscando paciente por ID ...
[2022-12-04 14:56:42] [ INFO ] [PacienteService:29] Paciente encontrado
[2022-12-04 14:56:42] [ INFO ] [OdontologoService:27] Buscando odontologo por ID ...
[2022-12-04 14:56:42] [ INFO ] [OdontologoService:30] Odontologo encontrado
[2022-12-04 14:56:43] [ WARN ] [TurnoDtoService:78] Turno con ID: 1 fue actualizado!
[2022-12-04 14:56:43] [ INFO ] [TurnoDtoService:41] Buscando turno por ID ...
[2022-12-04 14:56:43] [ INFO ] [TurnoDtoService:44] Turno encontrado
[2022-12-04 14:56:43] [ INFO ] [TurnoDtoService:87] Eliminando turno ...
[2022-12-04 14:56:43] [ INFO ] [TurnoDtoService:41] Buscando turno por ID ...
[2022-12-04 14:56:43] [ INFO ] [TurnoDtoService:44] Turno encontrado
[2022-12-04 14:56:43] [ INFO ] [TurnoDtoService:89] Turno encontrado
[2022-12-04 14:56:43] [ WARN ] [TurnoDtoService:91] Turno con ID: 1 fue eliminado!
[2022-12-04 14:56:43] [ INFO ] [TurnoDtoService:31] Obteniendo lista de turnos ...
[2022-12-06 07:41:46] [ INFO ] [OdontologoService:23] Obteniendo lista de odontologos ...
[2022-12-06 07:41:47] [ INFO ] [PacienteService:22] Obteniendo lista de pacientes ...
[2022-12-06 07:41:49] [ INFO ] [TurnoDtoService:31] Obteniendo lista de turnos ...
[2022-12-06 07:41:56] [ INFO ] [OdontologoService:39] Registrando odontologo ...
[2022-12-06 07:41:56] [ INFO ] [OdontologoService:42] Odontologo registrado
[2022-12-06 07:42:00] [ INFO ] [OdontologoService:23] Obteniendo lista de odontologos ...
[2022-12-06 07:42:02] [ INFO ] [OdontologoService:58] Eliminando odontologo ...
[2022-12-06 07:42:02] [ INFO ] [OdontologoService:27] Buscando odontologo por ID ...
[2022-12-06 07:42:02] [ INFO ] [OdontologoService:30] Odontologo encontrado
[2022-12-06 07:42:02] [ INFO ] [OdontologoService:60] Odontologo encontrado
[2022-12-06 07:42:02] [ WARN ] [OdontologoService:62] Odontologo con ID: 1 fue eliminado!
[2022-12-06 07:42:22] [ INFO ] [PacienteService:38] Registrando paciente ...
[2022-12-06 07:42:22] [ INFO ] [PacienteService:41] Paciente registrado
[2022-12-06 07:42:42] [ INFO ] [PacienteService:22] Obteniendo lista de pacientes ...
[2022-12-06 07:42:44] [ INFO ] [PacienteService:58] Eliminando paciente ...
[2022-12-06 07:42:44] [ INFO ] [PacienteService:26] Buscando paciente por ID ...
[2022-12-06 07:42:44] [ INFO ] [PacienteService:29] Paciente encontrado
[2022-12-06 07:42:44] [ INFO ] [PacienteService:60] Paciente encontrado
[2022-12-06 07:42:44] [ WARN ] [PacienteService:62] Paciente con ID: 1 fue eliminado!
[2022-12-06 07:42:53] [ INFO ] [TurnoDtoService:53] Registrando turno ...
[2022-12-06 07:42:53] [ INFO ] [PacienteService:26] Buscando paciente por ID ...
[2022-12-06 07:42:53] [ ERROR] [PacienteService:33] El paciente no existe en la DB 
[2022-12-06 07:43:07] [ INFO ] [OdontologoService:39] Registrando odontologo ...
[2022-12-06 07:43:07] [ INFO ] [OdontologoService:42] Odontologo registrado
[2022-12-06 07:43:26] [ INFO ] [PacienteService:38] Registrando paciente ...
[2022-12-06 07:43:26] [ INFO ] [PacienteService:41] Paciente registrado
[2022-12-06 07:43:31] [ INFO ] [OdontologoService:23] Obteniendo lista de odontologos ...
[2022-12-06 07:43:33] [ INFO ] [PacienteService:22] Obteniendo lista de pacientes ...
[2022-12-06 07:43:36] [ INFO ] [TurnoDtoService:31] Obteniendo lista de turnos ...
[2022-12-06 07:43:46] [ INFO ] [TurnoDtoService:53] Registrando turno ...
[2022-12-06 07:43:46] [ INFO ] [PacienteService:26] Buscando paciente por ID ...
[2022-12-06 07:43:46] [ INFO ] [PacienteService:29] Paciente encontrado
[2022-12-06 07:43:46] [ INFO ] [OdontologoService:27] Buscando odontologo por ID ...
[2022-12-06 07:43:46] [ INFO ] [OdontologoService:30] Odontologo encontrado
[2022-12-06 07:43:46] [ INFO ] [TurnoDtoService:58] Turno registrado
[2022-12-06 07:43:49] [ INFO ] [TurnoDtoService:31] Obteniendo lista de turnos ...
[2022-12-06 07:43:52] [ INFO ] [OdontologoService:23] Obteniendo lista de odontologos ...
[2022-12-06 07:43:53] [ INFO ] [OdontologoService:58] Eliminando odontologo ...
[2022-12-06 07:43:53] [ INFO ] [OdontologoService:27] Buscando odontologo por ID ...
[2022-12-06 07:43:53] [ INFO ] [OdontologoService:30] Odontologo encontrado
[2022-12-06 07:43:53] [ INFO ] [OdontologoService:60] Odontologo encontrado
[2022-12-06 07:43:56] [ INFO ] [OdontologoService:58] Eliminando odontologo ...
[2022-12-06 07:43:56] [ INFO ] [OdontologoService:27] Buscando odontologo por ID ...
[2022-12-06 07:43:56] [ INFO ] [OdontologoService:30] Odontologo encontrado
[2022-12-06 07:43:56] [ INFO ] [OdontologoService:60] Odontologo encontrado
[2022-12-06 07:44:53] [ INFO ] [PacienteService:58] Eliminando paciente ...
[2022-12-06 07:44:53] [ INFO ] [PacienteService:26] Buscando paciente por ID ...
[2022-12-06 07:44:53] [ INFO ] [PacienteService:29] Paciente encontrado
[2022-12-06 07:44:53] [ INFO ] [PacienteService:60] Paciente encontrado
[2022-12-06 07:46:00] [ INFO ] [OdontologoService:58] Eliminando odontologo ...
[2022-12-06 07:46:00] [ INFO ] [OdontologoService:27] Buscando odontologo por ID ...
[2022-12-06 07:46:00] [ INFO ] [OdontologoService:30] Odontologo encontrado
[2022-12-06 07:46:00] [ INFO ] [OdontologoService:60] Odontologo encontrado
[2022-12-06 07:46:04] [ INFO ] [OdontologoService:23] Obteniendo lista de odontologos ...
[2022-12-06 07:46:05] [ INFO ] [OdontologoService:58] Eliminando odontologo ...
[2022-12-06 07:46:05] [ INFO ] [OdontologoService:27] Buscando odontologo por ID ...
[2022-12-06 07:46:05] [ INFO ] [OdontologoService:30] Odontologo encontrado
[2022-12-06 07:46:05] [ INFO ] [OdontologoService:60] Odontologo encontrado
[2022-12-06 07:46:14] [ INFO ] [PacienteService:22] Obteniendo lista de pacientes ...
[2022-12-06 07:46:15] [ INFO ] [PacienteService:58] Eliminando paciente ...
[2022-12-06 07:46:15] [ INFO ] [PacienteService:26] Buscando paciente por ID ...
[2022-12-06 07:46:15] [ INFO ] [PacienteService:29] Paciente encontrado
[2022-12-06 07:46:15] [ INFO ] [PacienteService:60] Paciente encontrado
[2022-12-06 07:46:17] [ INFO ] [PacienteService:58] Eliminando paciente ...
[2022-12-06 07:46:17] [ INFO ] [PacienteService:26] Buscando paciente por ID ...
[2022-12-06 07:46:17] [ INFO ] [PacienteService:29] Paciente encontrado
[2022-12-06 07:46:17] [ INFO ] [PacienteService:60] Paciente encontrado
[2022-12-06 07:46:19] [ INFO ] [PacienteService:22] Obteniendo lista de pacientes ...
[2022-12-06 07:46:21] [ INFO ] [PacienteService:58] Eliminando paciente ...
[2022-12-06 07:46:21] [ INFO ] [PacienteService:26] Buscando paciente por ID ...
[2022-12-06 07:46:21] [ INFO ] [PacienteService:29] Paciente encontrado
[2022-12-06 07:46:21] [ INFO ] [PacienteService:60] Paciente encontrado
[2022-12-06 07:46:29] [ INFO ] [TurnoDtoService:31] Obteniendo lista de turnos ...
[2022-12-06 07:46:32] [ INFO ] [TurnoDtoService:31] Obteniendo lista de turnos ...
[2022-12-06 07:46:35] [ INFO ] [OdontologoService:23] Obteniendo lista de odontologos ...
[2022-12-06 07:46:37] [ INFO ] [OdontologoService:58] Eliminando odontologo ...
[2022-12-06 07:46:37] [ INFO ] [OdontologoService:27] Buscando odontologo por ID ...
[2022-12-06 07:46:37] [ INFO ] [OdontologoService:30] Odontologo encontrado
[2022-12-06 07:46:37] [ INFO ] [OdontologoService:60] Odontologo encontrado
[2022-12-06 07:46:40] [ INFO ] [PacienteService:22] Obteniendo lista de pacientes ...
[2022-12-06 07:46:42] [ INFO ] [PacienteService:58] Eliminando paciente ...
[2022-12-06 07:46:42] [ INFO ] [PacienteService:26] Buscando paciente por ID ...
[2022-12-06 07:46:42] [ INFO ] [PacienteService:29] Paciente encontrado
[2022-12-06 07:46:42] [ INFO ] [PacienteService:60] Paciente encontrado
[2022-12-06 07:46:46] [ INFO ] [TurnoDtoService:31] Obteniendo lista de turnos ...
[2022-12-06 07:46:47] [ INFO ] [TurnoDtoService:87] Eliminando turno ...
[2022-12-06 07:46:47] [ INFO ] [TurnoDtoService:41] Buscando turno por ID ...
[2022-12-06 07:46:47] [ INFO ] [TurnoDtoService:44] Turno encontrado
[2022-12-06 07:46:47] [ INFO ] [TurnoDtoService:89] Turno encontrado
[2022-12-06 07:46:47] [ WARN ] [TurnoDtoService:91] Turno con ID: 1 fue eliminado!
[2022-12-06 07:46:50] [ INFO ] [PacienteService:22] Obteniendo lista de pacientes ...
[2022-12-06 07:46:51] [ INFO ] [PacienteService:58] Eliminando paciente ...
[2022-12-06 07:46:51] [ INFO ] [PacienteService:26] Buscando paciente por ID ...
[2022-12-06 07:46:51] [ INFO ] [PacienteService:29] Paciente encontrado
[2022-12-06 07:46:51] [ INFO ] [PacienteService:60] Paciente encontrado
[2022-12-06 07:46:51] [ WARN ] [PacienteService:62] Paciente con ID: 2 fue eliminado!
[2022-12-06 07:46:53] [ INFO ] [OdontologoService:23] Obteniendo lista de odontologos ...
[2022-12-06 07:46:54] [ INFO ] [OdontologoService:58] Eliminando odontologo ...
[2022-12-06 07:46:54] [ INFO ] [OdontologoService:27] Buscando odontologo por ID ...
[2022-12-06 07:46:54] [ INFO ] [OdontologoService:30] Odontologo encontrado
[2022-12-06 07:46:54] [ INFO ] [OdontologoService:60] Odontologo encontrado
[2022-12-06 07:46:54] [ WARN ] [OdontologoService:62] Odontologo con ID: 2 fue eliminado!
[2022-12-06 07:47:20] [ INFO ] [PacienteService:38] Registrando paciente ...
[2022-12-06 07:47:20] [ INFO ] [PacienteService:41] Paciente registrado
[2022-12-06 07:47:27] [ INFO ] [PacienteService:22] Obteniendo lista de pacientes ...
[2022-12-06 07:47:28] [ INFO ] [PacienteService:26] Buscando paciente por ID ...
[2022-12-06 07:47:28] [ INFO ] [PacienteService:29] Paciente encontrado
[2022-12-06 07:49:23] [ INFO ] [OdontologoService:39] Registrando odontologo ...
[2022-12-06 07:49:23] [ INFO ] [OdontologoService:42] Odontologo registrado
[2022-12-06 07:49:44] [ INFO ] [PacienteService:38] Registrando paciente ...
[2022-12-06 07:49:44] [ INFO ] [PacienteService:41] Paciente registrado
[2022-12-06 07:50:13] [ INFO ] [PacienteService:22] Obteniendo lista de pacientes ...
[2022-12-06 07:50:44] [ INFO ] [PacienteService:22] Obteniendo lista de pacientes ...
[2022-12-06 07:50:50] [ INFO ] [PacienteService:22] Obteniendo lista de pacientes ...
[2022-12-06 07:52:44] [ INFO ] [PacienteService:22] Obteniendo lista de pacientes ...
[2022-12-06 07:53:55] [ INFO ] [PacienteService:38] Registrando paciente ...
[2022-12-06 07:53:55] [ INFO ] [PacienteService:41] Paciente registrado
[2022-12-06 07:53:59] [ INFO ] [PacienteService:22] Obteniendo lista de pacientes ...
[2022-12-06 07:54:02] [ INFO ] [OdontologoService:23] Obteniendo lista de odontologos ...
[2022-12-06 07:54:06] [ INFO ] [PacienteService:22] Obteniendo lista de pacientes ...
[2022-12-06 07:54:07] [ INFO ] [PacienteService:26] Buscando paciente por ID ...
[2022-12-06 07:54:07] [ INFO ] [PacienteService:29] Paciente encontrado
[2022-12-06 07:54:39] [ INFO ] [PacienteService:22] Obteniendo lista de pacientes ...
[2022-12-06 07:54:40] [ INFO ] [PacienteService:26] Buscando paciente por ID ...
[2022-12-06 07:54:40] [ INFO ] [PacienteService:29] Paciente encontrado
[2022-12-06 07:55:03] [ INFO ] [PacienteService:50] Actualizando paciente ...
[2022-12-06 07:55:03] [ INFO ] [PacienteService:26] Buscando paciente por ID ...
[2022-12-06 07:55:03] [ INFO ] [PacienteService:29] Paciente encontrado
[2022-12-06 07:55:03] [ INFO ] [PacienteService:53] Paciente encontrado
[2022-12-06 07:55:03] [ WARN ] [PacienteService:55] Paciente con ID: 2 fue actualizado!
[2022-12-06 07:55:03] [ INFO ] [PacienteService:22] Obteniendo lista de pacientes ...
[2022-12-06 07:55:12] [ INFO ] [PacienteService:58] Eliminando paciente ...
[2022-12-06 07:55:12] [ INFO ] [PacienteService:26] Buscando paciente por ID ...
[2022-12-06 07:55:12] [ INFO ] [PacienteService:29] Paciente encontrado
[2022-12-06 07:55:12] [ INFO ] [PacienteService:60] Paciente encontrado
[2022-12-06 07:55:12] [ WARN ] [PacienteService:62] Paciente con ID: 2 fue eliminado!
[2022-12-06 07:55:36] [ INFO ] [TurnoDtoService:31] Obteniendo lista de turnos ...
[2022-12-06 07:55:41] [ INFO ] [PacienteService:22] Obteniendo lista de pacientes ...
[2022-12-06 07:55:42] [ INFO ] [OdontologoService:23] Obteniendo lista de odontologos ...
[2022-12-06 07:55:47] [ INFO ] [OdontologoService:23] Obteniendo lista de odontologos ...
[2022-12-06 07:55:48] [ INFO ] [PacienteService:22] Obteniendo lista de pacientes ...
[2022-12-06 07:55:51] [ INFO ] [TurnoDtoService:31] Obteniendo lista de turnos ...
[2022-12-06 07:55:56] [ INFO ] [PacienteService:22] Obteniendo lista de pacientes ...
[2022-12-06 07:55:59] [ INFO ] [OdontologoService:23] Obteniendo lista de odontologos ...
[2022-12-06 07:56:01] [ INFO ] [TurnoDtoService:31] Obteniendo lista de turnos ...
[2022-12-06 07:56:10] [ INFO ] [TurnoDtoService:53] Registrando turno ...
[2022-12-06 07:56:10] [ INFO ] [PacienteService:26] Buscando paciente por ID ...
[2022-12-06 07:56:10] [ INFO ] [PacienteService:29] Paciente encontrado
[2022-12-06 07:56:10] [ INFO ] [OdontologoService:27] Buscando odontologo por ID ...
[2022-12-06 07:56:10] [ INFO ] [OdontologoService:30] Odontologo encontrado
[2022-12-06 07:56:10] [ INFO ] [TurnoDtoService:58] Turno registrado
[2022-12-06 07:56:15] [ INFO ] [TurnoDtoService:31] Obteniendo lista de turnos ...
[2022-12-06 07:56:17] [ INFO ] [OdontologoService:23] Obteniendo lista de odontologos ...
[2022-12-06 07:56:19] [ INFO ] [OdontologoService:58] Eliminando odontologo ...
[2022-12-06 07:56:19] [ INFO ] [OdontologoService:27] Buscando odontologo por ID ...
[2022-12-06 07:56:19] [ INFO ] [OdontologoService:30] Odontologo encontrado
[2022-12-06 07:56:19] [ INFO ] [OdontologoService:60] Odontologo encontrado
[2022-12-06 07:56:23] [ INFO ] [OdontologoService:27] Buscando odontologo por ID ...
[2022-12-06 07:56:23] [ INFO ] [OdontologoService:30] Odontologo encontrado
[2022-12-06 07:56:32] [ INFO ] [OdontologoService:51] Actualizando odontologo ...
[2022-12-06 07:56:32] [ INFO ] [OdontologoService:27] Buscando odontologo por ID ...
[2022-12-06 07:56:32] [ INFO ] [OdontologoService:30] Odontologo encontrado
[2022-12-06 07:56:32] [ INFO ] [OdontologoService:53] Odontologo encontrado
[2022-12-06 07:56:33] [ WARN ] [OdontologoService:55] Odontologo con ID: 1 fue actualizado!
[2022-12-06 07:56:33] [ INFO ] [OdontologoService:23] Obteniendo lista de odontologos ...
[2022-12-06 07:56:38] [ INFO ] [PacienteService:22] Obteniendo lista de pacientes ...
[2022-12-06 07:56:40] [ INFO ] [PacienteService:26] Buscando paciente por ID ...
[2022-12-06 07:56:40] [ INFO ] [PacienteService:29] Paciente encontrado
[2022-12-06 07:56:59] [ INFO ] [PacienteService:22] Obteniendo lista de pacientes ...
[2022-12-06 07:57:03] [ INFO ] [PacienteService:22] Obteniendo lista de pacientes ...
[2022-12-06 07:57:08] [ INFO ] [OdontologoService:23] Obteniendo lista de odontologos ...
[2022-12-06 07:57:12] [ INFO ] [PacienteService:22] Obteniendo lista de pacientes ...
[2022-12-06 07:57:14] [ INFO ] [PacienteService:22] Obteniendo lista de pacientes ...
[2022-12-06 07:57:15] [ INFO ] [PacienteService:22] Obteniendo lista de pacientes ...
[2022-12-06 07:57:17] [ INFO ] [PacienteService:22] Obteniendo lista de pacientes ...
[2022-12-06 07:57:18] [ INFO ] [PacienteService:26] Buscando paciente por ID ...
[2022-12-06 07:57:18] [ INFO ] [PacienteService:29] Paciente encontrado
[2022-12-06 07:57:38] [ INFO ] [PacienteService:22] Obteniendo lista de pacientes ...
[2022-12-06 07:58:21] [ INFO ] [PacienteService:26] Buscando paciente por ID ...
[2022-12-06 07:58:21] [ INFO ] [PacienteService:29] Paciente encontrado
[2022-12-06 07:58:28] [ INFO ] [PacienteService:50] Actualizando paciente ...
[2022-12-06 07:58:28] [ INFO ] [PacienteService:26] Buscando paciente por ID ...
[2022-12-06 07:58:28] [ INFO ] [PacienteService:29] Paciente encontrado
[2022-12-06 07:58:28] [ INFO ] [PacienteService:53] Paciente encontrado
[2022-12-06 07:58:28] [ WARN ] [PacienteService:55] Paciente con ID: 1 fue actualizado!
[2022-12-06 07:58:28] [ INFO ] [PacienteService:22] Obteniendo lista de pacientes ...
[2022-12-06 08:01:49] [ INFO ] [PacienteService:26] Buscando paciente por ID ...
[2022-12-06 08:01:49] [ INFO ] [PacienteService:29] Paciente encontrado
[2022-12-06 08:01:54] [ INFO ] [PacienteService:50] Actualizando paciente ...
[2022-12-06 08:01:54] [ INFO ] [PacienteService:26] Buscando paciente por ID ...
[2022-12-06 08:01:54] [ INFO ] [PacienteService:29] Paciente encontrado
[2022-12-06 08:01:54] [ INFO ] [PacienteService:53] Paciente encontrado
[2022-12-06 08:01:54] [ WARN ] [PacienteService:55] Paciente con ID: 1 fue actualizado!
[2022-12-06 08:01:54] [ INFO ] [PacienteService:22] Obteniendo lista de pacientes ...
[2022-12-06 08:01:56] [ INFO ] [PacienteService:26] Buscando paciente por ID ...
[2022-12-06 08:01:56] [ INFO ] [PacienteService:29] Paciente encontrado
[2022-12-06 08:02:00] [ INFO ] [PacienteService:50] Actualizando paciente ...
[2022-12-06 08:02:00] [ INFO ] [PacienteService:26] Buscando paciente por ID ...
[2022-12-06 08:02:00] [ INFO ] [PacienteService:29] Paciente encontrado
[2022-12-06 08:02:00] [ INFO ] [PacienteService:53] Paciente encontrado
[2022-12-06 08:02:00] [ WARN ] [PacienteService:55] Paciente con ID: 1 fue actualizado!
[2022-12-06 08:02:00] [ INFO ] [PacienteService:22] Obteniendo lista de pacientes ...
[2022-12-06 08:02:02] [ INFO ] [PacienteService:26] Buscando paciente por ID ...
[2022-12-06 08:02:02] [ INFO ] [PacienteService:29] Paciente encontrado
[2022-12-06 08:02:09] [ INFO ] [PacienteService:50] Actualizando paciente ...
[2022-12-06 08:02:09] [ INFO ] [PacienteService:26] Buscando paciente por ID ...
[2022-12-06 08:02:09] [ INFO ] [PacienteService:29] Paciente encontrado
[2022-12-06 08:02:09] [ INFO ] [PacienteService:53] Paciente encontrado
[2022-12-06 08:02:09] [ WARN ] [PacienteService:55] Paciente con ID: 1 fue actualizado!
[2022-12-06 08:02:09] [ INFO ] [PacienteService:22] Obteniendo lista de pacientes ...
[2022-12-06 08:02:12] [ INFO ] [PacienteService:26] Buscando paciente por ID ...
[2022-12-06 08:02:12] [ INFO ] [PacienteService:29] Paciente encontrado
[2022-12-06 08:02:17] [ INFO ] [PacienteService:50] Actualizando paciente ...
[2022-12-06 08:02:17] [ INFO ] [PacienteService:26] Buscando paciente por ID ...
[2022-12-06 08:02:17] [ INFO ] [PacienteService:29] Paciente encontrado
[2022-12-06 08:02:17] [ INFO ] [PacienteService:53] Paciente encontrado
[2022-12-06 08:02:17] [ WARN ] [PacienteService:55] Paciente con ID: 1 fue actualizado!
[2022-12-06 08:02:17] [ INFO ] [PacienteService:22] Obteniendo lista de pacientes ...
[2022-12-06 08:02:20] [ INFO ] [PacienteService:26] Buscando paciente por ID ...
[2022-12-06 08:02:20] [ INFO ] [PacienteService:29] Paciente encontrado
[2022-12-06 08:02:28] [ INFO ] [PacienteService:50] Actualizando paciente ...
[2022-12-06 08:02:28] [ INFO ] [PacienteService:26] Buscando paciente por ID ...
[2022-12-06 08:02:28] [ INFO ] [PacienteService:29] Paciente encontrado
[2022-12-06 08:02:28] [ INFO ] [PacienteService:53] Paciente encontrado
[2022-12-06 08:02:28] [ WARN ] [PacienteService:55] Paciente con ID: 1 fue actualizado!
[2022-12-06 08:02:28] [ INFO ] [PacienteService:22] Obteniendo lista de pacientes ...
[2022-12-06 08:02:31] [ INFO ] [PacienteService:26] Buscando paciente por ID ...
[2022-12-06 08:02:31] [ INFO ] [PacienteService:29] Paciente encontrado
[2022-12-06 08:02:38] [ INFO ] [PacienteService:50] Actualizando paciente ...
[2022-12-06 08:02:38] [ INFO ] [PacienteService:26] Buscando paciente por ID ...
[2022-12-06 08:02:38] [ INFO ] [PacienteService:29] Paciente encontrado
[2022-12-06 08:02:38] [ INFO ] [PacienteService:53] Paciente encontrado
[2022-12-06 08:02:38] [ WARN ] [PacienteService:55] Paciente con ID: 1 fue actualizado!
[2022-12-06 08:02:38] [ INFO ] [PacienteService:22] Obteniendo lista de pacientes ...
[2022-12-06 08:03:01] [ INFO ] [PacienteService:26] Buscando paciente por ID ...
[2022-12-06 08:03:01] [ INFO ] [PacienteService:29] Paciente encontrado
[2022-12-06 08:03:33] [ INFO ] [PacienteService:50] Actualizando paciente ...
[2022-12-06 08:03:33] [ INFO ] [PacienteService:26] Buscando paciente por ID ...
[2022-12-06 08:03:33] [ INFO ] [PacienteService:29] Paciente encontrado
[2022-12-06 08:03:33] [ INFO ] [PacienteService:53] Paciente encontrado
[2022-12-06 08:03:33] [ WARN ] [PacienteService:55] Paciente con ID: 1 fue actualizado!
[2022-12-06 08:03:33] [ INFO ] [PacienteService:22] Obteniendo lista de pacientes ...
[2022-12-06 08:03:46] [ INFO ] [OdontologoService:23] Obteniendo lista de odontologos ...
[2022-12-06 08:03:51] [ INFO ] [OdontologoService:27] Buscando odontologo por ID ...
[2022-12-06 08:03:51] [ INFO ] [OdontologoService:30] Odontologo encontrado
[2022-12-06 08:04:00] [ INFO ] [OdontologoService:51] Actualizando odontologo ...
[2022-12-06 08:04:00] [ INFO ] [OdontologoService:27] Buscando odontologo por ID ...
[2022-12-06 08:04:00] [ INFO ] [OdontologoService:30] Odontologo encontrado
[2022-12-06 08:04:00] [ INFO ] [OdontologoService:53] Odontologo encontrado
[2022-12-06 08:04:00] [ WARN ] [OdontologoService:55] Odontologo con ID: 1 fue actualizado!
[2022-12-06 08:04:01] [ INFO ] [OdontologoService:23] Obteniendo lista de odontologos ...
[2022-12-06 08:04:05] [ INFO ] [PacienteService:22] Obteniendo lista de pacientes ...
[2022-12-06 08:04:07] [ INFO ] [TurnoDtoService:31] Obteniendo lista de turnos ...
[2022-12-06 08:04:09] [ INFO ] [OdontologoService:23] Obteniendo lista de odontologos ...
[2022-12-06 08:04:10] [ INFO ] [OdontologoService:58] Eliminando odontologo ...
[2022-12-06 08:04:10] [ INFO ] [OdontologoService:27] Buscando odontologo por ID ...
[2022-12-06 08:04:10] [ INFO ] [OdontologoService:30] Odontologo encontrado
[2022-12-06 08:04:10] [ INFO ] [OdontologoService:60] Odontologo encontrado
[2022-12-06 08:04:13] [ INFO ] [PacienteService:22] Obteniendo lista de pacientes ...
[2022-12-06 08:04:15] [ INFO ] [PacienteService:58] Eliminando paciente ...
[2022-12-06 08:04:15] [ INFO ] [PacienteService:26] Buscando paciente por ID ...
[2022-12-06 08:04:15] [ INFO ] [PacienteService:29] Paciente encontrado
[2022-12-06 08:04:15] [ INFO ] [PacienteService:60] Paciente encontrado
[2022-12-06 08:04:18] [ INFO ] [TurnoDtoService:31] Obteniendo lista de turnos ...
[2022-12-06 08:04:20] [ INFO ] [TurnoDtoService:87] Eliminando turno ...
[2022-12-06 08:04:20] [ INFO ] [TurnoDtoService:41] Buscando turno por ID ...
[2022-12-06 08:04:20] [ INFO ] [TurnoDtoService:44] Turno encontrado
[2022-12-06 08:04:20] [ INFO ] [TurnoDtoService:89] Turno encontrado
[2022-12-06 08:04:20] [ WARN ] [TurnoDtoService:91] Turno con ID: 1 fue eliminado!
[2022-12-06 08:04:23] [ INFO ] [OdontologoService:23] Obteniendo lista de odontologos ...
[2022-12-06 08:04:35] [ INFO ] [TurnoDtoService:53] Registrando turno ...
[2022-12-06 08:04:35] [ INFO ] [PacienteService:26] Buscando paciente por ID ...
[2022-12-06 08:04:35] [ INFO ] [PacienteService:29] Paciente encontrado
[2022-12-06 08:04:35] [ INFO ] [OdontologoService:27] Buscando odontologo por ID ...
[2022-12-06 08:04:35] [ INFO ] [OdontologoService:30] Odontologo encontrado
[2022-12-06 08:04:35] [ INFO ] [TurnoDtoService:58] Turno registrado
[2022-12-06 08:04:39] [ INFO ] [TurnoDtoService:31] Obteniendo lista de turnos ...
[2022-12-06 08:04:47] [ INFO ] [TurnoDtoService:41] Buscando turno por ID ...
[2022-12-06 08:04:47] [ INFO ] [TurnoDtoService:44] Turno encontrado
[2022-12-06 08:04:55] [ INFO ] [OdontologoService:23] Obteniendo lista de odontologos ...
[2022-12-06 08:05:09] [ INFO ] [OdontologoService:39] Registrando odontologo ...
[2022-12-06 08:05:09] [ INFO ] [OdontologoService:42] Odontologo registrado
[2022-12-06 08:05:12] [ INFO ] [OdontologoService:23] Obteniendo lista de odontologos ...
[2022-12-06 08:05:45] [ INFO ] [PacienteService:38] Registrando paciente ...
[2022-12-06 08:05:45] [ INFO ] [PacienteService:41] Paciente registrado
[2022-12-06 08:05:50] [ INFO ] [PacienteService:22] Obteniendo lista de pacientes ...
[2022-12-06 08:06:00] [ INFO ] [TurnoDtoService:31] Obteniendo lista de turnos ...
[2022-12-06 08:06:02] [ INFO ] [TurnoDtoService:41] Buscando turno por ID ...
[2022-12-06 08:06:02] [ INFO ] [TurnoDtoService:44] Turno encontrado
[2022-12-06 08:06:12] [ INFO ] [TurnoDtoService:72] Actualizando turno ...
[2022-12-06 08:06:12] [ INFO ] [TurnoDtoService:41] Buscando turno por ID ...
[2022-12-06 08:06:12] [ INFO ] [TurnoDtoService:44] Turno encontrado
[2022-12-06 08:06:12] [ INFO ] [TurnoDtoService:74] Turno encontrado
[2022-12-06 08:06:12] [ INFO ] [PacienteService:26] Buscando paciente por ID ...
[2022-12-06 08:06:12] [ ERROR] [PacienteService:33] El paciente no existe en la DB 
[2022-12-06 08:06:20] [ INFO ] [TurnoDtoService:31] Obteniendo lista de turnos ...
[2022-12-06 08:06:29] [ INFO ] [OdontologoService:23] Obteniendo lista de odontologos ...
[2022-12-06 08:06:31] [ INFO ] [PacienteService:22] Obteniendo lista de pacientes ...
[2022-12-06 08:06:35] [ INFO ] [TurnoDtoService:31] Obteniendo lista de turnos ...
[2022-12-06 08:07:57] [ INFO ] [OdontologoService:23] Obteniendo lista de odontologos ...
[2022-12-06 08:08:01] [ INFO ] [PacienteService:22] Obteniendo lista de pacientes ...
[2022-12-06 08:08:04] [ INFO ] [TurnoDtoService:31] Obteniendo lista de turnos ...
[2022-12-06 08:08:05] [ INFO ] [TurnoDtoService:41] Buscando turno por ID ...
[2022-12-06 08:08:05] [ INFO ] [TurnoDtoService:44] Turno encontrado
[2022-12-06 08:08:09] [ INFO ] [TurnoDtoService:72] Actualizando turno ...
[2022-12-06 08:08:09] [ INFO ] [TurnoDtoService:41] Buscando turno por ID ...
[2022-12-06 08:08:09] [ INFO ] [TurnoDtoService:44] Turno encontrado
[2022-12-06 08:08:09] [ INFO ] [TurnoDtoService:74] Turno encontrado
[2022-12-06 08:08:09] [ INFO ] [PacienteService:26] Buscando paciente por ID ...
[2022-12-06 08:08:09] [ INFO ] [PacienteService:29] Paciente encontrado
[2022-12-06 08:08:09] [ INFO ] [OdontologoService:27] Buscando odontologo por ID ...
[2022-12-06 08:08:09] [ INFO ] [OdontologoService:30] Odontologo encontrado
[2022-12-06 08:08:09] [ WARN ] [TurnoDtoService:78] Turno con ID: 2 fue actualizado!
[2022-12-06 08:08:09] [ INFO ] [TurnoDtoService:31] Obteniendo lista de turnos ...
[2022-12-06 08:08:14] [ INFO ] [TurnoDtoService:41] Buscando turno por ID ...
[2022-12-06 08:08:14] [ INFO ] [TurnoDtoService:44] Turno encontrado
[2022-12-06 08:08:20] [ INFO ] [TurnoDtoService:72] Actualizando turno ...
[2022-12-06 08:08:20] [ INFO ] [TurnoDtoService:41] Buscando turno por ID ...
[2022-12-06 08:08:20] [ INFO ] [TurnoDtoService:44] Turno encontrado
[2022-12-06 08:08:20] [ INFO ] [TurnoDtoService:74] Turno encontrado
[2022-12-06 08:08:20] [ INFO ] [PacienteService:26] Buscando paciente por ID ...
[2022-12-06 08:08:20] [ ERROR] [PacienteService:33] El paciente no existe en la DB 
[2022-12-06 08:08:22] [ INFO ] [TurnoDtoService:31] Obteniendo lista de turnos ...
[2022-12-06 08:08:23] [ INFO ] [TurnoDtoService:41] Buscando turno por ID ...
[2022-12-06 08:08:23] [ INFO ] [TurnoDtoService:44] Turno encontrado
[2022-12-06 08:08:26] [ INFO ] [TurnoDtoService:72] Actualizando turno ...
[2022-12-06 08:08:26] [ INFO ] [TurnoDtoService:41] Buscando turno por ID ...
[2022-12-06 08:08:26] [ INFO ] [TurnoDtoService:44] Turno encontrado
[2022-12-06 08:08:26] [ INFO ] [TurnoDtoService:74] Turno encontrado
[2022-12-06 08:08:26] [ INFO ] [PacienteService:26] Buscando paciente por ID ...
[2022-12-06 08:08:26] [ INFO ] [PacienteService:29] Paciente encontrado
[2022-12-06 08:08:26] [ INFO ] [OdontologoService:27] Buscando odontologo por ID ...
[2022-12-06 08:08:26] [ INFO ] [OdontologoService:30] Odontologo encontrado
[2022-12-06 08:08:26] [ WARN ] [TurnoDtoService:78] Turno con ID: 2 fue actualizado!
[2022-12-06 08:08:26] [ INFO ] [TurnoDtoService:31] Obteniendo lista de turnos ...
[2022-12-06 08:08:27] [ INFO ] [TurnoDtoService:41] Buscando turno por ID ...
[2022-12-06 08:08:27] [ INFO ] [TurnoDtoService:44] Turno encontrado
[2022-12-06 08:08:42] [ INFO ] [TurnoDtoService:72] Actualizando turno ...
[2022-12-06 08:08:42] [ INFO ] [TurnoDtoService:41] Buscando turno por ID ...
[2022-12-06 08:08:42] [ INFO ] [TurnoDtoService:44] Turno encontrado
[2022-12-06 08:08:42] [ INFO ] [TurnoDtoService:74] Turno encontrado
[2022-12-06 08:08:42] [ INFO ] [PacienteService:26] Buscando paciente por ID ...
[2022-12-06 08:08:42] [ INFO ] [PacienteService:29] Paciente encontrado
[2022-12-06 08:08:42] [ INFO ] [OdontologoService:27] Buscando odontologo por ID ...
[2022-12-06 08:08:42] [ INFO ] [OdontologoService:30] Odontologo encontrado
[2022-12-06 08:08:42] [ WARN ] [TurnoDtoService:78] Turno con ID: 2 fue actualizado!
[2022-12-06 08:08:42] [ INFO ] [TurnoDtoService:31] Obteniendo lista de turnos ...
[2022-12-06 08:08:49] [ INFO ] [OdontologoService:23] Obteniendo lista de odontologos ...
[2022-12-06 08:08:51] [ INFO ] [OdontologoService:58] Eliminando odontologo ...
[2022-12-06 08:08:51] [ INFO ] [OdontologoService:27] Buscando odontologo por ID ...
[2022-12-06 08:08:51] [ INFO ] [OdontologoService:30] Odontologo encontrado
[2022-12-06 08:08:51] [ INFO ] [OdontologoService:60] Odontologo encontrado
[2022-12-06 08:08:54] [ INFO ] [OdontologoService:58] Eliminando odontologo ...
[2022-12-06 08:08:54] [ INFO ] [OdontologoService:27] Buscando odontologo por ID ...
[2022-12-06 08:08:54] [ INFO ] [OdontologoService:30] Odontologo encontrado
[2022-12-06 08:08:54] [ INFO ] [OdontologoService:60] Odontologo encontrado
[2022-12-06 08:08:54] [ WARN ] [OdontologoService:62] Odontologo con ID: 2 fue eliminado!
[2022-12-06 08:09:02] [ INFO ] [PacienteService:22] Obteniendo lista de pacientes ...
[2022-12-06 08:09:18] [ INFO ] [TurnoDtoService:53] Registrando turno ...
[2022-12-06 08:09:18] [ INFO ] [PacienteService:26] Buscando paciente por ID ...
[2022-12-06 08:09:18] [ INFO ] [PacienteService:29] Paciente encontrado
[2022-12-06 08:09:18] [ INFO ] [OdontologoService:27] Buscando odontologo por ID ...
[2022-12-06 08:09:18] [ INFO ] [OdontologoService:30] Odontologo encontrado
[2022-12-06 08:09:18] [ INFO ] [TurnoDtoService:58] Turno registrado
[2022-12-06 08:09:20] [ INFO ] [TurnoDtoService:31] Obteniendo lista de turnos ...
[2022-12-06 08:09:28] [ INFO ] [PacienteService:22] Obteniendo lista de pacientes ...
[2022-12-06 08:09:29] [ INFO ] [PacienteService:58] Eliminando paciente ...
[2022-12-06 08:09:29] [ INFO ] [PacienteService:26] Buscando paciente por ID ...
[2022-12-06 08:09:29] [ INFO ] [PacienteService:29] Paciente encontrado
[2022-12-06 08:09:29] [ INFO ] [PacienteService:60] Paciente encontrado
[2022-12-06 08:09:32] [ INFO ] [PacienteService:58] Eliminando paciente ...
[2022-12-06 08:09:32] [ INFO ] [PacienteService:26] Buscando paciente por ID ...
[2022-12-06 08:09:32] [ INFO ] [PacienteService:29] Paciente encontrado
[2022-12-06 08:09:32] [ INFO ] [PacienteService:60] Paciente encontrado
[2022-12-06 08:09:39] [ INFO ] [OdontologoService:23] Obteniendo lista de odontologos ...
[2022-12-06 08:09:40] [ INFO ] [OdontologoService:58] Eliminando odontologo ...
[2022-12-06 08:09:40] [ INFO ] [OdontologoService:27] Buscando odontologo por ID ...
[2022-12-06 08:09:40] [ INFO ] [OdontologoService:30] Odontologo encontrado
[2022-12-06 08:09:40] [ INFO ] [OdontologoService:60] Odontologo encontrado
[2022-12-06 08:09:44] [ INFO ] [TurnoDtoService:31] Obteniendo lista de turnos ...
[2022-12-06 08:09:45] [ INFO ] [TurnoDtoService:87] Eliminando turno ...
[2022-12-06 08:09:45] [ INFO ] [TurnoDtoService:41] Buscando turno por ID ...
[2022-12-06 08:09:45] [ INFO ] [TurnoDtoService:44] Turno encontrado
[2022-12-06 08:09:45] [ INFO ] [TurnoDtoService:89] Turno encontrado
[2022-12-06 08:09:45] [ WARN ] [TurnoDtoService:91] Turno con ID: 2 fue eliminado!
[2022-12-06 08:09:46] [ INFO ] [TurnoDtoService:87] Eliminando turno ...
[2022-12-06 08:09:46] [ INFO ] [TurnoDtoService:41] Buscando turno por ID ...
[2022-12-06 08:09:46] [ INFO ] [TurnoDtoService:44] Turno encontrado
[2022-12-06 08:09:46] [ INFO ] [TurnoDtoService:89] Turno encontrado
[2022-12-06 08:09:46] [ WARN ] [TurnoDtoService:91] Turno con ID: 3 fue eliminado!
[2022-12-06 08:09:48] [ INFO ] [PacienteService:22] Obteniendo lista de pacientes ...
[2022-12-06 08:09:50] [ INFO ] [PacienteService:58] Eliminando paciente ...
[2022-12-06 08:09:50] [ INFO ] [PacienteService:26] Buscando paciente por ID ...
[2022-12-06 08:09:50] [ INFO ] [PacienteService:29] Paciente encontrado
[2022-12-06 08:09:50] [ INFO ] [PacienteService:60] Paciente encontrado
[2022-12-06 08:09:50] [ WARN ] [PacienteService:62] Paciente con ID: 1 fue eliminado!
[2022-12-06 08:09:50] [ INFO ] [PacienteService:58] Eliminando paciente ...
[2022-12-06 08:09:50] [ INFO ] [PacienteService:26] Buscando paciente por ID ...
[2022-12-06 08:09:50] [ INFO ] [PacienteService:29] Paciente encontrado
[2022-12-06 08:09:50] [ INFO ] [PacienteService:60] Paciente encontrado
[2022-12-06 08:09:50] [ WARN ] [PacienteService:62] Paciente con ID: 3 fue eliminado!
[2022-12-06 08:09:52] [ INFO ] [OdontologoService:23] Obteniendo lista de odontologos ...
[2022-12-06 08:09:54] [ INFO ] [OdontologoService:58] Eliminando odontologo ...
[2022-12-06 08:09:54] [ INFO ] [OdontologoService:27] Buscando odontologo por ID ...
[2022-12-06 08:09:54] [ INFO ] [OdontologoService:30] Odontologo encontrado
[2022-12-06 08:09:54] [ INFO ] [OdontologoService:60] Odontologo encontrado
[2022-12-06 08:09:54] [ WARN ] [OdontologoService:62] Odontologo con ID: 1 fue eliminado!
[2022-12-06 08:19:03] [ INFO ] [OdontologoService:23] Obteniendo lista de odontologos ...
[2022-12-06 08:19:05] [ INFO ] [OdontologoService:23] Obteniendo lista de odontologos ...
[2022-12-06 08:19:11] [ INFO ] [PacienteService:22] Obteniendo lista de pacientes ...
[2022-12-06 08:19:13] [ INFO ] [PacienteService:22] Obteniendo lista de pacientes ...
[2022-12-06 08:19:19] [ INFO ] [TurnoDtoService:31] Obteniendo lista de turnos ...
[2022-12-06 08:19:21] [ INFO ] [TurnoDtoService:31] Obteniendo lista de turnos ...
[2022-12-06 08:19:29] [ INFO ] [OdontologoService:39] Registrando odontologo ...
[2022-12-06 08:19:29] [ INFO ] [OdontologoService:42] Odontologo registrado
[2022-12-06 08:19:32] [ INFO ] [OdontologoService:23] Obteniendo lista de odontologos ...
[2022-12-06 08:19:55] [ INFO ] [PacienteService:38] Registrando paciente ...
[2022-12-06 08:19:55] [ INFO ] [PacienteService:41] Paciente registrado
[2022-12-06 08:20:00] [ INFO ] [PacienteService:22] Obteniendo lista de pacientes ...
[2022-12-06 08:20:13] [ INFO ] [TurnoDtoService:53] Registrando turno ...
[2022-12-06 08:20:13] [ INFO ] [PacienteService:26] Buscando paciente por ID ...
[2022-12-06 08:20:13] [ INFO ] [PacienteService:29] Paciente encontrado
[2022-12-06 08:20:13] [ INFO ] [OdontologoService:27] Buscando odontologo por ID ...
[2022-12-06 08:20:13] [ INFO ] [OdontologoService:30] Odontologo encontrado
[2022-12-06 08:20:13] [ INFO ] [TurnoDtoService:58] Turno registrado
[2022-12-06 08:20:15] [ INFO ] [TurnoDtoService:31] Obteniendo lista de turnos ...
[2022-12-06 08:20:17] [ INFO ] [OdontologoService:23] Obteniendo lista de odontologos ...
[2022-12-06 08:20:19] [ INFO ] [OdontologoService:58] Eliminando odontologo ...
[2022-12-06 08:20:19] [ INFO ] [OdontologoService:27] Buscando odontologo por ID ...
[2022-12-06 08:20:19] [ INFO ] [OdontologoService:30] Odontologo encontrado
[2022-12-06 08:20:19] [ INFO ] [OdontologoService:60] Odontologo encontrado
[2022-12-06 08:20:21] [ INFO ] [PacienteService:22] Obteniendo lista de pacientes ...
[2022-12-06 08:20:23] [ INFO ] [PacienteService:58] Eliminando paciente ...
[2022-12-06 08:20:23] [ INFO ] [PacienteService:26] Buscando paciente por ID ...
[2022-12-06 08:20:23] [ INFO ] [PacienteService:29] Paciente encontrado
[2022-12-06 08:20:23] [ INFO ] [PacienteService:60] Paciente encontrado
[2022-12-06 08:20:27] [ INFO ] [TurnoDtoService:31] Obteniendo lista de turnos ...
[2022-12-06 08:20:29] [ INFO ] [TurnoDtoService:41] Buscando turno por ID ...
[2022-12-06 08:20:29] [ INFO ] [TurnoDtoService:44] Turno encontrado
[2022-12-06 08:20:35] [ INFO ] [TurnoDtoService:72] Actualizando turno ...
[2022-12-06 08:20:35] [ INFO ] [TurnoDtoService:41] Buscando turno por ID ...
[2022-12-06 08:20:35] [ INFO ] [TurnoDtoService:44] Turno encontrado
[2022-12-06 08:20:35] [ INFO ] [TurnoDtoService:74] Turno encontrado
[2022-12-06 08:20:35] [ INFO ] [PacienteService:26] Buscando paciente por ID ...
[2022-12-06 08:20:35] [ INFO ] [PacienteService:29] Paciente encontrado
[2022-12-06 08:20:35] [ INFO ] [OdontologoService:27] Buscando odontologo por ID ...
[2022-12-06 08:20:35] [ INFO ] [OdontologoService:30] Odontologo encontrado
[2022-12-06 08:20:35] [ WARN ] [TurnoDtoService:78] Turno con ID: 1 fue actualizado!
[2022-12-06 08:20:35] [ INFO ] [TurnoDtoService:31] Obteniendo lista de turnos ...
[2022-12-06 08:20:40] [ INFO ] [OdontologoService:23] Obteniendo lista de odontologos ...
[2022-12-06 08:20:41] [ INFO ] [OdontologoService:27] Buscando odontologo por ID ...
[2022-12-06 08:20:41] [ INFO ] [OdontologoService:30] Odontologo encontrado
[2022-12-06 08:20:48] [ INFO ] [OdontologoService:51] Actualizando odontologo ...
[2022-12-06 08:20:48] [ INFO ] [OdontologoService:27] Buscando odontologo por ID ...
[2022-12-06 08:20:48] [ INFO ] [OdontologoService:30] Odontologo encontrado
[2022-12-06 08:20:48] [ INFO ] [OdontologoService:53] Odontologo encontrado
[2022-12-06 08:20:48] [ WARN ] [OdontologoService:55] Odontologo con ID: 1 fue actualizado!
[2022-12-06 08:20:48] [ INFO ] [OdontologoService:23] Obteniendo lista de odontologos ...
[2022-12-06 08:20:53] [ INFO ] [PacienteService:22] Obteniendo lista de pacientes ...
[2022-12-06 08:20:54] [ INFO ] [PacienteService:26] Buscando paciente por ID ...
[2022-12-06 08:20:54] [ INFO ] [PacienteService:29] Paciente encontrado
[2022-12-06 08:21:20] [ INFO ] [PacienteService:50] Actualizando paciente ...
[2022-12-06 08:21:20] [ INFO ] [PacienteService:26] Buscando paciente por ID ...
[2022-12-06 08:21:20] [ INFO ] [PacienteService:29] Paciente encontrado
[2022-12-06 08:21:20] [ INFO ] [PacienteService:53] Paciente encontrado
[2022-12-06 08:21:20] [ WARN ] [PacienteService:55] Paciente con ID: 1 fue actualizado!
[2022-12-06 08:21:20] [ INFO ] [PacienteService:22] Obteniendo lista de pacientes ...
[2022-12-06 08:21:25] [ INFO ] [TurnoDtoService:31] Obteniendo lista de turnos ...
[2022-12-06 08:21:28] [ INFO ] [PacienteService:22] Obteniendo lista de pacientes ...
[2022-12-06 08:21:31] [ INFO ] [OdontologoService:23] Obteniendo lista de odontologos ...
[2022-12-06 08:21:32] [ INFO ] [OdontologoService:58] Eliminando odontologo ...
[2022-12-06 08:21:32] [ INFO ] [OdontologoService:27] Buscando odontologo por ID ...
[2022-12-06 08:21:32] [ INFO ] [OdontologoService:30] Odontologo encontrado
[2022-12-06 08:21:32] [ INFO ] [OdontologoService:60] Odontologo encontrado
[2022-12-06 08:21:35] [ INFO ] [PacienteService:22] Obteniendo lista de pacientes ...
[2022-12-06 08:21:41] [ INFO ] [PacienteService:58] Eliminando paciente ...
[2022-12-06 08:21:41] [ INFO ] [PacienteService:26] Buscando paciente por ID ...
[2022-12-06 08:21:41] [ INFO ] [PacienteService:29] Paciente encontrado
[2022-12-06 08:21:41] [ INFO ] [PacienteService:60] Paciente encontrado
[2022-12-06 08:21:44] [ INFO ] [TurnoDtoService:31] Obteniendo lista de turnos ...
[2022-12-06 08:21:45] [ INFO ] [TurnoDtoService:87] Eliminando turno ...
[2022-12-06 08:21:45] [ INFO ] [TurnoDtoService:41] Buscando turno por ID ...
[2022-12-06 08:21:45] [ INFO ] [TurnoDtoService:44] Turno encontrado
[2022-12-06 08:21:45] [ INFO ] [TurnoDtoService:89] Turno encontrado
[2022-12-06 08:21:45] [ WARN ] [TurnoDtoService:91] Turno con ID: 1 fue eliminado!
[2022-12-06 08:21:47] [ INFO ] [PacienteService:22] Obteniendo lista de pacientes ...
[2022-12-06 08:21:50] [ INFO ] [PacienteService:58] Eliminando paciente ...
[2022-12-06 08:21:50] [ INFO ] [PacienteService:26] Buscando paciente por ID ...
[2022-12-06 08:21:50] [ INFO ] [PacienteService:29] Paciente encontrado
[2022-12-06 08:21:50] [ INFO ] [PacienteService:60] Paciente encontrado
[2022-12-06 08:21:50] [ WARN ] [PacienteService:62] Paciente con ID: 1 fue eliminado!
[2022-12-06 08:21:51] [ INFO ] [OdontologoService:23] Obteniendo lista de odontologos ...
[2022-12-06 08:21:52] [ INFO ] [OdontologoService:58] Eliminando odontologo ...
[2022-12-06 08:21:52] [ INFO ] [OdontologoService:27] Buscando odontologo por ID ...
[2022-12-06 08:21:52] [ INFO ] [OdontologoService:30] Odontologo encontrado
[2022-12-06 08:21:52] [ INFO ] [OdontologoService:60] Odontologo encontrado
[2022-12-06 08:21:52] [ WARN ] [OdontologoService:62] Odontologo con ID: 1 fue eliminado!
[2022-12-06 08:28:32] [ INFO ] [OdontologoService:23] Obteniendo lista de odontologos ...
[2022-12-06 08:28:35] [ INFO ] [PacienteService:22] Obteniendo lista de pacientes ...
[2022-12-06 08:28:39] [ INFO ] [TurnoDtoService:31] Obteniendo lista de turnos ...
[2022-12-06 08:28:50] [ INFO ] [OdontologoService:39] Registrando odontologo ...
[2022-12-06 08:28:50] [ INFO ] [OdontologoService:42] Odontologo registrado
[2022-12-06 08:29:11] [ INFO ] [PacienteService:38] Registrando paciente ...
[2022-12-06 08:29:11] [ INFO ] [PacienteService:41] Paciente registrado
[2022-12-06 08:29:14] [ INFO ] [PacienteService:22] Obteniendo lista de pacientes ...
[2022-12-06 08:29:16] [ INFO ] [OdontologoService:23] Obteniendo lista de odontologos ...
[2022-12-06 08:29:29] [ INFO ] [TurnoDtoService:53] Registrando turno ...
[2022-12-06 08:29:29] [ INFO ] [PacienteService:26] Buscando paciente por ID ...
[2022-12-06 08:29:29] [ INFO ] [PacienteService:29] Paciente encontrado
[2022-12-06 08:29:29] [ INFO ] [OdontologoService:27] Buscando odontologo por ID ...
[2022-12-06 08:29:29] [ INFO ] [OdontologoService:30] Odontologo encontrado
[2022-12-06 08:29:29] [ INFO ] [TurnoDtoService:58] Turno registrado
[2022-12-06 08:29:32] [ INFO ] [TurnoDtoService:31] Obteniendo lista de turnos ...
[2022-12-06 08:29:38] [ INFO ] [OdontologoService:23] Obteniendo lista de odontologos ...
[2022-12-06 08:29:39] [ INFO ] [OdontologoService:27] Buscando odontologo por ID ...
[2022-12-06 08:29:39] [ INFO ] [OdontologoService:30] Odontologo encontrado
[2022-12-06 08:29:46] [ INFO ] [OdontologoService:51] Actualizando odontologo ...
[2022-12-06 08:29:46] [ INFO ] [OdontologoService:27] Buscando odontologo por ID ...
[2022-12-06 08:29:46] [ INFO ] [OdontologoService:30] Odontologo encontrado
[2022-12-06 08:29:46] [ INFO ] [OdontologoService:53] Odontologo encontrado
[2022-12-06 08:29:46] [ WARN ] [OdontologoService:55] Odontologo con ID: 1 fue actualizado!
[2022-12-06 08:29:46] [ INFO ] [OdontologoService:23] Obteniendo lista de odontologos ...
[2022-12-06 08:29:49] [ INFO ] [OdontologoService:58] Eliminando odontologo ...
[2022-12-06 08:29:49] [ INFO ] [OdontologoService:27] Buscando odontologo por ID ...
[2022-12-06 08:29:49] [ INFO ] [OdontologoService:30] Odontologo encontrado
[2022-12-06 08:29:49] [ INFO ] [OdontologoService:60] Odontologo encontrado
[2022-12-06 08:29:55] [ INFO ] [PacienteService:22] Obteniendo lista de pacientes ...
[2022-12-06 08:29:57] [ INFO ] [PacienteService:26] Buscando paciente por ID ...
[2022-12-06 08:29:57] [ INFO ] [PacienteService:29] Paciente encontrado
[2022-12-06 08:30:25] [ INFO ] [PacienteService:50] Actualizando paciente ...
[2022-12-06 08:30:25] [ INFO ] [PacienteService:26] Buscando paciente por ID ...
[2022-12-06 08:30:25] [ INFO ] [PacienteService:29] Paciente encontrado
[2022-12-06 08:30:25] [ INFO ] [PacienteService:53] Paciente encontrado
[2022-12-06 08:30:25] [ WARN ] [PacienteService:55] Paciente con ID: 1 fue actualizado!
[2022-12-06 08:30:25] [ INFO ] [PacienteService:22] Obteniendo lista de pacientes ...
[2022-12-06 08:30:37] [ INFO ] [PacienteService:58] Eliminando paciente ...
[2022-12-06 08:30:37] [ INFO ] [PacienteService:26] Buscando paciente por ID ...
[2022-12-06 08:30:37] [ INFO ] [PacienteService:29] Paciente encontrado
[2022-12-06 08:30:37] [ INFO ] [PacienteService:60] Paciente encontrado
[2022-12-06 08:30:44] [ INFO ] [TurnoDtoService:31] Obteniendo lista de turnos ...
[2022-12-06 08:30:46] [ INFO ] [TurnoDtoService:41] Buscando turno por ID ...
[2022-12-06 08:30:46] [ INFO ] [TurnoDtoService:44] Turno encontrado
[2022-12-06 08:30:53] [ INFO ] [TurnoDtoService:72] Actualizando turno ...
[2022-12-06 08:30:53] [ INFO ] [TurnoDtoService:41] Buscando turno por ID ...
[2022-12-06 08:30:53] [ INFO ] [TurnoDtoService:44] Turno encontrado
[2022-12-06 08:30:53] [ INFO ] [TurnoDtoService:74] Turno encontrado
[2022-12-06 08:30:53] [ INFO ] [PacienteService:26] Buscando paciente por ID ...
[2022-12-06 08:30:53] [ INFO ] [PacienteService:29] Paciente encontrado
[2022-12-06 08:30:53] [ INFO ] [OdontologoService:27] Buscando odontologo por ID ...
[2022-12-06 08:30:53] [ INFO ] [OdontologoService:30] Odontologo encontrado
[2022-12-06 08:30:53] [ WARN ] [TurnoDtoService:78] Turno con ID: 1 fue actualizado!
[2022-12-06 08:30:53] [ INFO ] [TurnoDtoService:31] Obteniendo lista de turnos ...
[2022-12-06 08:30:57] [ INFO ] [TurnoDtoService:87] Eliminando turno ...
[2022-12-06 08:30:57] [ INFO ] [TurnoDtoService:41] Buscando turno por ID ...
[2022-12-06 08:30:57] [ INFO ] [TurnoDtoService:44] Turno encontrado
[2022-12-06 08:30:57] [ INFO ] [TurnoDtoService:89] Turno encontrado
[2022-12-06 08:30:57] [ WARN ] [TurnoDtoService:91] Turno con ID: 1 fue eliminado!
[2022-12-06 08:30:59] [ INFO ] [PacienteService:22] Obteniendo lista de pacientes ...
[2022-12-06 08:31:00] [ INFO ] [PacienteService:58] Eliminando paciente ...
[2022-12-06 08:31:00] [ INFO ] [PacienteService:26] Buscando paciente por ID ...
[2022-12-06 08:31:00] [ INFO ] [PacienteService:29] Paciente encontrado
[2022-12-06 08:31:00] [ INFO ] [PacienteService:60] Paciente encontrado
[2022-12-06 08:31:00] [ WARN ] [PacienteService:62] Paciente con ID: 1 fue eliminado!
[2022-12-06 08:31:02] [ INFO ] [OdontologoService:23] Obteniendo lista de odontologos ...
[2022-12-06 08:31:04] [ INFO ] [OdontologoService:58] Eliminando odontologo ...
[2022-12-06 08:31:04] [ INFO ] [OdontologoService:27] Buscando odontologo por ID ...
[2022-12-06 08:31:04] [ INFO ] [OdontologoService:30] Odontologo encontrado
[2022-12-06 08:31:04] [ INFO ] [OdontologoService:60] Odontologo encontrado
[2022-12-06 08:31:04] [ WARN ] [OdontologoService:62] Odontologo con ID: 1 fue eliminado!
[2022-12-06 08:31:09] [ INFO ] [OdontologoService:23] Obteniendo lista de odontologos ...
[2022-12-06 08:31:10] [ INFO ] [PacienteService:22] Obteniendo lista de pacientes ...
[2022-12-06 08:31:11] [ INFO ] [TurnoDtoService:31] Obteniendo lista de turnos ...
[2022-12-09 13:17:19] [ INFO ] [TurnoDtoService:31] Obteniendo lista de turnos ...
[2022-12-09 13:17:39] [ INFO ] [OdontologoService:23] Obteniendo lista de odontologos ...
[2022-12-09 13:17:42] [ INFO ] [PacienteService:22] Obteniendo lista de pacientes ...
[2022-12-09 13:17:47] [ INFO ] [TurnoDtoService:31] Obteniendo lista de turnos ...
[2022-12-09 13:17:52] [ INFO ] [OdontologoService:23] Obteniendo lista de odontologos ...
[2022-12-09 13:18:15] [ INFO ] [TurnoDtoService:31] Obteniendo lista de turnos ...
[2022-12-09 14:20:29] [ INFO ] [TurnoDtoService:53] Registrando turno ...
[2022-12-09 14:20:29] [ INFO ] [PacienteService:26] Buscando paciente por ID ...
[2022-12-09 14:20:29] [ ERROR] [PacienteService:33] El paciente no existe en la DB 
[2022-12-09 14:20:29] [ ERROR] [GlobalException:14] NO ENCONTRADO mensaje: El paciente no existe en la DB
[2022-12-09 14:30:31] [ INFO ] [TurnoDtoService:52] Registrando turno ...
[2022-12-09 14:30:31] [ INFO ] [PacienteService:26] Buscando paciente por ID ...
[2022-12-09 14:30:31] [ ERROR] [GlobalException:14] NO ENCONTRADO: class com.dh.TFI.exception.ResourceNotFoundExceptionEl paciente no existe en la DB
[2022-12-09 14:38:35] [ INFO ] [TurnoDtoService:52] Registrando turno ...
[2022-12-09 14:38:35] [ INFO ] [PacienteService:26] Buscando paciente por ID ...
[2022-12-09 14:38:35] [ ERROR] [GlobalException:14] NO ENCONTRADO: class com.dh.TFI.service.PacienteService El paciente no existe en la DB
[2022-12-09 14:41:10] [ INFO ] [TurnoDtoService:52] Registrando turno ...
[2022-12-09 14:41:10] [ INFO ] [PacienteService:26] Buscando paciente por ID ...
[2022-12-09 14:41:10] [ ERROR] [GlobalException:14] NO ENCONTRADO: com.dh.TFI.service.PacienteService El paciente no existe en la DB
[2022-12-09 15:12:32] [ INFO ] [TurnoDtoService:52] Registrando turno ...
[2022-12-09 15:12:32] [ INFO ] [PacienteService:26] Buscando paciente por ID ...
[2022-12-09 15:12:32] [ ERROR] [GlobalException:14] NO ENCONTRADO: [com.dh.TFI.service.PacienteService] el paciente no existe en la DB
[2022-12-12 07:05:20] [ INFO ] [TurnoDtoService:31] Obteniendo lista de turnos ...
[2022-12-12 07:05:50] [ INFO ] [OdontologoService:38] Registrando odontologo ...
[2022-12-12 07:05:50] [ INFO ] [OdontologoService:41] Odontologo registrado
[2022-12-12 07:05:53] [ INFO ] [OdontologoService:23] Obteniendo lista de odontologos ...
[2022-12-12 07:06:16] [ INFO ] [PacienteService:37] Registrando paciente ...
[2022-12-12 07:06:16] [ INFO ] [PacienteService:40] Paciente registrado
[2022-12-12 07:06:25] [ INFO ] [PacienteService:22] Obteniendo lista de pacientes ...
[2022-12-12 07:06:39] [ INFO ] [TurnoDtoService:52] Registrando turno ...
[2022-12-12 07:06:39] [ INFO ] [PacienteService:26] Buscando paciente por ID ...
[2022-12-12 07:06:39] [ INFO ] [PacienteService:29] Paciente encontrado
[2022-12-12 07:06:39] [ INFO ] [OdontologoService:27] Buscando odontologo por ID ...
[2022-12-12 07:06:39] [ INFO ] [OdontologoService:30] Odontologo encontrado
[2022-12-12 07:06:39] [ INFO ] [TurnoDtoService:57] Turno registrado
[2022-12-12 07:06:43] [ INFO ] [TurnoDtoService:31] Obteniendo lista de turnos ...
[2022-12-12 07:06:51] [ INFO ] [OdontologoService:23] Obteniendo lista de odontologos ...
[2022-12-12 07:06:54] [ INFO ] [OdontologoService:27] Buscando odontologo por ID ...
[2022-12-12 07:06:54] [ INFO ] [OdontologoService:30] Odontologo encontrado
[2022-12-12 07:07:06] [ INFO ] [OdontologoService:49] Actualizando odontologo ...
[2022-12-12 07:07:06] [ INFO ] [OdontologoService:27] Buscando odontologo por ID ...
[2022-12-12 07:07:06] [ INFO ] [OdontologoService:30] Odontologo encontrado
[2022-12-12 07:07:06] [ INFO ] [OdontologoService:51] Odontologo encontrado
[2022-12-12 07:07:06] [ WARN ] [OdontologoService:53] Odontologo con ID: 1 fue actualizado!
[2022-12-12 07:07:06] [ INFO ] [OdontologoService:23] Obteniendo lista de odontologos ...
[2022-12-12 07:07:10] [ INFO ] [OdontologoService:56] Eliminando odontologo ...
[2022-12-12 07:07:10] [ INFO ] [OdontologoService:27] Buscando odontologo por ID ...
[2022-12-12 07:07:10] [ INFO ] [OdontologoService:30] Odontologo encontrado
[2022-12-12 07:07:10] [ INFO ] [OdontologoService:58] Odontologo encontrado
[2022-12-12 07:07:16] [ INFO ] [PacienteService:22] Obteniendo lista de pacientes ...
[2022-12-12 07:07:19] [ INFO ] [PacienteService:26] Buscando paciente por ID ...
[2022-12-12 07:07:19] [ INFO ] [PacienteService:29] Paciente encontrado
[2022-12-12 07:07:29] [ INFO ] [PacienteService:48] Actualizando paciente ...
[2022-12-12 07:07:29] [ INFO ] [PacienteService:26] Buscando paciente por ID ...
[2022-12-12 07:07:29] [ INFO ] [PacienteService:29] Paciente encontrado
[2022-12-12 07:07:29] [ INFO ] [PacienteService:51] Paciente encontrado
[2022-12-12 07:07:29] [ WARN ] [PacienteService:53] Paciente con ID: 1 fue actualizado!
[2022-12-12 07:07:29] [ INFO ] [PacienteService:22] Obteniendo lista de pacientes ...
[2022-12-12 07:07:34] [ INFO ] [PacienteService:56] Eliminando paciente ...
[2022-12-12 07:07:34] [ INFO ] [PacienteService:26] Buscando paciente por ID ...
[2022-12-12 07:07:34] [ INFO ] [PacienteService:29] Paciente encontrado
[2022-12-12 07:07:34] [ INFO ] [PacienteService:58] Paciente encontrado
[2022-12-12 07:07:42] [ INFO ] [TurnoDtoService:31] Obteniendo lista de turnos ...
[2022-12-12 07:07:45] [ INFO ] [TurnoDtoService:41] Buscando turno por ID ...
[2022-12-12 07:07:45] [ INFO ] [TurnoDtoService:44] Turno encontrado
[2022-12-12 07:07:52] [ INFO ] [TurnoDtoService:70] Actualizando turno ...
[2022-12-12 07:07:52] [ INFO ] [TurnoDtoService:41] Buscando turno por ID ...
[2022-12-12 07:07:52] [ INFO ] [TurnoDtoService:44] Turno encontrado
[2022-12-12 07:07:52] [ INFO ] [TurnoDtoService:72] Turno encontrado
[2022-12-12 07:07:52] [ INFO ] [PacienteService:26] Buscando paciente por ID ...
[2022-12-12 07:07:52] [ INFO ] [PacienteService:29] Paciente encontrado
[2022-12-12 07:07:52] [ INFO ] [OdontologoService:27] Buscando odontologo por ID ...
[2022-12-12 07:07:52] [ INFO ] [OdontologoService:30] Odontologo encontrado
[2022-12-12 07:07:52] [ WARN ] [TurnoDtoService:76] Turno con ID: 1 fue actualizado!
[2022-12-12 07:07:52] [ INFO ] [TurnoDtoService:31] Obteniendo lista de turnos ...
[2022-12-12 07:07:54] [ INFO ] [TurnoDtoService:85] Eliminando turno ...
[2022-12-12 07:07:54] [ INFO ] [TurnoDtoService:41] Buscando turno por ID ...
[2022-12-12 07:07:54] [ INFO ] [TurnoDtoService:44] Turno encontrado
[2022-12-12 07:07:54] [ INFO ] [TurnoDtoService:87] Turno encontrado
[2022-12-12 07:07:54] [ WARN ] [TurnoDtoService:89] Turno con ID: 1 fue eliminado!
[2022-12-12 07:07:58] [ INFO ] [OdontologoService:23] Obteniendo lista de odontologos ...
[2022-12-12 07:08:00] [ INFO ] [PacienteService:22] Obteniendo lista de pacientes ...
[2022-12-12 07:08:03] [ INFO ] [PacienteService:56] Eliminando paciente ...
[2022-12-12 07:08:03] [ INFO ] [PacienteService:26] Buscando paciente por ID ...
[2022-12-12 07:08:03] [ INFO ] [PacienteService:29] Paciente encontrado
[2022-12-12 07:08:03] [ INFO ] [PacienteService:58] Paciente encontrado
[2022-12-12 07:08:03] [ WARN ] [PacienteService:60] Paciente con ID: 1 fue eliminado!
[2022-12-12 07:08:07] [ INFO ] [OdontologoService:23] Obteniendo lista de odontologos ...
[2022-12-12 07:08:08] [ INFO ] [OdontologoService:56] Eliminando odontologo ...
[2022-12-12 07:08:08] [ INFO ] [OdontologoService:27] Buscando odontologo por ID ...
[2022-12-12 07:08:08] [ INFO ] [OdontologoService:30] Odontologo encontrado
[2022-12-12 07:08:08] [ INFO ] [OdontologoService:58] Odontologo encontrado
[2022-12-12 07:08:08] [ WARN ] [OdontologoService:60] Odontologo con ID: 1 fue eliminado!
[2022-12-12 07:14:11] [ INFO ] [OdontologoService:38] Registrando odontologo ...
[2022-12-12 07:14:11] [ INFO ] [OdontologoService:41] Odontologo registrado
[2022-12-12 07:14:28] [ INFO ] [OdontologoService:23] Obteniendo lista de odontologos ...
[2022-12-12 07:15:02] [ INFO ] [PacienteService:37] Registrando paciente ...
[2022-12-12 07:15:02] [ INFO ] [PacienteService:40] Paciente registrado
[2022-12-12 07:15:04] [ INFO ] [PacienteService:22] Obteniendo lista de pacientes ...
[2022-12-12 07:15:19] [ INFO ] [TurnoDtoService:52] Registrando turno ...
[2022-12-12 07:15:19] [ INFO ] [PacienteService:26] Buscando paciente por ID ...
[2022-12-12 07:15:19] [ INFO ] [PacienteService:29] Paciente encontrado
[2022-12-12 07:15:19] [ INFO ] [OdontologoService:27] Buscando odontologo por ID ...
[2022-12-12 07:15:19] [ INFO ] [OdontologoService:30] Odontologo encontrado
[2022-12-12 07:15:19] [ INFO ] [TurnoDtoService:57] Turno registrado
[2022-12-12 07:15:22] [ INFO ] [TurnoDtoService:31] Obteniendo lista de turnos ...
[2022-12-12 07:15:28] [ INFO ] [OdontologoService:23] Obteniendo lista de odontologos ...
[2022-12-12 07:15:30] [ INFO ] [OdontologoService:27] Buscando odontologo por ID ...
[2022-12-12 07:15:30] [ INFO ] [OdontologoService:30] Odontologo encontrado
[2022-12-12 07:15:33] [ INFO ] [OdontologoService:49] Actualizando odontologo ...
[2022-12-12 07:15:33] [ INFO ] [OdontologoService:27] Buscando odontologo por ID ...
[2022-12-12 07:15:33] [ INFO ] [OdontologoService:30] Odontologo encontrado
[2022-12-12 07:15:33] [ INFO ] [OdontologoService:51] Odontologo encontrado
[2022-12-12 07:15:34] [ WARN ] [OdontologoService:53] Odontologo con ID: 1 fue actualizado!
[2022-12-12 07:15:34] [ INFO ] [OdontologoService:23] Obteniendo lista de odontologos ...
[2022-12-12 07:15:36] [ INFO ] [OdontologoService:56] Eliminando odontologo ...
[2022-12-12 07:15:36] [ INFO ] [OdontologoService:27] Buscando odontologo por ID ...
[2022-12-12 07:15:36] [ INFO ] [OdontologoService:30] Odontologo encontrado
[2022-12-12 07:15:36] [ INFO ] [OdontologoService:58] Odontologo encontrado
[2022-12-12 07:15:41] [ INFO ] [PacienteService:22] Obteniendo lista de pacientes ...
[2022-12-12 07:15:42] [ INFO ] [PacienteService:26] Buscando paciente por ID ...
[2022-12-12 07:15:42] [ INFO ] [PacienteService:29] Paciente encontrado
[2022-12-12 07:15:49] [ INFO ] [PacienteService:56] Eliminando paciente ...
[2022-12-12 07:15:49] [ INFO ] [PacienteService:26] Buscando paciente por ID ...
[2022-12-12 07:15:49] [ INFO ] [PacienteService:29] Paciente encontrado
[2022-12-12 07:15:49] [ INFO ] [PacienteService:58] Paciente encontrado
[2022-12-12 07:15:53] [ INFO ] [PacienteService:48] Actualizando paciente ...
[2022-12-12 07:15:53] [ INFO ] [PacienteService:26] Buscando paciente por ID ...
[2022-12-12 07:15:53] [ INFO ] [PacienteService:29] Paciente encontrado
[2022-12-12 07:15:53] [ INFO ] [PacienteService:51] Paciente encontrado
[2022-12-12 07:15:53] [ WARN ] [PacienteService:53] Paciente con ID: 1 fue actualizado!
[2022-12-12 07:15:54] [ INFO ] [PacienteService:22] Obteniendo lista de pacientes ...
[2022-12-12 07:16:08] [ INFO ] [TurnoDtoService:31] Obteniendo lista de turnos ...
[2022-12-12 07:16:11] [ INFO ] [TurnoDtoService:41] Buscando turno por ID ...
[2022-12-12 07:16:11] [ INFO ] [TurnoDtoService:44] Turno encontrado
[2022-12-12 07:16:16] [ INFO ] [TurnoDtoService:70] Actualizando turno ...
[2022-12-12 07:16:16] [ INFO ] [TurnoDtoService:41] Buscando turno por ID ...
[2022-12-12 07:16:16] [ INFO ] [TurnoDtoService:44] Turno encontrado
[2022-12-12 07:16:16] [ INFO ] [TurnoDtoService:72] Turno encontrado
[2022-12-12 07:16:16] [ INFO ] [PacienteService:26] Buscando paciente por ID ...
[2022-12-12 07:16:16] [ INFO ] [PacienteService:29] Paciente encontrado
[2022-12-12 07:16:16] [ INFO ] [OdontologoService:27] Buscando odontologo por ID ...
[2022-12-12 07:16:16] [ INFO ] [OdontologoService:30] Odontologo encontrado
[2022-12-12 07:16:16] [ WARN ] [TurnoDtoService:76] Turno con ID: 1 fue actualizado!
[2022-12-12 07:16:16] [ INFO ] [TurnoDtoService:31] Obteniendo lista de turnos ...
[2022-12-12 07:16:18] [ INFO ] [TurnoDtoService:85] Eliminando turno ...
[2022-12-12 07:16:18] [ INFO ] [TurnoDtoService:41] Buscando turno por ID ...
[2022-12-12 07:16:18] [ INFO ] [TurnoDtoService:44] Turno encontrado
[2022-12-12 07:16:18] [ INFO ] [TurnoDtoService:87] Turno encontrado
[2022-12-12 07:16:18] [ WARN ] [TurnoDtoService:89] Turno con ID: 1 fue eliminado!
[2022-12-12 07:16:21] [ INFO ] [OdontologoService:23] Obteniendo lista de odontologos ...
[2022-12-12 07:16:22] [ INFO ] [OdontologoService:56] Eliminando odontologo ...
[2022-12-12 07:16:22] [ INFO ] [OdontologoService:27] Buscando odontologo por ID ...
[2022-12-12 07:16:22] [ INFO ] [OdontologoService:30] Odontologo encontrado
[2022-12-12 07:16:22] [ INFO ] [OdontologoService:58] Odontologo encontrado
[2022-12-12 07:16:22] [ WARN ] [OdontologoService:60] Odontologo con ID: 1 fue eliminado!
[2022-12-12 07:16:24] [ INFO ] [PacienteService:22] Obteniendo lista de pacientes ...
[2022-12-12 07:16:26] [ INFO ] [PacienteService:56] Eliminando paciente ...
[2022-12-12 07:16:26] [ INFO ] [PacienteService:26] Buscando paciente por ID ...
[2022-12-12 07:16:26] [ INFO ] [PacienteService:29] Paciente encontrado
[2022-12-12 07:16:26] [ INFO ] [PacienteService:58] Paciente encontrado
[2022-12-12 07:16:26] [ WARN ] [PacienteService:60] Paciente con ID: 1 fue eliminado!
