[2022-11-15 14:47:24] [ INFO ] [DB:40] Creating tables ...
[2022-11-15 14:47:24] [ WARN ] [DB:48] Tables created
[2022-11-15 14:47:24] [ INFO ] [DomicilioDAOH2:20] Saving domicilio ...
[2022-11-15 14:47:24] [ INFO ] [DomicilioDAOH2:35] Domicilio saved
[2022-11-15 14:47:25] [ INFO ] [DomicilioDAOH2:20] Saving domicilio ...
[2022-11-15 14:47:25] [ INFO ] [DomicilioDAOH2:35] Domicilio saved
[2022-11-15 14:47:25] [ INFO ] [DomicilioDAOH2:20] Saving domicilio ...
[2022-11-15 14:47:25] [ INFO ] [DomicilioDAOH2:35] Domicilio saved
[2022-11-15 14:47:25] [ INFO ] [DomicilioDAOH2:20] Saving domicilio ...
[2022-11-15 14:47:25] [ INFO ] [DomicilioDAOH2:35] Domicilio saved
[2022-11-15 14:47:25] [ INFO ] [DomicilioDAOH2:136] Getting domicilio list ...
[2022-11-15 14:47:25] [ INFO ] [DomicilioDAOH2:149] Domicilio list found
[2022-11-15 14:47:25] [ INFO ] [DB:40] Creating tables ...
[2022-11-15 14:47:25] [ WARN ] [DB:48] Tables created
[2022-11-15 14:47:25] [ INFO ] [DomicilioDAOH2:20] Saving domicilio ...
[2022-11-15 14:47:25] [ INFO ] [DomicilioDAOH2:35] Domicilio saved
[2022-11-15 14:47:25] [ INFO ] [DomicilioDAOH2:107] Searching domicilio ...
[2022-11-15 14:47:25] [ INFO ] [DomicilioDAOH2:118] Domicilio found
[2022-11-15 14:47:25] [ WARN ] [DomicilioDAOH2:53] Updating domicilio ID: 1 ...
[2022-11-15 14:47:25] [ WARN ] [DomicilioDAOH2:65] Domicilio with ID: 1 was successfully updated!
[2022-11-15 14:47:26] [ INFO ] [DomicilioDAOH2:107] Searching domicilio ...
[2022-11-15 14:47:26] [ INFO ] [DomicilioDAOH2:118] Domicilio found
[2022-11-15 14:47:26] [ INFO ] [DB:40] Creating tables ...
[2022-11-15 14:47:26] [ WARN ] [DB:48] Tables created
[2022-11-15 14:47:26] [ INFO ] [DomicilioDAOH2:20] Saving domicilio ...
[2022-11-15 14:47:26] [ INFO ] [DomicilioDAOH2:35] Domicilio saved
[2022-11-15 14:47:26] [ INFO ] [DomicilioDAOH2:20] Saving domicilio ...
[2022-11-15 14:47:26] [ INFO ] [DomicilioDAOH2:35] Domicilio saved
[2022-11-15 14:47:26] [ INFO ] [DomicilioDAOH2:20] Saving domicilio ...
[2022-11-15 14:47:26] [ INFO ] [DomicilioDAOH2:35] Domicilio saved
[2022-11-15 14:47:26] [ INFO ] [DomicilioDAOH2:20] Saving domicilio ...
[2022-11-15 14:47:26] [ INFO ] [DomicilioDAOH2:35] Domicilio saved
[2022-11-15 14:47:26] [ INFO ] [DomicilioDAOH2:136] Getting domicilio list ...
[2022-11-15 14:47:27] [ INFO ] [DomicilioDAOH2:149] Domicilio list found
[2022-11-15 14:47:27] [ WARN ] [DomicilioDAOH2:82] Deleting domicilio ID: 2 ...
[2022-11-15 14:47:27] [ WARN ] [DomicilioDAOH2:90] Domicilio with ID: 2 was successfully deleted!
[2022-11-15 14:47:27] [ WARN ] [DomicilioDAOH2:82] Deleting domicilio ID: 4 ...
[2022-11-15 14:47:27] [ WARN ] [DomicilioDAOH2:90] Domicilio with ID: 4 was successfully deleted!
[2022-11-15 14:47:27] [ INFO ] [DomicilioDAOH2:136] Getting domicilio list ...
[2022-11-15 14:47:27] [ INFO ] [DomicilioDAOH2:149] Domicilio list found
[2022-11-16 00:06:00] [ INFO ] [DB:40] Creating tables ...
[2022-11-16 00:06:00] [ WARN ] [DB:48] Tables created
[2022-11-16 00:06:01] [ INFO ] [PacienteDAOH2:20] Saving paciente ...
[2022-11-16 00:06:01] [ ERROR] [PacienteDAOH2:39] Saving paciente failed: Columna "DOMICILIO" no encontrada
Column "DOMICILIO" not found; SQL statement:
INSERT INTO PACIENTE (NOMBRE, APELLIDO, DNI, FECHA_INGRESO, DOMICILIO) VALUES (?, ?, ?, ?, ?); [42122-214]
[2022-11-16 00:06:01] [ INFO ] [PacienteDAOH2:20] Saving paciente ...
[2022-11-16 00:06:01] [ ERROR] [PacienteDAOH2:39] Saving paciente failed: Columna "DOMICILIO" no encontrada
Column "DOMICILIO" not found; SQL statement:
INSERT INTO PACIENTE (NOMBRE, APELLIDO, DNI, FECHA_INGRESO, DOMICILIO) VALUES (?, ?, ?, ?, ?); [42122-214]
[2022-11-16 00:06:01] [ INFO ] [PacienteDAOH2:20] Saving paciente ...
[2022-11-16 00:06:01] [ ERROR] [PacienteDAOH2:39] Saving paciente failed: Columna "DOMICILIO" no encontrada
Column "DOMICILIO" not found; SQL statement:
INSERT INTO PACIENTE (NOMBRE, APELLIDO, DNI, FECHA_INGRESO, DOMICILIO) VALUES (?, ?, ?, ?, ?); [42122-214]
[2022-11-16 00:06:01] [ INFO ] [PacienteDAOH2:20] Saving paciente ...
[2022-11-16 00:06:01] [ ERROR] [PacienteDAOH2:39] Saving paciente failed: Columna "DOMICILIO" no encontrada
Column "DOMICILIO" not found; SQL statement:
INSERT INTO PACIENTE (NOMBRE, APELLIDO, DNI, FECHA_INGRESO, DOMICILIO) VALUES (?, ?, ?, ?, ?); [42122-214]
[2022-11-16 00:06:01] [ INFO ] [PacienteDAOH2:142] Getting paciente list ...
[2022-11-16 00:06:01] [ INFO ] [PacienteDAOH2:156] Paciente list found
[2022-11-16 00:08:01] [ INFO ] [DB:40] Creating tables ...
[2022-11-16 00:08:01] [ WARN ] [DB:48] Tables created
[2022-11-16 00:08:02] [ INFO ] [PacienteDAOH2:20] Saving paciente ...
[2022-11-16 00:08:02] [ ERROR] [PacienteDAOH2:39] Saving paciente failed: Cannot invoke "java.lang.Integer.intValue()" because the return value of "model.Domicilio.getID()" is null
[2022-11-16 00:08:02] [ INFO ] [PacienteDAOH2:20] Saving paciente ...
[2022-11-16 00:08:02] [ ERROR] [PacienteDAOH2:39] Saving paciente failed: Cannot invoke "java.lang.Integer.intValue()" because the return value of "model.Domicilio.getID()" is null
[2022-11-16 00:08:02] [ INFO ] [PacienteDAOH2:20] Saving paciente ...
[2022-11-16 00:08:02] [ ERROR] [PacienteDAOH2:39] Saving paciente failed: Cannot invoke "java.lang.Integer.intValue()" because the return value of "model.Domicilio.getID()" is null
[2022-11-16 00:08:02] [ INFO ] [PacienteDAOH2:20] Saving paciente ...
[2022-11-16 00:08:02] [ ERROR] [PacienteDAOH2:39] Saving paciente failed: Cannot invoke "java.lang.Integer.intValue()" because the return value of "model.Domicilio.getID()" is null
[2022-11-16 00:08:02] [ INFO ] [PacienteDAOH2:142] Getting paciente list ...
[2022-11-16 00:08:02] [ INFO ] [PacienteDAOH2:156] Paciente list found
[2022-11-16 00:19:43] [ INFO ] [DB:40] Creating tables ...
[2022-11-16 00:19:44] [ WARN ] [DB:48] Tables created
[2022-11-16 00:19:44] [ INFO ] [PacienteDAOH2:20] Saving paciente ...
[2022-11-16 00:19:44] [ INFO ] [DomicilioDAOH2:20] Saving domicilio ...
[2022-11-16 00:19:44] [ INFO ] [DomicilioDAOH2:35] Domicilio saved
[2022-11-16 00:19:44] [ INFO ] [PacienteDAOH2:38] Paciente saved
[2022-11-16 00:19:44] [ INFO ] [PacienteDAOH2:20] Saving paciente ...
[2022-11-16 00:19:44] [ INFO ] [DomicilioDAOH2:20] Saving domicilio ...
[2022-11-16 00:19:44] [ INFO ] [DomicilioDAOH2:35] Domicilio saved
[2022-11-16 00:19:44] [ INFO ] [PacienteDAOH2:38] Paciente saved
[2022-11-16 00:19:44] [ INFO ] [PacienteDAOH2:20] Saving paciente ...
[2022-11-16 00:19:44] [ INFO ] [DomicilioDAOH2:20] Saving domicilio ...
[2022-11-16 00:19:44] [ INFO ] [DomicilioDAOH2:35] Domicilio saved
[2022-11-16 00:19:44] [ INFO ] [PacienteDAOH2:38] Paciente saved
[2022-11-16 00:19:44] [ INFO ] [PacienteDAOH2:20] Saving paciente ...
[2022-11-16 00:19:44] [ INFO ] [DomicilioDAOH2:20] Saving domicilio ...
[2022-11-16 00:19:44] [ INFO ] [DomicilioDAOH2:35] Domicilio saved
[2022-11-16 00:19:44] [ INFO ] [PacienteDAOH2:38] Paciente saved
[2022-11-16 00:19:45] [ INFO ] [PacienteDAOH2:144] Getting paciente list ...
[2022-11-16 00:19:45] [ INFO ] [DomicilioDAOH2:107] Searching domicilio ...
[2022-11-16 00:19:45] [ INFO ] [DomicilioDAOH2:118] Domicilio found
[2022-11-16 00:19:45] [ INFO ] [DomicilioDAOH2:107] Searching domicilio ...
[2022-11-16 00:19:45] [ INFO ] [DomicilioDAOH2:118] Domicilio found
[2022-11-16 00:19:45] [ INFO ] [DomicilioDAOH2:107] Searching domicilio ...
[2022-11-16 00:19:45] [ INFO ] [DomicilioDAOH2:118] Domicilio found
[2022-11-16 00:19:45] [ INFO ] [DomicilioDAOH2:107] Searching domicilio ...
[2022-11-16 00:19:45] [ INFO ] [DomicilioDAOH2:118] Domicilio found
[2022-11-16 00:19:45] [ INFO ] [PacienteDAOH2:158] Paciente list found
[2022-11-16 00:37:53] [ INFO ] [DB:40] Creating tables ...
[2022-11-16 00:37:54] [ WARN ] [DB:48] Tables created
[2022-11-16 00:37:54] [ INFO ] [PacienteDAOH2:20] Saving paciente ...
[2022-11-16 00:37:54] [ INFO ] [DomicilioDAOH2:20] Saving domicilio ...
[2022-11-16 00:37:54] [ INFO ] [DomicilioDAOH2:35] Domicilio saved
[2022-11-16 00:37:54] [ INFO ] [PacienteDAOH2:38] Paciente saved
[2022-11-16 00:37:55] [ INFO ] [PacienteDAOH2:20] Saving paciente ...
[2022-11-16 00:37:55] [ INFO ] [DomicilioDAOH2:20] Saving domicilio ...
[2022-11-16 00:37:55] [ INFO ] [DomicilioDAOH2:35] Domicilio saved
[2022-11-16 00:37:55] [ INFO ] [PacienteDAOH2:38] Paciente saved
[2022-11-16 00:37:55] [ INFO ] [PacienteDAOH2:20] Saving paciente ...
[2022-11-16 00:37:55] [ INFO ] [DomicilioDAOH2:20] Saving domicilio ...
[2022-11-16 00:37:55] [ INFO ] [DomicilioDAOH2:35] Domicilio saved
[2022-11-16 00:37:55] [ INFO ] [PacienteDAOH2:38] Paciente saved
[2022-11-16 00:37:55] [ INFO ] [PacienteDAOH2:20] Saving paciente ...
[2022-11-16 00:37:55] [ INFO ] [DomicilioDAOH2:20] Saving domicilio ...
[2022-11-16 00:37:55] [ INFO ] [DomicilioDAOH2:35] Domicilio saved
[2022-11-16 00:37:55] [ INFO ] [PacienteDAOH2:38] Paciente saved
[2022-11-16 00:37:55] [ INFO ] [PacienteDAOH2:147] Getting paciente list ...
[2022-11-16 00:37:55] [ INFO ] [DomicilioDAOH2:107] Searching domicilio ...
[2022-11-16 00:37:55] [ INFO ] [DomicilioDAOH2:118] Domicilio found
[2022-11-16 00:37:55] [ INFO ] [DomicilioDAOH2:107] Searching domicilio ...
[2022-11-16 00:37:55] [ INFO ] [DomicilioDAOH2:118] Domicilio found
[2022-11-16 00:37:55] [ INFO ] [DomicilioDAOH2:107] Searching domicilio ...
[2022-11-16 00:37:55] [ INFO ] [DomicilioDAOH2:118] Domicilio found
[2022-11-16 00:37:55] [ INFO ] [DomicilioDAOH2:107] Searching domicilio ...
[2022-11-16 00:37:55] [ INFO ] [DomicilioDAOH2:118] Domicilio found
[2022-11-16 00:37:55] [ INFO ] [PacienteDAOH2:161] Paciente list found
[2022-11-16 00:37:55] [ INFO ] [PacienteDAOH2:20] Saving paciente ...
[2022-11-16 00:37:55] [ INFO ] [DomicilioDAOH2:20] Saving domicilio ...
[2022-11-16 00:37:55] [ INFO ] [DomicilioDAOH2:35] Domicilio saved
[2022-11-16 00:37:55] [ INFO ] [PacienteDAOH2:38] Paciente saved
[2022-11-16 00:37:55] [ INFO ] [PacienteDAOH2:20] Saving paciente ...
[2022-11-16 00:37:55] [ INFO ] [DomicilioDAOH2:20] Saving domicilio ...
[2022-11-16 00:37:55] [ INFO ] [DomicilioDAOH2:35] Domicilio saved
[2022-11-16 00:37:55] [ INFO ] [PacienteDAOH2:38] Paciente saved
[2022-11-16 00:37:55] [ INFO ] [PacienteDAOH2:20] Saving paciente ...
[2022-11-16 00:37:55] [ INFO ] [DomicilioDAOH2:20] Saving domicilio ...
[2022-11-16 00:37:55] [ INFO ] [DomicilioDAOH2:35] Domicilio saved
[2022-11-16 00:37:55] [ INFO ] [PacienteDAOH2:38] Paciente saved
[2022-11-16 00:37:55] [ INFO ] [PacienteDAOH2:20] Saving paciente ...
[2022-11-16 00:37:56] [ INFO ] [DomicilioDAOH2:20] Saving domicilio ...
[2022-11-16 00:37:56] [ INFO ] [DomicilioDAOH2:35] Domicilio saved
[2022-11-16 00:37:56] [ INFO ] [PacienteDAOH2:38] Paciente saved
[2022-11-16 00:37:56] [ INFO ] [PacienteDAOH2:147] Getting paciente list ...
[2022-11-16 00:37:56] [ INFO ] [DomicilioDAOH2:107] Searching domicilio ...
[2022-11-16 00:37:56] [ INFO ] [DomicilioDAOH2:118] Domicilio found
[2022-11-16 00:37:56] [ INFO ] [DomicilioDAOH2:107] Searching domicilio ...
[2022-11-16 00:37:56] [ INFO ] [DomicilioDAOH2:118] Domicilio found
[2022-11-16 00:37:56] [ INFO ] [DomicilioDAOH2:107] Searching domicilio ...
[2022-11-16 00:37:56] [ INFO ] [DomicilioDAOH2:118] Domicilio found
[2022-11-16 00:37:56] [ INFO ] [DomicilioDAOH2:107] Searching domicilio ...
[2022-11-16 00:37:56] [ INFO ] [DomicilioDAOH2:118] Domicilio found
[2022-11-16 00:37:56] [ INFO ] [DomicilioDAOH2:107] Searching domicilio ...
[2022-11-16 00:37:56] [ INFO ] [DomicilioDAOH2:118] Domicilio found
[2022-11-16 00:37:56] [ INFO ] [DomicilioDAOH2:107] Searching domicilio ...
[2022-11-16 00:37:56] [ INFO ] [DomicilioDAOH2:118] Domicilio found
[2022-11-16 00:37:56] [ INFO ] [DomicilioDAOH2:107] Searching domicilio ...
[2022-11-16 00:37:56] [ INFO ] [DomicilioDAOH2:118] Domicilio found
[2022-11-16 00:37:56] [ INFO ] [DomicilioDAOH2:107] Searching domicilio ...
[2022-11-16 00:37:56] [ INFO ] [DomicilioDAOH2:118] Domicilio found
[2022-11-16 00:37:56] [ INFO ] [PacienteDAOH2:161] Paciente list found
[2022-11-16 00:39:10] [ INFO ] [DB:40] Creating tables ...
[2022-11-16 00:39:11] [ WARN ] [DB:48] Tables created
[2022-11-16 00:39:11] [ INFO ] [PacienteDAOH2:20] Saving paciente ...
[2022-11-16 00:39:11] [ INFO ] [DomicilioDAOH2:20] Saving domicilio ...
[2022-11-16 00:39:11] [ INFO ] [DomicilioDAOH2:35] Domicilio saved
[2022-11-16 00:39:11] [ INFO ] [PacienteDAOH2:38] Paciente saved
[2022-11-16 00:39:11] [ INFO ] [PacienteDAOH2:20] Saving paciente ...
[2022-11-16 00:39:11] [ INFO ] [DomicilioDAOH2:20] Saving domicilio ...
[2022-11-16 00:39:11] [ INFO ] [DomicilioDAOH2:35] Domicilio saved
[2022-11-16 00:39:11] [ INFO ] [PacienteDAOH2:38] Paciente saved
[2022-11-16 00:39:12] [ INFO ] [PacienteDAOH2:20] Saving paciente ...
[2022-11-16 00:39:12] [ INFO ] [DomicilioDAOH2:20] Saving domicilio ...
[2022-11-16 00:39:12] [ INFO ] [DomicilioDAOH2:35] Domicilio saved
[2022-11-16 00:39:12] [ INFO ] [PacienteDAOH2:38] Paciente saved
[2022-11-16 00:39:12] [ INFO ] [PacienteDAOH2:20] Saving paciente ...
[2022-11-16 00:39:12] [ INFO ] [DomicilioDAOH2:20] Saving domicilio ...
[2022-11-16 00:39:12] [ INFO ] [DomicilioDAOH2:35] Domicilio saved
[2022-11-16 00:39:12] [ INFO ] [PacienteDAOH2:38] Paciente saved
[2022-11-16 00:39:12] [ INFO ] [PacienteDAOH2:147] Getting paciente list ...
[2022-11-16 00:39:12] [ INFO ] [DomicilioDAOH2:107] Searching domicilio ...
[2022-11-16 00:39:12] [ INFO ] [DomicilioDAOH2:118] Domicilio found
[2022-11-16 00:39:12] [ INFO ] [DomicilioDAOH2:107] Searching domicilio ...
[2022-11-16 00:39:12] [ INFO ] [DomicilioDAOH2:118] Domicilio found
[2022-11-16 00:39:12] [ INFO ] [DomicilioDAOH2:107] Searching domicilio ...
[2022-11-16 00:39:12] [ INFO ] [DomicilioDAOH2:118] Domicilio found
[2022-11-16 00:39:12] [ INFO ] [DomicilioDAOH2:107] Searching domicilio ...
[2022-11-16 00:39:12] [ INFO ] [DomicilioDAOH2:118] Domicilio found
[2022-11-16 00:39:12] [ INFO ] [PacienteDAOH2:161] Paciente list found
[2022-11-16 00:39:12] [ INFO ] [DB:40] Creating tables ...
[2022-11-16 00:39:12] [ WARN ] [DB:48] Tables created
[2022-11-16 00:39:12] [ INFO ] [PacienteDAOH2:20] Saving paciente ...
[2022-11-16 00:39:12] [ INFO ] [DomicilioDAOH2:20] Saving domicilio ...
[2022-11-16 00:39:12] [ INFO ] [DomicilioDAOH2:35] Domicilio saved
[2022-11-16 00:39:12] [ INFO ] [PacienteDAOH2:38] Paciente saved
[2022-11-16 00:39:13] [ INFO ] [PacienteDAOH2:20] Saving paciente ...
[2022-11-16 00:39:13] [ INFO ] [DomicilioDAOH2:20] Saving domicilio ...
[2022-11-16 00:39:13] [ INFO ] [DomicilioDAOH2:35] Domicilio saved
[2022-11-16 00:39:13] [ INFO ] [PacienteDAOH2:38] Paciente saved
[2022-11-16 00:39:13] [ INFO ] [PacienteDAOH2:20] Saving paciente ...
[2022-11-16 00:39:13] [ INFO ] [DomicilioDAOH2:20] Saving domicilio ...
[2022-11-16 00:39:13] [ INFO ] [DomicilioDAOH2:35] Domicilio saved
[2022-11-16 00:39:13] [ INFO ] [PacienteDAOH2:38] Paciente saved
[2022-11-16 00:39:13] [ INFO ] [PacienteDAOH2:20] Saving paciente ...
[2022-11-16 00:39:13] [ INFO ] [DomicilioDAOH2:20] Saving domicilio ...
[2022-11-16 00:39:13] [ INFO ] [DomicilioDAOH2:35] Domicilio saved
[2022-11-16 00:39:13] [ INFO ] [PacienteDAOH2:38] Paciente saved
[2022-11-16 00:39:13] [ INFO ] [PacienteDAOH2:147] Getting paciente list ...
[2022-11-16 00:39:13] [ INFO ] [DomicilioDAOH2:107] Searching domicilio ...
[2022-11-16 00:39:13] [ INFO ] [DomicilioDAOH2:118] Domicilio found
[2022-11-16 00:39:13] [ INFO ] [DomicilioDAOH2:107] Searching domicilio ...
[2022-11-16 00:39:13] [ INFO ] [DomicilioDAOH2:118] Domicilio found
[2022-11-16 00:39:13] [ INFO ] [DomicilioDAOH2:107] Searching domicilio ...
[2022-11-16 00:39:13] [ INFO ] [DomicilioDAOH2:118] Domicilio found
[2022-11-16 00:39:13] [ INFO ] [DomicilioDAOH2:107] Searching domicilio ...
[2022-11-16 00:39:13] [ INFO ] [DomicilioDAOH2:118] Domicilio found
[2022-11-16 00:39:13] [ INFO ] [PacienteDAOH2:161] Paciente list found
[2022-11-16 00:39:13] [ WARN ] [PacienteDAOH2:86] Deleting paciente ID: 2 ...
[2022-11-16 00:39:13] [ INFO ] [PacienteDAOH2:114] Searching paciente ...
[2022-11-16 00:39:13] [ INFO ] [DomicilioDAOH2:107] Searching domicilio ...
[2022-11-16 00:39:13] [ INFO ] [DomicilioDAOH2:118] Domicilio found
[2022-11-16 00:39:13] [ INFO ] [PacienteDAOH2:129] Paciente found
[2022-11-16 00:39:13] [ WARN ] [DomicilioDAOH2:82] Deleting domicilio ID: 2 ...
[2022-11-16 00:39:13] [ WARN ] [DomicilioDAOH2:90] Domicilio with ID: 2 was successfully deleted!
[2022-11-16 00:39:13] [ WARN ] [PacienteDAOH2:97] Paciente with ID: 2 was successfully deleted!
[2022-11-16 00:39:13] [ WARN ] [PacienteDAOH2:86] Deleting paciente ID: 4 ...
[2022-11-16 00:39:13] [ INFO ] [PacienteDAOH2:114] Searching paciente ...
[2022-11-16 00:39:13] [ INFO ] [DomicilioDAOH2:107] Searching domicilio ...
[2022-11-16 00:39:13] [ INFO ] [DomicilioDAOH2:118] Domicilio found
[2022-11-16 00:39:13] [ INFO ] [PacienteDAOH2:129] Paciente found
[2022-11-16 00:39:13] [ WARN ] [DomicilioDAOH2:82] Deleting domicilio ID: 4 ...
[2022-11-16 00:39:13] [ WARN ] [DomicilioDAOH2:90] Domicilio with ID: 4 was successfully deleted!
[2022-11-16 00:39:13] [ WARN ] [PacienteDAOH2:97] Paciente with ID: 4 was successfully deleted!
[2022-11-16 00:39:13] [ INFO ] [PacienteDAOH2:147] Getting paciente list ...
[2022-11-16 00:39:13] [ INFO ] [DomicilioDAOH2:107] Searching domicilio ...
[2022-11-16 00:39:13] [ INFO ] [DomicilioDAOH2:118] Domicilio found
[2022-11-16 00:39:13] [ INFO ] [DomicilioDAOH2:107] Searching domicilio ...
[2022-11-16 00:39:13] [ INFO ] [DomicilioDAOH2:118] Domicilio found
[2022-11-16 00:39:13] [ INFO ] [PacienteDAOH2:161] Paciente list found
[2022-11-16 00:39:14] [ INFO ] [DomicilioDAOH2:136] Getting domicilio list ...
[2022-11-16 00:39:14] [ INFO ] [DomicilioDAOH2:149] Domicilio list found
[2022-11-16 00:40:24] [ INFO ] [DB:40] Creating tables ...
[2022-11-16 00:40:24] [ WARN ] [DB:48] Tables created
[2022-11-16 00:40:25] [ INFO ] [PacienteDAOH2:20] Saving paciente ...
[2022-11-16 00:40:25] [ INFO ] [DomicilioDAOH2:20] Saving domicilio ...
[2022-11-16 00:40:25] [ INFO ] [DomicilioDAOH2:35] Domicilio saved
[2022-11-16 00:40:25] [ INFO ] [PacienteDAOH2:38] Paciente saved
[2022-11-16 00:40:25] [ INFO ] [PacienteDAOH2:20] Saving paciente ...
[2022-11-16 00:40:25] [ INFO ] [DomicilioDAOH2:20] Saving domicilio ...
[2022-11-16 00:40:25] [ INFO ] [DomicilioDAOH2:35] Domicilio saved
[2022-11-16 00:40:25] [ INFO ] [PacienteDAOH2:38] Paciente saved
[2022-11-16 00:40:25] [ INFO ] [PacienteDAOH2:20] Saving paciente ...
[2022-11-16 00:40:25] [ INFO ] [DomicilioDAOH2:20] Saving domicilio ...
[2022-11-16 00:40:25] [ INFO ] [DomicilioDAOH2:35] Domicilio saved
[2022-11-16 00:40:25] [ INFO ] [PacienteDAOH2:38] Paciente saved
[2022-11-16 00:40:25] [ INFO ] [PacienteDAOH2:20] Saving paciente ...
[2022-11-16 00:40:25] [ INFO ] [DomicilioDAOH2:20] Saving domicilio ...
[2022-11-16 00:40:25] [ INFO ] [DomicilioDAOH2:35] Domicilio saved
[2022-11-16 00:40:25] [ INFO ] [PacienteDAOH2:38] Paciente saved
[2022-11-16 00:40:25] [ INFO ] [PacienteDAOH2:147] Getting paciente list ...
[2022-11-16 00:40:25] [ INFO ] [DomicilioDAOH2:107] Searching domicilio ...
[2022-11-16 00:40:25] [ INFO ] [DomicilioDAOH2:118] Domicilio found
[2022-11-16 00:40:25] [ INFO ] [DomicilioDAOH2:107] Searching domicilio ...
[2022-11-16 00:40:25] [ INFO ] [DomicilioDAOH2:118] Domicilio found
[2022-11-16 00:40:25] [ INFO ] [DomicilioDAOH2:107] Searching domicilio ...
[2022-11-16 00:40:25] [ INFO ] [DomicilioDAOH2:118] Domicilio found
[2022-11-16 00:40:25] [ INFO ] [DomicilioDAOH2:107] Searching domicilio ...
[2022-11-16 00:40:25] [ INFO ] [DomicilioDAOH2:118] Domicilio found
[2022-11-16 00:40:25] [ INFO ] [PacienteDAOH2:161] Paciente list found
[2022-11-16 00:40:25] [ INFO ] [DB:40] Creating tables ...
[2022-11-16 00:40:25] [ WARN ] [DB:48] Tables created
[2022-11-16 00:40:26] [ INFO ] [PacienteDAOH2:20] Saving paciente ...
[2022-11-16 00:40:26] [ INFO ] [DomicilioDAOH2:20] Saving domicilio ...
[2022-11-16 00:40:26] [ INFO ] [DomicilioDAOH2:35] Domicilio saved
[2022-11-16 00:40:26] [ INFO ] [PacienteDAOH2:38] Paciente saved
[2022-11-16 00:40:26] [ INFO ] [PacienteDAOH2:20] Saving paciente ...
[2022-11-16 00:40:26] [ INFO ] [DomicilioDAOH2:20] Saving domicilio ...
[2022-11-16 00:40:26] [ INFO ] [DomicilioDAOH2:35] Domicilio saved
[2022-11-16 00:40:26] [ INFO ] [PacienteDAOH2:38] Paciente saved
[2022-11-16 00:40:26] [ INFO ] [PacienteDAOH2:20] Saving paciente ...
[2022-11-16 00:40:26] [ INFO ] [DomicilioDAOH2:20] Saving domicilio ...
[2022-11-16 00:40:26] [ INFO ] [DomicilioDAOH2:35] Domicilio saved
[2022-11-16 00:40:26] [ INFO ] [PacienteDAOH2:38] Paciente saved
[2022-11-16 00:40:26] [ INFO ] [PacienteDAOH2:20] Saving paciente ...
[2022-11-16 00:40:26] [ INFO ] [DomicilioDAOH2:20] Saving domicilio ...
[2022-11-16 00:40:26] [ INFO ] [DomicilioDAOH2:35] Domicilio saved
[2022-11-16 00:40:26] [ INFO ] [PacienteDAOH2:38] Paciente saved
[2022-11-16 00:40:26] [ INFO ] [PacienteDAOH2:147] Getting paciente list ...
[2022-11-16 00:40:26] [ INFO ] [DomicilioDAOH2:107] Searching domicilio ...
[2022-11-16 00:40:26] [ INFO ] [DomicilioDAOH2:118] Domicilio found
[2022-11-16 00:40:26] [ INFO ] [DomicilioDAOH2:107] Searching domicilio ...
[2022-11-16 00:40:26] [ INFO ] [DomicilioDAOH2:118] Domicilio found
[2022-11-16 00:40:26] [ INFO ] [DomicilioDAOH2:107] Searching domicilio ...
[2022-11-16 00:40:26] [ INFO ] [DomicilioDAOH2:118] Domicilio found
[2022-11-16 00:40:26] [ INFO ] [DomicilioDAOH2:107] Searching domicilio ...
[2022-11-16 00:40:26] [ INFO ] [DomicilioDAOH2:118] Domicilio found
[2022-11-16 00:40:26] [ INFO ] [PacienteDAOH2:161] Paciente list found
[2022-11-16 00:40:26] [ WARN ] [PacienteDAOH2:86] Deleting paciente ID: 2 ...
[2022-11-16 00:40:26] [ INFO ] [PacienteDAOH2:114] Searching paciente ...
[2022-11-16 00:40:26] [ INFO ] [DomicilioDAOH2:107] Searching domicilio ...
[2022-11-16 00:40:26] [ INFO ] [DomicilioDAOH2:118] Domicilio found
[2022-11-16 00:40:26] [ INFO ] [PacienteDAOH2:129] Paciente found
[2022-11-16 00:40:26] [ WARN ] [DomicilioDAOH2:82] Deleting domicilio ID: 2 ...
[2022-11-16 00:40:26] [ WARN ] [DomicilioDAOH2:90] Domicilio with ID: 2 was successfully deleted!
[2022-11-16 00:40:26] [ WARN ] [PacienteDAOH2:97] Paciente with ID: 2 was successfully deleted!
[2022-11-16 00:40:26] [ WARN ] [PacienteDAOH2:86] Deleting paciente ID: 4 ...
[2022-11-16 00:40:26] [ INFO ] [PacienteDAOH2:114] Searching paciente ...
[2022-11-16 00:40:26] [ INFO ] [DomicilioDAOH2:107] Searching domicilio ...
[2022-11-16 00:40:26] [ INFO ] [DomicilioDAOH2:118] Domicilio found
[2022-11-16 00:40:26] [ INFO ] [PacienteDAOH2:129] Paciente found
[2022-11-16 00:40:26] [ WARN ] [DomicilioDAOH2:82] Deleting domicilio ID: 4 ...
[2022-11-16 00:40:26] [ WARN ] [DomicilioDAOH2:90] Domicilio with ID: 4 was successfully deleted!
[2022-11-16 00:40:26] [ WARN ] [PacienteDAOH2:97] Paciente with ID: 4 was successfully deleted!
[2022-11-16 00:40:26] [ INFO ] [PacienteDAOH2:147] Getting paciente list ...
[2022-11-16 00:40:26] [ INFO ] [DomicilioDAOH2:107] Searching domicilio ...
[2022-11-16 00:40:26] [ INFO ] [DomicilioDAOH2:118] Domicilio found
[2022-11-16 00:40:26] [ INFO ] [DomicilioDAOH2:107] Searching domicilio ...
[2022-11-16 00:40:26] [ INFO ] [DomicilioDAOH2:118] Domicilio found
[2022-11-16 00:40:26] [ INFO ] [PacienteDAOH2:161] Paciente list found
[2022-11-16 00:40:26] [ INFO ] [DomicilioDAOH2:136] Getting domicilio list ...
[2022-11-16 00:40:26] [ INFO ] [DomicilioDAOH2:149] Domicilio list found
