[2022-11-15 14:47:24] [ INFO ] [DB:40] Creating tables ...
[2022-11-15 14:47:24] [ WARN ] [DB:48] Tables created
[2022-11-15 14:47:24] [ INFO ] [DomicilioDAOH2:20] Saving domicilio ...
[2022-11-15 14:47:24] [ INFO ] [DomicilioDAOH2:35] Domicilio saved
[2022-11-15 14:47:25] [ INFO ] [DomicilioDAOH2:20] Saving domicilio ...
[2022-11-15 14:47:25] [ INFO ] [DomicilioDAOH2:35] Domicilio saved
[2022-11-15 14:47:25] [ INFO ] [DomicilioDAOH2:20] Saving domicilio ...
[2022-11-15 14:47:25] [ INFO ] [DomicilioDAOH2:35] Domicilio saved
[2022-11-15 14:47:25] [ INFO ] [DomicilioDAOH2:20] Saving domicilio ...
[2022-11-15 14:47:25] [ INFO ] [DomicilioDAOH2:35] Domicilio saved
[2022-11-15 14:47:25] [ INFO ] [DomicilioDAOH2:136] Getting domicilio list ...
[2022-11-15 14:47:25] [ INFO ] [DomicilioDAOH2:149] Domicilio list found
[2022-11-15 14:47:25] [ INFO ] [DB:40] Creating tables ...
[2022-11-15 14:47:25] [ WARN ] [DB:48] Tables created
[2022-11-15 14:47:25] [ INFO ] [DomicilioDAOH2:20] Saving domicilio ...
[2022-11-15 14:47:25] [ INFO ] [DomicilioDAOH2:35] Domicilio saved
[2022-11-15 14:47:25] [ INFO ] [DomicilioDAOH2:107] Searching domicilio ...
[2022-11-15 14:47:25] [ INFO ] [DomicilioDAOH2:118] Domicilio found
[2022-11-15 14:47:25] [ WARN ] [DomicilioDAOH2:53] Updating domicilio ID: 1 ...
[2022-11-15 14:47:25] [ WARN ] [DomicilioDAOH2:65] Domicilio with ID: 1 was successfully updated!
[2022-11-15 14:47:26] [ INFO ] [DomicilioDAOH2:107] Searching domicilio ...
[2022-11-15 14:47:26] [ INFO ] [DomicilioDAOH2:118] Domicilio found
[2022-11-15 14:47:26] [ INFO ] [DB:40] Creating tables ...
[2022-11-15 14:47:26] [ WARN ] [DB:48] Tables created
[2022-11-15 14:47:26] [ INFO ] [DomicilioDAOH2:20] Saving domicilio ...
[2022-11-15 14:47:26] [ INFO ] [DomicilioDAOH2:35] Domicilio saved
[2022-11-15 14:47:26] [ INFO ] [DomicilioDAOH2:20] Saving domicilio ...
[2022-11-15 14:47:26] [ INFO ] [DomicilioDAOH2:35] Domicilio saved
[2022-11-15 14:47:26] [ INFO ] [DomicilioDAOH2:20] Saving domicilio ...
[2022-11-15 14:47:26] [ INFO ] [DomicilioDAOH2:35] Domicilio saved
[2022-11-15 14:47:26] [ INFO ] [DomicilioDAOH2:20] Saving domicilio ...
[2022-11-15 14:47:26] [ INFO ] [DomicilioDAOH2:35] Domicilio saved
[2022-11-15 14:47:26] [ INFO ] [DomicilioDAOH2:136] Getting domicilio list ...
[2022-11-15 14:47:27] [ INFO ] [DomicilioDAOH2:149] Domicilio list found
[2022-11-15 14:47:27] [ WARN ] [DomicilioDAOH2:82] Deleting domicilio ID: 2 ...
[2022-11-15 14:47:27] [ WARN ] [DomicilioDAOH2:90] Domicilio with ID: 2 was successfully deleted!
[2022-11-15 14:47:27] [ WARN ] [DomicilioDAOH2:82] Deleting domicilio ID: 4 ...
[2022-11-15 14:47:27] [ WARN ] [DomicilioDAOH2:90] Domicilio with ID: 4 was successfully deleted!
[2022-11-15 14:47:27] [ INFO ] [DomicilioDAOH2:136] Getting domicilio list ...
[2022-11-15 14:47:27] [ INFO ] [DomicilioDAOH2:149] Domicilio list found
[2022-11-16 00:06:00] [ INFO ] [DB:40] Creating tables ...
[2022-11-16 00:06:00] [ WARN ] [DB:48] Tables created
[2022-11-16 00:06:01] [ INFO ] [PacienteDAOH2:20] Saving paciente ...
[2022-11-16 00:06:01] [ ERROR] [PacienteDAOH2:39] Saving paciente failed: Columna "DOMICILIO" no encontrada
Column "DOMICILIO" not found; SQL statement:
INSERT INTO PACIENTE (NOMBRE, APELLIDO, DNI, FECHA_INGRESO, DOMICILIO) VALUES (?, ?, ?, ?, ?); [42122-214]
[2022-11-16 00:06:01] [ INFO ] [PacienteDAOH2:20] Saving paciente ...
[2022-11-16 00:06:01] [ ERROR] [PacienteDAOH2:39] Saving paciente failed: Columna "DOMICILIO" no encontrada
Column "DOMICILIO" not found; SQL statement:
INSERT INTO PACIENTE (NOMBRE, APELLIDO, DNI, FECHA_INGRESO, DOMICILIO) VALUES (?, ?, ?, ?, ?); [42122-214]
[2022-11-16 00:06:01] [ INFO ] [PacienteDAOH2:20] Saving paciente ...
[2022-11-16 00:06:01] [ ERROR] [PacienteDAOH2:39] Saving paciente failed: Columna "DOMICILIO" no encontrada
Column "DOMICILIO" not found; SQL statement:
INSERT INTO PACIENTE (NOMBRE, APELLIDO, DNI, FECHA_INGRESO, DOMICILIO) VALUES (?, ?, ?, ?, ?); [42122-214]
[2022-11-16 00:06:01] [ INFO ] [PacienteDAOH2:20] Saving paciente ...
[2022-11-16 00:06:01] [ ERROR] [PacienteDAOH2:39] Saving paciente failed: Columna "DOMICILIO" no encontrada
Column "DOMICILIO" not found; SQL statement:
INSERT INTO PACIENTE (NOMBRE, APELLIDO, DNI, FECHA_INGRESO, DOMICILIO) VALUES (?, ?, ?, ?, ?); [42122-214]
[2022-11-16 00:06:01] [ INFO ] [PacienteDAOH2:142] Getting paciente list ...
[2022-11-16 00:06:01] [ INFO ] [PacienteDAOH2:156] Paciente list found
[2022-11-16 00:08:01] [ INFO ] [DB:40] Creating tables ...
[2022-11-16 00:08:01] [ WARN ] [DB:48] Tables created
[2022-11-16 00:08:02] [ INFO ] [PacienteDAOH2:20] Saving paciente ...
[2022-11-16 00:08:02] [ ERROR] [PacienteDAOH2:39] Saving paciente failed: Cannot invoke "java.lang.Integer.intValue()" because the return value of "model.Domicilio.getID()" is null
[2022-11-16 00:08:02] [ INFO ] [PacienteDAOH2:20] Saving paciente ...
[2022-11-16 00:08:02] [ ERROR] [PacienteDAOH2:39] Saving paciente failed: Cannot invoke "java.lang.Integer.intValue()" because the return value of "model.Domicilio.getID()" is null
[2022-11-16 00:08:02] [ INFO ] [PacienteDAOH2:20] Saving paciente ...
[2022-11-16 00:08:02] [ ERROR] [PacienteDAOH2:39] Saving paciente failed: Cannot invoke "java.lang.Integer.intValue()" because the return value of "model.Domicilio.getID()" is null
[2022-11-16 00:08:02] [ INFO ] [PacienteDAOH2:20] Saving paciente ...
[2022-11-16 00:08:02] [ ERROR] [PacienteDAOH2:39] Saving paciente failed: Cannot invoke "java.lang.Integer.intValue()" because the return value of "model.Domicilio.getID()" is null
[2022-11-16 00:08:02] [ INFO ] [PacienteDAOH2:142] Getting paciente list ...
[2022-11-16 00:08:02] [ INFO ] [PacienteDAOH2:156] Paciente list found
[2022-11-16 00:19:43] [ INFO ] [DB:40] Creating tables ...
[2022-11-16 00:19:44] [ WARN ] [DB:48] Tables created
[2022-11-16 00:19:44] [ INFO ] [PacienteDAOH2:20] Saving paciente ...
[2022-11-16 00:19:44] [ INFO ] [DomicilioDAOH2:20] Saving domicilio ...
[2022-11-16 00:19:44] [ INFO ] [DomicilioDAOH2:35] Domicilio saved
[2022-11-16 00:19:44] [ INFO ] [PacienteDAOH2:38] Paciente saved
[2022-11-16 00:19:44] [ INFO ] [PacienteDAOH2:20] Saving paciente ...
[2022-11-16 00:19:44] [ INFO ] [DomicilioDAOH2:20] Saving domicilio ...
[2022-11-16 00:19:44] [ INFO ] [DomicilioDAOH2:35] Domicilio saved
[2022-11-16 00:19:44] [ INFO ] [PacienteDAOH2:38] Paciente saved
[2022-11-16 00:19:44] [ INFO ] [PacienteDAOH2:20] Saving paciente ...
[2022-11-16 00:19:44] [ INFO ] [DomicilioDAOH2:20] Saving domicilio ...
[2022-11-16 00:19:44] [ INFO ] [DomicilioDAOH2:35] Domicilio saved
[2022-11-16 00:19:44] [ INFO ] [PacienteDAOH2:38] Paciente saved
[2022-11-16 00:19:44] [ INFO ] [PacienteDAOH2:20] Saving paciente ...
[2022-11-16 00:19:44] [ INFO ] [DomicilioDAOH2:20] Saving domicilio ...
[2022-11-16 00:19:44] [ INFO ] [DomicilioDAOH2:35] Domicilio saved
[2022-11-16 00:19:44] [ INFO ] [PacienteDAOH2:38] Paciente saved
[2022-11-16 00:19:45] [ INFO ] [PacienteDAOH2:144] Getting paciente list ...
[2022-11-16 00:19:45] [ INFO ] [DomicilioDAOH2:107] Searching domicilio ...
[2022-11-16 00:19:45] [ INFO ] [DomicilioDAOH2:118] Domicilio found
[2022-11-16 00:19:45] [ INFO ] [DomicilioDAOH2:107] Searching domicilio ...
[2022-11-16 00:19:45] [ INFO ] [DomicilioDAOH2:118] Domicilio found
[2022-11-16 00:19:45] [ INFO ] [DomicilioDAOH2:107] Searching domicilio ...
[2022-11-16 00:19:45] [ INFO ] [DomicilioDAOH2:118] Domicilio found
[2022-11-16 00:19:45] [ INFO ] [DomicilioDAOH2:107] Searching domicilio ...
[2022-11-16 00:19:45] [ INFO ] [DomicilioDAOH2:118] Domicilio found
[2022-11-16 00:19:45] [ INFO ] [PacienteDAOH2:158] Paciente list found
[2022-11-16 00:37:53] [ INFO ] [DB:40] Creating tables ...
[2022-11-16 00:37:54] [ WARN ] [DB:48] Tables created
[2022-11-16 00:37:54] [ INFO ] [PacienteDAOH2:20] Saving paciente ...
[2022-11-16 00:37:54] [ INFO ] [DomicilioDAOH2:20] Saving domicilio ...
[2022-11-16 00:37:54] [ INFO ] [DomicilioDAOH2:35] Domicilio saved
[2022-11-16 00:37:54] [ INFO ] [PacienteDAOH2:38] Paciente saved
[2022-11-16 00:37:55] [ INFO ] [PacienteDAOH2:20] Saving paciente ...
[2022-11-16 00:37:55] [ INFO ] [DomicilioDAOH2:20] Saving domicilio ...
[2022-11-16 00:37:55] [ INFO ] [DomicilioDAOH2:35] Domicilio saved
[2022-11-16 00:37:55] [ INFO ] [PacienteDAOH2:38] Paciente saved
[2022-11-16 00:37:55] [ INFO ] [PacienteDAOH2:20] Saving paciente ...
[2022-11-16 00:37:55] [ INFO ] [DomicilioDAOH2:20] Saving domicilio ...
[2022-11-16 00:37:55] [ INFO ] [DomicilioDAOH2:35] Domicilio saved
[2022-11-16 00:37:55] [ INFO ] [PacienteDAOH2:38] Paciente saved
[2022-11-16 00:37:55] [ INFO ] [PacienteDAOH2:20] Saving paciente ...
[2022-11-16 00:37:55] [ INFO ] [DomicilioDAOH2:20] Saving domicilio ...
[2022-11-16 00:37:55] [ INFO ] [DomicilioDAOH2:35] Domicilio saved
[2022-11-16 00:37:55] [ INFO ] [PacienteDAOH2:38] Paciente saved
[2022-11-16 00:37:55] [ INFO ] [PacienteDAOH2:147] Getting paciente list ...
[2022-11-16 00:37:55] [ INFO ] [DomicilioDAOH2:107] Searching domicilio ...
[2022-11-16 00:37:55] [ INFO ] [DomicilioDAOH2:118] Domicilio found
[2022-11-16 00:37:55] [ INFO ] [DomicilioDAOH2:107] Searching domicilio ...
[2022-11-16 00:37:55] [ INFO ] [DomicilioDAOH2:118] Domicilio found
[2022-11-16 00:37:55] [ INFO ] [DomicilioDAOH2:107] Searching domicilio ...
[2022-11-16 00:37:55] [ INFO ] [DomicilioDAOH2:118] Domicilio found
[2022-11-16 00:37:55] [ INFO ] [DomicilioDAOH2:107] Searching domicilio ...
[2022-11-16 00:37:55] [ INFO ] [DomicilioDAOH2:118] Domicilio found
[2022-11-16 00:37:55] [ INFO ] [PacienteDAOH2:161] Paciente list found
[2022-11-16 00:37:55] [ INFO ] [PacienteDAOH2:20] Saving paciente ...
[2022-11-16 00:37:55] [ INFO ] [DomicilioDAOH2:20] Saving domicilio ...
[2022-11-16 00:37:55] [ INFO ] [DomicilioDAOH2:35] Domicilio saved
[2022-11-16 00:37:55] [ INFO ] [PacienteDAOH2:38] Paciente saved
[2022-11-16 00:37:55] [ INFO ] [PacienteDAOH2:20] Saving paciente ...
[2022-11-16 00:37:55] [ INFO ] [DomicilioDAOH2:20] Saving domicilio ...
[2022-11-16 00:37:55] [ INFO ] [DomicilioDAOH2:35] Domicilio saved
[2022-11-16 00:37:55] [ INFO ] [PacienteDAOH2:38] Paciente saved
[2022-11-16 00:37:55] [ INFO ] [PacienteDAOH2:20] Saving paciente ...
[2022-11-16 00:37:55] [ INFO ] [DomicilioDAOH2:20] Saving domicilio ...
[2022-11-16 00:37:55] [ INFO ] [DomicilioDAOH2:35] Domicilio saved
[2022-11-16 00:37:55] [ INFO ] [PacienteDAOH2:38] Paciente saved
[2022-11-16 00:37:55] [ INFO ] [PacienteDAOH2:20] Saving paciente ...
[2022-11-16 00:37:56] [ INFO ] [DomicilioDAOH2:20] Saving domicilio ...
[2022-11-16 00:37:56] [ INFO ] [DomicilioDAOH2:35] Domicilio saved
[2022-11-16 00:37:56] [ INFO ] [PacienteDAOH2:38] Paciente saved
[2022-11-16 00:37:56] [ INFO ] [PacienteDAOH2:147] Getting paciente list ...
[2022-11-16 00:37:56] [ INFO ] [DomicilioDAOH2:107] Searching domicilio ...
[2022-11-16 00:37:56] [ INFO ] [DomicilioDAOH2:118] Domicilio found
[2022-11-16 00:37:56] [ INFO ] [DomicilioDAOH2:107] Searching domicilio ...
[2022-11-16 00:37:56] [ INFO ] [DomicilioDAOH2:118] Domicilio found
[2022-11-16 00:37:56] [ INFO ] [DomicilioDAOH2:107] Searching domicilio ...
[2022-11-16 00:37:56] [ INFO ] [DomicilioDAOH2:118] Domicilio found
[2022-11-16 00:37:56] [ INFO ] [DomicilioDAOH2:107] Searching domicilio ...
[2022-11-16 00:37:56] [ INFO ] [DomicilioDAOH2:118] Domicilio found
[2022-11-16 00:37:56] [ INFO ] [DomicilioDAOH2:107] Searching domicilio ...
[2022-11-16 00:37:56] [ INFO ] [DomicilioDAOH2:118] Domicilio found
[2022-11-16 00:37:56] [ INFO ] [DomicilioDAOH2:107] Searching domicilio ...
[2022-11-16 00:37:56] [ INFO ] [DomicilioDAOH2:118] Domicilio found
[2022-11-16 00:37:56] [ INFO ] [DomicilioDAOH2:107] Searching domicilio ...
[2022-11-16 00:37:56] [ INFO ] [DomicilioDAOH2:118] Domicilio found
[2022-11-16 00:37:56] [ INFO ] [DomicilioDAOH2:107] Searching domicilio ...
[2022-11-16 00:37:56] [ INFO ] [DomicilioDAOH2:118] Domicilio found
[2022-11-16 00:37:56] [ INFO ] [PacienteDAOH2:161] Paciente list found
[2022-11-16 00:39:10] [ INFO ] [DB:40] Creating tables ...
[2022-11-16 00:39:11] [ WARN ] [DB:48] Tables created
[2022-11-16 00:39:11] [ INFO ] [PacienteDAOH2:20] Saving paciente ...
[2022-11-16 00:39:11] [ INFO ] [DomicilioDAOH2:20] Saving domicilio ...
[2022-11-16 00:39:11] [ INFO ] [DomicilioDAOH2:35] Domicilio saved
[2022-11-16 00:39:11] [ INFO ] [PacienteDAOH2:38] Paciente saved
[2022-11-16 00:39:11] [ INFO ] [PacienteDAOH2:20] Saving paciente ...
[2022-11-16 00:39:11] [ INFO ] [DomicilioDAOH2:20] Saving domicilio ...
[2022-11-16 00:39:11] [ INFO ] [DomicilioDAOH2:35] Domicilio saved
[2022-11-16 00:39:11] [ INFO ] [PacienteDAOH2:38] Paciente saved
[2022-11-16 00:39:12] [ INFO ] [PacienteDAOH2:20] Saving paciente ...
[2022-11-16 00:39:12] [ INFO ] [DomicilioDAOH2:20] Saving domicilio ...
[2022-11-16 00:39:12] [ INFO ] [DomicilioDAOH2:35] Domicilio saved
[2022-11-16 00:39:12] [ INFO ] [PacienteDAOH2:38] Paciente saved
[2022-11-16 00:39:12] [ INFO ] [PacienteDAOH2:20] Saving paciente ...
[2022-11-16 00:39:12] [ INFO ] [DomicilioDAOH2:20] Saving domicilio ...
[2022-11-16 00:39:12] [ INFO ] [DomicilioDAOH2:35] Domicilio saved
[2022-11-16 00:39:12] [ INFO ] [PacienteDAOH2:38] Paciente saved
[2022-11-16 00:39:12] [ INFO ] [PacienteDAOH2:147] Getting paciente list ...
[2022-11-16 00:39:12] [ INFO ] [DomicilioDAOH2:107] Searching domicilio ...
[2022-11-16 00:39:12] [ INFO ] [DomicilioDAOH2:118] Domicilio found
[2022-11-16 00:39:12] [ INFO ] [DomicilioDAOH2:107] Searching domicilio ...
[2022-11-16 00:39:12] [ INFO ] [DomicilioDAOH2:118] Domicilio found
[2022-11-16 00:39:12] [ INFO ] [DomicilioDAOH2:107] Searching domicilio ...
[2022-11-16 00:39:12] [ INFO ] [DomicilioDAOH2:118] Domicilio found
[2022-11-16 00:39:12] [ INFO ] [DomicilioDAOH2:107] Searching domicilio ...
[2022-11-16 00:39:12] [ INFO ] [DomicilioDAOH2:118] Domicilio found
[2022-11-16 00:39:12] [ INFO ] [PacienteDAOH2:161] Paciente list found
[2022-11-16 00:39:12] [ INFO ] [DB:40] Creating tables ...
[2022-11-16 00:39:12] [ WARN ] [DB:48] Tables created
[2022-11-16 00:39:12] [ INFO ] [PacienteDAOH2:20] Saving paciente ...
[2022-11-16 00:39:12] [ INFO ] [DomicilioDAOH2:20] Saving domicilio ...
[2022-11-16 00:39:12] [ INFO ] [DomicilioDAOH2:35] Domicilio saved
[2022-11-16 00:39:12] [ INFO ] [PacienteDAOH2:38] Paciente saved
[2022-11-16 00:39:13] [ INFO ] [PacienteDAOH2:20] Saving paciente ...
[2022-11-16 00:39:13] [ INFO ] [DomicilioDAOH2:20] Saving domicilio ...
[2022-11-16 00:39:13] [ INFO ] [DomicilioDAOH2:35] Domicilio saved
[2022-11-16 00:39:13] [ INFO ] [PacienteDAOH2:38] Paciente saved
[2022-11-16 00:39:13] [ INFO ] [PacienteDAOH2:20] Saving paciente ...
[2022-11-16 00:39:13] [ INFO ] [DomicilioDAOH2:20] Saving domicilio ...
[2022-11-16 00:39:13] [ INFO ] [DomicilioDAOH2:35] Domicilio saved
[2022-11-16 00:39:13] [ INFO ] [PacienteDAOH2:38] Paciente saved
[2022-11-16 00:39:13] [ INFO ] [PacienteDAOH2:20] Saving paciente ...
[2022-11-16 00:39:13] [ INFO ] [DomicilioDAOH2:20] Saving domicilio ...
[2022-11-16 00:39:13] [ INFO ] [DomicilioDAOH2:35] Domicilio saved
[2022-11-16 00:39:13] [ INFO ] [PacienteDAOH2:38] Paciente saved
[2022-11-16 00:39:13] [ INFO ] [PacienteDAOH2:147] Getting paciente list ...
[2022-11-16 00:39:13] [ INFO ] [DomicilioDAOH2:107] Searching domicilio ...
[2022-11-16 00:39:13] [ INFO ] [DomicilioDAOH2:118] Domicilio found
[2022-11-16 00:39:13] [ INFO ] [DomicilioDAOH2:107] Searching domicilio ...
[2022-11-16 00:39:13] [ INFO ] [DomicilioDAOH2:118] Domicilio found
[2022-11-16 00:39:13] [ INFO ] [DomicilioDAOH2:107] Searching domicilio ...
[2022-11-16 00:39:13] [ INFO ] [DomicilioDAOH2:118] Domicilio found
[2022-11-16 00:39:13] [ INFO ] [DomicilioDAOH2:107] Searching domicilio ...
[2022-11-16 00:39:13] [ INFO ] [DomicilioDAOH2:118] Domicilio found
[2022-11-16 00:39:13] [ INFO ] [PacienteDAOH2:161] Paciente list found
[2022-11-16 00:39:13] [ WARN ] [PacienteDAOH2:86] Deleting paciente ID: 2 ...
[2022-11-16 00:39:13] [ INFO ] [PacienteDAOH2:114] Searching paciente ...
[2022-11-16 00:39:13] [ INFO ] [DomicilioDAOH2:107] Searching domicilio ...
[2022-11-16 00:39:13] [ INFO ] [DomicilioDAOH2:118] Domicilio found
[2022-11-16 00:39:13] [ INFO ] [PacienteDAOH2:129] Paciente found
[2022-11-16 00:39:13] [ WARN ] [DomicilioDAOH2:82] Deleting domicilio ID: 2 ...
[2022-11-16 00:39:13] [ WARN ] [DomicilioDAOH2:90] Domicilio with ID: 2 was successfully deleted!
[2022-11-16 00:39:13] [ WARN ] [PacienteDAOH2:97] Paciente with ID: 2 was successfully deleted!
[2022-11-16 00:39:13] [ WARN ] [PacienteDAOH2:86] Deleting paciente ID: 4 ...
[2022-11-16 00:39:13] [ INFO ] [PacienteDAOH2:114] Searching paciente ...
[2022-11-16 00:39:13] [ INFO ] [DomicilioDAOH2:107] Searching domicilio ...
[2022-11-16 00:39:13] [ INFO ] [DomicilioDAOH2:118] Domicilio found
[2022-11-16 00:39:13] [ INFO ] [PacienteDAOH2:129] Paciente found
[2022-11-16 00:39:13] [ WARN ] [DomicilioDAOH2:82] Deleting domicilio ID: 4 ...
[2022-11-16 00:39:13] [ WARN ] [DomicilioDAOH2:90] Domicilio with ID: 4 was successfully deleted!
[2022-11-16 00:39:13] [ WARN ] [PacienteDAOH2:97] Paciente with ID: 4 was successfully deleted!
[2022-11-16 00:39:13] [ INFO ] [PacienteDAOH2:147] Getting paciente list ...
[2022-11-16 00:39:13] [ INFO ] [DomicilioDAOH2:107] Searching domicilio ...
[2022-11-16 00:39:13] [ INFO ] [DomicilioDAOH2:118] Domicilio found
[2022-11-16 00:39:13] [ INFO ] [DomicilioDAOH2:107] Searching domicilio ...
[2022-11-16 00:39:13] [ INFO ] [DomicilioDAOH2:118] Domicilio found
[2022-11-16 00:39:13] [ INFO ] [PacienteDAOH2:161] Paciente list found
[2022-11-16 00:39:14] [ INFO ] [DomicilioDAOH2:136] Getting domicilio list ...
[2022-11-16 00:39:14] [ INFO ] [DomicilioDAOH2:149] Domicilio list found
[2022-11-16 00:40:24] [ INFO ] [DB:40] Creating tables ...
[2022-11-16 00:40:24] [ WARN ] [DB:48] Tables created
[2022-11-16 00:40:25] [ INFO ] [PacienteDAOH2:20] Saving paciente ...
[2022-11-16 00:40:25] [ INFO ] [DomicilioDAOH2:20] Saving domicilio ...
[2022-11-16 00:40:25] [ INFO ] [DomicilioDAOH2:35] Domicilio saved
[2022-11-16 00:40:25] [ INFO ] [PacienteDAOH2:38] Paciente saved
[2022-11-16 00:40:25] [ INFO ] [PacienteDAOH2:20] Saving paciente ...
[2022-11-16 00:40:25] [ INFO ] [DomicilioDAOH2:20] Saving domicilio ...
[2022-11-16 00:40:25] [ INFO ] [DomicilioDAOH2:35] Domicilio saved
[2022-11-16 00:40:25] [ INFO ] [PacienteDAOH2:38] Paciente saved
[2022-11-16 00:40:25] [ INFO ] [PacienteDAOH2:20] Saving paciente ...
[2022-11-16 00:40:25] [ INFO ] [DomicilioDAOH2:20] Saving domicilio ...
[2022-11-16 00:40:25] [ INFO ] [DomicilioDAOH2:35] Domicilio saved
[2022-11-16 00:40:25] [ INFO ] [PacienteDAOH2:38] Paciente saved
[2022-11-16 00:40:25] [ INFO ] [PacienteDAOH2:20] Saving paciente ...
[2022-11-16 00:40:25] [ INFO ] [DomicilioDAOH2:20] Saving domicilio ...
[2022-11-16 00:40:25] [ INFO ] [DomicilioDAOH2:35] Domicilio saved
[2022-11-16 00:40:25] [ INFO ] [PacienteDAOH2:38] Paciente saved
[2022-11-16 00:40:25] [ INFO ] [PacienteDAOH2:147] Getting paciente list ...
[2022-11-16 00:40:25] [ INFO ] [DomicilioDAOH2:107] Searching domicilio ...
[2022-11-16 00:40:25] [ INFO ] [DomicilioDAOH2:118] Domicilio found
[2022-11-16 00:40:25] [ INFO ] [DomicilioDAOH2:107] Searching domicilio ...
[2022-11-16 00:40:25] [ INFO ] [DomicilioDAOH2:118] Domicilio found
[2022-11-16 00:40:25] [ INFO ] [DomicilioDAOH2:107] Searching domicilio ...
[2022-11-16 00:40:25] [ INFO ] [DomicilioDAOH2:118] Domicilio found
[2022-11-16 00:40:25] [ INFO ] [DomicilioDAOH2:107] Searching domicilio ...
[2022-11-16 00:40:25] [ INFO ] [DomicilioDAOH2:118] Domicilio found
[2022-11-16 00:40:25] [ INFO ] [PacienteDAOH2:161] Paciente list found
[2022-11-16 00:40:25] [ INFO ] [DB:40] Creating tables ...
[2022-11-16 00:40:25] [ WARN ] [DB:48] Tables created
[2022-11-16 00:40:26] [ INFO ] [PacienteDAOH2:20] Saving paciente ...
[2022-11-16 00:40:26] [ INFO ] [DomicilioDAOH2:20] Saving domicilio ...
[2022-11-16 00:40:26] [ INFO ] [DomicilioDAOH2:35] Domicilio saved
[2022-11-16 00:40:26] [ INFO ] [PacienteDAOH2:38] Paciente saved
[2022-11-16 00:40:26] [ INFO ] [PacienteDAOH2:20] Saving paciente ...
[2022-11-16 00:40:26] [ INFO ] [DomicilioDAOH2:20] Saving domicilio ...
[2022-11-16 00:40:26] [ INFO ] [DomicilioDAOH2:35] Domicilio saved
[2022-11-16 00:40:26] [ INFO ] [PacienteDAOH2:38] Paciente saved
[2022-11-16 00:40:26] [ INFO ] [PacienteDAOH2:20] Saving paciente ...
[2022-11-16 00:40:26] [ INFO ] [DomicilioDAOH2:20] Saving domicilio ...
[2022-11-16 00:40:26] [ INFO ] [DomicilioDAOH2:35] Domicilio saved
[2022-11-16 00:40:26] [ INFO ] [PacienteDAOH2:38] Paciente saved
[2022-11-16 00:40:26] [ INFO ] [PacienteDAOH2:20] Saving paciente ...
[2022-11-16 00:40:26] [ INFO ] [DomicilioDAOH2:20] Saving domicilio ...
[2022-11-16 00:40:26] [ INFO ] [DomicilioDAOH2:35] Domicilio saved
[2022-11-16 00:40:26] [ INFO ] [PacienteDAOH2:38] Paciente saved
[2022-11-16 00:40:26] [ INFO ] [PacienteDAOH2:147] Getting paciente list ...
[2022-11-16 00:40:26] [ INFO ] [DomicilioDAOH2:107] Searching domicilio ...
[2022-11-16 00:40:26] [ INFO ] [DomicilioDAOH2:118] Domicilio found
[2022-11-16 00:40:26] [ INFO ] [DomicilioDAOH2:107] Searching domicilio ...
[2022-11-16 00:40:26] [ INFO ] [DomicilioDAOH2:118] Domicilio found
[2022-11-16 00:40:26] [ INFO ] [DomicilioDAOH2:107] Searching domicilio ...
[2022-11-16 00:40:26] [ INFO ] [DomicilioDAOH2:118] Domicilio found
[2022-11-16 00:40:26] [ INFO ] [DomicilioDAOH2:107] Searching domicilio ...
[2022-11-16 00:40:26] [ INFO ] [DomicilioDAOH2:118] Domicilio found
[2022-11-16 00:40:26] [ INFO ] [PacienteDAOH2:161] Paciente list found
[2022-11-16 00:40:26] [ WARN ] [PacienteDAOH2:86] Deleting paciente ID: 2 ...
[2022-11-16 00:40:26] [ INFO ] [PacienteDAOH2:114] Searching paciente ...
[2022-11-16 00:40:26] [ INFO ] [DomicilioDAOH2:107] Searching domicilio ...
[2022-11-16 00:40:26] [ INFO ] [DomicilioDAOH2:118] Domicilio found
[2022-11-16 00:40:26] [ INFO ] [PacienteDAOH2:129] Paciente found
[2022-11-16 00:40:26] [ WARN ] [DomicilioDAOH2:82] Deleting domicilio ID: 2 ...
[2022-11-16 00:40:26] [ WARN ] [DomicilioDAOH2:90] Domicilio with ID: 2 was successfully deleted!
[2022-11-16 00:40:26] [ WARN ] [PacienteDAOH2:97] Paciente with ID: 2 was successfully deleted!
[2022-11-16 00:40:26] [ WARN ] [PacienteDAOH2:86] Deleting paciente ID: 4 ...
[2022-11-16 00:40:26] [ INFO ] [PacienteDAOH2:114] Searching paciente ...
[2022-11-16 00:40:26] [ INFO ] [DomicilioDAOH2:107] Searching domicilio ...
[2022-11-16 00:40:26] [ INFO ] [DomicilioDAOH2:118] Domicilio found
[2022-11-16 00:40:26] [ INFO ] [PacienteDAOH2:129] Paciente found
[2022-11-16 00:40:26] [ WARN ] [DomicilioDAOH2:82] Deleting domicilio ID: 4 ...
[2022-11-16 00:40:26] [ WARN ] [DomicilioDAOH2:90] Domicilio with ID: 4 was successfully deleted!
[2022-11-16 00:40:26] [ WARN ] [PacienteDAOH2:97] Paciente with ID: 4 was successfully deleted!
[2022-11-16 00:40:26] [ INFO ] [PacienteDAOH2:147] Getting paciente list ...
[2022-11-16 00:40:26] [ INFO ] [DomicilioDAOH2:107] Searching domicilio ...
[2022-11-16 00:40:26] [ INFO ] [DomicilioDAOH2:118] Domicilio found
[2022-11-16 00:40:26] [ INFO ] [DomicilioDAOH2:107] Searching domicilio ...
[2022-11-16 00:40:26] [ INFO ] [DomicilioDAOH2:118] Domicilio found
[2022-11-16 00:40:26] [ INFO ] [PacienteDAOH2:161] Paciente list found
[2022-11-16 00:40:26] [ INFO ] [DomicilioDAOH2:136] Getting domicilio list ...
[2022-11-16 00:40:26] [ INFO ] [DomicilioDAOH2:149] Domicilio list found
[2022-11-17 09:27:08] [ INFO ] [DB:40] Creating tables ...
[2022-11-17 09:27:10] [ WARN ] [DB:48] Tables created
[2022-11-17 09:27:10] [ INFO ] [PacienteDAOH2:20] Saving paciente ...
[2022-11-17 09:27:10] [ INFO ] [DomicilioDAOH2:20] Saving domicilio ...
[2022-11-17 09:27:10] [ INFO ] [DomicilioDAOH2:35] Domicilio saved
[2022-11-17 09:27:10] [ INFO ] [PacienteDAOH2:38] Paciente saved
[2022-11-17 09:27:10] [ INFO ] [PacienteDAOH2:20] Saving paciente ...
[2022-11-17 09:27:10] [ INFO ] [DomicilioDAOH2:20] Saving domicilio ...
[2022-11-17 09:27:10] [ INFO ] [DomicilioDAOH2:35] Domicilio saved
[2022-11-17 09:27:10] [ INFO ] [PacienteDAOH2:38] Paciente saved
[2022-11-17 09:27:11] [ INFO ] [PacienteDAOH2:20] Saving paciente ...
[2022-11-17 09:27:11] [ INFO ] [DomicilioDAOH2:20] Saving domicilio ...
[2022-11-17 09:27:11] [ INFO ] [DomicilioDAOH2:35] Domicilio saved
[2022-11-17 09:27:11] [ INFO ] [PacienteDAOH2:38] Paciente saved
[2022-11-17 09:27:11] [ INFO ] [PacienteDAOH2:20] Saving paciente ...
[2022-11-17 09:27:11] [ INFO ] [DomicilioDAOH2:20] Saving domicilio ...
[2022-11-17 09:27:11] [ INFO ] [DomicilioDAOH2:35] Domicilio saved
[2022-11-17 09:27:11] [ INFO ] [PacienteDAOH2:38] Paciente saved
[2022-11-17 09:27:11] [ INFO ] [PacienteDAOH2:146] Getting paciente list ...
[2022-11-17 09:27:11] [ INFO ] [DomicilioDAOH2:107] Searching domicilio ...
[2022-11-17 09:27:11] [ INFO ] [DomicilioDAOH2:118] Domicilio found
[2022-11-17 09:27:11] [ INFO ] [DomicilioDAOH2:107] Searching domicilio ...
[2022-11-17 09:27:11] [ INFO ] [DomicilioDAOH2:118] Domicilio found
[2022-11-17 09:27:11] [ INFO ] [DomicilioDAOH2:107] Searching domicilio ...
[2022-11-17 09:27:11] [ INFO ] [DomicilioDAOH2:118] Domicilio found
[2022-11-17 09:27:11] [ INFO ] [DomicilioDAOH2:107] Searching domicilio ...
[2022-11-17 09:27:11] [ INFO ] [DomicilioDAOH2:118] Domicilio found
[2022-11-17 09:27:11] [ INFO ] [PacienteDAOH2:160] Paciente list found
[2022-11-17 09:27:12] [ INFO ] [DB:40] Creating tables ...
[2022-11-17 09:27:12] [ WARN ] [DB:48] Tables created
[2022-11-17 09:27:12] [ INFO ] [PacienteDAOH2:20] Saving paciente ...
[2022-11-17 09:27:12] [ INFO ] [DomicilioDAOH2:20] Saving domicilio ...
[2022-11-17 09:27:12] [ INFO ] [DomicilioDAOH2:35] Domicilio saved
[2022-11-17 09:27:12] [ INFO ] [PacienteDAOH2:38] Paciente saved
[2022-11-17 09:27:12] [ INFO ] [PacienteDAOH2:20] Saving paciente ...
[2022-11-17 09:27:12] [ INFO ] [DomicilioDAOH2:20] Saving domicilio ...
[2022-11-17 09:27:12] [ INFO ] [DomicilioDAOH2:35] Domicilio saved
[2022-11-17 09:27:12] [ INFO ] [PacienteDAOH2:38] Paciente saved
[2022-11-17 09:27:12] [ INFO ] [PacienteDAOH2:20] Saving paciente ...
[2022-11-17 09:27:12] [ INFO ] [DomicilioDAOH2:20] Saving domicilio ...
[2022-11-17 09:27:12] [ INFO ] [DomicilioDAOH2:35] Domicilio saved
[2022-11-17 09:27:12] [ INFO ] [PacienteDAOH2:38] Paciente saved
[2022-11-17 09:27:12] [ INFO ] [PacienteDAOH2:20] Saving paciente ...
[2022-11-17 09:27:13] [ INFO ] [DomicilioDAOH2:20] Saving domicilio ...
[2022-11-17 09:27:13] [ INFO ] [DomicilioDAOH2:35] Domicilio saved
[2022-11-17 09:27:13] [ INFO ] [PacienteDAOH2:38] Paciente saved
[2022-11-17 09:27:13] [ INFO ] [PacienteDAOH2:146] Getting paciente list ...
[2022-11-17 09:27:13] [ INFO ] [DomicilioDAOH2:107] Searching domicilio ...
[2022-11-17 09:27:13] [ INFO ] [DomicilioDAOH2:118] Domicilio found
[2022-11-17 09:27:13] [ INFO ] [DomicilioDAOH2:107] Searching domicilio ...
[2022-11-17 09:27:13] [ INFO ] [DomicilioDAOH2:118] Domicilio found
[2022-11-17 09:27:13] [ INFO ] [DomicilioDAOH2:107] Searching domicilio ...
[2022-11-17 09:27:13] [ INFO ] [DomicilioDAOH2:118] Domicilio found
[2022-11-17 09:27:13] [ INFO ] [DomicilioDAOH2:107] Searching domicilio ...
[2022-11-17 09:27:13] [ INFO ] [DomicilioDAOH2:118] Domicilio found
[2022-11-17 09:27:13] [ INFO ] [PacienteDAOH2:160] Paciente list found
[2022-11-17 09:27:13] [ WARN ] [PacienteDAOH2:86] Deleting paciente ID: 2 ...
[2022-11-17 09:27:13] [ INFO ] [PacienteDAOH2:113] Searching paciente ...
[2022-11-17 09:27:13] [ INFO ] [DomicilioDAOH2:107] Searching domicilio ...
[2022-11-17 09:27:13] [ INFO ] [DomicilioDAOH2:118] Domicilio found
[2022-11-17 09:27:13] [ INFO ] [PacienteDAOH2:128] Paciente found
[2022-11-17 09:27:13] [ WARN ] [DomicilioDAOH2:82] Deleting domicilio ID: 2 ...
[2022-11-17 09:27:13] [ WARN ] [DomicilioDAOH2:90] Domicilio with ID: 2 was successfully deleted!
[2022-11-17 09:27:13] [ WARN ] [PacienteDAOH2:96] Paciente with ID: 2 was successfully deleted!
[2022-11-17 09:27:13] [ WARN ] [PacienteDAOH2:86] Deleting paciente ID: 4 ...
[2022-11-17 09:27:13] [ INFO ] [PacienteDAOH2:113] Searching paciente ...
[2022-11-17 09:27:13] [ INFO ] [DomicilioDAOH2:107] Searching domicilio ...
[2022-11-17 09:27:13] [ INFO ] [DomicilioDAOH2:118] Domicilio found
[2022-11-17 09:27:13] [ INFO ] [PacienteDAOH2:128] Paciente found
[2022-11-17 09:27:13] [ WARN ] [DomicilioDAOH2:82] Deleting domicilio ID: 4 ...
[2022-11-17 09:27:13] [ WARN ] [DomicilioDAOH2:90] Domicilio with ID: 4 was successfully deleted!
[2022-11-17 09:27:13] [ WARN ] [PacienteDAOH2:96] Paciente with ID: 4 was successfully deleted!
[2022-11-17 09:27:14] [ INFO ] [PacienteDAOH2:146] Getting paciente list ...
[2022-11-17 09:27:14] [ INFO ] [DomicilioDAOH2:107] Searching domicilio ...
[2022-11-17 09:27:14] [ INFO ] [DomicilioDAOH2:118] Domicilio found
[2022-11-17 09:27:14] [ INFO ] [DomicilioDAOH2:107] Searching domicilio ...
[2022-11-17 09:27:14] [ INFO ] [DomicilioDAOH2:118] Domicilio found
[2022-11-17 09:27:14] [ INFO ] [PacienteDAOH2:160] Paciente list found
[2022-11-17 09:27:14] [ INFO ] [DomicilioDAOH2:136] Getting domicilio list ...
[2022-11-17 09:27:14] [ INFO ] [DomicilioDAOH2:149] Domicilio list found
[2022-11-17 15:26:09] [ INFO ] [DB:40] Creating tables ...
[2022-11-17 15:26:10] [ WARN ] [DB:48] Tables created
[2022-11-17 15:26:10] [ INFO ] [PacienteDAOH2:20] Saving paciente ...
[2022-11-17 15:26:10] [ INFO ] [DomicilioDAOH2:20] Saving domicilio ...
[2022-11-17 15:26:10] [ INFO ] [DomicilioDAOH2:35] Domicilio saved
[2022-11-17 15:26:10] [ INFO ] [PacienteDAOH2:38] Paciente saved
[2022-11-17 15:26:10] [ INFO ] [PacienteDAOH2:20] Saving paciente ...
[2022-11-17 15:26:10] [ INFO ] [DomicilioDAOH2:20] Saving domicilio ...
[2022-11-17 15:26:10] [ INFO ] [DomicilioDAOH2:35] Domicilio saved
[2022-11-17 15:26:10] [ INFO ] [PacienteDAOH2:38] Paciente saved
[2022-11-17 15:26:10] [ INFO ] [PacienteDAOH2:20] Saving paciente ...
[2022-11-17 15:26:11] [ INFO ] [DomicilioDAOH2:20] Saving domicilio ...
[2022-11-17 15:26:11] [ INFO ] [DomicilioDAOH2:35] Domicilio saved
[2022-11-17 15:26:11] [ INFO ] [PacienteDAOH2:38] Paciente saved
[2022-11-17 15:26:11] [ INFO ] [PacienteDAOH2:20] Saving paciente ...
[2022-11-17 15:26:11] [ INFO ] [DomicilioDAOH2:20] Saving domicilio ...
[2022-11-17 15:26:11] [ INFO ] [DomicilioDAOH2:35] Domicilio saved
[2022-11-17 15:26:11] [ INFO ] [PacienteDAOH2:38] Paciente saved
[2022-11-17 15:26:11] [ INFO ] [PacienteDAOH2:149] Getting paciente list ...
[2022-11-17 15:26:11] [ INFO ] [DomicilioDAOH2:107] Searching domicilio ...
[2022-11-17 15:26:11] [ INFO ] [DomicilioDAOH2:118] Domicilio found
[2022-11-17 15:26:11] [ INFO ] [DomicilioDAOH2:107] Searching domicilio ...
[2022-11-17 15:26:11] [ INFO ] [DomicilioDAOH2:118] Domicilio found
[2022-11-17 15:26:11] [ INFO ] [DomicilioDAOH2:107] Searching domicilio ...
[2022-11-17 15:26:11] [ INFO ] [DomicilioDAOH2:118] Domicilio found
[2022-11-17 15:26:11] [ INFO ] [DomicilioDAOH2:107] Searching domicilio ...
[2022-11-17 15:26:11] [ INFO ] [DomicilioDAOH2:118] Domicilio found
[2022-11-17 15:26:11] [ INFO ] [PacienteDAOH2:163] Paciente list found
[2022-11-17 15:26:11] [ INFO ] [DB:40] Creating tables ...
[2022-11-17 15:26:11] [ WARN ] [DB:48] Tables created
[2022-11-17 15:26:11] [ INFO ] [PacienteDAOH2:20] Saving paciente ...
[2022-11-17 15:26:11] [ INFO ] [DomicilioDAOH2:20] Saving domicilio ...
[2022-11-17 15:26:11] [ INFO ] [DomicilioDAOH2:35] Domicilio saved
[2022-11-17 15:26:11] [ INFO ] [PacienteDAOH2:38] Paciente saved
[2022-11-17 15:26:11] [ INFO ] [PacienteDAOH2:116] Searching paciente ...
[2022-11-17 15:26:12] [ INFO ] [DomicilioDAOH2:107] Searching domicilio ...
[2022-11-17 15:26:12] [ INFO ] [DomicilioDAOH2:118] Domicilio found
[2022-11-17 15:26:12] [ INFO ] [PacienteDAOH2:131] Paciente found
[2022-11-17 15:26:12] [ INFO ] [DB:40] Creating tables ...
[2022-11-17 15:26:12] [ WARN ] [DB:48] Tables created
[2022-11-17 15:26:12] [ INFO ] [PacienteDAOH2:20] Saving paciente ...
[2022-11-17 15:26:12] [ INFO ] [DomicilioDAOH2:20] Saving domicilio ...
[2022-11-17 15:26:12] [ INFO ] [DomicilioDAOH2:35] Domicilio saved
[2022-11-17 15:26:12] [ INFO ] [PacienteDAOH2:38] Paciente saved
[2022-11-17 15:26:12] [ INFO ] [PacienteDAOH2:20] Saving paciente ...
[2022-11-17 15:26:12] [ INFO ] [DomicilioDAOH2:20] Saving domicilio ...
[2022-11-17 15:26:12] [ INFO ] [DomicilioDAOH2:35] Domicilio saved
[2022-11-17 15:26:12] [ INFO ] [PacienteDAOH2:38] Paciente saved
[2022-11-17 15:26:12] [ INFO ] [PacienteDAOH2:20] Saving paciente ...
[2022-11-17 15:26:12] [ INFO ] [DomicilioDAOH2:20] Saving domicilio ...
[2022-11-17 15:26:12] [ INFO ] [DomicilioDAOH2:35] Domicilio saved
[2022-11-17 15:26:12] [ INFO ] [PacienteDAOH2:38] Paciente saved
[2022-11-17 15:26:12] [ INFO ] [PacienteDAOH2:20] Saving paciente ...
[2022-11-17 15:26:12] [ INFO ] [DomicilioDAOH2:20] Saving domicilio ...
[2022-11-17 15:26:12] [ INFO ] [DomicilioDAOH2:35] Domicilio saved
[2022-11-17 15:26:12] [ INFO ] [PacienteDAOH2:38] Paciente saved
[2022-11-17 15:26:13] [ INFO ] [PacienteDAOH2:149] Getting paciente list ...
[2022-11-17 15:26:13] [ INFO ] [DomicilioDAOH2:107] Searching domicilio ...
[2022-11-17 15:26:13] [ INFO ] [DomicilioDAOH2:118] Domicilio found
[2022-11-17 15:26:13] [ INFO ] [DomicilioDAOH2:107] Searching domicilio ...
[2022-11-17 15:26:13] [ INFO ] [DomicilioDAOH2:118] Domicilio found
[2022-11-17 15:26:13] [ INFO ] [DomicilioDAOH2:107] Searching domicilio ...
[2022-11-17 15:26:13] [ INFO ] [DomicilioDAOH2:118] Domicilio found
[2022-11-17 15:26:13] [ INFO ] [DomicilioDAOH2:107] Searching domicilio ...
[2022-11-17 15:26:13] [ INFO ] [DomicilioDAOH2:118] Domicilio found
[2022-11-17 15:26:13] [ INFO ] [PacienteDAOH2:163] Paciente list found
[2022-11-17 15:26:13] [ WARN ] [PacienteDAOH2:89] Deleting paciente ID: 2 ...
[2022-11-17 15:26:13] [ INFO ] [PacienteDAOH2:116] Searching paciente ...
[2022-11-17 15:26:13] [ INFO ] [DomicilioDAOH2:107] Searching domicilio ...
[2022-11-17 15:26:13] [ INFO ] [DomicilioDAOH2:118] Domicilio found
[2022-11-17 15:26:13] [ INFO ] [PacienteDAOH2:131] Paciente found
[2022-11-17 15:26:13] [ WARN ] [DomicilioDAOH2:82] Deleting domicilio ID: 2 ...
[2022-11-17 15:26:13] [ WARN ] [DomicilioDAOH2:90] Domicilio with ID: 2 was successfully deleted!
[2022-11-17 15:26:13] [ WARN ] [PacienteDAOH2:99] Paciente with ID: 2 was successfully deleted!
[2022-11-17 15:26:13] [ WARN ] [PacienteDAOH2:89] Deleting paciente ID: 4 ...
[2022-11-17 15:26:13] [ INFO ] [PacienteDAOH2:116] Searching paciente ...
[2022-11-17 15:26:13] [ INFO ] [DomicilioDAOH2:107] Searching domicilio ...
[2022-11-17 15:26:13] [ INFO ] [DomicilioDAOH2:118] Domicilio found
[2022-11-17 15:26:13] [ INFO ] [PacienteDAOH2:131] Paciente found
[2022-11-17 15:26:13] [ WARN ] [DomicilioDAOH2:82] Deleting domicilio ID: 4 ...
[2022-11-17 15:26:13] [ WARN ] [DomicilioDAOH2:90] Domicilio with ID: 4 was successfully deleted!
[2022-11-17 15:26:13] [ WARN ] [PacienteDAOH2:99] Paciente with ID: 4 was successfully deleted!
[2022-11-17 15:26:13] [ INFO ] [PacienteDAOH2:149] Getting paciente list ...
[2022-11-17 15:26:13] [ INFO ] [DomicilioDAOH2:107] Searching domicilio ...
[2022-11-17 15:26:13] [ INFO ] [DomicilioDAOH2:118] Domicilio found
[2022-11-17 15:26:13] [ INFO ] [DomicilioDAOH2:107] Searching domicilio ...
[2022-11-17 15:26:13] [ INFO ] [DomicilioDAOH2:118] Domicilio found
[2022-11-17 15:26:13] [ INFO ] [PacienteDAOH2:163] Paciente list found
[2022-11-17 15:26:13] [ INFO ] [DomicilioDAOH2:136] Getting domicilio list ...
[2022-11-17 15:26:13] [ INFO ] [DomicilioDAOH2:149] Domicilio list found
[2022-11-17 15:30:31] [ INFO ] [DB:40] Creating tables ...
[2022-11-17 15:30:32] [ WARN ] [DB:48] Tables created
[2022-11-17 15:30:32] [ INFO ] [PacienteDAOH2:20] Saving paciente ...
[2022-11-17 15:30:32] [ INFO ] [DomicilioDAOH2:20] Saving domicilio ...
[2022-11-17 15:30:32] [ INFO ] [DomicilioDAOH2:35] Domicilio saved
[2022-11-17 15:30:32] [ INFO ] [PacienteDAOH2:38] Paciente saved
[2022-11-17 15:30:32] [ INFO ] [PacienteDAOH2:20] Saving paciente ...
[2022-11-17 15:30:32] [ INFO ] [DomicilioDAOH2:20] Saving domicilio ...
[2022-11-17 15:30:32] [ INFO ] [DomicilioDAOH2:35] Domicilio saved
[2022-11-17 15:30:32] [ INFO ] [PacienteDAOH2:38] Paciente saved
[2022-11-17 15:30:32] [ INFO ] [PacienteDAOH2:20] Saving paciente ...
[2022-11-17 15:30:32] [ INFO ] [DomicilioDAOH2:20] Saving domicilio ...
[2022-11-17 15:30:32] [ INFO ] [DomicilioDAOH2:35] Domicilio saved
[2022-11-17 15:30:32] [ INFO ] [PacienteDAOH2:38] Paciente saved
[2022-11-17 15:30:32] [ INFO ] [PacienteDAOH2:20] Saving paciente ...
[2022-11-17 15:30:32] [ INFO ] [DomicilioDAOH2:20] Saving domicilio ...
[2022-11-17 15:30:32] [ INFO ] [DomicilioDAOH2:35] Domicilio saved
[2022-11-17 15:30:32] [ INFO ] [PacienteDAOH2:38] Paciente saved
[2022-11-17 15:30:32] [ INFO ] [PacienteDAOH2:149] Getting paciente list ...
[2022-11-17 15:30:33] [ INFO ] [DomicilioDAOH2:107] Searching domicilio ...
[2022-11-17 15:30:33] [ INFO ] [DomicilioDAOH2:118] Domicilio found
[2022-11-17 15:30:33] [ INFO ] [DomicilioDAOH2:107] Searching domicilio ...
[2022-11-17 15:30:33] [ INFO ] [DomicilioDAOH2:118] Domicilio found
[2022-11-17 15:30:33] [ INFO ] [DomicilioDAOH2:107] Searching domicilio ...
[2022-11-17 15:30:33] [ INFO ] [DomicilioDAOH2:118] Domicilio found
[2022-11-17 15:30:33] [ INFO ] [DomicilioDAOH2:107] Searching domicilio ...
[2022-11-17 15:30:33] [ INFO ] [DomicilioDAOH2:118] Domicilio found
[2022-11-17 15:30:33] [ INFO ] [PacienteDAOH2:163] Paciente list found
[2022-11-17 15:30:33] [ INFO ] [DB:40] Creating tables ...
[2022-11-17 15:30:33] [ WARN ] [DB:48] Tables created
[2022-11-17 15:30:33] [ INFO ] [PacienteDAOH2:20] Saving paciente ...
[2022-11-17 15:30:33] [ INFO ] [DomicilioDAOH2:20] Saving domicilio ...
[2022-11-17 15:30:33] [ INFO ] [DomicilioDAOH2:35] Domicilio saved
[2022-11-17 15:30:33] [ INFO ] [PacienteDAOH2:38] Paciente saved
[2022-11-17 15:30:33] [ INFO ] [PacienteDAOH2:116] Searching paciente ...
[2022-11-17 15:30:33] [ INFO ] [DomicilioDAOH2:107] Searching domicilio ...
[2022-11-17 15:30:33] [ INFO ] [DomicilioDAOH2:118] Domicilio found
[2022-11-17 15:30:33] [ INFO ] [PacienteDAOH2:131] Paciente found
[2022-11-17 15:30:33] [ WARN ] [PacienteDAOH2:56] Updating paciente ID: 1 ...
[2022-11-17 15:30:33] [ INFO ] [DomicilioDAOH2:107] Searching domicilio ...
[2022-11-17 15:30:33] [ ERROR] [DomicilioDAOH2:121] Domicilio ID search failed Cannot invoke "java.lang.Integer.intValue()" because "id" is null
[2022-11-17 15:30:33] [ ERROR] [PacienteDAOH2:75] Updating paciente failed Cannot invoke "model.Domicilio.getID()" because "domicilio" is null
[2022-11-17 15:30:33] [ INFO ] [PacienteDAOH2:116] Searching paciente ...
[2022-11-17 15:30:33] [ INFO ] [DomicilioDAOH2:107] Searching domicilio ...
[2022-11-17 15:30:33] [ INFO ] [DomicilioDAOH2:118] Domicilio found
[2022-11-17 15:30:33] [ INFO ] [PacienteDAOH2:131] Paciente found
[2022-11-17 15:30:33] [ INFO ] [DB:40] Creating tables ...
[2022-11-17 15:30:33] [ WARN ] [DB:48] Tables created
[2022-11-17 15:30:33] [ INFO ] [PacienteDAOH2:20] Saving paciente ...
[2022-11-17 15:30:33] [ INFO ] [DomicilioDAOH2:20] Saving domicilio ...
[2022-11-17 15:30:33] [ INFO ] [DomicilioDAOH2:35] Domicilio saved
[2022-11-17 15:30:33] [ INFO ] [PacienteDAOH2:38] Paciente saved
[2022-11-17 15:30:33] [ INFO ] [PacienteDAOH2:20] Saving paciente ...
[2022-11-17 15:30:33] [ INFO ] [DomicilioDAOH2:20] Saving domicilio ...
[2022-11-17 15:30:33] [ INFO ] [DomicilioDAOH2:35] Domicilio saved
[2022-11-17 15:30:33] [ INFO ] [PacienteDAOH2:38] Paciente saved
[2022-11-17 15:30:33] [ INFO ] [PacienteDAOH2:20] Saving paciente ...
[2022-11-17 15:30:33] [ INFO ] [DomicilioDAOH2:20] Saving domicilio ...
[2022-11-17 15:30:33] [ INFO ] [DomicilioDAOH2:35] Domicilio saved
[2022-11-17 15:30:33] [ INFO ] [PacienteDAOH2:38] Paciente saved
[2022-11-17 15:30:33] [ INFO ] [PacienteDAOH2:20] Saving paciente ...
[2022-11-17 15:30:33] [ INFO ] [DomicilioDAOH2:20] Saving domicilio ...
[2022-11-17 15:30:33] [ INFO ] [DomicilioDAOH2:35] Domicilio saved
[2022-11-17 15:30:33] [ INFO ] [PacienteDAOH2:38] Paciente saved
[2022-11-17 15:30:33] [ INFO ] [PacienteDAOH2:149] Getting paciente list ...
[2022-11-17 15:30:34] [ INFO ] [DomicilioDAOH2:107] Searching domicilio ...
[2022-11-17 15:30:34] [ INFO ] [DomicilioDAOH2:118] Domicilio found
[2022-11-17 15:30:34] [ INFO ] [DomicilioDAOH2:107] Searching domicilio ...
[2022-11-17 15:30:34] [ INFO ] [DomicilioDAOH2:118] Domicilio found
[2022-11-17 15:30:34] [ INFO ] [DomicilioDAOH2:107] Searching domicilio ...
[2022-11-17 15:30:34] [ INFO ] [DomicilioDAOH2:118] Domicilio found
[2022-11-17 15:30:34] [ INFO ] [DomicilioDAOH2:107] Searching domicilio ...
[2022-11-17 15:30:34] [ INFO ] [DomicilioDAOH2:118] Domicilio found
[2022-11-17 15:30:34] [ INFO ] [PacienteDAOH2:163] Paciente list found
[2022-11-17 15:30:34] [ WARN ] [PacienteDAOH2:89] Deleting paciente ID: 2 ...
[2022-11-17 15:30:34] [ INFO ] [PacienteDAOH2:116] Searching paciente ...
[2022-11-17 15:30:34] [ INFO ] [DomicilioDAOH2:107] Searching domicilio ...
[2022-11-17 15:30:34] [ INFO ] [DomicilioDAOH2:118] Domicilio found
[2022-11-17 15:30:34] [ INFO ] [PacienteDAOH2:131] Paciente found
[2022-11-17 15:30:34] [ WARN ] [DomicilioDAOH2:82] Deleting domicilio ID: 2 ...
[2022-11-17 15:30:34] [ WARN ] [DomicilioDAOH2:90] Domicilio with ID: 2 was successfully deleted!
[2022-11-17 15:30:34] [ WARN ] [PacienteDAOH2:99] Paciente with ID: 2 was successfully deleted!
[2022-11-17 15:30:34] [ WARN ] [PacienteDAOH2:89] Deleting paciente ID: 4 ...
[2022-11-17 15:30:34] [ INFO ] [PacienteDAOH2:116] Searching paciente ...
[2022-11-17 15:30:34] [ INFO ] [DomicilioDAOH2:107] Searching domicilio ...
[2022-11-17 15:30:34] [ INFO ] [DomicilioDAOH2:118] Domicilio found
[2022-11-17 15:30:34] [ INFO ] [PacienteDAOH2:131] Paciente found
[2022-11-17 15:30:34] [ WARN ] [DomicilioDAOH2:82] Deleting domicilio ID: 4 ...
[2022-11-17 15:30:34] [ WARN ] [DomicilioDAOH2:90] Domicilio with ID: 4 was successfully deleted!
[2022-11-17 15:30:34] [ WARN ] [PacienteDAOH2:99] Paciente with ID: 4 was successfully deleted!
[2022-11-17 15:30:34] [ INFO ] [PacienteDAOH2:149] Getting paciente list ...
[2022-11-17 15:30:34] [ INFO ] [DomicilioDAOH2:107] Searching domicilio ...
[2022-11-17 15:30:34] [ INFO ] [DomicilioDAOH2:118] Domicilio found
[2022-11-17 15:30:34] [ INFO ] [DomicilioDAOH2:107] Searching domicilio ...
[2022-11-17 15:30:34] [ INFO ] [DomicilioDAOH2:118] Domicilio found
[2022-11-17 15:30:34] [ INFO ] [PacienteDAOH2:163] Paciente list found
[2022-11-17 15:30:34] [ INFO ] [DomicilioDAOH2:136] Getting domicilio list ...
[2022-11-17 15:30:34] [ INFO ] [DomicilioDAOH2:149] Domicilio list found
[2022-11-17 15:33:26] [ INFO ] [DB:40] Creating tables ...
[2022-11-17 15:33:27] [ WARN ] [DB:48] Tables created
[2022-11-17 15:33:27] [ INFO ] [PacienteDAOH2:20] Saving paciente ...
[2022-11-17 15:33:27] [ INFO ] [DomicilioDAOH2:20] Saving domicilio ...
[2022-11-17 15:33:27] [ INFO ] [DomicilioDAOH2:35] Domicilio saved
[2022-11-17 15:33:27] [ INFO ] [PacienteDAOH2:38] Paciente saved
[2022-11-17 15:33:27] [ INFO ] [PacienteDAOH2:20] Saving paciente ...
[2022-11-17 15:33:27] [ INFO ] [DomicilioDAOH2:20] Saving domicilio ...
[2022-11-17 15:33:27] [ INFO ] [DomicilioDAOH2:35] Domicilio saved
[2022-11-17 15:33:27] [ INFO ] [PacienteDAOH2:38] Paciente saved
[2022-11-17 15:33:27] [ INFO ] [PacienteDAOH2:20] Saving paciente ...
[2022-11-17 15:33:27] [ INFO ] [DomicilioDAOH2:20] Saving domicilio ...
[2022-11-17 15:33:27] [ INFO ] [DomicilioDAOH2:35] Domicilio saved
[2022-11-17 15:33:27] [ INFO ] [PacienteDAOH2:38] Paciente saved
[2022-11-17 15:33:27] [ INFO ] [PacienteDAOH2:20] Saving paciente ...
[2022-11-17 15:33:28] [ INFO ] [DomicilioDAOH2:20] Saving domicilio ...
[2022-11-17 15:33:28] [ INFO ] [DomicilioDAOH2:35] Domicilio saved
[2022-11-17 15:33:28] [ INFO ] [PacienteDAOH2:38] Paciente saved
[2022-11-17 15:33:28] [ INFO ] [PacienteDAOH2:149] Getting paciente list ...
[2022-11-17 15:33:28] [ INFO ] [DomicilioDAOH2:107] Searching domicilio ...
[2022-11-17 15:33:28] [ INFO ] [DomicilioDAOH2:118] Domicilio found
[2022-11-17 15:33:28] [ INFO ] [DomicilioDAOH2:107] Searching domicilio ...
[2022-11-17 15:33:28] [ INFO ] [DomicilioDAOH2:118] Domicilio found
[2022-11-17 15:33:28] [ INFO ] [DomicilioDAOH2:107] Searching domicilio ...
[2022-11-17 15:33:28] [ INFO ] [DomicilioDAOH2:118] Domicilio found
[2022-11-17 15:33:28] [ INFO ] [DomicilioDAOH2:107] Searching domicilio ...
[2022-11-17 15:33:28] [ INFO ] [DomicilioDAOH2:118] Domicilio found
[2022-11-17 15:33:28] [ INFO ] [PacienteDAOH2:163] Paciente list found
[2022-11-17 15:33:28] [ INFO ] [DB:40] Creating tables ...
[2022-11-17 15:33:28] [ WARN ] [DB:48] Tables created
[2022-11-17 15:33:28] [ INFO ] [PacienteDAOH2:20] Saving paciente ...
[2022-11-17 15:33:28] [ INFO ] [DomicilioDAOH2:20] Saving domicilio ...
[2022-11-17 15:33:28] [ INFO ] [DomicilioDAOH2:35] Domicilio saved
[2022-11-17 15:33:28] [ INFO ] [PacienteDAOH2:38] Paciente saved
[2022-11-17 15:33:28] [ INFO ] [PacienteDAOH2:116] Searching paciente ...
[2022-11-17 15:33:28] [ INFO ] [DomicilioDAOH2:107] Searching domicilio ...
[2022-11-17 15:33:28] [ INFO ] [DomicilioDAOH2:118] Domicilio found
[2022-11-17 15:33:28] [ INFO ] [PacienteDAOH2:131] Paciente found
[2022-11-17 15:33:28] [ WARN ] [PacienteDAOH2:56] Updating paciente ID: 1 ...
[2022-11-17 15:33:28] [ INFO ] [DomicilioDAOH2:107] Searching domicilio ...
[2022-11-17 15:33:28] [ ERROR] [DomicilioDAOH2:121] Domicilio ID search failed Cannot invoke "java.lang.Integer.intValue()" because "id" is null
[2022-11-17 15:33:28] [ ERROR] [PacienteDAOH2:75] Updating paciente failed Cannot invoke "model.Domicilio.getID()" because "domicilio" is null
[2022-11-17 15:33:28] [ INFO ] [PacienteDAOH2:116] Searching paciente ...
[2022-11-17 15:33:28] [ INFO ] [DomicilioDAOH2:107] Searching domicilio ...
[2022-11-17 15:33:28] [ INFO ] [DomicilioDAOH2:118] Domicilio found
[2022-11-17 15:33:28] [ INFO ] [PacienteDAOH2:131] Paciente found
[2022-11-17 15:33:28] [ INFO ] [DB:40] Creating tables ...
[2022-11-17 15:33:28] [ WARN ] [DB:48] Tables created
[2022-11-17 15:33:29] [ INFO ] [PacienteDAOH2:20] Saving paciente ...
[2022-11-17 15:33:29] [ INFO ] [DomicilioDAOH2:20] Saving domicilio ...
[2022-11-17 15:33:29] [ INFO ] [DomicilioDAOH2:35] Domicilio saved
[2022-11-17 15:33:29] [ INFO ] [PacienteDAOH2:38] Paciente saved
[2022-11-17 15:33:29] [ INFO ] [PacienteDAOH2:20] Saving paciente ...
[2022-11-17 15:33:29] [ INFO ] [DomicilioDAOH2:20] Saving domicilio ...
[2022-11-17 15:33:29] [ INFO ] [DomicilioDAOH2:35] Domicilio saved
[2022-11-17 15:33:29] [ INFO ] [PacienteDAOH2:38] Paciente saved
[2022-11-17 15:33:29] [ INFO ] [PacienteDAOH2:20] Saving paciente ...
[2022-11-17 15:33:29] [ INFO ] [DomicilioDAOH2:20] Saving domicilio ...
[2022-11-17 15:33:29] [ INFO ] [DomicilioDAOH2:35] Domicilio saved
[2022-11-17 15:33:29] [ INFO ] [PacienteDAOH2:38] Paciente saved
[2022-11-17 15:33:29] [ INFO ] [PacienteDAOH2:20] Saving paciente ...
[2022-11-17 15:33:29] [ INFO ] [DomicilioDAOH2:20] Saving domicilio ...
[2022-11-17 15:33:29] [ INFO ] [DomicilioDAOH2:35] Domicilio saved
[2022-11-17 15:33:29] [ INFO ] [PacienteDAOH2:38] Paciente saved
[2022-11-17 15:33:29] [ INFO ] [PacienteDAOH2:149] Getting paciente list ...
[2022-11-17 15:33:29] [ INFO ] [DomicilioDAOH2:107] Searching domicilio ...
[2022-11-17 15:33:29] [ INFO ] [DomicilioDAOH2:118] Domicilio found
[2022-11-17 15:33:29] [ INFO ] [DomicilioDAOH2:107] Searching domicilio ...
[2022-11-17 15:33:29] [ INFO ] [DomicilioDAOH2:118] Domicilio found
[2022-11-17 15:33:29] [ INFO ] [DomicilioDAOH2:107] Searching domicilio ...
[2022-11-17 15:33:29] [ INFO ] [DomicilioDAOH2:118] Domicilio found
[2022-11-17 15:33:29] [ INFO ] [DomicilioDAOH2:107] Searching domicilio ...
[2022-11-17 15:33:29] [ INFO ] [DomicilioDAOH2:118] Domicilio found
[2022-11-17 15:33:29] [ INFO ] [PacienteDAOH2:163] Paciente list found
[2022-11-17 15:33:29] [ WARN ] [PacienteDAOH2:89] Deleting paciente ID: 2 ...
[2022-11-17 15:33:29] [ INFO ] [PacienteDAOH2:116] Searching paciente ...
[2022-11-17 15:33:29] [ INFO ] [DomicilioDAOH2:107] Searching domicilio ...
[2022-11-17 15:33:29] [ INFO ] [DomicilioDAOH2:118] Domicilio found
[2022-11-17 15:33:29] [ INFO ] [PacienteDAOH2:131] Paciente found
[2022-11-17 15:33:29] [ WARN ] [DomicilioDAOH2:82] Deleting domicilio ID: 2 ...
[2022-11-17 15:33:29] [ WARN ] [DomicilioDAOH2:90] Domicilio with ID: 2 was successfully deleted!
[2022-11-17 15:33:29] [ WARN ] [PacienteDAOH2:99] Paciente with ID: 2 was successfully deleted!
[2022-11-17 15:33:29] [ WARN ] [PacienteDAOH2:89] Deleting paciente ID: 4 ...
[2022-11-17 15:33:29] [ INFO ] [PacienteDAOH2:116] Searching paciente ...
[2022-11-17 15:33:29] [ INFO ] [DomicilioDAOH2:107] Searching domicilio ...
[2022-11-17 15:33:29] [ INFO ] [DomicilioDAOH2:118] Domicilio found
[2022-11-17 15:33:29] [ INFO ] [PacienteDAOH2:131] Paciente found
[2022-11-17 15:33:29] [ WARN ] [DomicilioDAOH2:82] Deleting domicilio ID: 4 ...
[2022-11-17 15:33:29] [ WARN ] [DomicilioDAOH2:90] Domicilio with ID: 4 was successfully deleted!
[2022-11-17 15:33:29] [ WARN ] [PacienteDAOH2:99] Paciente with ID: 4 was successfully deleted!
[2022-11-17 15:33:29] [ INFO ] [PacienteDAOH2:149] Getting paciente list ...
[2022-11-17 15:33:29] [ INFO ] [DomicilioDAOH2:107] Searching domicilio ...
[2022-11-17 15:33:29] [ INFO ] [DomicilioDAOH2:118] Domicilio found
[2022-11-17 15:33:29] [ INFO ] [DomicilioDAOH2:107] Searching domicilio ...
[2022-11-17 15:33:29] [ INFO ] [DomicilioDAOH2:118] Domicilio found
[2022-11-17 15:33:29] [ INFO ] [PacienteDAOH2:163] Paciente list found
[2022-11-17 15:33:29] [ INFO ] [DomicilioDAOH2:136] Getting domicilio list ...
[2022-11-17 15:33:29] [ INFO ] [DomicilioDAOH2:149] Domicilio list found
[2022-11-17 15:39:30] [ INFO ] [DB:40] Creating tables ...
[2022-11-17 15:39:31] [ WARN ] [DB:48] Tables created
[2022-11-17 15:39:31] [ INFO ] [PacienteDAOH2:20] Saving paciente ...
[2022-11-17 15:39:31] [ INFO ] [DomicilioDAOH2:20] Saving domicilio ...
[2022-11-17 15:39:31] [ INFO ] [DomicilioDAOH2:35] Domicilio saved
[2022-11-17 15:39:31] [ INFO ] [PacienteDAOH2:38] Paciente saved
[2022-11-17 15:39:33] [ INFO ] [PacienteDAOH2:116] Searching paciente ...
[2022-11-17 15:39:33] [ INFO ] [DomicilioDAOH2:107] Searching domicilio ...
[2022-11-17 15:39:33] [ INFO ] [DomicilioDAOH2:118] Domicilio found
[2022-11-17 15:39:33] [ INFO ] [PacienteDAOH2:131] Paciente found
[2022-11-17 15:39:33] [ WARN ] [PacienteDAOH2:56] Updating paciente ID: 1 ...
[2022-11-17 15:39:33] [ INFO ] [DomicilioDAOH2:107] Searching domicilio ...
[2022-11-17 15:39:33] [ ERROR] [DomicilioDAOH2:121] Domicilio ID search failed Cannot invoke "java.lang.Integer.intValue()" because "id" is null
[2022-11-17 15:39:33] [ ERROR] [PacienteDAOH2:75] Updating paciente failed Cannot invoke "model.Domicilio.getID()" because "domicilio" is null
[2022-11-17 15:39:33] [ INFO ] [PacienteDAOH2:116] Searching paciente ...
[2022-11-17 15:39:33] [ INFO ] [DomicilioDAOH2:107] Searching domicilio ...
[2022-11-17 15:39:33] [ INFO ] [DomicilioDAOH2:118] Domicilio found
[2022-11-17 15:39:33] [ INFO ] [PacienteDAOH2:131] Paciente found
[2022-11-17 15:40:44] [ INFO ] [DB:40] Creating tables ...
[2022-11-17 15:40:45] [ WARN ] [DB:48] Tables created
[2022-11-17 15:40:45] [ INFO ] [PacienteDAOH2:20] Saving paciente ...
[2022-11-17 15:40:46] [ INFO ] [DomicilioDAOH2:20] Saving domicilio ...
[2022-11-17 15:40:46] [ INFO ] [DomicilioDAOH2:35] Domicilio saved
[2022-11-17 15:40:46] [ INFO ] [PacienteDAOH2:38] Paciente saved
[2022-11-17 15:40:46] [ INFO ] [PacienteDAOH2:116] Searching paciente ...
[2022-11-17 15:40:46] [ INFO ] [DomicilioDAOH2:107] Searching domicilio ...
[2022-11-17 15:40:46] [ INFO ] [DomicilioDAOH2:118] Domicilio found
[2022-11-17 15:40:46] [ INFO ] [PacienteDAOH2:131] Paciente found
[2022-11-17 15:40:46] [ WARN ] [PacienteDAOH2:56] Updating paciente ID: 1 ...
[2022-11-17 15:40:46] [ INFO ] [DomicilioDAOH2:107] Searching domicilio ...
[2022-11-17 15:40:46] [ ERROR] [DomicilioDAOH2:121] Domicilio ID search failed Cannot invoke "java.lang.Integer.intValue()" because "id" is null
[2022-11-17 15:40:46] [ ERROR] [PacienteDAOH2:75] Updating paciente failed Cannot invoke "model.Domicilio.getID()" because "domicilio" is null
[2022-11-17 15:40:46] [ INFO ] [PacienteDAOH2:116] Searching paciente ...
[2022-11-17 15:40:46] [ INFO ] [DomicilioDAOH2:107] Searching domicilio ...
[2022-11-17 15:40:46] [ INFO ] [DomicilioDAOH2:118] Domicilio found
[2022-11-17 15:40:46] [ INFO ] [PacienteDAOH2:131] Paciente found
[2022-11-17 15:42:59] [ INFO ] [DB:40] Creating tables ...
[2022-11-17 15:42:59] [ WARN ] [DB:48] Tables created
[2022-11-17 15:43:00] [ INFO ] [PacienteDAOH2:20] Saving paciente ...
[2022-11-17 15:43:01] [ INFO ] [DomicilioDAOH2:20] Saving domicilio ...
[2022-11-17 15:43:01] [ INFO ] [DomicilioDAOH2:35] Domicilio saved
[2022-11-17 15:43:01] [ INFO ] [PacienteDAOH2:38] Paciente saved
[2022-11-17 15:43:01] [ INFO ] [PacienteDAOH2:116] Searching paciente ...
[2022-11-17 15:43:01] [ INFO ] [DomicilioDAOH2:107] Searching domicilio ...
[2022-11-17 15:43:01] [ INFO ] [DomicilioDAOH2:118] Domicilio found
[2022-11-17 15:43:01] [ INFO ] [PacienteDAOH2:131] Paciente found
[2022-11-17 15:43:01] [ WARN ] [PacienteDAOH2:56] Updating paciente ID: 1 ...
[2022-11-17 15:43:01] [ INFO ] [DomicilioDAOH2:107] Searching domicilio ...
[2022-11-17 15:43:01] [ ERROR] [DomicilioDAOH2:121] Domicilio ID search failed Cannot invoke "java.lang.Integer.intValue()" because "id" is null
[2022-11-17 15:43:01] [ ERROR] [PacienteDAOH2:75] Updating paciente failed Cannot invoke "model.Domicilio.getID()" because "domicilio" is null
[2022-11-17 15:43:01] [ INFO ] [PacienteDAOH2:116] Searching paciente ...
[2022-11-17 15:43:01] [ INFO ] [DomicilioDAOH2:107] Searching domicilio ...
[2022-11-17 15:43:01] [ INFO ] [DomicilioDAOH2:118] Domicilio found
[2022-11-17 15:43:01] [ INFO ] [PacienteDAOH2:131] Paciente found
[2022-11-17 15:44:27] [ INFO ] [DB:40] Creating tables ...
[2022-11-17 15:44:27] [ WARN ] [DB:48] Tables created
[2022-11-17 15:44:27] [ INFO ] [PacienteDAOH2:20] Saving paciente ...
[2022-11-17 15:44:27] [ INFO ] [DomicilioDAOH2:20] Saving domicilio ...
[2022-11-17 15:44:27] [ INFO ] [DomicilioDAOH2:35] Domicilio saved
[2022-11-17 15:44:27] [ INFO ] [PacienteDAOH2:38] Paciente saved
[2022-11-17 15:44:28] [ INFO ] [PacienteDAOH2:116] Searching paciente ...
[2022-11-17 15:44:28] [ INFO ] [DomicilioDAOH2:107] Searching domicilio ...
[2022-11-17 15:44:28] [ INFO ] [DomicilioDAOH2:118] Domicilio found
[2022-11-17 15:44:28] [ INFO ] [PacienteDAOH2:131] Paciente found
[2022-11-17 15:44:28] [ WARN ] [PacienteDAOH2:56] Updating paciente ID: 1 ...
[2022-11-17 15:44:28] [ INFO ] [DomicilioDAOH2:107] Searching domicilio ...
[2022-11-17 15:44:28] [ ERROR] [DomicilioDAOH2:121] Domicilio ID search failed Cannot invoke "java.lang.Integer.intValue()" because "id" is null
[2022-11-17 15:44:28] [ ERROR] [PacienteDAOH2:75] Updating paciente failed Cannot invoke "model.Domicilio.getID()" because "domicilio" is null
[2022-11-17 15:44:28] [ INFO ] [PacienteDAOH2:116] Searching paciente ...
[2022-11-17 15:44:28] [ INFO ] [DomicilioDAOH2:107] Searching domicilio ...
[2022-11-17 15:44:28] [ INFO ] [DomicilioDAOH2:118] Domicilio found
[2022-11-17 15:44:28] [ INFO ] [PacienteDAOH2:131] Paciente found
[2022-11-17 15:51:05] [ INFO ] [DB:40] Creating tables ...
[2022-11-17 15:51:05] [ WARN ] [DB:48] Tables created
[2022-11-17 15:51:06] [ INFO ] [PacienteDAOH2:20] Saving paciente ...
[2022-11-17 15:51:06] [ INFO ] [DomicilioDAOH2:20] Saving domicilio ...
[2022-11-17 15:51:06] [ INFO ] [DomicilioDAOH2:35] Domicilio saved
[2022-11-17 15:51:06] [ INFO ] [PacienteDAOH2:38] Paciente saved
[2022-11-17 15:51:06] [ INFO ] [PacienteDAOH2:116] Searching paciente ...
[2022-11-17 15:51:06] [ INFO ] [DomicilioDAOH2:107] Searching domicilio ...
[2022-11-17 15:51:06] [ INFO ] [DomicilioDAOH2:118] Domicilio found
[2022-11-17 15:51:06] [ INFO ] [PacienteDAOH2:131] Paciente found
[2022-11-17 15:51:06] [ WARN ] [PacienteDAOH2:56] Updating paciente ID: 1 ...
[2022-11-17 15:51:06] [ INFO ] [PacienteDAOH2:116] Searching paciente ...
[2022-11-17 15:51:06] [ INFO ] [DomicilioDAOH2:107] Searching domicilio ...
[2022-11-17 15:51:06] [ INFO ] [DomicilioDAOH2:118] Domicilio found
[2022-11-17 15:51:06] [ INFO ] [PacienteDAOH2:131] Paciente found
[2022-11-17 15:51:06] [ INFO ] [DomicilioDAOH2:107] Searching domicilio ...
[2022-11-17 15:51:06] [ INFO ] [DomicilioDAOH2:118] Domicilio found
[2022-11-17 15:51:06] [ WARN ] [DomicilioDAOH2:53] Updating domicilio ID: 1 ...
[2022-11-17 15:51:06] [ WARN ] [DomicilioDAOH2:65] Domicilio with ID: 1 was successfully updated!
[2022-11-17 15:51:06] [ WARN ] [PacienteDAOH2:72] Paciente with ID: 1 was successfully updated!
[2022-11-17 15:51:07] [ INFO ] [PacienteDAOH2:116] Searching paciente ...
[2022-11-17 15:51:07] [ INFO ] [DomicilioDAOH2:107] Searching domicilio ...
[2022-11-17 15:51:07] [ INFO ] [DomicilioDAOH2:118] Domicilio found
[2022-11-17 15:51:07] [ INFO ] [PacienteDAOH2:131] Paciente found
[2022-11-17 15:53:26] [ INFO ] [DB:40] Creating tables ...
[2022-11-17 15:53:26] [ WARN ] [DB:48] Tables created
[2022-11-17 15:53:27] [ INFO ] [PacienteDAOH2:20] Saving paciente ...
[2022-11-17 15:53:27] [ INFO ] [DomicilioDAOH2:20] Saving domicilio ...
[2022-11-17 15:53:27] [ INFO ] [DomicilioDAOH2:35] Domicilio saved
[2022-11-17 15:53:27] [ INFO ] [PacienteDAOH2:38] Paciente saved
[2022-11-17 15:53:27] [ INFO ] [PacienteDAOH2:116] Searching paciente ...
[2022-11-17 15:53:27] [ INFO ] [DomicilioDAOH2:107] Searching domicilio ...
[2022-11-17 15:53:27] [ INFO ] [DomicilioDAOH2:118] Domicilio found
[2022-11-17 15:53:27] [ INFO ] [PacienteDAOH2:131] Paciente found
[2022-11-17 15:53:27] [ WARN ] [PacienteDAOH2:56] Updating paciente ID: 1 ...
[2022-11-17 15:53:27] [ INFO ] [PacienteDAOH2:116] Searching paciente ...
[2022-11-17 15:53:27] [ INFO ] [DomicilioDAOH2:107] Searching domicilio ...
[2022-11-17 15:53:27] [ INFO ] [DomicilioDAOH2:118] Domicilio found
[2022-11-17 15:53:27] [ INFO ] [PacienteDAOH2:131] Paciente found
[2022-11-17 15:53:27] [ INFO ] [DomicilioDAOH2:107] Searching domicilio ...
[2022-11-17 15:53:27] [ INFO ] [DomicilioDAOH2:118] Domicilio found
[2022-11-17 15:53:27] [ WARN ] [DomicilioDAOH2:53] Updating domicilio ID: 1 ...
[2022-11-17 15:53:27] [ WARN ] [DomicilioDAOH2:65] Domicilio with ID: 1 was successfully updated!
[2022-11-17 15:53:27] [ WARN ] [PacienteDAOH2:72] Paciente with ID: 1 was successfully updated!
[2022-11-17 15:53:27] [ INFO ] [PacienteDAOH2:116] Searching paciente ...
[2022-11-17 15:53:27] [ INFO ] [DomicilioDAOH2:107] Searching domicilio ...
[2022-11-17 15:53:27] [ INFO ] [DomicilioDAOH2:118] Domicilio found
[2022-11-17 15:53:27] [ INFO ] [PacienteDAOH2:131] Paciente found
[2022-11-17 15:54:26] [ INFO ] [DB:40] Creating tables ...
[2022-11-17 15:54:27] [ WARN ] [DB:48] Tables created
[2022-11-17 15:54:27] [ INFO ] [PacienteDAOH2:20] Saving paciente ...
[2022-11-17 15:54:27] [ INFO ] [DomicilioDAOH2:20] Saving domicilio ...
[2022-11-17 15:54:27] [ INFO ] [DomicilioDAOH2:35] Domicilio saved
[2022-11-17 15:54:27] [ INFO ] [PacienteDAOH2:38] Paciente saved
[2022-11-17 15:54:27] [ INFO ] [PacienteDAOH2:116] Searching paciente ...
[2022-11-17 15:54:27] [ INFO ] [DomicilioDAOH2:107] Searching domicilio ...
[2022-11-17 15:54:27] [ INFO ] [DomicilioDAOH2:118] Domicilio found
[2022-11-17 15:54:27] [ INFO ] [PacienteDAOH2:131] Paciente found
[2022-11-17 15:54:27] [ WARN ] [PacienteDAOH2:56] Updating paciente ID: 1 ...
[2022-11-17 15:54:27] [ INFO ] [PacienteDAOH2:116] Searching paciente ...
[2022-11-17 15:54:27] [ INFO ] [DomicilioDAOH2:107] Searching domicilio ...
[2022-11-17 15:54:27] [ INFO ] [DomicilioDAOH2:118] Domicilio found
[2022-11-17 15:54:27] [ INFO ] [PacienteDAOH2:131] Paciente found
[2022-11-17 15:54:27] [ INFO ] [DomicilioDAOH2:107] Searching domicilio ...
[2022-11-17 15:54:27] [ INFO ] [DomicilioDAOH2:118] Domicilio found
[2022-11-17 15:54:27] [ WARN ] [DomicilioDAOH2:53] Updating domicilio ID: 1 ...
[2022-11-17 15:54:27] [ WARN ] [DomicilioDAOH2:65] Domicilio with ID: 1 was successfully updated!
[2022-11-17 15:54:27] [ WARN ] [PacienteDAOH2:72] Paciente with ID: 1 was successfully updated!
[2022-11-17 15:54:28] [ INFO ] [PacienteDAOH2:116] Searching paciente ...
[2022-11-17 15:54:28] [ INFO ] [DomicilioDAOH2:107] Searching domicilio ...
[2022-11-17 15:54:28] [ INFO ] [DomicilioDAOH2:118] Domicilio found
[2022-11-17 15:54:28] [ INFO ] [PacienteDAOH2:131] Paciente found
[2022-11-17 15:58:13] [ INFO ] [DB:40] Creating tables ...
[2022-11-17 15:58:13] [ WARN ] [DB:48] Tables created
[2022-11-17 15:58:14] [ INFO ] [PacienteDAOH2:20] Saving paciente ...
[2022-11-17 15:58:14] [ INFO ] [DomicilioDAOH2:20] Saving domicilio ...
[2022-11-17 15:58:14] [ INFO ] [DomicilioDAOH2:35] Domicilio saved
[2022-11-17 15:58:14] [ INFO ] [PacienteDAOH2:38] Paciente saved
[2022-11-17 15:58:14] [ INFO ] [PacienteDAOH2:116] Searching paciente ...
[2022-11-17 15:58:15] [ INFO ] [DomicilioDAOH2:107] Searching domicilio ...
[2022-11-17 15:58:15] [ INFO ] [DomicilioDAOH2:118] Domicilio found
[2022-11-17 15:58:15] [ INFO ] [PacienteDAOH2:131] Paciente found
[2022-11-17 15:58:15] [ WARN ] [PacienteDAOH2:56] Updating paciente ID: 1 ...
[2022-11-17 15:58:15] [ INFO ] [PacienteDAOH2:116] Searching paciente ...
[2022-11-17 15:58:15] [ INFO ] [DomicilioDAOH2:107] Searching domicilio ...
[2022-11-17 15:58:15] [ INFO ] [DomicilioDAOH2:118] Domicilio found
[2022-11-17 15:58:15] [ INFO ] [PacienteDAOH2:131] Paciente found
[2022-11-17 15:58:15] [ INFO ] [DomicilioDAOH2:107] Searching domicilio ...
[2022-11-17 15:58:15] [ INFO ] [DomicilioDAOH2:118] Domicilio found
[2022-11-17 15:58:15] [ WARN ] [DomicilioDAOH2:53] Updating domicilio ID: 1 ...
[2022-11-17 15:58:15] [ WARN ] [DomicilioDAOH2:65] Domicilio with ID: 1 was successfully updated!
[2022-11-17 15:58:15] [ WARN ] [PacienteDAOH2:72] Paciente with ID: 1 was successfully updated!
[2022-11-17 15:58:15] [ INFO ] [PacienteDAOH2:116] Searching paciente ...
[2022-11-17 15:58:15] [ INFO ] [DomicilioDAOH2:107] Searching domicilio ...
[2022-11-17 15:58:15] [ INFO ] [DomicilioDAOH2:118] Domicilio found
[2022-11-17 15:58:15] [ INFO ] [PacienteDAOH2:131] Paciente found
[2022-11-17 16:04:45] [ INFO ] [DB:40] Creating tables ...
[2022-11-17 16:04:45] [ WARN ] [DB:48] Tables created
[2022-11-17 16:04:46] [ INFO ] [PacienteDAOH2:20] Saving paciente ...
[2022-11-17 16:04:46] [ INFO ] [DomicilioDAOH2:20] Saving domicilio ...
[2022-11-17 16:04:46] [ INFO ] [DomicilioDAOH2:35] Domicilio saved
[2022-11-17 16:04:46] [ INFO ] [PacienteDAOH2:38] Paciente saved
[2022-11-17 16:04:46] [ INFO ] [PacienteDAOH2:117] Searching paciente ...
[2022-11-17 16:04:46] [ INFO ] [DomicilioDAOH2:107] Searching domicilio ...
[2022-11-17 16:04:46] [ INFO ] [DomicilioDAOH2:118] Domicilio found
[2022-11-17 16:04:46] [ INFO ] [PacienteDAOH2:132] Paciente found
[2022-11-17 16:04:46] [ WARN ] [PacienteDAOH2:56] Updating paciente ID: 1 ...
[2022-11-17 16:04:46] [ INFO ] [PacienteDAOH2:117] Searching paciente ...
[2022-11-17 16:04:46] [ INFO ] [DomicilioDAOH2:107] Searching domicilio ...
[2022-11-17 16:04:46] [ INFO ] [DomicilioDAOH2:118] Domicilio found
[2022-11-17 16:04:46] [ INFO ] [PacienteDAOH2:132] Paciente found
[2022-11-17 16:04:46] [ WARN ] [DomicilioDAOH2:53] Updating domicilio ID: 1 ...
[2022-11-17 16:04:46] [ WARN ] [DomicilioDAOH2:65] Domicilio with ID: 1 was successfully updated!
[2022-11-17 16:04:46] [ WARN ] [PacienteDAOH2:73] Paciente with ID: 1 was successfully updated!
[2022-11-17 16:04:46] [ INFO ] [PacienteDAOH2:117] Searching paciente ...
[2022-11-17 16:04:46] [ INFO ] [DomicilioDAOH2:107] Searching domicilio ...
[2022-11-17 16:04:46] [ INFO ] [DomicilioDAOH2:118] Domicilio found
[2022-11-17 16:04:46] [ INFO ] [PacienteDAOH2:132] Paciente found
[2022-11-17 16:08:29] [ INFO ] [DB:40] Creating tables ...
[2022-11-17 16:08:30] [ WARN ] [DB:48] Tables created
[2022-11-17 16:08:31] [ INFO ] [PacienteDAOH2:20] Saving paciente ...
[2022-11-17 16:08:31] [ INFO ] [DomicilioDAOH2:20] Saving domicilio ...
[2022-11-17 16:08:31] [ INFO ] [DomicilioDAOH2:35] Domicilio saved
[2022-11-17 16:08:31] [ INFO ] [PacienteDAOH2:38] Paciente saved
[2022-11-17 16:08:31] [ INFO ] [PacienteDAOH2:20] Saving paciente ...
[2022-11-17 16:08:31] [ INFO ] [DomicilioDAOH2:20] Saving domicilio ...
[2022-11-17 16:08:31] [ INFO ] [DomicilioDAOH2:35] Domicilio saved
[2022-11-17 16:08:31] [ INFO ] [PacienteDAOH2:38] Paciente saved
[2022-11-17 16:08:31] [ INFO ] [PacienteDAOH2:20] Saving paciente ...
[2022-11-17 16:08:31] [ INFO ] [DomicilioDAOH2:20] Saving domicilio ...
[2022-11-17 16:08:31] [ INFO ] [DomicilioDAOH2:35] Domicilio saved
[2022-11-17 16:08:31] [ INFO ] [PacienteDAOH2:38] Paciente saved
[2022-11-17 16:08:32] [ INFO ] [PacienteDAOH2:20] Saving paciente ...
[2022-11-17 16:08:32] [ INFO ] [DomicilioDAOH2:20] Saving domicilio ...
[2022-11-17 16:08:32] [ INFO ] [DomicilioDAOH2:35] Domicilio saved
[2022-11-17 16:08:32] [ INFO ] [PacienteDAOH2:38] Paciente saved
[2022-11-17 16:08:32] [ INFO ] [PacienteDAOH2:150] Getting paciente list ...
[2022-11-17 16:08:32] [ INFO ] [DomicilioDAOH2:107] Searching domicilio ...
[2022-11-17 16:08:32] [ INFO ] [DomicilioDAOH2:118] Domicilio found
[2022-11-17 16:08:32] [ INFO ] [DomicilioDAOH2:107] Searching domicilio ...
[2022-11-17 16:08:32] [ INFO ] [DomicilioDAOH2:118] Domicilio found
[2022-11-17 16:08:32] [ INFO ] [DomicilioDAOH2:107] Searching domicilio ...
[2022-11-17 16:08:32] [ INFO ] [DomicilioDAOH2:118] Domicilio found
[2022-11-17 16:08:32] [ INFO ] [DomicilioDAOH2:107] Searching domicilio ...
[2022-11-17 16:08:32] [ INFO ] [DomicilioDAOH2:118] Domicilio found
[2022-11-17 16:08:32] [ INFO ] [PacienteDAOH2:164] Paciente list found
[2022-11-17 16:08:32] [ INFO ] [DB:40] Creating tables ...
[2022-11-17 16:08:32] [ WARN ] [DB:48] Tables created
[2022-11-17 16:08:32] [ INFO ] [PacienteDAOH2:20] Saving paciente ...
[2022-11-17 16:08:32] [ INFO ] [DomicilioDAOH2:20] Saving domicilio ...
[2022-11-17 16:08:32] [ INFO ] [DomicilioDAOH2:35] Domicilio saved
[2022-11-17 16:08:32] [ INFO ] [PacienteDAOH2:38] Paciente saved
[2022-11-17 16:08:32] [ INFO ] [PacienteDAOH2:117] Searching paciente ...
[2022-11-17 16:08:32] [ INFO ] [DomicilioDAOH2:107] Searching domicilio ...
[2022-11-17 16:08:32] [ INFO ] [DomicilioDAOH2:118] Domicilio found
[2022-11-17 16:08:32] [ INFO ] [PacienteDAOH2:132] Paciente found
[2022-11-17 16:08:32] [ WARN ] [PacienteDAOH2:56] Updating paciente ID: 1 ...
[2022-11-17 16:08:32] [ INFO ] [PacienteDAOH2:117] Searching paciente ...
[2022-11-17 16:08:32] [ INFO ] [DomicilioDAOH2:107] Searching domicilio ...
[2022-11-17 16:08:32] [ INFO ] [DomicilioDAOH2:118] Domicilio found
[2022-11-17 16:08:32] [ INFO ] [PacienteDAOH2:132] Paciente found
[2022-11-17 16:08:32] [ WARN ] [DomicilioDAOH2:53] Updating domicilio ID: 1 ...
[2022-11-17 16:08:32] [ WARN ] [DomicilioDAOH2:65] Domicilio with ID: 1 was successfully updated!
[2022-11-17 16:08:32] [ WARN ] [PacienteDAOH2:73] Paciente with ID: 1 was successfully updated!
[2022-11-17 16:08:32] [ INFO ] [PacienteDAOH2:117] Searching paciente ...
[2022-11-17 16:08:32] [ INFO ] [DomicilioDAOH2:107] Searching domicilio ...
[2022-11-17 16:08:32] [ INFO ] [DomicilioDAOH2:118] Domicilio found
[2022-11-17 16:08:32] [ INFO ] [PacienteDAOH2:132] Paciente found
[2022-11-17 16:08:32] [ INFO ] [DB:40] Creating tables ...
[2022-11-17 16:08:32] [ WARN ] [DB:48] Tables created
[2022-11-17 16:08:32] [ INFO ] [PacienteDAOH2:20] Saving paciente ...
[2022-11-17 16:08:32] [ INFO ] [DomicilioDAOH2:20] Saving domicilio ...
[2022-11-17 16:08:32] [ INFO ] [DomicilioDAOH2:35] Domicilio saved
[2022-11-17 16:08:32] [ INFO ] [PacienteDAOH2:38] Paciente saved
[2022-11-17 16:08:33] [ INFO ] [PacienteDAOH2:20] Saving paciente ...
[2022-11-17 16:08:33] [ INFO ] [DomicilioDAOH2:20] Saving domicilio ...
[2022-11-17 16:08:33] [ INFO ] [DomicilioDAOH2:35] Domicilio saved
[2022-11-17 16:08:33] [ INFO ] [PacienteDAOH2:38] Paciente saved
[2022-11-17 16:08:33] [ INFO ] [PacienteDAOH2:20] Saving paciente ...
[2022-11-17 16:08:33] [ INFO ] [DomicilioDAOH2:20] Saving domicilio ...
[2022-11-17 16:08:33] [ INFO ] [DomicilioDAOH2:35] Domicilio saved
[2022-11-17 16:08:33] [ INFO ] [PacienteDAOH2:38] Paciente saved
[2022-11-17 16:08:33] [ INFO ] [PacienteDAOH2:20] Saving paciente ...
[2022-11-17 16:08:33] [ INFO ] [DomicilioDAOH2:20] Saving domicilio ...
[2022-11-17 16:08:33] [ INFO ] [DomicilioDAOH2:35] Domicilio saved
[2022-11-17 16:08:33] [ INFO ] [PacienteDAOH2:38] Paciente saved
[2022-11-17 16:08:33] [ INFO ] [PacienteDAOH2:150] Getting paciente list ...
[2022-11-17 16:08:33] [ INFO ] [DomicilioDAOH2:107] Searching domicilio ...
[2022-11-17 16:08:33] [ INFO ] [DomicilioDAOH2:118] Domicilio found
[2022-11-17 16:08:33] [ INFO ] [DomicilioDAOH2:107] Searching domicilio ...
[2022-11-17 16:08:33] [ INFO ] [DomicilioDAOH2:118] Domicilio found
[2022-11-17 16:08:33] [ INFO ] [DomicilioDAOH2:107] Searching domicilio ...
[2022-11-17 16:08:33] [ INFO ] [DomicilioDAOH2:118] Domicilio found
[2022-11-17 16:08:33] [ INFO ] [DomicilioDAOH2:107] Searching domicilio ...
[2022-11-17 16:08:33] [ INFO ] [DomicilioDAOH2:118] Domicilio found
[2022-11-17 16:08:33] [ INFO ] [PacienteDAOH2:164] Paciente list found
[2022-11-17 16:08:33] [ WARN ] [PacienteDAOH2:90] Deleting paciente ID: 2 ...
[2022-11-17 16:08:33] [ INFO ] [PacienteDAOH2:117] Searching paciente ...
[2022-11-17 16:08:33] [ INFO ] [DomicilioDAOH2:107] Searching domicilio ...
[2022-11-17 16:08:33] [ INFO ] [DomicilioDAOH2:118] Domicilio found
[2022-11-17 16:08:33] [ INFO ] [PacienteDAOH2:132] Paciente found
[2022-11-17 16:08:33] [ WARN ] [DomicilioDAOH2:82] Deleting domicilio ID: 2 ...
[2022-11-17 16:08:33] [ WARN ] [DomicilioDAOH2:90] Domicilio with ID: 2 was successfully deleted!
[2022-11-17 16:08:33] [ WARN ] [PacienteDAOH2:100] Paciente with ID: 2 was successfully deleted!
[2022-11-17 16:08:33] [ WARN ] [PacienteDAOH2:90] Deleting paciente ID: 4 ...
[2022-11-17 16:08:33] [ INFO ] [PacienteDAOH2:117] Searching paciente ...
[2022-11-17 16:08:33] [ INFO ] [DomicilioDAOH2:107] Searching domicilio ...
[2022-11-17 16:08:33] [ INFO ] [DomicilioDAOH2:118] Domicilio found
[2022-11-17 16:08:33] [ INFO ] [PacienteDAOH2:132] Paciente found
[2022-11-17 16:08:33] [ WARN ] [DomicilioDAOH2:82] Deleting domicilio ID: 4 ...
[2022-11-17 16:08:33] [ WARN ] [DomicilioDAOH2:90] Domicilio with ID: 4 was successfully deleted!
[2022-11-17 16:08:33] [ WARN ] [PacienteDAOH2:100] Paciente with ID: 4 was successfully deleted!
[2022-11-17 16:08:33] [ INFO ] [PacienteDAOH2:150] Getting paciente list ...
[2022-11-17 16:08:33] [ INFO ] [DomicilioDAOH2:107] Searching domicilio ...
[2022-11-17 16:08:33] [ INFO ] [DomicilioDAOH2:118] Domicilio found
[2022-11-17 16:08:33] [ INFO ] [DomicilioDAOH2:107] Searching domicilio ...
[2022-11-17 16:08:33] [ INFO ] [DomicilioDAOH2:118] Domicilio found
[2022-11-17 16:08:33] [ INFO ] [PacienteDAOH2:164] Paciente list found
[2022-11-17 16:08:33] [ INFO ] [DomicilioDAOH2:136] Getting domicilio list ...
[2022-11-17 16:08:33] [ INFO ] [DomicilioDAOH2:149] Domicilio list found
