[2022-12-04 14:53:39] [ INFO ] [OdontologoService:39] Registrando odontologo ...
[2022-12-04 14:53:39] [ INFO ] [OdontologoService:42] Odontologo registrado
[2022-12-04 14:53:39] [ INFO ] [PacienteService:38] Registrando paciente ...
[2022-12-04 14:53:39] [ INFO ] [PacienteService:41] Paciente registrado
[2022-12-04 14:53:39] [ INFO ] [OdontologoService:39] Registrando odontologo ...
[2022-12-04 14:53:39] [ INFO ] [OdontologoService:42] Odontologo registrado
[2022-12-04 14:53:39] [ INFO ] [PacienteService:38] Registrando paciente ...
[2022-12-04 14:53:39] [ INFO ] [PacienteService:41] Paciente registrado
[2022-12-04 14:53:39] [ INFO ] [TurnoDtoService:53] Registrando turno ...
[2022-12-04 14:53:39] [ INFO ] [PacienteService:26] Buscando paciente por ID ...
[2022-12-04 14:53:39] [ INFO ] [PacienteService:29] Paciente encontrado
[2022-12-04 14:53:39] [ INFO ] [OdontologoService:27] Buscando odontologo por ID ...
[2022-12-04 14:53:39] [ INFO ] [OdontologoService:30] Odontologo encontrado
[2022-12-04 14:53:39] [ INFO ] [TurnoDtoService:58] Turno registrado
[2022-12-04 14:53:39] [ INFO ] [TurnoDtoService:41] Buscando turno por ID ...
[2022-12-04 14:53:39] [ INFO ] [TurnoDtoService:44] Turno encontrado
[2022-12-04 14:53:39] [ INFO ] [TurnoDtoService:53] Registrando turno ...
[2022-12-04 14:53:39] [ INFO ] [PacienteService:26] Buscando paciente por ID ...
[2022-12-04 14:53:39] [ INFO ] [PacienteService:29] Paciente encontrado
[2022-12-04 14:53:39] [ INFO ] [OdontologoService:27] Buscando odontologo por ID ...
[2022-12-04 14:53:39] [ INFO ] [OdontologoService:30] Odontologo encontrado
[2022-12-04 14:53:39] [ INFO ] [TurnoDtoService:58] Turno registrado
[2022-12-04 14:53:39] [ INFO ] [TurnoDtoService:31] Obteniendo lista de turnos ...
[2022-12-04 14:53:39] [ INFO ] [TurnoDtoService:72] Actualizando turno ...
[2022-12-04 14:53:39] [ INFO ] [TurnoDtoService:41] Buscando turno por ID ...
[2022-12-04 14:53:39] [ INFO ] [TurnoDtoService:44] Turno encontrado
[2022-12-04 14:53:39] [ INFO ] [TurnoDtoService:74] Turno encontrado
[2022-12-04 14:53:39] [ INFO ] [PacienteService:26] Buscando paciente por ID ...
[2022-12-04 14:53:39] [ INFO ] [PacienteService:29] Paciente encontrado
[2022-12-04 14:53:39] [ INFO ] [OdontologoService:27] Buscando odontologo por ID ...
[2022-12-04 14:53:39] [ INFO ] [OdontologoService:30] Odontologo encontrado
[2022-12-04 14:53:39] [ WARN ] [TurnoDtoService:78] Turno con ID: 1 fue actualizado!
[2022-12-04 14:53:39] [ INFO ] [TurnoDtoService:41] Buscando turno por ID ...
[2022-12-04 14:53:39] [ INFO ] [TurnoDtoService:44] Turno encontrado
[2022-12-04 14:53:39] [ INFO ] [TurnoDtoService:87] Eliminando turno ...
[2022-12-04 14:53:39] [ INFO ] [TurnoDtoService:41] Buscando turno por ID ...
[2022-12-04 14:53:39] [ INFO ] [TurnoDtoService:44] Turno encontrado
[2022-12-04 14:53:39] [ INFO ] [TurnoDtoService:89] Turno encontrado
[2022-12-04 14:53:39] [ WARN ] [TurnoDtoService:91] Turno con ID: 1 fue eliminado!
[2022-12-04 14:53:39] [ INFO ] [TurnoDtoService:41] Buscando turno por ID ...
[2022-12-04 14:53:39] [ ERROR] [TurnoDtoService:48] El turno no existe en la DB 
[2022-12-04 14:56:08] [ INFO ] [OdontologoService:39] Registrando odontologo ...
[2022-12-04 14:56:08] [ INFO ] [OdontologoService:42] Odontologo registrado
[2022-12-04 14:56:08] [ INFO ] [PacienteService:38] Registrando paciente ...
[2022-12-04 14:56:08] [ INFO ] [PacienteService:41] Paciente registrado
[2022-12-04 14:56:08] [ INFO ] [OdontologoService:39] Registrando odontologo ...
[2022-12-04 14:56:08] [ INFO ] [OdontologoService:42] Odontologo registrado
[2022-12-04 14:56:08] [ INFO ] [PacienteService:38] Registrando paciente ...
[2022-12-04 14:56:08] [ INFO ] [PacienteService:41] Paciente registrado
[2022-12-04 14:56:08] [ INFO ] [TurnoDtoService:53] Registrando turno ...
[2022-12-04 14:56:08] [ INFO ] [PacienteService:26] Buscando paciente por ID ...
[2022-12-04 14:56:08] [ INFO ] [PacienteService:29] Paciente encontrado
[2022-12-04 14:56:08] [ INFO ] [OdontologoService:27] Buscando odontologo por ID ...
[2022-12-04 14:56:08] [ INFO ] [OdontologoService:30] Odontologo encontrado
[2022-12-04 14:56:08] [ INFO ] [TurnoDtoService:58] Turno registrado
[2022-12-04 14:56:08] [ INFO ] [TurnoDtoService:41] Buscando turno por ID ...
[2022-12-04 14:56:08] [ INFO ] [TurnoDtoService:44] Turno encontrado
[2022-12-04 14:56:08] [ INFO ] [TurnoDtoService:53] Registrando turno ...
[2022-12-04 14:56:08] [ INFO ] [PacienteService:26] Buscando paciente por ID ...
[2022-12-04 14:56:08] [ INFO ] [PacienteService:29] Paciente encontrado
[2022-12-04 14:56:08] [ INFO ] [OdontologoService:27] Buscando odontologo por ID ...
[2022-12-04 14:56:08] [ INFO ] [OdontologoService:30] Odontologo encontrado
[2022-12-04 14:56:08] [ INFO ] [TurnoDtoService:58] Turno registrado
[2022-12-04 14:56:08] [ INFO ] [TurnoDtoService:31] Obteniendo lista de turnos ...
[2022-12-04 14:56:08] [ INFO ] [TurnoDtoService:72] Actualizando turno ...
[2022-12-04 14:56:08] [ INFO ] [TurnoDtoService:41] Buscando turno por ID ...
[2022-12-04 14:56:08] [ INFO ] [TurnoDtoService:44] Turno encontrado
[2022-12-04 14:56:08] [ INFO ] [TurnoDtoService:74] Turno encontrado
[2022-12-04 14:56:08] [ INFO ] [PacienteService:26] Buscando paciente por ID ...
[2022-12-04 14:56:08] [ INFO ] [PacienteService:29] Paciente encontrado
[2022-12-04 14:56:08] [ INFO ] [OdontologoService:27] Buscando odontologo por ID ...
[2022-12-04 14:56:08] [ INFO ] [OdontologoService:30] Odontologo encontrado
[2022-12-04 14:56:08] [ WARN ] [TurnoDtoService:78] Turno con ID: 1 fue actualizado!
[2022-12-04 14:56:08] [ INFO ] [TurnoDtoService:41] Buscando turno por ID ...
[2022-12-04 14:56:08] [ INFO ] [TurnoDtoService:44] Turno encontrado
[2022-12-04 14:56:08] [ INFO ] [TurnoDtoService:87] Eliminando turno ...
[2022-12-04 14:56:08] [ INFO ] [TurnoDtoService:41] Buscando turno por ID ...
[2022-12-04 14:56:08] [ INFO ] [TurnoDtoService:44] Turno encontrado
[2022-12-04 14:56:08] [ INFO ] [TurnoDtoService:89] Turno encontrado
[2022-12-04 14:56:08] [ WARN ] [TurnoDtoService:91] Turno con ID: 1 fue eliminado!
[2022-12-04 14:56:08] [ INFO ] [TurnoDtoService:31] Obteniendo lista de turnos ...
[2022-12-04 14:56:26] [ INFO ] [OdontologoService:39] Registrando odontologo ...
[2022-12-04 14:56:26] [ INFO ] [OdontologoService:42] Odontologo registrado
[2022-12-04 14:56:26] [ INFO ] [PacienteService:38] Registrando paciente ...
[2022-12-04 14:56:26] [ INFO ] [PacienteService:41] Paciente registrado
[2022-12-04 14:56:26] [ INFO ] [OdontologoService:39] Registrando odontologo ...
[2022-12-04 14:56:26] [ INFO ] [OdontologoService:42] Odontologo registrado
[2022-12-04 14:56:26] [ INFO ] [PacienteService:38] Registrando paciente ...
[2022-12-04 14:56:26] [ INFO ] [PacienteService:41] Paciente registrado
[2022-12-04 14:56:26] [ INFO ] [TurnoDtoService:53] Registrando turno ...
[2022-12-04 14:56:26] [ INFO ] [PacienteService:26] Buscando paciente por ID ...
[2022-12-04 14:56:26] [ INFO ] [PacienteService:29] Paciente encontrado
[2022-12-04 14:56:26] [ INFO ] [OdontologoService:27] Buscando odontologo por ID ...
[2022-12-04 14:56:26] [ INFO ] [OdontologoService:30] Odontologo encontrado
[2022-12-04 14:56:26] [ INFO ] [TurnoDtoService:58] Turno registrado
[2022-12-04 14:56:26] [ INFO ] [TurnoDtoService:41] Buscando turno por ID ...
[2022-12-04 14:56:26] [ INFO ] [TurnoDtoService:44] Turno encontrado
[2022-12-04 14:56:26] [ INFO ] [TurnoDtoService:53] Registrando turno ...
[2022-12-04 14:56:26] [ INFO ] [PacienteService:26] Buscando paciente por ID ...
[2022-12-04 14:56:26] [ INFO ] [PacienteService:29] Paciente encontrado
[2022-12-04 14:56:26] [ INFO ] [OdontologoService:27] Buscando odontologo por ID ...
[2022-12-04 14:56:26] [ INFO ] [OdontologoService:30] Odontologo encontrado
[2022-12-04 14:56:26] [ INFO ] [TurnoDtoService:58] Turno registrado
[2022-12-04 14:56:26] [ INFO ] [TurnoDtoService:31] Obteniendo lista de turnos ...
[2022-12-04 14:56:26] [ INFO ] [TurnoDtoService:72] Actualizando turno ...
[2022-12-04 14:56:26] [ INFO ] [TurnoDtoService:41] Buscando turno por ID ...
[2022-12-04 14:56:26] [ INFO ] [TurnoDtoService:44] Turno encontrado
[2022-12-04 14:56:26] [ INFO ] [TurnoDtoService:74] Turno encontrado
[2022-12-04 14:56:26] [ INFO ] [PacienteService:26] Buscando paciente por ID ...
[2022-12-04 14:56:26] [ INFO ] [PacienteService:29] Paciente encontrado
[2022-12-04 14:56:26] [ INFO ] [OdontologoService:27] Buscando odontologo por ID ...
[2022-12-04 14:56:26] [ INFO ] [OdontologoService:30] Odontologo encontrado
[2022-12-04 14:56:26] [ WARN ] [TurnoDtoService:78] Turno con ID: 1 fue actualizado!
[2022-12-04 14:56:26] [ INFO ] [TurnoDtoService:41] Buscando turno por ID ...
[2022-12-04 14:56:26] [ INFO ] [TurnoDtoService:44] Turno encontrado
[2022-12-04 14:56:26] [ INFO ] [TurnoDtoService:87] Eliminando turno ...
[2022-12-04 14:56:26] [ INFO ] [TurnoDtoService:41] Buscando turno por ID ...
[2022-12-04 14:56:26] [ INFO ] [TurnoDtoService:44] Turno encontrado
[2022-12-04 14:56:26] [ INFO ] [TurnoDtoService:89] Turno encontrado
[2022-12-04 14:56:26] [ WARN ] [TurnoDtoService:91] Turno con ID: 1 fue eliminado!
[2022-12-04 14:56:26] [ INFO ] [TurnoDtoService:31] Obteniendo lista de turnos ...
[2022-12-04 14:56:42] [ INFO ] [OdontologoService:39] Registrando odontologo ...
[2022-12-04 14:56:42] [ INFO ] [OdontologoService:42] Odontologo registrado
[2022-12-04 14:56:42] [ INFO ] [PacienteService:38] Registrando paciente ...
[2022-12-04 14:56:42] [ INFO ] [PacienteService:41] Paciente registrado
[2022-12-04 14:56:42] [ INFO ] [OdontologoService:39] Registrando odontologo ...
[2022-12-04 14:56:42] [ INFO ] [OdontologoService:42] Odontologo registrado
[2022-12-04 14:56:42] [ INFO ] [PacienteService:38] Registrando paciente ...
[2022-12-04 14:56:42] [ INFO ] [PacienteService:41] Paciente registrado
[2022-12-04 14:56:42] [ INFO ] [TurnoDtoService:53] Registrando turno ...
[2022-12-04 14:56:42] [ INFO ] [PacienteService:26] Buscando paciente por ID ...
[2022-12-04 14:56:42] [ INFO ] [PacienteService:29] Paciente encontrado
[2022-12-04 14:56:42] [ INFO ] [OdontologoService:27] Buscando odontologo por ID ...
[2022-12-04 14:56:42] [ INFO ] [OdontologoService:30] Odontologo encontrado
[2022-12-04 14:56:42] [ INFO ] [TurnoDtoService:58] Turno registrado
[2022-12-04 14:56:42] [ INFO ] [TurnoDtoService:41] Buscando turno por ID ...
[2022-12-04 14:56:42] [ INFO ] [TurnoDtoService:44] Turno encontrado
[2022-12-04 14:56:42] [ INFO ] [TurnoDtoService:53] Registrando turno ...
[2022-12-04 14:56:42] [ INFO ] [PacienteService:26] Buscando paciente por ID ...
[2022-12-04 14:56:42] [ INFO ] [PacienteService:29] Paciente encontrado
[2022-12-04 14:56:42] [ INFO ] [OdontologoService:27] Buscando odontologo por ID ...
[2022-12-04 14:56:42] [ INFO ] [OdontologoService:30] Odontologo encontrado
[2022-12-04 14:56:42] [ INFO ] [TurnoDtoService:58] Turno registrado
[2022-12-04 14:56:42] [ INFO ] [TurnoDtoService:31] Obteniendo lista de turnos ...
[2022-12-04 14:56:42] [ INFO ] [TurnoDtoService:72] Actualizando turno ...
[2022-12-04 14:56:42] [ INFO ] [TurnoDtoService:41] Buscando turno por ID ...
[2022-12-04 14:56:42] [ INFO ] [TurnoDtoService:44] Turno encontrado
[2022-12-04 14:56:42] [ INFO ] [TurnoDtoService:74] Turno encontrado
[2022-12-04 14:56:42] [ INFO ] [PacienteService:26] Buscando paciente por ID ...
[2022-12-04 14:56:42] [ INFO ] [PacienteService:29] Paciente encontrado
[2022-12-04 14:56:42] [ INFO ] [OdontologoService:27] Buscando odontologo por ID ...
[2022-12-04 14:56:42] [ INFO ] [OdontologoService:30] Odontologo encontrado
[2022-12-04 14:56:43] [ WARN ] [TurnoDtoService:78] Turno con ID: 1 fue actualizado!
[2022-12-04 14:56:43] [ INFO ] [TurnoDtoService:41] Buscando turno por ID ...
[2022-12-04 14:56:43] [ INFO ] [TurnoDtoService:44] Turno encontrado
[2022-12-04 14:56:43] [ INFO ] [TurnoDtoService:87] Eliminando turno ...
[2022-12-04 14:56:43] [ INFO ] [TurnoDtoService:41] Buscando turno por ID ...
[2022-12-04 14:56:43] [ INFO ] [TurnoDtoService:44] Turno encontrado
[2022-12-04 14:56:43] [ INFO ] [TurnoDtoService:89] Turno encontrado
[2022-12-04 14:56:43] [ WARN ] [TurnoDtoService:91] Turno con ID: 1 fue eliminado!
[2022-12-04 14:56:43] [ INFO ] [TurnoDtoService:31] Obteniendo lista de turnos ...
