[2022-12-04 14:53:39] [ INFO ] [OdontologoService:39] Registrando odontologo ...
[2022-12-04 14:53:39] [ INFO ] [OdontologoService:42] Odontologo registrado
[2022-12-04 14:53:39] [ INFO ] [PacienteService:38] Registrando paciente ...
[2022-12-04 14:53:39] [ INFO ] [PacienteService:41] Paciente registrado
[2022-12-04 14:53:39] [ INFO ] [OdontologoService:39] Registrando odontologo ...
[2022-12-04 14:53:39] [ INFO ] [OdontologoService:42] Odontologo registrado
[2022-12-04 14:53:39] [ INFO ] [PacienteService:38] Registrando paciente ...
[2022-12-04 14:53:39] [ INFO ] [PacienteService:41] Paciente registrado
[2022-12-04 14:53:39] [ INFO ] [TurnoDtoService:53] Registrando turno ...
[2022-12-04 14:53:39] [ INFO ] [PacienteService:26] Buscando paciente por ID ...
[2022-12-04 14:53:39] [ INFO ] [PacienteService:29] Paciente encontrado
[2022-12-04 14:53:39] [ INFO ] [OdontologoService:27] Buscando odontologo por ID ...
[2022-12-04 14:53:39] [ INFO ] [OdontologoService:30] Odontologo encontrado
[2022-12-04 14:53:39] [ INFO ] [TurnoDtoService:58] Turno registrado
[2022-12-04 14:53:39] [ INFO ] [TurnoDtoService:41] Buscando turno por ID ...
[2022-12-04 14:53:39] [ INFO ] [TurnoDtoService:44] Turno encontrado
[2022-12-04 14:53:39] [ INFO ] [TurnoDtoService:53] Registrando turno ...
[2022-12-04 14:53:39] [ INFO ] [PacienteService:26] Buscando paciente por ID ...
[2022-12-04 14:53:39] [ INFO ] [PacienteService:29] Paciente encontrado
[2022-12-04 14:53:39] [ INFO ] [OdontologoService:27] Buscando odontologo por ID ...
[2022-12-04 14:53:39] [ INFO ] [OdontologoService:30] Odontologo encontrado
[2022-12-04 14:53:39] [ INFO ] [TurnoDtoService:58] Turno registrado
[2022-12-04 14:53:39] [ INFO ] [TurnoDtoService:31] Obteniendo lista de turnos ...
[2022-12-04 14:53:39] [ INFO ] [TurnoDtoService:72] Actualizando turno ...
[2022-12-04 14:53:39] [ INFO ] [TurnoDtoService:41] Buscando turno por ID ...
[2022-12-04 14:53:39] [ INFO ] [TurnoDtoService:44] Turno encontrado
[2022-12-04 14:53:39] [ INFO ] [TurnoDtoService:74] Turno encontrado
[2022-12-04 14:53:39] [ INFO ] [PacienteService:26] Buscando paciente por ID ...
[2022-12-04 14:53:39] [ INFO ] [PacienteService:29] Paciente encontrado
[2022-12-04 14:53:39] [ INFO ] [OdontologoService:27] Buscando odontologo por ID ...
[2022-12-04 14:53:39] [ INFO ] [OdontologoService:30] Odontologo encontrado
[2022-12-04 14:53:39] [ WARN ] [TurnoDtoService:78] Turno con ID: 1 fue actualizado!
[2022-12-04 14:53:39] [ INFO ] [TurnoDtoService:41] Buscando turno por ID ...
[2022-12-04 14:53:39] [ INFO ] [TurnoDtoService:44] Turno encontrado
[2022-12-04 14:53:39] [ INFO ] [TurnoDtoService:87] Eliminando turno ...
[2022-12-04 14:53:39] [ INFO ] [TurnoDtoService:41] Buscando turno por ID ...
[2022-12-04 14:53:39] [ INFO ] [TurnoDtoService:44] Turno encontrado
[2022-12-04 14:53:39] [ INFO ] [TurnoDtoService:89] Turno encontrado
[2022-12-04 14:53:39] [ WARN ] [TurnoDtoService:91] Turno con ID: 1 fue eliminado!
[2022-12-04 14:53:39] [ INFO ] [TurnoDtoService:41] Buscando turno por ID ...
[2022-12-04 14:53:39] [ ERROR] [TurnoDtoService:48] El turno no existe en la DB 
[2022-12-04 14:56:08] [ INFO ] [OdontologoService:39] Registrando odontologo ...
[2022-12-04 14:56:08] [ INFO ] [OdontologoService:42] Odontologo registrado
[2022-12-04 14:56:08] [ INFO ] [PacienteService:38] Registrando paciente ...
[2022-12-04 14:56:08] [ INFO ] [PacienteService:41] Paciente registrado
[2022-12-04 14:56:08] [ INFO ] [OdontologoService:39] Registrando odontologo ...
[2022-12-04 14:56:08] [ INFO ] [OdontologoService:42] Odontologo registrado
[2022-12-04 14:56:08] [ INFO ] [PacienteService:38] Registrando paciente ...
[2022-12-04 14:56:08] [ INFO ] [PacienteService:41] Paciente registrado
[2022-12-04 14:56:08] [ INFO ] [TurnoDtoService:53] Registrando turno ...
[2022-12-04 14:56:08] [ INFO ] [PacienteService:26] Buscando paciente por ID ...
[2022-12-04 14:56:08] [ INFO ] [PacienteService:29] Paciente encontrado
[2022-12-04 14:56:08] [ INFO ] [OdontologoService:27] Buscando odontologo por ID ...
[2022-12-04 14:56:08] [ INFO ] [OdontologoService:30] Odontologo encontrado
[2022-12-04 14:56:08] [ INFO ] [TurnoDtoService:58] Turno registrado
[2022-12-04 14:56:08] [ INFO ] [TurnoDtoService:41] Buscando turno por ID ...
[2022-12-04 14:56:08] [ INFO ] [TurnoDtoService:44] Turno encontrado
[2022-12-04 14:56:08] [ INFO ] [TurnoDtoService:53] Registrando turno ...
[2022-12-04 14:56:08] [ INFO ] [PacienteService:26] Buscando paciente por ID ...
[2022-12-04 14:56:08] [ INFO ] [PacienteService:29] Paciente encontrado
[2022-12-04 14:56:08] [ INFO ] [OdontologoService:27] Buscando odontologo por ID ...
[2022-12-04 14:56:08] [ INFO ] [OdontologoService:30] Odontologo encontrado
[2022-12-04 14:56:08] [ INFO ] [TurnoDtoService:58] Turno registrado
[2022-12-04 14:56:08] [ INFO ] [TurnoDtoService:31] Obteniendo lista de turnos ...
[2022-12-04 14:56:08] [ INFO ] [TurnoDtoService:72] Actualizando turno ...
[2022-12-04 14:56:08] [ INFO ] [TurnoDtoService:41] Buscando turno por ID ...
[2022-12-04 14:56:08] [ INFO ] [TurnoDtoService:44] Turno encontrado
[2022-12-04 14:56:08] [ INFO ] [TurnoDtoService:74] Turno encontrado
[2022-12-04 14:56:08] [ INFO ] [PacienteService:26] Buscando paciente por ID ...
[2022-12-04 14:56:08] [ INFO ] [PacienteService:29] Paciente encontrado
[2022-12-04 14:56:08] [ INFO ] [OdontologoService:27] Buscando odontologo por ID ...
[2022-12-04 14:56:08] [ INFO ] [OdontologoService:30] Odontologo encontrado
[2022-12-04 14:56:08] [ WARN ] [TurnoDtoService:78] Turno con ID: 1 fue actualizado!
[2022-12-04 14:56:08] [ INFO ] [TurnoDtoService:41] Buscando turno por ID ...
[2022-12-04 14:56:08] [ INFO ] [TurnoDtoService:44] Turno encontrado
[2022-12-04 14:56:08] [ INFO ] [TurnoDtoService:87] Eliminando turno ...
[2022-12-04 14:56:08] [ INFO ] [TurnoDtoService:41] Buscando turno por ID ...
[2022-12-04 14:56:08] [ INFO ] [TurnoDtoService:44] Turno encontrado
[2022-12-04 14:56:08] [ INFO ] [TurnoDtoService:89] Turno encontrado
[2022-12-04 14:56:08] [ WARN ] [TurnoDtoService:91] Turno con ID: 1 fue eliminado!
[2022-12-04 14:56:08] [ INFO ] [TurnoDtoService:31] Obteniendo lista de turnos ...
[2022-12-04 14:56:26] [ INFO ] [OdontologoService:39] Registrando odontologo ...
[2022-12-04 14:56:26] [ INFO ] [OdontologoService:42] Odontologo registrado
[2022-12-04 14:56:26] [ INFO ] [PacienteService:38] Registrando paciente ...
[2022-12-04 14:56:26] [ INFO ] [PacienteService:41] Paciente registrado
[2022-12-04 14:56:26] [ INFO ] [OdontologoService:39] Registrando odontologo ...
[2022-12-04 14:56:26] [ INFO ] [OdontologoService:42] Odontologo registrado
[2022-12-04 14:56:26] [ INFO ] [PacienteService:38] Registrando paciente ...
[2022-12-04 14:56:26] [ INFO ] [PacienteService:41] Paciente registrado
[2022-12-04 14:56:26] [ INFO ] [TurnoDtoService:53] Registrando turno ...
[2022-12-04 14:56:26] [ INFO ] [PacienteService:26] Buscando paciente por ID ...
[2022-12-04 14:56:26] [ INFO ] [PacienteService:29] Paciente encontrado
[2022-12-04 14:56:26] [ INFO ] [OdontologoService:27] Buscando odontologo por ID ...
[2022-12-04 14:56:26] [ INFO ] [OdontologoService:30] Odontologo encontrado
[2022-12-04 14:56:26] [ INFO ] [TurnoDtoService:58] Turno registrado
[2022-12-04 14:56:26] [ INFO ] [TurnoDtoService:41] Buscando turno por ID ...
[2022-12-04 14:56:26] [ INFO ] [TurnoDtoService:44] Turno encontrado
[2022-12-04 14:56:26] [ INFO ] [TurnoDtoService:53] Registrando turno ...
[2022-12-04 14:56:26] [ INFO ] [PacienteService:26] Buscando paciente por ID ...
[2022-12-04 14:56:26] [ INFO ] [PacienteService:29] Paciente encontrado
[2022-12-04 14:56:26] [ INFO ] [OdontologoService:27] Buscando odontologo por ID ...
[2022-12-04 14:56:26] [ INFO ] [OdontologoService:30] Odontologo encontrado
[2022-12-04 14:56:26] [ INFO ] [TurnoDtoService:58] Turno registrado
[2022-12-04 14:56:26] [ INFO ] [TurnoDtoService:31] Obteniendo lista de turnos ...
[2022-12-04 14:56:26] [ INFO ] [TurnoDtoService:72] Actualizando turno ...
[2022-12-04 14:56:26] [ INFO ] [TurnoDtoService:41] Buscando turno por ID ...
[2022-12-04 14:56:26] [ INFO ] [TurnoDtoService:44] Turno encontrado
[2022-12-04 14:56:26] [ INFO ] [TurnoDtoService:74] Turno encontrado
[2022-12-04 14:56:26] [ INFO ] [PacienteService:26] Buscando paciente por ID ...
[2022-12-04 14:56:26] [ INFO ] [PacienteService:29] Paciente encontrado
[2022-12-04 14:56:26] [ INFO ] [OdontologoService:27] Buscando odontologo por ID ...
[2022-12-04 14:56:26] [ INFO ] [OdontologoService:30] Odontologo encontrado
[2022-12-04 14:56:26] [ WARN ] [TurnoDtoService:78] Turno con ID: 1 fue actualizado!
[2022-12-04 14:56:26] [ INFO ] [TurnoDtoService:41] Buscando turno por ID ...
[2022-12-04 14:56:26] [ INFO ] [TurnoDtoService:44] Turno encontrado
[2022-12-04 14:56:26] [ INFO ] [TurnoDtoService:87] Eliminando turno ...
[2022-12-04 14:56:26] [ INFO ] [TurnoDtoService:41] Buscando turno por ID ...
[2022-12-04 14:56:26] [ INFO ] [TurnoDtoService:44] Turno encontrado
[2022-12-04 14:56:26] [ INFO ] [TurnoDtoService:89] Turno encontrado
[2022-12-04 14:56:26] [ WARN ] [TurnoDtoService:91] Turno con ID: 1 fue eliminado!
[2022-12-04 14:56:26] [ INFO ] [TurnoDtoService:31] Obteniendo lista de turnos ...
[2022-12-04 14:56:42] [ INFO ] [OdontologoService:39] Registrando odontologo ...
[2022-12-04 14:56:42] [ INFO ] [OdontologoService:42] Odontologo registrado
[2022-12-04 14:56:42] [ INFO ] [PacienteService:38] Registrando paciente ...
[2022-12-04 14:56:42] [ INFO ] [PacienteService:41] Paciente registrado
[2022-12-04 14:56:42] [ INFO ] [OdontologoService:39] Registrando odontologo ...
[2022-12-04 14:56:42] [ INFO ] [OdontologoService:42] Odontologo registrado
[2022-12-04 14:56:42] [ INFO ] [PacienteService:38] Registrando paciente ...
[2022-12-04 14:56:42] [ INFO ] [PacienteService:41] Paciente registrado
[2022-12-04 14:56:42] [ INFO ] [TurnoDtoService:53] Registrando turno ...
[2022-12-04 14:56:42] [ INFO ] [PacienteService:26] Buscando paciente por ID ...
[2022-12-04 14:56:42] [ INFO ] [PacienteService:29] Paciente encontrado
[2022-12-04 14:56:42] [ INFO ] [OdontologoService:27] Buscando odontologo por ID ...
[2022-12-04 14:56:42] [ INFO ] [OdontologoService:30] Odontologo encontrado
[2022-12-04 14:56:42] [ INFO ] [TurnoDtoService:58] Turno registrado
[2022-12-04 14:56:42] [ INFO ] [TurnoDtoService:41] Buscando turno por ID ...
[2022-12-04 14:56:42] [ INFO ] [TurnoDtoService:44] Turno encontrado
[2022-12-04 14:56:42] [ INFO ] [TurnoDtoService:53] Registrando turno ...
[2022-12-04 14:56:42] [ INFO ] [PacienteService:26] Buscando paciente por ID ...
[2022-12-04 14:56:42] [ INFO ] [PacienteService:29] Paciente encontrado
[2022-12-04 14:56:42] [ INFO ] [OdontologoService:27] Buscando odontologo por ID ...
[2022-12-04 14:56:42] [ INFO ] [OdontologoService:30] Odontologo encontrado
[2022-12-04 14:56:42] [ INFO ] [TurnoDtoService:58] Turno registrado
[2022-12-04 14:56:42] [ INFO ] [TurnoDtoService:31] Obteniendo lista de turnos ...
[2022-12-04 14:56:42] [ INFO ] [TurnoDtoService:72] Actualizando turno ...
[2022-12-04 14:56:42] [ INFO ] [TurnoDtoService:41] Buscando turno por ID ...
[2022-12-04 14:56:42] [ INFO ] [TurnoDtoService:44] Turno encontrado
[2022-12-04 14:56:42] [ INFO ] [TurnoDtoService:74] Turno encontrado
[2022-12-04 14:56:42] [ INFO ] [PacienteService:26] Buscando paciente por ID ...
[2022-12-04 14:56:42] [ INFO ] [PacienteService:29] Paciente encontrado
[2022-12-04 14:56:42] [ INFO ] [OdontologoService:27] Buscando odontologo por ID ...
[2022-12-04 14:56:42] [ INFO ] [OdontologoService:30] Odontologo encontrado
[2022-12-04 14:56:43] [ WARN ] [TurnoDtoService:78] Turno con ID: 1 fue actualizado!
[2022-12-04 14:56:43] [ INFO ] [TurnoDtoService:41] Buscando turno por ID ...
[2022-12-04 14:56:43] [ INFO ] [TurnoDtoService:44] Turno encontrado
[2022-12-04 14:56:43] [ INFO ] [TurnoDtoService:87] Eliminando turno ...
[2022-12-04 14:56:43] [ INFO ] [TurnoDtoService:41] Buscando turno por ID ...
[2022-12-04 14:56:43] [ INFO ] [TurnoDtoService:44] Turno encontrado
[2022-12-04 14:56:43] [ INFO ] [TurnoDtoService:89] Turno encontrado
[2022-12-04 14:56:43] [ WARN ] [TurnoDtoService:91] Turno con ID: 1 fue eliminado!
[2022-12-04 14:56:43] [ INFO ] [TurnoDtoService:31] Obteniendo lista de turnos ...
[2022-12-06 06:30:53] [ INFO ] [OdontologoService:39] Registrando odontologo ...
[2022-12-06 06:30:53] [ INFO ] [OdontologoService:42] Odontologo registrado
[2022-12-06 06:31:16] [ INFO ] [PacienteService:38] Registrando paciente ...
[2022-12-06 06:31:16] [ INFO ] [PacienteService:41] Paciente registrado
[2022-12-06 06:33:33] [ INFO ] [TurnoDtoService:53] Registrando turno ...
[2022-12-06 06:33:33] [ INFO ] [PacienteService:26] Buscando paciente por ID ...
[2022-12-06 06:33:35] [ INFO ] [PacienteService:29] Paciente encontrado
[2022-12-06 06:33:35] [ INFO ] [OdontologoService:27] Buscando odontologo por ID ...
[2022-12-06 06:33:35] [ INFO ] [OdontologoService:30] Odontologo encontrado
[2022-12-06 06:33:35] [ INFO ] [TurnoDtoService:58] Turno registrado
[2022-12-06 06:33:44] [ INFO ] [OdontologoService:23] Obteniendo lista de odontologos ...
[2022-12-06 06:33:48] [ INFO ] [PacienteService:22] Obteniendo lista de pacientes ...
[2022-12-06 06:33:53] [ INFO ] [TurnoDtoService:31] Obteniendo lista de turnos ...
[2022-12-06 06:34:06] [ INFO ] [OdontologoService:23] Obteniendo lista de odontologos ...
[2022-12-06 06:34:07] [ INFO ] [OdontologoService:58] Eliminando odontologo ...
[2022-12-06 06:34:07] [ INFO ] [OdontologoService:27] Buscando odontologo por ID ...
[2022-12-06 06:34:07] [ INFO ] [OdontologoService:30] Odontologo encontrado
[2022-12-06 06:34:07] [ INFO ] [OdontologoService:60] Odontologo encontrado
[2022-12-06 06:34:10] [ INFO ] [OdontologoService:58] Eliminando odontologo ...
[2022-12-06 06:34:10] [ INFO ] [OdontologoService:27] Buscando odontologo por ID ...
[2022-12-06 06:34:10] [ INFO ] [OdontologoService:30] Odontologo encontrado
[2022-12-06 06:34:10] [ INFO ] [OdontologoService:60] Odontologo encontrado
[2022-12-06 06:35:27] [ INFO ] [PacienteService:22] Obteniendo lista de pacientes ...
[2022-12-06 06:35:29] [ INFO ] [PacienteService:58] Eliminando paciente ...
[2022-12-06 06:35:29] [ INFO ] [PacienteService:26] Buscando paciente por ID ...
[2022-12-06 06:35:29] [ INFO ] [PacienteService:29] Paciente encontrado
[2022-12-06 06:35:29] [ INFO ] [PacienteService:60] Paciente encontrado
[2022-12-06 06:35:31] [ INFO ] [PacienteService:58] Eliminando paciente ...
[2022-12-06 06:35:31] [ INFO ] [PacienteService:26] Buscando paciente por ID ...
[2022-12-06 06:35:31] [ INFO ] [PacienteService:29] Paciente encontrado
[2022-12-06 06:35:31] [ INFO ] [PacienteService:60] Paciente encontrado
[2022-12-06 06:35:34] [ INFO ] [TurnoDtoService:31] Obteniendo lista de turnos ...
[2022-12-06 06:35:39] [ INFO ] [OdontologoService:23] Obteniendo lista de odontologos ...
[2022-12-06 06:35:40] [ INFO ] [OdontologoService:27] Buscando odontologo por ID ...
[2022-12-06 06:35:40] [ INFO ] [OdontologoService:30] Odontologo encontrado
[2022-12-06 06:35:48] [ INFO ] [OdontologoService:51] Actualizando odontologo ...
[2022-12-06 06:35:48] [ INFO ] [OdontologoService:27] Buscando odontologo por ID ...
[2022-12-06 06:35:48] [ INFO ] [OdontologoService:30] Odontologo encontrado
[2022-12-06 06:35:48] [ INFO ] [OdontologoService:53] Odontologo encontrado
[2022-12-06 06:35:49] [ WARN ] [OdontologoService:55] Odontologo con ID: 1 fue actualizado!
[2022-12-06 06:35:49] [ INFO ] [OdontologoService:23] Obteniendo lista de odontologos ...
[2022-12-06 06:35:52] [ INFO ] [OdontologoService:58] Eliminando odontologo ...
[2022-12-06 06:35:52] [ INFO ] [OdontologoService:27] Buscando odontologo por ID ...
[2022-12-06 06:35:52] [ INFO ] [OdontologoService:30] Odontologo encontrado
[2022-12-06 06:35:52] [ INFO ] [OdontologoService:60] Odontologo encontrado
[2022-12-06 06:35:53] [ INFO ] [OdontologoService:58] Eliminando odontologo ...
[2022-12-06 06:35:53] [ INFO ] [OdontologoService:27] Buscando odontologo por ID ...
[2022-12-06 06:35:53] [ INFO ] [OdontologoService:30] Odontologo encontrado
[2022-12-06 06:35:53] [ INFO ] [OdontologoService:60] Odontologo encontrado
[2022-12-06 06:35:53] [ INFO ] [OdontologoService:58] Eliminando odontologo ...
[2022-12-06 06:35:53] [ INFO ] [OdontologoService:27] Buscando odontologo por ID ...
[2022-12-06 06:35:53] [ INFO ] [OdontologoService:30] Odontologo encontrado
[2022-12-06 06:35:53] [ INFO ] [OdontologoService:60] Odontologo encontrado
[2022-12-06 06:35:58] [ INFO ] [PacienteService:22] Obteniendo lista de pacientes ...
[2022-12-06 06:35:59] [ INFO ] [PacienteService:26] Buscando paciente por ID ...
[2022-12-06 06:35:59] [ INFO ] [PacienteService:29] Paciente encontrado
[2022-12-06 06:36:28] [ INFO ] [PacienteService:50] Actualizando paciente ...
[2022-12-06 06:36:28] [ INFO ] [PacienteService:26] Buscando paciente por ID ...
[2022-12-06 06:36:28] [ INFO ] [PacienteService:29] Paciente encontrado
[2022-12-06 06:36:28] [ INFO ] [PacienteService:53] Paciente encontrado
[2022-12-06 06:36:28] [ WARN ] [PacienteService:55] Paciente con ID: 1 fue actualizado!
[2022-12-06 06:36:28] [ INFO ] [PacienteService:22] Obteniendo lista de pacientes ...
[2022-12-06 06:36:35] [ INFO ] [PacienteService:58] Eliminando paciente ...
[2022-12-06 06:36:35] [ INFO ] [PacienteService:26] Buscando paciente por ID ...
[2022-12-06 06:36:35] [ INFO ] [PacienteService:29] Paciente encontrado
[2022-12-06 06:36:35] [ INFO ] [PacienteService:60] Paciente encontrado
[2022-12-06 06:36:35] [ INFO ] [PacienteService:58] Eliminando paciente ...
[2022-12-06 06:36:35] [ INFO ] [PacienteService:26] Buscando paciente por ID ...
[2022-12-06 06:36:35] [ INFO ] [PacienteService:29] Paciente encontrado
[2022-12-06 06:36:35] [ INFO ] [PacienteService:60] Paciente encontrado
[2022-12-06 06:36:39] [ INFO ] [TurnoDtoService:31] Obteniendo lista de turnos ...
[2022-12-06 06:37:34] [ INFO ] [OdontologoService:23] Obteniendo lista de odontologos ...
[2022-12-06 06:37:39] [ INFO ] [PacienteService:22] Obteniendo lista de pacientes ...
[2022-12-06 06:37:42] [ INFO ] [TurnoDtoService:31] Obteniendo lista de turnos ...
[2022-12-06 06:37:49] [ INFO ] [TurnoDtoService:87] Eliminando turno ...
[2022-12-06 06:37:49] [ INFO ] [TurnoDtoService:41] Buscando turno por ID ...
[2022-12-06 06:37:49] [ INFO ] [TurnoDtoService:44] Turno encontrado
[2022-12-06 06:37:49] [ INFO ] [TurnoDtoService:89] Turno encontrado
[2022-12-06 06:37:49] [ WARN ] [TurnoDtoService:91] Turno con ID: 1 fue eliminado!
[2022-12-06 06:37:52] [ INFO ] [OdontologoService:23] Obteniendo lista de odontologos ...
[2022-12-06 06:37:53] [ INFO ] [OdontologoService:58] Eliminando odontologo ...
[2022-12-06 06:37:53] [ INFO ] [OdontologoService:27] Buscando odontologo por ID ...
[2022-12-06 06:37:53] [ INFO ] [OdontologoService:30] Odontologo encontrado
[2022-12-06 06:37:53] [ INFO ] [OdontologoService:60] Odontologo encontrado
[2022-12-06 06:37:53] [ WARN ] [OdontologoService:62] Odontologo con ID: 1 fue eliminado!
[2022-12-06 06:37:55] [ INFO ] [PacienteService:22] Obteniendo lista de pacientes ...
[2022-12-06 06:37:56] [ INFO ] [PacienteService:58] Eliminando paciente ...
[2022-12-06 06:37:56] [ INFO ] [PacienteService:26] Buscando paciente por ID ...
[2022-12-06 06:37:56] [ INFO ] [PacienteService:29] Paciente encontrado
[2022-12-06 06:37:56] [ INFO ] [PacienteService:60] Paciente encontrado
[2022-12-06 06:37:56] [ WARN ] [PacienteService:62] Paciente con ID: 1 fue eliminado!
[2022-12-06 06:38:01] [ INFO ] [TurnoDtoService:31] Obteniendo lista de turnos ...
