[2022-10-28 18:41:50] [ INFO ] [Cliente:37] ID: 1 - Primer Nombre: Rodolfo - Apellido: Baspineiro - Edad: 29
[2022-10-28 18:41:50] [ INFO ] [Cliente:37] ID: 2 - Primer Nombre: Ezequiel - Apellido: Baspineiro - Edad: 29
[2022-10-28 18:41:50] [ INFO ] [Cliente:37] ID: 3 - Primer Nombre: Kevin - Apellido: Baspineiro - Edad: 29
[2022-10-28 18:41:50] [ WARN ] [Cliente:46] Aviso: se borró el usuario con id=3
[2022-10-28 18:41:50] [ INFO ] [Cliente:54] ID: 1 - Primer Nombre: Rodolfo - Apellido: Baspineiro - Edad: 29
[2022-10-28 18:41:50] [ INFO ] [Cliente:54] ID: 2 - Primer Nombre: Ezequiel - Apellido: Baspineiro - Edad: 29
[2022-10-28 18:45:20] [ INFO ] [Cliente:37] ID: 1 - Primer Nombre: Rodolfo - Apellido: Baspineiro - Edad: 29
[2022-10-28 18:45:20] [ INFO ] [Cliente:37] ID: 2 - Primer Nombre: Ezequiel - Apellido: Baspineiro - Edad: 29
[2022-10-28 18:45:20] [ INFO ] [Cliente:37] ID: 3 - Primer Nombre: Kevin - Apellido: Baspineiro - Edad: 29
[2022-10-28 18:45:20] [ WARN ] [Cliente:46] Aviso: se borró el usuario con id=3
[2022-10-28 18:45:20] [ INFO ] [Cliente:54] ID: 1 - Primer Nombre: Rodolfo - Apellido: Baspineiro - Edad: 29
[2022-10-28 18:45:20] [ INFO ] [Cliente:54] ID: 2 - Primer Nombre: Ezequiel - Apellido: Baspineiro - Edad: 29
[2022-10-28 18:45:48] [ ERROR] [Cliente:63] Ocurrió un problema durante la conexión Mensaje: No suitable driver found for jdbc23:h2:~/c3clase12
[2022-10-28 18:47:10] [ ERROR] [Cliente:63] Ocurrió un problema durante la conexión Mensaje: java.sql.SQLException: No suitable driver found for jdbc23:h2:~/c3clase12
[2022-10-28 18:47:39] [ INFO ] [Cliente:37] ID: 1 - Primer Nombre: Rodolfo - Apellido: Baspineiro - Edad: 29
[2022-10-28 18:47:39] [ INFO ] [Cliente:37] ID: 2 - Primer Nombre: Ezequiel - Apellido: Baspineiro - Edad: 29
[2022-10-28 18:47:39] [ INFO ] [Cliente:37] ID: 3 - Primer Nombre: Kevin - Apellido: Baspineiro - Edad: 29
[2022-10-28 18:47:39] [ WARN ] [Cliente:46] Aviso: se borró el usuario con id=3
[2022-10-28 18:47:39] [ INFO ] [Cliente:54] ID: 1 - Primer Nombre: Rodolfo - Apellido: Baspineiro - Edad: 29
[2022-10-28 18:47:39] [ INFO ] [Cliente:54] ID: 2 - Primer Nombre: Ezequiel - Apellido: Baspineiro - Edad: 29
