[2022-11-14 23:17:13] [ INFO ] [DB:40] Creating tables ...
[2022-11-14 23:17:14] [ WARN ] [DB:60] Tables created
[2022-11-14 23:17:14] [ INFO ] [OdontologoDAOH2:24] Saving odontologo ...
[2022-11-14 23:17:14] [ INFO ] [OdontologoDAOH2:38] Odontologo saved
[2022-11-14 23:17:14] [ INFO ] [OdontologoDAOH2:109] Searching odontologo ...
[2022-11-14 23:17:14] [ INFO ] [OdontologoDAOH2:120] Odontologo found
[2022-11-14 23:17:14] [ WARN ] [OdontologoDAOH2:56] Updating odontologo ID: 1 ...
[2022-11-14 23:17:14] [ WARN ] [OdontologoDAOH2:67] Odontologo with ID: 1 was successfully updated!
[2022-11-14 23:17:14] [ INFO ] [OdontologoDAOH2:109] Searching odontologo ...
[2022-11-14 23:17:14] [ INFO ] [OdontologoDAOH2:120] Odontologo found
[2022-11-14 23:17:14] [ INFO ] [DB:40] Creating tables ...
[2022-11-14 23:17:14] [ WARN ] [DB:60] Tables created
[2022-11-14 23:17:14] [ INFO ] [OdontologoDAOH2:24] Saving odontologo ...
[2022-11-14 23:17:15] [ INFO ] [OdontologoDAOH2:38] Odontologo saved
[2022-11-14 23:17:15] [ INFO ] [OdontologoDAOH2:24] Saving odontologo ...
[2022-11-14 23:17:15] [ INFO ] [OdontologoDAOH2:38] Odontologo saved
[2022-11-14 23:17:15] [ INFO ] [OdontologoDAOH2:24] Saving odontologo ...
[2022-11-14 23:17:15] [ INFO ] [OdontologoDAOH2:38] Odontologo saved
[2022-11-14 23:17:15] [ INFO ] [OdontologoDAOH2:24] Saving odontologo ...
[2022-11-14 23:17:15] [ INFO ] [OdontologoDAOH2:38] Odontologo saved
[2022-11-14 23:17:15] [ INFO ] [OdontologoDAOH2:138] Getting odontologo list ...
[2022-11-14 23:17:15] [ INFO ] [OdontologoDAOH2:151] Odontologo list found
[2022-11-14 23:17:15] [ INFO ] [DB:40] Creating tables ...
[2022-11-14 23:17:15] [ WARN ] [DB:60] Tables created
[2022-11-14 23:17:15] [ INFO ] [OdontologoDAOH2:24] Saving odontologo ...
[2022-11-14 23:17:15] [ INFO ] [OdontologoDAOH2:38] Odontologo saved
[2022-11-14 23:17:15] [ INFO ] [OdontologoDAOH2:24] Saving odontologo ...
[2022-11-14 23:17:15] [ INFO ] [OdontologoDAOH2:38] Odontologo saved
[2022-11-14 23:17:15] [ INFO ] [OdontologoDAOH2:24] Saving odontologo ...
[2022-11-14 23:17:15] [ INFO ] [OdontologoDAOH2:38] Odontologo saved
[2022-11-14 23:17:15] [ INFO ] [OdontologoDAOH2:24] Saving odontologo ...
[2022-11-14 23:17:16] [ INFO ] [OdontologoDAOH2:38] Odontologo saved
[2022-11-14 23:17:16] [ INFO ] [OdontologoDAOH2:138] Getting odontologo list ...
[2022-11-14 23:17:16] [ INFO ] [OdontologoDAOH2:151] Odontologo list found
[2022-11-14 23:17:16] [ WARN ] [OdontologoDAOH2:84] Deleting odontologo ID: 2 ...
[2022-11-14 23:17:16] [ WARN ] [OdontologoDAOH2:92] Odontologo with ID: 2 was successfully deleted!
[2022-11-14 23:17:16] [ WARN ] [OdontologoDAOH2:84] Deleting odontologo ID: 4 ...
[2022-11-14 23:17:16] [ WARN ] [OdontologoDAOH2:92] Odontologo with ID: 4 was successfully deleted!
[2022-11-14 23:17:16] [ INFO ] [OdontologoDAOH2:138] Getting odontologo list ...
[2022-11-14 23:17:16] [ INFO ] [OdontologoDAOH2:151] Odontologo list found
